[2015.11.17-00.36.56:072][  0]Log file open, 11/16/15 19:36:56
[2015.11.17-00.36.56:072][  0]LogInit:Display: Running engine for game: SantaSearch
[2015.11.17-00.36.56:072][  0]LogInit:Display: RandInit(-1930154180) SRandInit(-1930154180).
[2015.11.17-00.36.56:072][  0]LogTaskGraph: Started task graph with 4 named threads and 7 total threads.
[2015.11.17-00.36.56:072][  0]LogStats: Stats thread started at 0.078457
[2015.11.17-00.36.56:072][  0]LogInit: Version: 4.9.2-2707645+++depot+UE4-Releases+4.9
[2015.11.17-00.36.56:072][  0]LogInit: API Version: 2672455
[2015.11.17-00.36.56:072][  0]LogInit: Compiled (64-bit): Sep 28 2015 10:25:44
[2015.11.17-00.36.56:072][  0]LogInit: Compiled with Visual C++: 18.00.21005.01
[2015.11.17-00.36.56:072][  0]LogInit: Build Configuration: Development
[2015.11.17-00.36.56:072][  0]LogInit: Branch Name: ++depot+UE4-Releases+4.9
[2015.11.17-00.36.56:072][  0]LogInit: Command line:  
[2015.11.17-00.36.56:072][  0]LogInit: Base directory: C:/Program Files/Epic Games/4.9/Engine/Binaries/Win64/
[2015.11.17-00.36.56:072][  0]LogInit: Rocket: 1
[2015.11.17-00.36.56:083][  0]LogInit: Using libcurl 7.41.0
[2015.11.17-00.36.56:083][  0]LogInit:  - built for x86_64-pc-win32
[2015.11.17-00.36.56:083][  0]LogInit:  - supports SSL with WinSSL
[2015.11.17-00.36.56:083][  0]LogInit:  - other features:
[2015.11.17-00.36.56:083][  0]LogInit:      CURL_VERSION_SSL
[2015.11.17-00.36.56:083][  0]LogInit:      CURL_VERSION_IPV6
[2015.11.17-00.36.56:083][  0]LogInit:      CURL_VERSION_ASYNCHDNS
[2015.11.17-00.36.56:083][  0]LogInit:      CURL_VERSION_LARGEFILE
[2015.11.17-00.36.56:083][  0]LogInit:      CURL_VERSION_IDN
[2015.11.17-00.36.56:084][  0]LogInit:  CurlRequestOptions (configurable via config and command line):
[2015.11.17-00.36.56:084][  0]LogInit:  - bVerifyPeer = true  - Libcurl will verify peer certificate
[2015.11.17-00.36.56:084][  0]LogInit:  - bUseHttpProxy = false  - Libcurl will NOT use HTTP proxy
[2015.11.17-00.36.56:084][  0]LogInit:  - bDontReuseConnections = false  - Libcurl will reuse connections
[2015.11.17-00.36.56:084][  0]LogInit:  - CertBundlePath = nullptr  - Libcurl will use whatever was configured at build time.
[2015.11.17-00.36.56:092][  0]LogInit: Presizing for 0 objects not considered by GC, pre-allocating 0 bytes.
[2015.11.17-00.36.56:098][  0]LogInit: Object subsystem initialized
[2015.11.17-00.36.56:099][  0]LogConsoleManager:Warning: Console variable 'r.MSAA.CompositingSampleCount' wasn't set ('Scalability' has a lower priority than 'ProjectSetting')
[2015.11.17-00.36.56:099][  0]LogInit: Selected Device Profile: [Windows]
[2015.11.17-00.36.56:100][  0]LogInit: Applying CVar settings loaded from the selected device profile: [Windows]
[2015.11.17-00.36.56:107][  0]LogInit: Computer: CRODAWIN10
[2015.11.17-00.36.56:107][  0]LogInit: User: croda
[2015.11.17-00.36.56:107][  0]LogInit: CPU Page size=4096, Cores=4
[2015.11.17-00.36.56:107][  0]LogInit: High frequency timer resolution =2.630639 MHz
[2015.11.17-00.36.56:108][  0]LogMemory: Memory total: Physical=15.9GB (16GB approx)
[2015.11.17-00.36.56:108][  0]LogMemory: Platform Memory Stats for Windows
[2015.11.17-00.36.56:108][  0]LogMemory: Process Physical Memory: 53.97 MB used, 53.97 MB peak
[2015.11.17-00.36.56:108][  0]LogMemory: Process Virtual Memory: 55.27 MB used, 55.27 MB peak
[2015.11.17-00.36.56:108][  0]LogMemory: Physical Memory: 4988.83 MB used, 16323.13 MB total
[2015.11.17-00.36.56:108][  0]LogMemory: Virtual Memory: 364.64 MB used, 134217728.00 MB total
[2015.11.17-00.36.56:142][  0]LogTextLocalizationManager: No specific translations for ('en-US') exist, so ('en') translations will be used.
[2015.11.17-00.36.56:904][  0]LogD3D11RHI: Found D3D11 adapter 0: NVIDIA Quadro K5100M (Feature Level 11_0)
[2015.11.17-00.36.56:904][  0]LogD3D11RHI: Adapter has 8100MB of dedicated video memory, 0MB of dedicated system memory, and 8161MB of shared system memory, 3 output[s]
[2015.11.17-00.36.56:906][  0]LogD3D11RHI: Found D3D11 adapter 1: Microsoft Basic Render Driver (Feature Level 11_0)
[2015.11.17-00.36.56:906][  0]LogD3D11RHI: Adapter has 0MB of dedicated video memory, 0MB of dedicated system memory, and 8161MB of shared system memory, 0 output[s]
[2015.11.17-00.36.56:906][  0]LogD3D11RHI: Chosen D3D11 Adapter Id = 0
[2015.11.17-00.36.56:911][  0]LogD3D11RHI: !Direct3DDevice
[2015.11.17-00.36.56:911][  0]LogRHI: Texture pool is 1361 MB (70% of 1945 MB)
[2015.11.17-00.36.56:928][  0]LogD3D11RHI: Async texture creation enabled
[2015.11.17-00.36.56:940][  0]LogShaderCompilers: Guid format shader working directory is 15 characters bigger than the processId version (../../../../../../Users/croda/Documents/Unreal Projects/SantaSearch/Intermediate/Shaders/WorkingDirectory/5812/).
[2015.11.17-00.36.56:940][  0]LogShaderCompilers: Cleaned the shader compiler working directory '../../../../../../Users/croda/Documents/Unreal Projects/SantaSearch/Intermediate/Shaders/tmp/29F26638424C12F033C053B2AA01299D/'.
[2015.11.17-00.36.56:940][  0]LogShaderCompilers:Display: Using Local Shader Compiler.
[2015.11.17-00.36.57:951][  0]LogTemp:Display: Loaded TP AllDesktopTargetPlatform
[2015.11.17-00.36.57:956][  0]LogTemp:Display: Loaded TP WindowsClientTargetPlatform
[2015.11.17-00.36.57:961][  0]LogTemp:Display: Loaded TP WindowsNoEditorTargetPlatform
[2015.11.17-00.36.57:967][  0]LogTemp:Display: Loaded TP WindowsServerTargetPlatform
[2015.11.17-00.36.57:972][  0]LogTemp:Display: Loaded TP WindowsTargetPlatform
[2015.11.17-00.36.57:976][  0]LogTemp:Display: Loaded TP AndroidTargetPlatform
[2015.11.17-00.36.57:979][  0]LogTemp:Display: Loaded TP Android_ASTCTargetPlatform
[2015.11.17-00.36.57:982][  0]LogTemp:Display: Loaded TP Android_ATCTargetPlatform
[2015.11.17-00.36.57:985][  0]LogTemp:Display: Loaded TP Android_DXTTargetPlatform
[2015.11.17-00.36.57:989][  0]LogTemp:Display: Loaded TP Android_ETC1TargetPlatform
[2015.11.17-00.36.57:992][  0]LogTemp:Display: Loaded TP Android_ETC2TargetPlatform
[2015.11.17-00.36.57:996][  0]LogTemp:Display: Loaded TP Android_PVRTCTargetPlatform
[2015.11.17-00.36.57:996][  0]LogTemp:Display: Loaded TP HTML5TargetPlatform
[2015.11.17-00.36.58:014][  0]LogTemp:Display: Loaded TP IOSTargetPlatform
[2015.11.17-00.36.58:017][  0]LogTemp:Display: Loaded TP LinuxNoEditorTargetPlatform
[2015.11.17-00.36.58:021][  0]LogTemp:Display: Loaded TP LinuxServerTargetPlatform
[2015.11.17-00.36.58:025][  0]LogTemp:Display: Loaded TP LinuxTargetPlatform
[2015.11.17-00.36.58:025][  0]LogTargetPlatformManager:Display: Building Assets For Windows
[2015.11.17-00.36.58:110][  0]LogDerivedDataCache:Display: Max Cache Size: 512 MB
[2015.11.17-00.36.58:151][  0]LogDerivedDataCache: Loaded boot cache 0.04s 42MB C:/Users/croda/AppData/Local/UnrealEngine/4.9/DerivedDataCache/Boot.ddc.
[2015.11.17-00.36.58:151][  0]LogDerivedDataCache:Display: Loaded Boot cache: C:/Users/croda/AppData/Local/UnrealEngine/4.9/DerivedDataCache/Boot.ddc
[2015.11.17-00.36.58:151][  0]LogDerivedDataCache: FDerivedDataBackendGraph:  Pak pak cache file ../../../../../../Users/croda/Documents/Unreal Projects/SantaSearch/DerivedDataCache/DDC.ddp not found, will not use a pak cache.
[2015.11.17-00.36.58:151][  0]LogDerivedDataCache: Unable to find inner node Pak for hierarchical cache Hierarchy.
[2015.11.17-00.36.58:151][  0]LogDerivedDataCache: FDerivedDataBackendGraph:  CompressedPak pak cache file ../../../../../../Users/croda/Documents/Unreal Projects/SantaSearch/DerivedDataCache/Compressed.ddp not found, will not use a pak cache.
[2015.11.17-00.36.58:151][  0]LogDerivedDataCache: Unable to find inner node CompressedPak for hierarchical cache Hierarchy.
[2015.11.17-00.36.58:283][  0]LogDerivedDataCache:Display: Pak cache opened for reading ../../../Engine/DerivedDataCache/Compressed.ddp.
[2015.11.17-00.36.58:295][  0]LogDerivedDataCache: Using Local data cache path C:/Users/croda/AppData/Local/UnrealEngine/Common/DerivedDataCache: Writable
[2015.11.17-00.36.58:465][  0]LogInit: Selected Device Profile: [Windows]
[2015.11.17-00.36.58:467][  0]LogContentStreaming: Texture pool size is 0.000000MB
[2015.11.17-00.36.58:600][  0]LogMeshUtilities: No automatic mesh reduction module available
[2015.11.17-00.36.58:600][  0]LogMeshUtilities: No automatic mesh merging module available
[2015.11.17-00.36.58:844][  0]LogInit: WinSock: version 1.1 (2.2), MaxSocks=32767, MaxUdp=65467
[2015.11.17-00.36.59:652][  0]UdpMessaging: Initializing bridge on interface 0.0.0.0:0 to multicast group 230.0.0.1:6666.
[2015.11.17-00.36.59:768][  0]LogAssetRegistry: FAssetRegistry took 0.0105 seconds to start up
[2015.11.17-00.36.59:961][  0]SourceControl: Info Source control is disabled
[2015.11.17-00.36.59:973][  0]SourceControl: Info Source control is disabled
[2015.11.17-00.36.59:984][  0]SourceControl: Info Source control is disabled
[2015.11.17-00.36.59:995][  0]SourceControl: Info Source control is disabled
[2015.11.17-00.37.00:091][  0]LogHoudiniEngine: Starting the Houdini Engine module.
[2015.11.17-00.37.00:093][  0]LogHoudiniEngine: Loaded libHAPIL.dll from Registry path C:\Program Files\Side Effects Software\Houdini 15.0.244.16/bin
[2015.11.17-00.37.00:093][  0]LogLinker:Warning: Asset '../../../Engine/Plugins/Runtime/HoudiniEngine/Content/houdini_logo.uasset' has been saved with empty engine version. The asset will be loaded but may be incompatible.
[2015.11.17-00.37.00:096][  0]LogLinker:Warning: Asset '../../../Engine/Plugins/Runtime/HoudiniEngine/Content/houdini_default_material.uasset' has been saved with empty engine version. The asset will be loaded but may be incompatible.
[2015.11.17-00.37.00:716][  0]LogHoudiniEngine: Successfully intialized the Houdini Engine API module.
[2015.11.17-00.37.00:816][  0]LogLinker:Warning: Asset '../../../Engine/Plugins/Runtime/LeapMotionController/Content/LM_PassthroughMaterial.uasset' has been saved with empty engine version. The asset will be loaded but may be incompatible.
[2015.11.17-00.37.00:913][  0]LeapPluginLog: Using LeapPlugin version 0.9.6
[2015.11.17-00.37.00:918][  0]LogObj: 29100 objects as part of root set at end of initial load.
[2015.11.17-00.37.00:918][  0]LogUObjectAllocator: 6175176 out of 0 bytes used by permanent object pool.
[2015.11.17-00.37.00:978][  0]LogEngine: Initializing Engine...
[2015.11.17-00.37.00:980][  0]OCULUS: Info: 11/17/15 00:37:00: [CAPI] LibOVR module is located at C:\Windows\SYSTEM32\LibOVRRT64_0_7.dll

[2015.11.17-00.37.01:580][  0]OCULUS: Error: 11/17/15 00:37:01: [CAPI] ovr_Create failed to complete within the timeout period.
[2015.11.17-00.37.01:683][  0]LogHMD: SteamVR failed to initialize.  Err: 110
[2015.11.17-00.37.01:805][  0]LogAIModule: Creating AISystem for world NewWorld
[2015.11.17-00.37.01:812][  0]LogInit: XAudio2 using 'Headphone (Realtek High Definition Audio)' : 2 channels at 48 kHz using 32 bits per sample (channel mask 0x3)
[2015.11.17-00.37.01:948][  0]LogInit: FAudioDevice initialized.
[2015.11.17-00.37.02:080][  0]LogDerivedDataCache: Saved boot cache 0.13s 42MB C:/Users/croda/AppData/Local/UnrealEngine/4.9/DerivedDataCache/Boot.ddc.
[2015.11.17-00.37.02:082][  0]LogInit: Texture streaming: Enabled
[2015.11.17-00.37.02:089][  0]LogAnalytics: Creating configured Analytics provider AnalyticsET
[2015.11.17-00.37.02:089][  0]LogAnalytics: [UEEditor.Rocket.Release] APIServer = http://et2.epicgames.com/ET2/. AppVersion = 4.9.2-2707645+++depot+UE4-Releases+4.9
[2015.11.17-00.37.02:089][  0]LogAnalytics: [UEEditor.Rocket.Release] SetUserId 38384f7f4fe22369eef2c4908fb1257c|6dee01914e174258b8c89718799d58e5|4a372342-4369-4fb5-aabc-8ff6b2bfbeff
[2015.11.17-00.37.02:089][  0]LogAnalytics: [UEEditor.Rocket.Release] AnalyticsET::StartSession
[2015.11.17-00.37.02:103][  0]LogWindowsTextInputMethodSystem:Display: IME system now deactivated.
[2015.11.17-00.37.02:103][  0]LogWindowsTextInputMethodSystem:Display: IME system now deactivated.
[2015.11.17-00.37.02:126][  0]LogInit: Transaction tracking system initialized
[2015.11.17-00.37.02:172][  0]BlueprintLog: New page: Editor Load
[2015.11.17-00.37.02:277][  0]LocalizationService: Info Localization service is disabled
[2015.11.17-00.37.02:377][  0]LogConsoleResponse:Display: 
[2015.11.17-00.37.02:536][  0]LogCook:Display: Done creating registry. It took  0.00s.
[2015.11.17-00.37.02:576][  0]LogFileCache: Scanning file cache for directory 'C:/Users/croda/Documents/Unreal Projects/SantaSearch/Content/' took 0.02s
[2015.11.17-00.37.02:576][  0]LogHoudiniEngineEditor: Starting the Houdini Engine Editor module.
[2015.11.17-00.37.02:620][  0]SourceControl: Info Source control is disabled
[2015.11.17-00.37.02:620][  0]Cmd: MAP LOAD FILE="../../../../../../Users/croda/Documents/Unreal Projects/SantaSearch/Content/Maps/MemoryCardEntry.umap" TEMPLATE=0 SHOWPROGRESS=1 FEATURELEVEL=3
[2015.11.17-00.37.02:621][  0]LightingResults: New page: Lighting Build
[2015.11.17-00.37.02:625][  0]MapCheck: New page: Map Check
[2015.11.17-00.37.02:625][  0]LightingResults: New page: Lighting Build
[2015.11.17-00.37.02:636][  0]LogParticles: Destroying 0 GPU particle simulations for FXSystem 0x0000004C444642C0
[2015.11.17-00.37.02:807][  0]LogBlueprint:Warning: [compiler Ue4ASP_Character] Warning InputAction Event references unknown Action 'Crouch' for  InputAction Crouch 
[2015.11.17-00.37.02:807][  0]LogBlueprint:Warning: [compiler Ue4ASP_Character] Warning InputAction Event references unknown Action 'Jump' for  InputAction Jump 
[2015.11.17-00.37.02:807][  0]LogBlueprint:Warning: [compiler Ue4ASP_Character] Warning Input Axis Event references unknown Axis 'LookUp' for  InputAxis LookUp 
[2015.11.17-00.37.02:807][  0]LogBlueprint:Warning: [compiler Ue4ASP_Character] Warning Input Axis Event references unknown Axis 'Turn' for  InputAxis Turn 
[2015.11.17-00.37.02:808][  0]LogBlueprint:Warning: [compiler Ue4ASP_Character] Warning Input Axis Event references unknown Axis 'MoveRight' for  InputAxis MoveRight 
[2015.11.17-00.37.02:808][  0]LogBlueprint:Warning: [compiler Ue4ASP_Character] Warning Input Axis Event references unknown Axis 'MoveForward' for  InputAxis MoveForward 
[2015.11.17-00.37.02:811][  0]LogBlueprint:Warning: [compiler Ue4ASP_Character] Warning [0007.27] Compile of Ue4ASP_Character successful, but with 6 Warning(s) [in 8 ms]
[2015.11.17-00.37.02:811][  0]LogBlueprint:Warning: [compiler Ue4ASP_Character] Warning [0007.27] Compile of Ue4ASP_Character successful, but with 7 Warning(s) [in 0 ms]
[2015.11.17-00.37.02:811][  0]LogBlueprint:Warning: [compiler Ue4ASP_Character] Warning [0007.27] Compile of Ue4ASP_Character successful, but with 8 Warning(s) [in 0 ms]
[2015.11.17-00.37.02:851][  0]LogBlueprint:Warning: [compiler Ue4ASP_Character] Warning InputAction Event references unknown Action 'Crouch' for  InputAction Crouch 
[2015.11.17-00.37.02:851][  0]LogBlueprint:Warning: [compiler Ue4ASP_Character] Warning InputAction Event references unknown Action 'Jump' for  InputAction Jump 
[2015.11.17-00.37.02:851][  0]LogBlueprint:Warning: [compiler Ue4ASP_Character] Warning Input Axis Event references unknown Axis 'LookUp' for  InputAxis LookUp 
[2015.11.17-00.37.02:852][  0]LogBlueprint:Warning: [compiler Ue4ASP_Character] Warning Input Axis Event references unknown Axis 'Turn' for  InputAxis Turn 
[2015.11.17-00.37.02:852][  0]LogBlueprint:Warning: [compiler Ue4ASP_Character] Warning Input Axis Event references unknown Axis 'MoveRight' for  InputAxis MoveRight 
[2015.11.17-00.37.02:852][  0]LogBlueprint:Warning: [compiler Ue4ASP_Character] Warning Input Axis Event references unknown Axis 'MoveForward' for  InputAxis MoveForward 
[2015.11.17-00.37.02:855][  0]LogBlueprint:Warning: [compiler Ue4ASP_Character] Warning [0007.32] Compile of Ue4ASP_Character successful, but with 6 Warning(s) [in 10 ms]
[2015.11.17-00.37.02:855][  0]LogBlueprint:Warning: [compiler Ue4ASP_Character] Warning [0007.32] Compile of Ue4ASP_Character successful, but with 7 Warning(s) [in 0 ms]
[2015.11.17-00.37.02:856][  0]LogBlueprint:Warning: [compiler Ue4ASP_Character] Warning [0007.32] Compile of Ue4ASP_Character successful, but with 8 Warning(s) [in 0 ms]
[2015.11.17-00.37.03:419][  0]LogBlueprint:Warning: ExposeOnSpawn ambiguity. Property 'IntProperty /Game/Blueprints/BP_CardMem.BP_CardMem_C:CardIType', MetaData 'True', Flag 'False'
[2015.11.17-00.37.03:654][  0]LogProperty:Error: UStructProperty::Serialize Loading: Property 'StructProperty /LeapMotion/Character/Basic/BasicCharacter_AnimBlueprint.BasicCharacter_AnimBlueprint_C:AnimGraphNode_Fabrik_8C904C7A415FB588652E8A91FDC811AE'. Unknown structure.
[2015.11.17-00.37.03:654][  0]LogProperty:Error: UStructProperty::Serialize Loading: Property 'StructProperty /LeapMotion/Character/Basic/BasicCharacter_AnimBlueprint.BasicCharacter_AnimBlueprint_C:AnimGraphNode_Fabrik_416EC86F435836563C4E49AD6D016C3C'. Unknown structure.
[2015.11.17-00.37.03:655][  0]LogProperty:Error: UStructProperty::Serialize Loading: Property 'StructProperty /LeapMotion/Character/Basic/BasicCharacter_AnimBlueprint.BasicCharacter_AnimBlueprint_C:AnimGraphNode_Fabrik_9FF4326C4CAD2373B92D6F9E3AC3F57A'. Unknown structure.
[2015.11.17-00.37.03:656][  0]LogAnimation:Warning: Invalid animation root node index 54 on '/LeapMotion/Character/Basic/BasicCharacter_AnimBlueprint.BasicCharacter_AnimBlueprint_C' (only 52 nodes)
[2015.11.17-00.37.07:747][  0]LogOutputDevice: === Handled error: ===

Ensure condition failed: bValidRootIndex [File:D:\BuildFarm\buildmachine_++depot+UE4-Releases+4.9\Engine\Source\Runtime\Engine\Private\Animation\AnimBlueprintGeneratedClass.cpp] [Line: 234]

Stack: 
UE4Editor-Core.dll!FWindowsPlatformStackWalk::StackWalkAndDump() [d:\buildfarm\buildmachine_++depot+ue4-releases+4.9\engine\source\runtime\core\private\windows\windowsplatformstackwalk.cpp:175]
UE4Editor-Core.dll!FDebug::EnsureFailed() [d:\buildfarm\buildmachine_++depot+ue4-releases+4.9\engine\source\runtime\core\private\misc\outputdevice.cpp:258]
UE4Editor-Core.dll!FDebug::OptionallyLogFormattedEnsureMessageReturningFalse() [d:\buildfarm\buildmachine_++depot+ue4-releases+4.9\engine\source\runtime\core\private\misc\outputdevice.cpp:368]
UE4Editor-Engine.dll!UAnimBlueprintGeneratedClass::Link() [d:\buildfarm\buildmachine_++depot+ue4-releases+4.9\engine\source\runtime\engine\private\animation\animblueprintgeneratedclass.cpp:234]
UE4Editor-CoreUObject.dll!UClass::Serialize() [d:\buildfarm\buildmachine_++depot+ue4-releases+4.9\engine\source\runtime\coreuobject\private\uobject\class.cpp:3393]
UE4Editor-Engine.dll!UBlueprintGeneratedClass::Serialize() [d:\buildfarm\buildmachine_++depot+ue4-releases+4.9\engine\source\runtime\engine\private\blueprintgeneratedclass.cpp:757]
UE4Editor-CoreUObject.dll!FLinkerLoad::Preload() [d:\buildfarm\buildmachine_++depot+ue4-releases+4.9\engine\source\runtime\coreuobject\private\uobject\linkerload.cpp:3143]
UE4Editor-CoreUObject.dll!FLinkerLoad::CreateExport() [d:\buildfarm\buildmachine_++depot+ue4-releases+4.9\engine\source\runtime\coreuobject\private\uobject\linkerload.cpp:3792]
UE4Editor-CoreUObject.dll!FLinkerLoad::IndexToObject() [d:\buildfarm\buildmachine_++depot+ue4-releases+4.9\engine\source\runtime\coreuobject\private\uobject\linkerload.cpp:3982]
UE4Editor-CoreUObject.dll!FLinkerLoad::CreateExport() [d:\buildfarm\buildmachine_++depot+ue4-releases+4.9\engine\source\runtime\coreuobject\private\uobject\linkerload.cpp:3505]
UE4Editor-CoreUObject.dll!FLinkerLoad::CreateExportAndPreload() [d:\buildfarm\buildmachine_++depot+ue4-releases+4.9\engine\source\runtime\coreuobject\private\uobject\linkerload.cpp:2661]
UE4Editor-CoreUObject.dll!FLinkerLoad::LoadAllObjects() [d:\buildfarm\buildmachine_++depot+ue4-releases+4.9\engine\source\runtime\coreuobject\private\uobject\linkerload.cpp:2769]
UE4Editor-CoreUObject.dll!LoadPackageInternal() [d:\buildfarm\buildmachine_++depot+ue4-releases+4.9\engine\source\runtime\coreuobject\private\uobject\uobjectglobals.cpp:1032]
UE4Editor-CoreUObject.dll!FLinkerLoad::VerifyImportInner() [d:\buildfarm\buildmachine_++depot+ue4-releases+4.9\engine\source\runtime\coreuobject\private\uobject\linkerload.cpp:2354]
UE4Editor-CoreUObject.dll!FLinkerLoad::VerifyImport() [d:\buildfarm\buildmachine_++depot+ue4-releases+4.9\engine\source\runtime\coreuobject\private\uobject\linkerload.cpp:2115]
UE4Editor-CoreUObject.dll!FLinkerLoad::VerifyImportInner() [d:\buildfarm\buildmachine_++depot+ue4-releases+4.9\engine\source\runtime\coreuobject\private\uobject\linkerload.cpp:2402]
UE4Editor-CoreUObject.dll!FLinkerLoad::VerifyImport() [d:\buildfarm\buildmachine_++depot+ue4-releases+4.9\engine\source\runtime\coreuobject\private\uobject\linkerload.cpp:2115]
UE4Editor-CoreUObject.dll!FLinkerLoad::Verify() [d:\buildfarm\buildmachine_++depot+ue4-releases+4.9\engine\source\runtime\coreuobject\private\uobject\linkerload.cpp:1905]
UE4Editor-CoreUObject.dll!FLinkerLoad::FinalizeCreation() [d:\buildfarm\buildmachine_++depot+ue4-releases+4.9\engine\source\runtime\coreuobject\private\uobject\linkerload.cpp:1815]
UE4Editor-CoreUObject.dll!FLinkerLoad::Tick() [d:\buildfarm\buildmachine_++depot+ue4-releases+4.9\engine\source\runtime\coreuobject\private\uobject\linkerload.cpp:666]
UE4Editor-CoreUObject.dll!FLinkerLoad::CreateLinker() [d:\buildfarm\buildmachine_++depot+ue4-releases+4.9\engine\source\runtime\coreuobject\private\uobject\linkerload.cpp:404]
UE4Editor-CoreUObject.dll!GetPackageLinker() [d:\buildfarm\buildmachine_++depot+ue4-releases+4.9\engine\source\runtime\coreuobject\private\uobject\linker.cpp:570]
UE4Editor-CoreUObject.dll!LoadPackageInternal() [d:\buildfarm\buildmachine_++depot+ue4-releases+4.9\engine\source\runtime\coreuobject\private\uobject\uobjectglobals.cpp:936]
UE4Editor-CoreUObject.dll!FLinkerLoad::VerifyImportInner() [d:\buildfarm\buildmachine_++depot+ue4-releases+4.9\engine\source\runtime\coreuobject\private\uobject\linkerload.cpp:2354]
UE4Editor-CoreUObject.dll!FLinkerLoad::VerifyImport() [d:\buildfarm\buildmachine_++depot+ue4-releases+4.9\engine\source\runtime\coreuobject\private\uobject\linkerload.cpp:2115]
UE4Editor-CoreUObject.dll!FLinkerLoad::VerifyImportInner() [d:\buildfarm\buildmachine_++depot+ue4-releases+4.9\engine\source\runtime\coreuobject\private\uobject\linkerload.cpp:2402]
UE4Editor-CoreUObject.dll!FLinkerLoad::VerifyImport() [d:\buildfarm\buildmachine_++depot+ue4-releases+4.9\engine\source\runtime\coreuobject\private\uobject\linkerload.cpp:2115]
UE4Editor-CoreUObject.dll!FLinkerLoad::CreateImport() [d:\buildfarm\buildmachine_++depot+ue4-releases+4.9\engine\source\runtime\coreuobject\private\uobject\linkerload.cpp:3926]
UE4Editor-CoreUObject.dll!FLinkerLoad::ResolveAllImports() [d:\buildfarm\buildmachine_++depot+ue4-releases+4.9\engine\source\runtime\coreuobject\private\blueprint\blueprintsupport.cpp:1026]
UE4Editor-CoreUObject.dll!FLinkerLoad::FinalizeBlueprint() [d:\buildfarm\buildmachine_++depot+ue4-releases+4.9\engine\source\runtime\coreuobject\private\blueprint\blueprintsupport.cpp:1103]
UE4Editor-CoreUObject.dll!FLinkerLoad::Preload() [d:\buildfarm\buildmachine_++depot+ue4-releases+4.9\engine\source\runtime\coreuobject\private\uobject\linkerload.cpp:3190]
UE4Editor-CoreUObject.dll!FLinkerLoad::CreateExport() [d:\buildfarm\buildmachine_++depot+ue4-releases+4.9\engine\source\runtime\coreuobject\private\uobject\linkerload.cpp:3792]
UE4Editor-CoreUObject.dll!FLinkerLoad::IndexToObject() [d:\buildfarm\buildmachine_++depot+ue4-releases+4.9\engine\source\runtime\coreuobject\private\uobject\linkerload.cpp:3982]
UE4Editor-CoreUObject.dll!FLinkerLoad::CreateExport() [d:\buildfarm\buildmachine_++depot+ue4-releases+4.9\engine\source\runtime\coreuobject\private\uobject\linkerload.cpp:3505]
UE4Editor-CoreUObject.dll!FLinkerLoad::IndexToObject() [d:\buildfarm\buildmachine_++depot+ue4-releases+4.9\engine\source\runtime\coreuobject\private\uobject\linkerload.cpp:3982]
UE4Editor-CoreUObject.dll!FLinkerLoad::CreateExport() [d:\buildfarm\buildmachine_++depot+ue4-releases+4.9\engine\source\runtime\coreuobject\private\uobject\linkerload.cpp:3505]
UE4Editor-CoreUObject.dll!FLinkerLoad::CreateExportAndPreload() [d:\buildfarm\buildmachine_++depot+ue4-releases+4.9\engine\source\runtime\coreuobject\private\uobject\linkerload.cpp:2661]
UE4Editor-CoreUObject.dll!FLinkerLoad::LoadAllObjects() [d:\buildfarm\buildmachine_++depot+ue4-releases+4.9\engine\source\runtime\coreuobject\private\uobject\linkerload.cpp:2769]
UE4Editor-CoreUObject.dll!LoadPackageInternal() [d:\buildfarm\buildmachine_++depot+ue4-releases+4.9\engine\source\runtime\coreuobject\private\uobject\uobjectglobals.cpp:1032]
UE4Editor-CoreUObject.dll!FLinkerLoad::VerifyImportInner() [d:\buildfarm\buildmachine_++depot+ue4-releases+4.9\engine\source\runtime\coreuobject\private\uobject\linkerload.cpp:2354]
UE4Editor-CoreUObject.dll!FLinkerLoad::VerifyImport() [d:\buildfarm\buildmachine_++depot+ue4-releases+4.9\engine\source\runtime\coreuobject\private\uobject\linkerload.cpp:2115]
UE4Editor-CoreUObject.dll!FLinkerLoad::VerifyImportInner() [d:\buildfarm\buildmachine_++depot+ue4-releases+4.9\engine\source\runtime\coreuobject\private\uobject\linkerload.cpp:2402]
UE4Editor-CoreUObject.dll!FLinkerLoad::VerifyImport() [d:\buildfarm\buildmachine_++depot+ue4-releases+4.9\engine\source\runtime\coreuobject\private\uobject\linkerload.cpp:2115]
UE4Editor-CoreUObject.dll!FLinkerLoad::Verify() [d:\buildfarm\buildmachine_++depot+ue4-releases+4.9\engine\source\runtime\coreuobject\private\uobject\linkerload.cpp:1905]
UE4Editor-CoreUObject.dll!FLinkerLoad::FinalizeCreation() [d:\buildfarm\buildmachine_++depot+ue4-releases+4.9\engine\source\runtime\coreuobject\private\uobject\linkerload.cpp:1815]
UE4Editor-CoreUObject.dll!FLinkerLoad::Tick() [d:\buildfarm\buildmachine_++depot+ue4-releases+4.9\engine\source\runtime\coreuobject\private\uobject\linkerload.cpp:666]
UE4Editor-CoreUObject.dll!FLinkerLoad::CreateLinker() [d:\buildfarm\buildmachine_++depot+ue4-releases+4.9\engine\source\runtime\coreuobject\private\uobject\linkerload.cpp:404]
UE4Editor-CoreUObject.dll!GetPackageLinker() [d:\buildfarm\buildmachine_++depot+ue4-releases+4.9\engine\source\runtime\coreuobject\private\uobject\linker.cpp:570]
UE4Editor-CoreUObject.dll!LoadPackageInternal() [d:\buildfarm\buildmachine_++depot+ue4-releases+4.9\engine\source\runtime\coreuobject\private\uobject\uobjectglobals.cpp:936]
UE4Editor-CoreUObject.dll!FLinkerLoad::VerifyImportInner() [d:\buildfarm\buildmachine_++depot+ue4-releases+4.9\engine\source\runtime\coreuobject\private\uobject\linkerload.cpp:2354]
UE4Editor-CoreUObject.dll!FLinkerLoad::VerifyImport() [d:\buildfarm\buildmachine_++depot+ue4-releases+4.9\engine\source\runtime\coreuobject\private\uobject\linkerload.cpp:2115]
UE4Editor-CoreUObject.dll!FLinkerLoad::VerifyImportInner() [d:\buildfarm\buildmachine_++depot+ue4-releases+4.9\engine\source\runtime\coreuobject\private\uobject\linkerload.cpp:2402]
UE4Editor-CoreUObject.dll!FLinkerLoad::VerifyImport() [d:\buildfarm\buildmachine_++depot+ue4-releases+4.9\engine\source\runtime\coreuobject\private\uobject\linkerload.cpp:2115]
UE4Editor-CoreUObject.dll!FLinkerLoad::Verify() [d:\buildfarm\buildmachine_++depot+ue4-releases+4.9\engine\source\runtime\coreuobject\private\uobject\linkerload.cpp:1905]
UE4Editor-CoreUObject.dll!FLinkerLoad::FinalizeCreation() [d:\buildfarm\buildmachine_++depot+ue4-releases+4.9\engine\source\runtime\coreuobject\private\uobject\linkerload.cpp:1815]
UE4Editor-CoreUObject.dll!FLinkerLoad::Tick() [d:\buildfarm\buildmachine_++depot+ue4-releases+4.9\engine\source\runtime\coreuobject\private\uobject\linkerload.cpp:666]
UE4Editor-CoreUObject.dll!FLinkerLoad::CreateLinker() [d:\buildfarm\buildmachine_++depot+ue4-releases+4.9\engine\source\runtime\coreuobject\private\uobject\linkerload.cpp:404]
UE4Editor-CoreUObject.dll!GetPackageLinker() [d:\buildfarm\buildmachine_++depot+ue4-releases+4.9\engine\source\runtime\coreuobject\private\uobject\linker.cpp:570]
UE4Editor-CoreUObject.dll!LoadPackageInternal() [d:\buildfarm\buildmachine_++depot+ue4-releases+4.9\engine\source\runtime\coreuobject\private\uobject\uobjectglobals.cpp:936]
UE4Editor-CoreUObject.dll!FLinkerLoad::VerifyImportInner() [d:\buildfarm\buildmachine_++depot+ue4-releases+4.9\engine\source\runtime\coreuobject\private\uobject\linkerload.cpp:2354]
UE4Editor-CoreUObject.dll!FLinkerLoad::VerifyImport() [d:\buildfarm\buildmachine_++depot+ue4-releases+4.9\engine\source\runtime\coreuobject\private\uobject\linkerload.cpp:2115]
UE4Editor-CoreUObject.dll!FLinkerLoad::VerifyImportInner() [d:\buildfarm\buildmachine_++depot+ue4-releases+4.9\engine\source\runtime\coreuobject\private\uobject\linkerload.cpp:2402]
UE4Editor-CoreUObject.dll!FLinkerLoad::VerifyImport() [d:\buildfarm\buildmachine_++depot+ue4-releases+4.9\engine\source\runtime\coreuobject\private\uobject\linkerload.cpp:2115]
UE4Editor-CoreUObject.dll!FLinkerLoad::Verify() [d:\buildfarm\buildmachine_++depot+ue4-releases+4.9\engine\source\runtime\coreuobject\private\uobject\linkerload.cpp:1905]
UE4Editor-CoreUObject.dll!FLinkerLoad::FinalizeCreation() [d:\buildfarm\buildmachine_++depot+ue4-releases+4.9\engine\source\runtime\coreuobject\private\uobject\linkerload.cpp:1815]
UE4Editor-CoreUObject.dll!FLinkerLoad::Tick() [d:\buildfarm\buildmachine_++depot+ue4-releases+4.9\engine\source\runtime\coreuobject\private\uobject\linkerload.cpp:666]
UE4Editor-CoreUObject.dll!FLinkerLoad::CreateLinker() [d:\buildfarm\buildmachine_++depot+ue4-releases+4.9\engine\source\runtime\coreuobject\private\uobject\linkerload.cpp:404]
UE4Editor-CoreUObject.dll!GetPackageLinker() [d:\buildfarm\buildmachine_++depot+ue4-releases+4.9\engine\source\runtime\coreuobject\private\uobject\linker.cpp:570]
UE4Editor-CoreUObject.dll!LoadPackageInternal() [d:\buildfarm\buildmachine_++depot+ue4-releases+4.9\engine\source\runtime\coreuobject\private\uobject\uobjectglobals.cpp:936]
UE4Editor-CoreUObject.dll!FLinkerLoad::VerifyImportInner() [d:\buildfarm\buildmachine_++depot+ue4-releases+4.9\engine\source\runtime\coreuobject\private\uobject\linkerload.cpp:2354]
UE4Editor-CoreUObject.dll!FLinkerLoad::VerifyImport() [d:\buildfarm\buildmachine_++depot+ue4-releases+4.9\engine\source\runtime\coreuobject\private\uobject\linkerload.cpp:2115]
UE4Editor-CoreUObject.dll!FLinkerLoad::VerifyImportInner() [d:\buildfarm\buildmachine_++depot+ue4-releases+4.9\engine\source\runtime\coreuobject\private\uobject\linkerload.cpp:2402]
UE4Editor-CoreUObject.dll!FLinkerLoad::VerifyImport() [d:\buildfarm\buildmachine_++depot+ue4-releases+4.9\engine\source\runtime\coreuobject\private\uobject\linkerload.cpp:2115]
UE4Editor-CoreUObject.dll!FLinkerLoad::Verify() [d:\buildfarm\buildmachine_++depot+ue4-releases+4.9\engine\source\runtime\coreuobject\private\uobject\linkerload.cpp:1905]
UE4Editor-CoreUObject.dll!FLinkerLoad::FinalizeCreation() [d:\buildfarm\buildmachine_++depot+ue4-releases+4.9\engine\source\runtime\coreuobject\private\uobject\linkerload.cpp:1815]
UE4Editor-CoreUObject.dll!FLinkerLoad::Tick() [d:\buildfarm\buildmachine_++depot+ue4-releases+4.9\engine\source\runtime\coreuobject\private\uobject\linkerload.cpp:666]
UE4Editor-CoreUObject.dll!FLinkerLoad::CreateLinker() [d:\buildfarm\buildmachine_++depot+ue4-releases+4.9\engine\source\runtime\coreuobject\private\uobject\linkerload.cpp:404]
UE4Editor-CoreUObject.dll!GetPackageLinker() [d:\buildfarm\buildmachine_++depot+ue4-releases+4.9\engine\source\runtime\coreuobject\private\uobject\linker.cpp:570]
UE4Editor-CoreUObject.dll!LoadPackageInternal() [d:\buildfarm\buildmachine_++depot+ue4-releases+4.9\engine\source\runtime\coreuobject\private\uobject\uobjectglobals.cpp:936]
UE4Editor-CoreUObject.dll!FLinkerLoad::VerifyImportInner() [d:\buildfarm\buildmachine_++depot+ue4-releases+4.9\engine\source\runtime\coreuobject\private\uobject\linkerload.cpp:2354]
UE4Editor-CoreUObject.dll!FLinkerLoad::VerifyImport() [d:\buildfarm\buildmachine_++depot+ue4-releases+4.9\engine\source\runtime\coreuobject\private\uobject\linkerload.cpp:2115]
UE4Editor-CoreUObject.dll!FLinkerLoad::VerifyImportInner() [d:\buildfarm\buildmachine_++depot+ue4-releases+4.9\engine\source\runtime\coreuobject\private\uobject\linkerload.cpp:2402]
UE4Editor-CoreUObject.dll!FLinkerLoad::VerifyImport() [d:\buildfarm\buildmachine_++depot+ue4-releases+4.9\engine\source\runtime\coreuobject\private\uobject\linkerload.cpp:2115]
UE4Editor-CoreUObject.dll!FLinkerLoad::VerifyImportInner() [d:\buildfarm\buildmachine_++depot+ue4-releases+4.9\engine\source\runtime\coreuobject\private\uobject\linkerload.cpp:2402]
UE4Editor-CoreUObject.dll!FLinkerLoad::VerifyImport() [d:\buildfarm\buildmachine_++depot+ue4-releases+4.9\engine\source\runtime\coreuobject\private\uobject\linkerload.cpp:2115]
UE4Editor-CoreUObject.dll!FLinkerLoad::Verify() [d:\buildfarm\buildmachine_++depot+ue4-releases+4.9\engine\source\runtime\coreuobject\private\uobject\linkerload.cpp:1905]
UE4Editor-CoreUObject.dll!FLinkerLoad::FinalizeCreation() [d:\buildfarm\buildmachine_++depot+ue4-releases+4.9\engine\source\runtime\coreuobject\private\uobject\linkerload.cpp:1815]
UE4Editor-CoreUObject.dll!FLinkerLoad::Tick() [d:\buildfarm\buildmachine_++depot+ue4-releases+4.9\engine\source\runtime\coreuobject\private\uobject\linkerload.cpp:666]
UE4Editor-CoreUObject.dll!FLinkerLoad::CreateLinker() [d:\buildfarm\buildmachine_++depot+ue4-releases+4.9\engine\source\runtime\coreuobject\private\uobject\linkerload.cpp:404]
UE4Editor-CoreUObject.dll!GetPackageLinker() [d:\buildfarm\buildmachine_++depot+ue4-releases+4.9\engine\source\runtime\coreuobject\private\uobject\linker.cpp:570]
UE4Editor-CoreUObject.dll!LoadPackageInternal() [d:\buildfarm\buildmachine_++depot+ue4-releases+4.9\engine\source\runtime\coreuobject\private\uobject\uobjectglobals.cpp:936]
UE4Editor-UnrealEd.dll
[2015.11.17-00.37.08:049][  0]LogAnimation:Warning: Invalid animation root node index 54 on '/LeapMotion/Character/Basic/BasicCharacter_AnimBlueprint.BasicCharacter_AnimBlueprint_C' (only 52 nodes)
[2015.11.17-00.37.08:376][  0]LogAnimation:Warning: Invalid animation root node index 54 on '/Engine/Transient.REINST_BasicCharacter_AnimBlueprint_C_2' (only 52 nodes)
[2015.11.17-00.37.08:511][  0]LogClass:Warning: Property AnimGraphNode_Fabrik_8C904C7A415FB588652E8A91FDC811AE of BasicCharacter_AnimBlueprint_C has a struct type mismatch (tag FallbackStruct != prop AnimNode_Fabrik) in package:  FObjectReader. If that struct got renamed, add an entry to ActiveStructRedirects.
[2015.11.17-00.37.08:511][  0]LogClass:Warning: Property AnimGraphNode_Fabrik_416EC86F435836563C4E49AD6D016C3C of BasicCharacter_AnimBlueprint_C has a struct type mismatch (tag FallbackStruct != prop AnimNode_Fabrik) in package:  FObjectReader. If that struct got renamed, add an entry to ActiveStructRedirects.
[2015.11.17-00.37.08:511][  0]LogClass:Warning: Property AnimGraphNode_Fabrik_9FF4326C4CAD2373B92D6F9E3AC3F57A of BasicCharacter_AnimBlueprint_C has a struct type mismatch (tag FallbackStruct != prop AnimNode_Fabrik) in package:  FObjectReader. If that struct got renamed, add an entry to ActiveStructRedirects.
[2015.11.17-00.37.08:743][  0]LogBlueprint:Warning: [compiler LeapBasicRiggedCharacter] Warning InputAction Event references unknown Action 'Jump' for  InputAction Jump 
[2015.11.17-00.37.08:743][  0]LogBlueprint:Warning: [compiler LeapBasicRiggedCharacter] Warning Input Axis Event references unknown Axis 'LookUpRate' for  InputAxis LookUpRate 
[2015.11.17-00.37.08:743][  0]LogBlueprint:Warning: [compiler LeapBasicRiggedCharacter] Warning Input Axis Event references unknown Axis 'TurnRate' for  InputAxis TurnRate 
[2015.11.17-00.37.08:743][  0]LogBlueprint:Warning: [compiler LeapBasicRiggedCharacter] Warning Input Axis Event references unknown Axis 'Turn' for  InputAxis Turn 
[2015.11.17-00.37.08:744][  0]LogBlueprint:Warning: [compiler LeapBasicRiggedCharacter] Warning Input Axis Event references unknown Axis 'LookUp' for  InputAxis LookUp 
[2015.11.17-00.37.08:744][  0]LogBlueprint:Warning: [compiler LeapBasicRiggedCharacter] Warning Input Axis Event references unknown Axis 'MoveRight' for  InputAxis MoveRight 
[2015.11.17-00.37.08:744][  0]LogBlueprint:Warning: [compiler LeapBasicRiggedCharacter] Warning Input Axis Event references unknown Axis 'MoveForward' for  InputAxis MoveForward 
[2015.11.17-00.37.08:748][  0]LogBlueprint:Warning: [compiler LeapBasicRiggedCharacter] Warning [0013.21] Compile of LeapBasicRiggedCharacter successful, but with 7 Warning(s) [in 14 ms]
[2015.11.17-00.37.08:749][  0]LogBlueprint:Warning: [compiler LeapBasicRiggedCharacter] Warning [0013.21] Compile of LeapBasicRiggedCharacter successful, but with 8 Warning(s) [in 0 ms]
[2015.11.17-00.37.08:749][  0]LogBlueprint:Warning: [compiler LeapBasicRiggedCharacter] Warning [0013.21] Compile of LeapBasicRiggedCharacter successful, but with 9 Warning(s) [in 0 ms]
[2015.11.17-00.37.09:198][  0]LogBlueprint:Warning: [compiler LeapBasicRiggedCharacter] Warning InputAction Event references unknown Action 'Jump' for  InputAction Jump 
[2015.11.17-00.37.09:198][  0]LogBlueprint:Warning: [compiler LeapBasicRiggedCharacter] Warning Input Axis Event references unknown Axis 'LookUpRate' for  InputAxis LookUpRate 
[2015.11.17-00.37.09:198][  0]LogBlueprint:Warning: [compiler LeapBasicRiggedCharacter] Warning Input Axis Event references unknown Axis 'TurnRate' for  InputAxis TurnRate 
[2015.11.17-00.37.09:199][  0]LogBlueprint:Warning: [compiler LeapBasicRiggedCharacter] Warning Input Axis Event references unknown Axis 'Turn' for  InputAxis Turn 
[2015.11.17-00.37.09:199][  0]LogBlueprint:Warning: [compiler LeapBasicRiggedCharacter] Warning Input Axis Event references unknown Axis 'LookUp' for  InputAxis LookUp 
[2015.11.17-00.37.09:199][  0]LogBlueprint:Warning: [compiler LeapBasicRiggedCharacter] Warning Input Axis Event references unknown Axis 'MoveRight' for  InputAxis MoveRight 
[2015.11.17-00.37.09:199][  0]LogBlueprint:Warning: [compiler LeapBasicRiggedCharacter] Warning Input Axis Event references unknown Axis 'MoveForward' for  InputAxis MoveForward 
[2015.11.17-00.37.09:203][  0]LogBlueprint:Warning: [compiler LeapBasicRiggedCharacter] Warning [0013.66] Compile of LeapBasicRiggedCharacter successful, but with 7 Warning(s) [in 12 ms]
[2015.11.17-00.37.09:203][  0]LogBlueprint:Warning: [compiler LeapBasicRiggedCharacter] Warning [0013.66] Compile of LeapBasicRiggedCharacter successful, but with 8 Warning(s) [in 0 ms]
[2015.11.17-00.37.09:203][  0]LogBlueprint:Warning: [compiler LeapBasicRiggedCharacter] Warning [0013.66] Compile of LeapBasicRiggedCharacter successful, but with 9 Warning(s) [in 0 ms]
[2015.11.17-00.37.10:322][  0]LogAIModule: Creating AISystem for world MemoryCardEntry
[2015.11.17-00.37.10:344][  0]LogEditorServer: Finished looking for orphan Actors (0.000 secs)
[2015.11.17-00.37.10:344][  0]Cmd: MAP CHECKDEP NOCLEARLOG
[2015.11.17-00.37.10:565][  0]MapCheck: Info Map check complete: 0 Error(s), 0 Warning(s), took 220.102ms to complete.
[2015.11.17-00.37.10:565][  0]LogFileHelpers: Loading map 'MemoryCardEntry' took 7.945
[2015.11.17-00.37.10:708][  0]LogCollectionManager: Loaded 0 collections in 0.002622 seconds
[2015.11.17-00.37.10:753][  0]LogFileCache: Scanning file cache for directory 'C:/Users/croda/Documents/Unreal Projects/SantaSearch/Saved/Collections/' took 0.01s
[2015.11.17-00.37.10:753][  0]LogFileCache: Scanning file cache for directory 'C:/Users/croda/Documents/Unreal Projects/SantaSearch/Content/Developers/croda/Collections/' took 0.01s
[2015.11.17-00.37.10:753][  0]LogFileCache: Scanning file cache for directory 'C:/Users/croda/Documents/Unreal Projects/SantaSearch/Content/Collections/' took 0.01s
[2015.11.17-00.37.10:753][  0]LogContentBrowser: Native class hierarchy populated in 0.0091 seconds. Added 1919 classes and 342 folders.
[2015.11.17-00.37.10:768][  0]LogCollectionManager: Rebuilt the GUID cache for 0 collections in 0.000003 seconds
[2015.11.17-00.37.10:778][  0]LogContentBrowser: Native class hierarchy updated for 'WidgetCarousel' in 0.0005 seconds. Added 0 classes and 0 folders.
[2015.11.17-00.37.10:848][  0]LogContentBrowser: Native class hierarchy updated for 'AddContentDialog' in 0.0004 seconds. Added 0 classes and 0 folders.
[2015.11.17-00.37.10:852][  0]LogContentBrowser: Native class hierarchy updated for 'SceneOutliner' in 0.0003 seconds. Added 1 classes and 2 folders.
[2015.11.17-00.37.10:920][  0]LogCrashTracker: Crashtracker disabled due to settings.
[2015.11.17-00.37.10:949][  0]LogUObjectGlobals:Warning: Failed to find object 'Class None.'
[2015.11.17-00.37.10:972][  0]LogLoad: Full Startup: 15.43 seconds (BP compile: 1.14 seconds)
[2015.11.17-00.37.11:081][  0]LogContentStreaming: Texture pool size now 1000 MB
[2015.11.17-00.37.11:243][  0]LogRenderer: Reallocating scene render targets to support 876x652 (Frame:2).
[2015.11.17-00.37.11:313][  1]LogFileCache: Retrieving MD5 hashes for directory 'C:/Users/croda/Documents/Unreal Projects/SantaSearch/Content/' took 0.31s
[2015.11.17-00.37.11:809][ 11]LogAssetRegistry: Asset discovery search completed in 12.0511 seconds
[2015.11.17-00.37.11:809][ 11]LogCollectionManager: Rebuilt the object cache for 0 collections in 0.000001 seconds (found 0 objects)
[2015.11.17-00.37.11:809][ 11]LogCollectionManager: Fixed up redirectors for 0 collections in 0.000022 seconds (updated 0 objects)
[2015.11.17-00.37.23:421][704]LogLinker:Warning: Can't resolve asset name
[2015.11.17-00.37.23:421][704]LogLinker:Warning: Can't resolve asset name
[2015.11.17-00.37.23:421][704]LogLinker:Warning: Can't resolve asset name
[2015.11.17-00.37.23:422][704]LogLinker:Warning: Can't resolve asset name
[2015.11.17-00.37.23:422][704]LogLinker:Warning: Can't resolve asset name
[2015.11.17-00.37.23:422][704]LogLinker:Warning: Can't resolve asset name
[2015.11.17-00.46.15:405][601]LogActorComponent: UnregisterComponent: (/Engine/Transient.CharMoveComp) Not registered. Aborting.
[2015.11.17-00.46.15:500][601]LeapPluginLog: LeapController::CleanupEventData Delete Called
[2015.11.17-00.46.15:528][601]LeapPluginLog: LeapController::CleanupEventData Delete Called
[2015.11.17-00.46.15:642][601]LogWindowsTextInputMethodSystem:Display: IME system now deactivated.
[2015.11.17-00.46.15:642][601]LogWindowsTextInputMethodSystem:Display: IME system now deactivated.
[2015.11.17-00.46.15:897][602]Cmd: QUIT_EDITOR
[2015.11.17-00.46.16:182][602]LogExit: Preparing to exit.
[2015.11.17-00.46.16:970][602]LogActorComponent: UnregisterComponent: (None.None:None.None.StaticMeshComponent_16) Not registered. Aborting.
[2015.11.17-00.46.16:979][602]LogExit: Editor shut down
[2015.11.17-00.46.16:979][602]LogExit: Transaction tracking system shut down
[2015.11.17-00.46.16:984][602]LogParticles: Destroying 0 GPU particle simulations for FXSystem 0x0000004CF1284AE0
[2015.11.17-00.46.16:985][602]LogParticles: Destroying 0 GPU particle simulations for FXSystem 0x0000004CF8DEF880
[2015.11.17-00.46.16:985][602]LogParticles: Destroying 0 GPU particle simulations for FXSystem 0x0000004CF8D58400
[2015.11.17-00.46.16:985][602]LogParticles: Destroying 0 GPU particle simulations for FXSystem 0x0000004CEDF4B380
[2015.11.17-00.46.16:985][602]LogParticles: Destroying 0 GPU particle simulations for FXSystem 0x0000004CEDF4AD40
[2015.11.17-00.46.17:002][602]LeapPluginLog: LeapController::CleanupEventData Delete Called
[2015.11.17-00.46.17:025][602]LeapPluginLog: LeapController::CleanupEventData Delete Called
[2015.11.17-00.46.17:181][602]LogExit: Object subsystem successfully closed.
[2015.11.17-00.46.17:197][602]LogD3D11RHI: Shutdown
[2015.11.17-00.46.17:197][602]LogD3D11RHI: CleanupD3DDevice
[2015.11.17-00.46.17:251][602]LogD3D11RHI: ~FD3D11DynamicRHI
[2015.11.17-00.46.17:268][602]LogModuleManager: Shutting down and abandoning module CrashTracker (200)
[2015.11.17-00.46.17:268][602]LogModuleManager: Shutting down and abandoning module SceneOutliner (199)
[2015.11.17-00.46.17:268][602]LogModuleManager: Shutting down and abandoning module SuperSearch (198)
[2015.11.17-00.46.17:268][602]LogModuleManager: Shutting down and abandoning module WidgetCarousel (197)
[2015.11.17-00.46.17:268][602]LogModuleManager: Shutting down and abandoning module AddContentDialog (196)
[2015.11.17-00.46.17:269][602]LogModuleManager: Shutting down and abandoning module EditorWidgets (195)
[2015.11.17-00.46.17:269][602]LogModuleManager: Shutting down and abandoning module CollectionManager (194)
[2015.11.17-00.46.17:269][602]LogModuleManager: Shutting down and abandoning module StatsViewer (193)
[2015.11.17-00.46.17:269][602]LogModuleManager: Shutting down and abandoning module FoliageEdit (192)
[2015.11.17-00.46.17:269][602]LogModuleManager: Shutting down and abandoning module LandscapeEditor (191)
[2015.11.17-00.46.17:269][602]LogModuleManager: Shutting down and abandoning module ActorPickerMode (190)
[2015.11.17-00.46.17:269][602]LogModuleManager: Shutting down and abandoning module GeometryMode (189)
[2015.11.17-00.46.17:269][602]LogModuleManager: Shutting down and abandoning module TextureAlignMode (188)
[2015.11.17-00.46.17:269][602]LogModuleManager: Shutting down and abandoning module BspMode (187)
[2015.11.17-00.46.17:269][602]LogModuleManager: Shutting down and abandoning module PlacementMode (186)
[2015.11.17-00.46.17:269][602]LogModuleManager: Shutting down and abandoning module AutomationWorker (185)
[2015.11.17-00.46.17:269][602]LogModuleManager: Shutting down and abandoning module HoudiniEngineEditor (184)
[2015.11.17-00.46.17:269][602]LogHoudiniEngineEditor: Shutting down the Houdini Engine Editor module.
[2015.11.17-00.46.17:269][602]LogModuleManager: Shutting down and abandoning module CharacterAI (183)
[2015.11.17-00.46.17:269][602]LogModuleManager: Shutting down and abandoning module SmartSnapping (182)
[2015.11.17-00.46.17:269][602]LogModuleManager: Shutting down and abandoning module ViewportSnapping (181)
[2015.11.17-00.46.17:270][602]LogModuleManager: Shutting down and abandoning module LogVisualizer (180)
[2015.11.17-00.46.17:270][602]LogModuleManager: Shutting down and abandoning module GameProjectGeneration (179)
[2015.11.17-00.46.17:270][602]LogModuleManager: Shutting down and abandoning module IntroTutorials (178)
[2015.11.17-00.46.17:270][602]LogModuleManager: Shutting down and abandoning module EditorLiveStreaming (177)
[2015.11.17-00.46.17:270][602]LogModuleManager: Shutting down and abandoning module IOSPlatformEditor (176)
[2015.11.17-00.46.17:270][602]LogModuleManager: Shutting down and abandoning module HTML5PlatformEditor (175)
[2015.11.17-00.46.17:270][602]LogModuleManager: Shutting down and abandoning module AndroidDeviceDetection (174)
[2015.11.17-00.46.17:596][602]LogModuleManager: Shutting down and abandoning module AndroidPlatformEditor (173)
[2015.11.17-00.46.17:596][602]LogModuleManager: Shutting down and abandoning module IOSRuntimeSettings (172)
[2015.11.17-00.46.17:596][602]LogModuleManager: Shutting down and abandoning module AndroidRuntimeSettings (171)
[2015.11.17-00.46.17:596][602]LogModuleManager: Shutting down and abandoning module MergeActors (170)
[2015.11.17-00.46.17:596][602]LogModuleManager: Shutting down and abandoning module SizeMap (169)
[2015.11.17-00.46.17:596][602]LogModuleManager: Shutting down and abandoning module TreeMap (168)
[2015.11.17-00.46.17:596][602]LogModuleManager: Shutting down and abandoning module ReferenceViewer (167)
[2015.11.17-00.46.17:596][602]LogModuleManager: Shutting down and abandoning module LocalizationService (166)
[2015.11.17-00.46.17:596][602]LogModuleManager: Shutting down and abandoning module LocalizationDashboard (165)
[2015.11.17-00.46.17:596][602]LogModuleManager: Shutting down and abandoning module HardwareTargeting (164)
[2015.11.17-00.46.17:596][602]LogModuleManager: Shutting down and abandoning module DeviceProfileEditor (163)
[2015.11.17-00.46.17:596][602]LogModuleManager: Shutting down and abandoning module UndoHistory (162)
[2015.11.17-00.46.17:596][602]LogModuleManager: Shutting down and abandoning module GameplayTagsEditor (161)
[2015.11.17-00.46.17:596][602]LogModuleManager: Shutting down and abandoning module UserFeedback (160)
[2015.11.17-00.46.17:596][602]LogModuleManager: Shutting down and abandoning module XmlParser (159)
[2015.11.17-00.46.17:596][602]LogModuleManager: Shutting down and abandoning module Blutility (158)
[2015.11.17-00.46.17:596][602]LogModuleManager: Shutting down and abandoning module ProjectTargetPlatformEditor (157)
[2015.11.17-00.46.17:596][602]LogModuleManager: Shutting down and abandoning module ProjectSettingsViewer (156)
[2015.11.17-00.46.17:596][602]LogModuleManager: Shutting down and abandoning module InputBindingEditor (155)
[2015.11.17-00.46.17:596][602]LogModuleManager: Shutting down and abandoning module EditorSettingsViewer (154)
[2015.11.17-00.46.17:596][602]LogModuleManager: Shutting down and abandoning module SettingsEditor (153)
[2015.11.17-00.46.17:596][602]LogModuleManager: Shutting down and abandoning module ProjectLauncher (152)
[2015.11.17-00.46.17:596][602]LogModuleManager: Shutting down and abandoning module SessionFrontend (151)
[2015.11.17-00.46.17:596][602]LogModuleManager: Shutting down and abandoning module ProfilerClient (150)
[2015.11.17-00.46.17:596][602]LogModuleManager: Shutting down and abandoning module TargetDeviceServices (149)
[2015.11.17-00.46.17:596][602]LogModuleManager: Shutting down and abandoning module DeviceManager (148)
[2015.11.17-00.46.17:597][602]LogModuleManager: Shutting down and abandoning module AutomationController (147)
[2015.11.17-00.46.17:597][602]LogModuleManager: Shutting down and abandoning module AutomationWindow (146)
[2015.11.17-00.46.17:597][602]LogModuleManager: Shutting down and abandoning module Layers (145)
[2015.11.17-00.46.17:597][602]LogModuleManager: Shutting down and abandoning module ComponentVisualizers (144)
[2015.11.17-00.46.17:597][602]LogModuleManager: Shutting down and abandoning module DetailCustomizations (143)
[2015.11.17-00.46.17:597][602]LogModuleManager: Shutting down and abandoning module PackagesDialog (142)
[2015.11.17-00.46.17:597][602]LogModuleManager: Shutting down and abandoning module Persona (141)
[2015.11.17-00.46.17:597][602]LogModuleManager: Shutting down and abandoning module Kismet (140)
[2015.11.17-00.46.17:597][602]LogModuleManager: Shutting down and abandoning module GraphEditor (139)
[2015.11.17-00.46.17:597][602]LogModuleManager: Shutting down and abandoning module ClassViewer (138)
[2015.11.17-00.46.17:597][602]LogModuleManager: Shutting down and abandoning module Toolbox (137)
[2015.11.17-00.46.17:597][602]LogModuleManager: Shutting down and abandoning module ModuleUI (136)
[2015.11.17-00.46.17:597][602]LogModuleManager: Shutting down and abandoning module MovieSceneTools (135)
[2015.11.17-00.46.17:597][602]LogModuleManager: Shutting down and abandoning module OutputLog (134)
[2015.11.17-00.46.17:597][602]LogModuleManager: Shutting down and abandoning module GammaUI (133)
[2015.11.17-00.46.17:597][602]LogModuleManager: Shutting down and abandoning module Documentation (132)
[2015.11.17-00.46.17:597][602]LogModuleManager: Shutting down and abandoning module GameLiveStreaming (131)
[2015.11.17-00.46.17:597][602]LogModuleManager: Shutting down and abandoning module StreamingPauseRendering (130)
[2015.11.17-00.46.17:597][602]LogModuleManager: Shutting down and abandoning module AnalyticsET (129)
[2015.11.17-00.46.17:597][602]LogModuleManager: Shutting down and abandoning module Analytics (128)
[2015.11.17-00.46.17:597][602]LogModuleManager: Shutting down and abandoning module AITestSuite (127)
[2015.11.17-00.46.17:597][602]LogModuleManager: Shutting down and abandoning module GameplayDebugger (126)
[2015.11.17-00.46.17:597][602]LogModuleManager: Shutting down and abandoning module AIModule (125)
[2015.11.17-00.46.17:597][602]LogModuleManager: Shutting down and abandoning module ProfilerService (124)
[2015.11.17-00.46.17:610][602]LogModuleManager: Shutting down and abandoning module TaskGraph (123)
[2015.11.17-00.46.17:610][602]LogModuleManager: Shutting down and abandoning module LeapMotion (122)
[2015.11.17-00.46.17:624][602]LogModuleManager: Shutting down and abandoning module SlateRemote (121)
[2015.11.17-00.46.17:624][602]LogModuleManager: Shutting down and abandoning module SteamVRController (120)
[2015.11.17-00.46.17:624][602]LogModuleManager: Shutting down and abandoning module SteamVR (119)
[2015.11.17-00.46.17:624][602]LogModuleManager: Shutting down and abandoning module ProceduralMeshComponent (118)
[2015.11.17-00.46.17:624][602]LogModuleManager: Shutting down and abandoning module OculusRift (117)
[2015.11.17-00.46.17:624][602]LogModuleManager: Shutting down and abandoning module OculusLibrary (116)
[2015.11.17-00.46.17:624][602]LogModuleManager: Shutting down and abandoning module LeapMotionController (115)
[2015.11.17-00.46.17:639][602]LogModuleManager: Shutting down and abandoning module CustomMeshComponent (114)
[2015.11.17-00.46.17:639][602]LogModuleManager: Shutting down and abandoning module CableComponent (113)
[2015.11.17-00.46.17:639][602]LogModuleManager: Shutting down and abandoning module ArchVisCharacter (112)
[2015.11.17-00.46.17:639][602]LogModuleManager: Shutting down and abandoning module MessagingDebugger (111)
[2015.11.17-00.46.17:639][602]LogModuleManager: Shutting down and abandoning module MediaPlayerEditor (110)
[2015.11.17-00.46.17:639][602]LogModuleManager: Shutting down and abandoning module HoudiniEngineRuntime (109)
[2015.11.17-00.46.17:639][602]LogHoudiniEngine: Shutting down the Houdini Engine module.
[2015.11.17-00.46.17:640][602]LogModuleManager: Shutting down and abandoning module HTML5Networking (108)
[2015.11.17-00.46.17:640][602]LogModuleManager: Shutting down and abandoning module SpeedTreeImporter (107)
[2015.11.17-00.46.17:640][602]LogModuleManager: Shutting down and abandoning module PluginBrowser (106)
[2015.11.17-00.46.17:640][602]LogModuleManager: Shutting down and abandoning module EpicSurvey (105)
[2015.11.17-00.46.17:640][602]LogModuleManager: Shutting down and abandoning module DesktopPlatform (104)
[2015.11.17-00.46.17:640][602]LogModuleManager: Shutting down and abandoning module VisualStudioSourceCodeAccess (103)
[2015.11.17-00.46.17:640][602]LogModuleManager: Shutting down and abandoning module UObjectPlugin (102)
[2015.11.17-00.46.17:640][602]LogModuleManager: Shutting down and abandoning module SubversionSourceControl (101)
[2015.11.17-00.46.17:640][602]LogModuleManager: Shutting down and abandoning module PerforceSourceControl (100)
[2015.11.17-00.46.17:640][602]LogModuleManager: Shutting down and abandoning module SourceControl (99)
[2015.11.17-00.46.17:640][602]LogModuleManager: Shutting down and abandoning module GitSourceControl (98)
[2015.11.17-00.46.17:640][602]LogModuleManager: Shutting down and abandoning module LightPropagationVolumeEditor (97)
[2015.11.17-00.46.17:640][602]LogModuleManager: Shutting down and abandoning module PaperTiledImporter (96)
[2015.11.17-00.46.17:640][602]LogModuleManager: Shutting down and abandoning module PaperSpriteSheetImporter (95)
[2015.11.17-00.46.17:640][602]LogModuleManager: Shutting down and abandoning module MeshPaint (94)
[2015.11.17-00.46.17:640][602]LogModuleManager: Shutting down and abandoning module SlateReflector (93)
[2015.11.17-00.46.17:640][602]LogModuleManager: Shutting down and abandoning module HotReload (92)
[2015.11.17-00.46.17:640][602]LogModuleManager: Shutting down and abandoning module MainFrame (91)
[2015.11.17-00.46.17:640][602]LogModuleManager: Shutting down and abandoning module LevelEditor (90)
[2015.11.17-00.46.17:641][602]LogModuleManager: Shutting down and abandoning module DirectoryWatcher (89)
[2015.11.17-00.46.17:642][602]LogModuleManager: Shutting down and abandoning module AssetRegistry (88)
[2015.11.17-00.46.17:745][602]LogModuleManager: Shutting down and abandoning module ContentBrowser (87)
[2015.11.17-00.46.17:746][602]LogModuleManager: Shutting down and abandoning module Paper2DEditor (86)
[2015.11.17-00.46.17:746][602]LogModuleManager: Shutting down and abandoning module UdpMessaging (85)
[2015.11.17-00.46.17:847][602]LogModuleManager: Shutting down and abandoning module LightPropagationVolumeRuntime (84)
[2015.11.17-00.46.17:847][602]LogModuleManager: Shutting down and abandoning module Paper2D (83)
[2015.11.17-00.46.17:847][602]LogModuleManager: Shutting down and abandoning module WindowsMoviePlayer (82)
[2015.11.17-00.46.17:856][602]LogModuleManager: Shutting down and abandoning module Media (81)
[2015.11.17-00.46.17:856][602]LogModuleManager: Shutting down and abandoning module WmfMedia (80)
[2015.11.17-00.46.17:857][602]LogModuleManager: Shutting down and abandoning module OnlineBlueprintSupport (79)
[2015.11.17-00.46.17:857][602]LogModuleManager: Shutting down and abandoning module GameplayTasksEditor (78)
[2015.11.17-00.46.17:857][602]LogModuleManager: Shutting down and abandoning module PropertyEditor (77)
[2015.11.17-00.46.17:857][602]LogModuleManager: Shutting down and abandoning module BehaviorTreeEditor (76)
[2015.11.17-00.46.17:857][602]LogModuleManager: Shutting down and abandoning module FunctionalTesting (75)
[2015.11.17-00.46.17:857][602]LogModuleManager: Shutting down and abandoning module CollisionAnalyzer (74)
[2015.11.17-00.46.17:857][602]LogModuleManager: Shutting down and abandoning module WorkspaceMenuStructure (73)
[2015.11.17-00.46.17:857][602]LogModuleManager: Shutting down and abandoning module MessageLog (72)
[2015.11.17-00.46.17:857][602]LogModuleManager: Shutting down and abandoning module Sequencer (71)
[2015.11.17-00.46.17:857][602]LogModuleManager: Shutting down and abandoning module AssetTools (70)
[2015.11.17-00.46.17:857][602]LogModuleManager: Shutting down and abandoning module UMGEditor (69)
[2015.11.17-00.46.17:858][602]LogModuleManager: Shutting down and abandoning module UMG (68)
[2015.11.17-00.46.17:858][602]LogModuleManager: Shutting down and abandoning module Slate (67)
[2015.11.17-00.46.17:858][602]LogModuleManager: Shutting down and abandoning module EditorStyle (66)
[2015.11.17-00.46.17:864][602]LogModuleManager: Shutting down and abandoning module SessionServices (65)
[2015.11.17-00.46.17:864][602]LogModuleManager: Shutting down and abandoning module SourceCodeAccess (64)
[2015.11.17-00.46.17:865][602]LogModuleManager: Shutting down and abandoning module HeadMountedDisplay (63)
[2015.11.17-00.46.17:865][602]LogModuleManager: Shutting down and abandoning module XAudio2 (62)
[2015.11.17-00.46.17:865][602]LogModuleManager: Shutting down and abandoning module Networking (60)
[2015.11.17-00.46.17:865][602]LogModuleManager: Shutting down and abandoning module Core (59)
[2015.11.17-00.46.17:865][602]LogModuleManager: Shutting down and abandoning module KismetCompiler (58)
[2015.11.17-00.46.17:865][602]LogModuleManager: Shutting down and abandoning module PhysXFormats (57)
[2015.11.17-00.46.17:865][602]LogModuleManager: Shutting down and abandoning module MeshUtilities (56)
[2015.11.17-00.46.17:865][602]LogModuleManager: Shutting down and abandoning module CookingStats (55)
[2015.11.17-00.46.17:868][602]LogModuleManager: Shutting down and abandoning module DerivedDataCache (54)
[2015.11.17-00.46.17:904][602]LogDerivedDataCache: Shutdown
[2015.11.17-00.46.17:904][602]LogModuleManager: Shutting down and abandoning module ShaderFormatOpenGL (53)
[2015.11.17-00.46.17:904][602]LogModuleManager: Shutting down and abandoning module ShaderFormatD3D (52)
[2015.11.17-00.46.17:904][602]LogModuleManager: Shutting down and abandoning module MetalShaderFormat (51)
[2015.11.17-00.46.17:904][602]LogModuleManager: Shutting down and abandoning module TextureFormatUncompressed (50)
[2015.11.17-00.46.17:904][602]LogModuleManager: Shutting down and abandoning module TextureFormatPVR (49)
[2015.11.17-00.46.17:904][602]LogModuleManager: Shutting down and abandoning module TextureFormatIntelISPCTexComp (48)
[2015.11.17-00.46.17:904][602]LogModuleManager: Shutting down and abandoning module TextureFormatDXT (47)
[2015.11.17-00.46.17:904][602]LogModuleManager: Shutting down and abandoning module ImageWrapper (46)
[2015.11.17-00.46.17:904][602]LogModuleManager: Shutting down and abandoning module TextureFormatASTC (45)
[2015.11.17-00.46.17:904][602]LogModuleManager: Shutting down and abandoning module TextureFormatAndroid (44)
[2015.11.17-00.46.17:905][602]LogModuleManager: Shutting down and abandoning module AudioFormatOpus (43)
[2015.11.17-00.46.17:905][602]LogModuleManager: Shutting down and abandoning module AudioFormatOgg (42)
[2015.11.17-00.46.17:905][602]LogModuleManager: Shutting down and abandoning module AudioFormatADPCM (41)
[2015.11.17-00.46.17:905][602]LogModuleManager: Shutting down and abandoning module LinuxTargetPlatform (40)
[2015.11.17-00.46.17:905][602]LogModuleManager: Shutting down and abandoning module LinuxServerTargetPlatform (39)
[2015.11.17-00.46.17:905][602]LogModuleManager: Shutting down and abandoning module LinuxNoEditorTargetPlatform (38)
[2015.11.17-00.46.17:905][602]LogModuleManager: Shutting down and abandoning module Messaging (37)
[2015.11.17-00.46.17:905][602]LogModuleManager: Shutting down and abandoning module IOSTargetPlatform (36)
[2015.11.17-00.46.17:905][602]LogModuleManager: Shutting down and abandoning module HTML5TargetPlatform (35)
[2015.11.17-00.46.17:905][602]LogModuleManager: Shutting down and abandoning module Android_PVRTCTargetPlatform (34)
[2015.11.17-00.46.17:905][602]LogModuleManager: Shutting down and abandoning module Android_ETC2TargetPlatform (33)
[2015.11.17-00.46.17:905][602]LogModuleManager: Shutting down and abandoning module Android_ETC1TargetPlatform (32)
[2015.11.17-00.46.17:905][602]LogModuleManager: Shutting down and abandoning module Android_DXTTargetPlatform (31)
[2015.11.17-00.46.17:905][602]LogModuleManager: Shutting down and abandoning module Android_ATCTargetPlatform (30)
[2015.11.17-00.46.17:905][602]LogModuleManager: Shutting down and abandoning module Android_ASTCTargetPlatform (29)
[2015.11.17-00.46.17:905][602]LogModuleManager: Shutting down and abandoning module AndroidTargetPlatform (28)
[2015.11.17-00.46.17:905][602]LogModuleManager: Shutting down and abandoning module WindowsTargetPlatform (27)
[2015.11.17-00.46.17:905][602]LogModuleManager: Shutting down and abandoning module WindowsServerTargetPlatform (26)
[2015.11.17-00.46.17:905][602]LogModuleManager: Shutting down and abandoning module WindowsNoEditorTargetPlatform (25)
[2015.11.17-00.46.17:905][602]LogModuleManager: Shutting down and abandoning module WindowsClientTargetPlatform (24)
[2015.11.17-00.46.17:905][602]LogModuleManager: Shutting down and abandoning module AllDesktopTargetPlatform (23)
[2015.11.17-00.46.17:905][602]LogModuleManager: Shutting down and abandoning module TargetPlatform (22)
[2015.11.17-00.46.17:905][602]LogModuleManager: Shutting down and abandoning module InputCore (21)
[2015.11.17-00.46.17:906][602]LogModuleManager: Shutting down and abandoning module Settings (20)
[2015.11.17-00.46.17:906][602]LogModuleManager: Shutting down and abandoning module OnlineSubsystem (18)
[2015.11.17-00.46.17:906][602]LogModuleManager: Shutting down and abandoning module HTTP (17)
[2015.11.17-00.46.19:909][602]LogModuleManager: Shutting down and abandoning module XMPP (16)
[2015.11.17-00.46.19:909][602]LogModuleManager: Shutting down and abandoning module ExampleDeviceProfileSelector (15)
[2015.11.17-00.46.19:909][602]LogModuleManager: Shutting down and abandoning module TextureCompressor (14)
[2015.11.17-00.46.19:909][602]LogModuleManager: Shutting down and abandoning module ShaderCore (13)
[2015.11.17-00.46.19:909][602]LogModuleManager: Shutting down and abandoning module Landscape (12)
[2015.11.17-00.46.19:909][602]LogModuleManager: Shutting down and abandoning module SlateRHIRenderer (11)
[2015.11.17-00.46.19:910][602]LogModuleManager: Shutting down and abandoning module OpenGLDrv (10)
[2015.11.17-00.46.19:910][602]LogModuleManager: Shutting down and abandoning module D3D11RHI (9)
[2015.11.17-00.46.19:910][602]LogModuleManager: Shutting down and abandoning module AnimGraphRuntime (8)
[2015.11.17-00.46.19:910][602]LogModuleManager: Shutting down and abandoning module Renderer (7)
[2015.11.17-00.46.19:911][602]LogModuleManager: Shutting down and abandoning module Engine (6)
[2015.11.17-00.46.19:911][602]LogModuleManager: Shutting down and abandoning module CoreUObject (5)
[2015.11.17-00.46.19:911][602]LogModuleManager: Shutting down and abandoning module NetworkFile (4)
[2015.11.17-00.46.19:911][602]LogModuleManager: Shutting down and abandoning module StreamingFile (3)
[2015.11.17-00.46.19:911][602]LogModuleManager: Shutting down and abandoning module SandboxFile (2)
[2015.11.17-00.46.19:911][602]LogModuleManager: Shutting down and abandoning module PakFile (1)
[2015.11.17-00.46.19:912][602]LogExit: Exiting.
[2015.11.17-00.46.19:915][602]Log file closed, 11/16/15 19:46:19
