[2015.11.18-15.58.02:657][  0]Log file open, 11/18/15 10:58:02
[2015.11.18-15.58.02:657][  0]LogInit:Display: Running engine for game: SantaSearch
[2015.11.18-15.58.02:657][  0]LogInit:Display: RandInit(1400265464) SRandInit(1400265465).
[2015.11.18-15.58.02:657][  0]LogTaskGraph: Started task graph with 4 named threads and 7 total threads.
[2015.11.18-15.58.02:657][  0]LogStats: Stats thread started at 0.078999
[2015.11.18-15.58.02:657][  0]LogInit: Version: 4.9.2-2707645+++depot+UE4-Releases+4.9
[2015.11.18-15.58.02:657][  0]LogInit: API Version: 2672455
[2015.11.18-15.58.02:657][  0]LogInit: Compiled (64-bit): Sep 28 2015 10:25:44
[2015.11.18-15.58.02:657][  0]LogInit: Compiled with Visual C++: 18.00.21005.01
[2015.11.18-15.58.02:657][  0]LogInit: Build Configuration: Development
[2015.11.18-15.58.02:657][  0]LogInit: Branch Name: ++depot+UE4-Releases+4.9
[2015.11.18-15.58.02:657][  0]LogInit: Command line:  
[2015.11.18-15.58.02:657][  0]LogInit: Base directory: C:/Program Files/Epic Games/4.9/Engine/Binaries/Win64/
[2015.11.18-15.58.02:657][  0]LogInit: Rocket: 1
[2015.11.18-15.58.02:669][  0]LogInit: Using libcurl 7.41.0
[2015.11.18-15.58.02:669][  0]LogInit:  - built for x86_64-pc-win32
[2015.11.18-15.58.02:669][  0]LogInit:  - supports SSL with WinSSL
[2015.11.18-15.58.02:669][  0]LogInit:  - other features:
[2015.11.18-15.58.02:669][  0]LogInit:      CURL_VERSION_SSL
[2015.11.18-15.58.02:669][  0]LogInit:      CURL_VERSION_IPV6
[2015.11.18-15.58.02:669][  0]LogInit:      CURL_VERSION_ASYNCHDNS
[2015.11.18-15.58.02:669][  0]LogInit:      CURL_VERSION_LARGEFILE
[2015.11.18-15.58.02:669][  0]LogInit:      CURL_VERSION_IDN
[2015.11.18-15.58.02:669][  0]LogInit:  CurlRequestOptions (configurable via config and command line):
[2015.11.18-15.58.02:669][  0]LogInit:  - bVerifyPeer = true  - Libcurl will verify peer certificate
[2015.11.18-15.58.02:669][  0]LogInit:  - bUseHttpProxy = false  - Libcurl will NOT use HTTP proxy
[2015.11.18-15.58.02:669][  0]LogInit:  - bDontReuseConnections = false  - Libcurl will reuse connections
[2015.11.18-15.58.02:669][  0]LogInit:  - CertBundlePath = nullptr  - Libcurl will use whatever was configured at build time.
[2015.11.18-15.58.02:676][  0]LogInit: Presizing for 0 objects not considered by GC, pre-allocating 0 bytes.
[2015.11.18-15.58.02:683][  0]LogInit: Object subsystem initialized
[2015.11.18-15.58.02:685][  0]LogConsoleManager:Warning: Console variable 'r.MSAA.CompositingSampleCount' wasn't set ('Scalability' has a lower priority than 'ProjectSetting')
[2015.11.18-15.58.02:685][  0]LogInit: Selected Device Profile: [Windows]
[2015.11.18-15.58.02:685][  0]LogInit: Applying CVar settings loaded from the selected device profile: [Windows]
[2015.11.18-15.58.02:694][  0]LogInit: Computer: CRODAWIN10
[2015.11.18-15.58.02:694][  0]LogInit: User: croda
[2015.11.18-15.58.02:694][  0]LogInit: CPU Page size=4096, Cores=4
[2015.11.18-15.58.02:694][  0]LogInit: High frequency timer resolution =2.630639 MHz
[2015.11.18-15.58.02:694][  0]LogMemory: Memory total: Physical=15.9GB (16GB approx)
[2015.11.18-15.58.02:694][  0]LogMemory: Platform Memory Stats for Windows
[2015.11.18-15.58.02:694][  0]LogMemory: Process Physical Memory: 54.73 MB used, 54.73 MB peak
[2015.11.18-15.58.02:694][  0]LogMemory: Process Virtual Memory: 55.39 MB used, 55.39 MB peak
[2015.11.18-15.58.02:694][  0]LogMemory: Physical Memory: 7796.86 MB used, 16323.13 MB total
[2015.11.18-15.58.02:694][  0]LogMemory: Virtual Memory: 364.64 MB used, 134217728.00 MB total
[2015.11.18-15.58.02:724][  0]LogTextLocalizationManager: No specific translations for ('en-US') exist, so ('en') translations will be used.
[2015.11.18-15.58.03:381][  0]LogD3D11RHI: Found D3D11 adapter 0: NVIDIA Quadro K5100M (Feature Level 11_0)
[2015.11.18-15.58.03:381][  0]LogD3D11RHI: Adapter has 8100MB of dedicated video memory, 0MB of dedicated system memory, and 8161MB of shared system memory, 3 output[s]
[2015.11.18-15.58.03:388][  0]LogD3D11RHI: Found D3D11 adapter 1: Microsoft Basic Render Driver (Feature Level 11_0)
[2015.11.18-15.58.03:388][  0]LogD3D11RHI: Adapter has 0MB of dedicated video memory, 0MB of dedicated system memory, and 8161MB of shared system memory, 0 output[s]
[2015.11.18-15.58.03:388][  0]LogD3D11RHI: Chosen D3D11 Adapter Id = 0
[2015.11.18-15.58.03:393][  0]LogD3D11RHI: !Direct3DDevice
[2015.11.18-15.58.03:393][  0]LogRHI: Texture pool is 1361 MB (70% of 1945 MB)
[2015.11.18-15.58.03:409][  0]LogD3D11RHI: Async texture creation enabled
[2015.11.18-15.58.03:427][  0]LogShaderCompilers: Guid format shader working directory is 14 characters bigger than the processId version (../../../../../../Users/croda/Documents/Unreal Projects/SantaSearch/Intermediate/Shaders/WorkingDirectory/11548/).
[2015.11.18-15.58.03:427][  0]LogShaderCompilers: Cleaned the shader compiler working directory '../../../../../../Users/croda/Documents/Unreal Projects/SantaSearch/Intermediate/Shaders/tmp/E07B389F4F2B618FAFD4459A8691A4ED/'.
[2015.11.18-15.58.03:427][  0]LogShaderCompilers:Display: Using Local Shader Compiler.
[2015.11.18-15.58.04:707][  0]LogTemp:Display: Loaded TP AllDesktopTargetPlatform
[2015.11.18-15.58.04:712][  0]LogTemp:Display: Loaded TP WindowsClientTargetPlatform
[2015.11.18-15.58.04:717][  0]LogTemp:Display: Loaded TP WindowsNoEditorTargetPlatform
[2015.11.18-15.58.04:722][  0]LogTemp:Display: Loaded TP WindowsServerTargetPlatform
[2015.11.18-15.58.04:727][  0]LogTemp:Display: Loaded TP WindowsTargetPlatform
[2015.11.18-15.58.04:731][  0]LogTemp:Display: Loaded TP AndroidTargetPlatform
[2015.11.18-15.58.04:734][  0]LogTemp:Display: Loaded TP Android_ASTCTargetPlatform
[2015.11.18-15.58.04:737][  0]LogTemp:Display: Loaded TP Android_ATCTargetPlatform
[2015.11.18-15.58.04:740][  0]LogTemp:Display: Loaded TP Android_DXTTargetPlatform
[2015.11.18-15.58.04:743][  0]LogTemp:Display: Loaded TP Android_ETC1TargetPlatform
[2015.11.18-15.58.04:746][  0]LogTemp:Display: Loaded TP Android_ETC2TargetPlatform
[2015.11.18-15.58.04:749][  0]LogTemp:Display: Loaded TP Android_PVRTCTargetPlatform
[2015.11.18-15.58.04:750][  0]LogTemp:Display: Loaded TP HTML5TargetPlatform
[2015.11.18-15.58.04:770][  0]LogTemp:Display: Loaded TP IOSTargetPlatform
[2015.11.18-15.58.04:773][  0]LogTemp:Display: Loaded TP LinuxNoEditorTargetPlatform
[2015.11.18-15.58.04:776][  0]LogTemp:Display: Loaded TP LinuxServerTargetPlatform
[2015.11.18-15.58.04:780][  0]LogTemp:Display: Loaded TP LinuxTargetPlatform
[2015.11.18-15.58.04:780][  0]LogTargetPlatformManager:Display: Building Assets For Windows
[2015.11.18-15.58.04:890][  0]LogDerivedDataCache:Display: Max Cache Size: 512 MB
[2015.11.18-15.58.04:936][  0]LogDerivedDataCache: Loaded boot cache 0.05s 42MB C:/Users/croda/AppData/Local/UnrealEngine/4.9/DerivedDataCache/Boot.ddc.
[2015.11.18-15.58.04:936][  0]LogDerivedDataCache:Display: Loaded Boot cache: C:/Users/croda/AppData/Local/UnrealEngine/4.9/DerivedDataCache/Boot.ddc
[2015.11.18-15.58.04:936][  0]LogDerivedDataCache: FDerivedDataBackendGraph:  Pak pak cache file ../../../../../../Users/croda/Documents/Unreal Projects/SantaSearch/DerivedDataCache/DDC.ddp not found, will not use a pak cache.
[2015.11.18-15.58.04:936][  0]LogDerivedDataCache: Unable to find inner node Pak for hierarchical cache Hierarchy.
[2015.11.18-15.58.04:936][  0]LogDerivedDataCache: FDerivedDataBackendGraph:  CompressedPak pak cache file ../../../../../../Users/croda/Documents/Unreal Projects/SantaSearch/DerivedDataCache/Compressed.ddp not found, will not use a pak cache.
[2015.11.18-15.58.04:936][  0]LogDerivedDataCache: Unable to find inner node CompressedPak for hierarchical cache Hierarchy.
[2015.11.18-15.58.05:064][  0]LogDerivedDataCache:Display: Pak cache opened for reading ../../../Engine/DerivedDataCache/Compressed.ddp.
[2015.11.18-15.58.05:076][  0]LogDerivedDataCache: Using Local data cache path C:/Users/croda/AppData/Local/UnrealEngine/Common/DerivedDataCache: Writable
[2015.11.18-15.58.05:553][  0]LogInit: Selected Device Profile: [Windows]
[2015.11.18-15.58.05:556][  0]LogContentStreaming: Texture pool size is 0