[2015.11.18-21.05.58:081][  0]Log file open, 11/18/15 16:05:58
[2015.11.18-21.05.58:081][  0]LogInit:Display: Running engine for game: SantaSearch
[2015.11.18-21.05.58:081][  0]LogInit:Display: RandInit(7841105) SRandInit(7841105).
[2015.11.18-21.05.58:081][  0]LogTaskGraph: Started task graph with 4 named threads and 7 total threads.
[2015.11.18-21.05.58:081][  0]LogStats: Stats thread started at 0.073523
[2015.11.18-21.05.58:081][  0]LogInit: Version: 4.9.2-2707645+++depot+UE4-Releases+4.9
[2015.11.18-21.05.58:081][  0]LogInit: API Version: 2672455
[2015.11.18-21.05.58:081][  0]LogInit: Compiled (64-bit): Sep 28 2015 10:25:44
[2015.11.18-21.05.58:081][  0]LogInit: Compiled with Visual C++: 18.00.21005.01
[2015.11.18-21.05.58:081][  0]LogInit: Build Configuration: Development
[2015.11.18-21.05.58:081][  0]LogInit: Branch Name: ++depot+UE4-Releases+4.9
[2015.11.18-21.05.58:081][  0]LogInit: Command line:  
[2015.11.18-21.05.58:081][  0]LogInit: Base directory: C:/Program Files/Epic Games/4.9/Engine/Binaries/Win64/
[2015.11.18-21.05.58:081][  0]LogInit: Rocket: 1
[2015.11.18-21.05.58:092][  0]LogInit: Using libcurl 7.41.0
[2015.11.18-21.05.58:092][  0]LogInit:  - built for x86_64-pc-win32
[2015.11.18-21.05.58:092][  0]LogInit:  - supports SSL with WinSSL
[2015.11.18-21.05.58:092][  0]LogInit:  - other features:
[2015.11.18-21.05.58:092][  0]LogInit:      CURL_VERSION_SSL
[2015.11.18-21.05.58:092][  0]LogInit:      CURL_VERSION_IPV6
[2015.11.18-21.05.58:092][  0]LogInit:      CURL_VERSION_ASYNCHDNS
[2015.11.18-21.05.58:092][  0]LogInit:      CURL_VERSION_LARGEFILE
[2015.11.18-21.05.58:092][  0]LogInit:      CURL_VERSION_IDN
[2015.11.18-21.05.58:092][  0]LogInit:  CurlRequestOptions (configurable via config and command line):
[2015.11.18-21.05.58:092][  0]LogInit:  - bVerifyPeer = true  - Libcurl will verify peer certificate
[2015.11.18-21.05.58:092][  0]LogInit:  - bUseHttpProxy = false  - Libcurl will NOT use HTTP proxy
[2015.11.18-21.05.58:092][  0]LogInit:  - bDontReuseConnections = false  - Libcurl will reuse connections
[2015.11.18-21.05.58:092][  0]LogInit:  - CertBundlePath = nullptr  - Libcurl will use whatever was configured at build time.
[2015.11.18-21.05.58:099][  0]LogInit: Presizing for 0 objects not considered by GC, pre-allocating 0 bytes.
[2015.11.18-21.05.58:105][  0]LogInit: Object subsystem initialized
[2015.11.18-21.05.58:106][  0]LogConsoleManager:Warning: Console variable 'r.MSAA.CompositingSampleCount' wasn't set ('Scalability' has a lower priority than 'ProjectSetting')
[2015.11.18-21.05.58:106][  0]LogInit: Selected Device Profile: [Windows]
[2015.11.18-21.05.58:106][  0]LogInit: Applying CVar settings loaded from the selected device profile: [Windows]
[2015.11.18-21.05.58:116][  0]LogInit: Computer: CRODAWIN10
[2015.11.18-21.05.58:116][  0]LogInit: User: croda
[2015.11.18-21.05.58:116][  0]LogInit: CPU Page size=4096, Cores=4
[2015.11.18-21.05.58:116][  0]LogInit: High frequency timer resolution =2.630643 MHz
[2015.11.18-21.05.58:116][  0]LogMemory: Memory total: Physical=15.9GB (16GB approx)
[2015.11.18-21.05.58:116][  0]LogMemory: Platform Memory Stats for Windows
[2015.11.18-21.05.58:116][  0]LogMemory: Process Physical Memory: 54.46 MB used, 54.46 MB peak
[2015.11.18-21.05.58:116][  0]LogMemory: Process Virtual Memory: 57.28 MB used, 57.28 MB peak
[2015.11.18-21.05.58:116][  0]LogMemory: Physical Memory: 3961.55 MB used, 16323.13 MB total
[2015.11.18-21.05.58:116][  0]LogMemory: Virtual Memory: 366.57 MB used, 134217728.00 MB total
[2015.11.18-21.05.58:146][  0]LogTextLocalizationManager: No specific translations for ('en-US') exist, so ('en') translations will be used.
[2015.11.18-21.05.58:844][  0]LogD3D11RHI: Found D3D11 adapter 0: NVIDIA Quadro K5100M (Feature Level 11_0)
[2015.11.18-21.05.58:844][  0]LogD3D11RHI: Adapter has 8100MB of dedicated video memory, 0MB of dedicated system memory, and 8161MB of shared system memory, 3 output[s]
[2015.11.18-21.05.58:859][  0]LogD3D11RHI: Found D3D11 adapter 1: Microsoft Basic Render Driver (Feature Level 11_0)
[2015.11.18-21.05.58:859][  0]LogD3D11RHI: Adapter has 0MB of dedicated video memory, 0MB of dedicated system memory, and 8161MB of shared system memory, 0 output[s]
[2015.11.18-21.05.58:859][  0]LogD3D11RHI: Chosen D3D11 Adapter Id = 0
[2015.11.18-21.05.58:863][  0]LogD3D11RHI: !Direct3DDevice
[2015.11.18-21.05.58:864][  0]LogRHI: Texture pool is 1361 MB (70% of 1945 MB)
[2015.11.18-21.05.58:877][  0]LogD3D11RHI: Async texture creation enabled
[2015.11.18-21.05.58:893][  0]LogShaderCompilers: Guid format shader working directory is 16 characters bigger than the processId version (../../../../../../Users/croda/Documents/Unreal Projects/SantaSearch/Intermediate/Shaders/WorkingDirectory/464/).
[2015.11.18-21.05.58:893][  0]LogShaderCompilers: Cleaned the shader compiler working directory '../../../../../../Users/croda/Documents/Unreal Projects/SantaSearch/Intermediate/Shaders/tmp/5461AA544003A6EFB91F6EA5BDCD45F1/'.
[2015.11.18-21.05.58:893][  0]LogShaderCompilers:Display: Using Local Shader Compiler.
[2015.11.18-21.06.00:019][  0]LogTemp:Display: Loaded TP AllDesktopTargetPlatform
[2015.11.18-21.06.00:024][  0]LogTemp:Display: Loaded TP WindowsClientTargetPlatform
[2015.11.18-21.06.00:030][  0]LogTemp:Display: Loaded TP WindowsNoEditorTargetPlatform
[2015.11.18-21.06.00:035][  0]LogTemp:Display: Loaded TP WindowsServerTargetPlatform
[2015.11.18-21.06.00:039][  0]LogTemp:Display: Loaded TP WindowsTargetPlatform
[2015.11.18-21.06.00:043][  0]LogTemp:Display: Loaded TP AndroidTargetPlatform
[2015.11.18-21.06.00:046][  0]LogTemp:Display: Loaded TP Android_ASTCTargetPlatform
[2015.11.18-21.06.00:049][  0]LogTemp:Display: Loaded TP Android_ATCTargetPlatform
[2015.11.18-21.06.00:052][  0]LogTemp:Display: Loaded TP Android_DXTTargetPlatform
[2015.11.18-21.06.00:055][  0]LogTemp:Display: Loaded TP Android_ETC1TargetPlatform
[2015.11.18-21.06.00:058][  0]LogTemp:Display: Loaded TP Android_ETC2TargetPlatform
[2015.11.18-21.06.00:061][  0]LogTemp:Display: Loaded TP Android_PVRTCTargetPlatform
[2015.11.18-21.06.00:062][  0]LogTemp:Display: Loaded TP HTML5TargetPlatform
[2015.11.18-21.06.00:082][  0]LogTemp:Display: Loaded TP IOSTargetPlatform
[2015.11.18-21.06.00:085][  0]LogTemp:Display: Loaded TP LinuxNoEditorTargetPlatform
[2015.11.18-21.06.00:088][  0]LogTemp:Display: Loaded TP LinuxServerTargetPlatform
[2015.11.18-21.06.00:092][  0]LogTemp:Display: Loaded TP LinuxTargetPlatform
[2015.11.18-21.06.00:092][  0]LogTargetPlatformManager:Display: Building Assets For Windows
[2015.11.18-21.06.00:223][  0]LogDerivedDataCache:Display: Max Cache Size: 512 MB
[2015.11.18-21.06.00:264][  0]LogDerivedDataCache: Loaded boot cache 0.04s 42MB C:/Users/croda/AppData/Local/UnrealEngine/4.9/DerivedDataCache/Boot.ddc.
[2015.11.18-21.06.00:264][  0]LogDerivedDataCache:Display: Loaded Boot cache: C:/Users/croda/AppData/Local/UnrealEngine/4.9/DerivedDataCache/Boot.ddc
[2015.11.18-21.06.00:265][  0]LogDerivedDataCache: FDerivedDataBackendGraph:  Pak pak cache file ../../../../../../Users/croda/Documents/Unreal Projects/SantaSearch/DerivedDataCache/DDC.ddp not found, will not use a pak cache.
[2015.11.18-21.06.00:265][  0]LogDerivedDataCache: Unable to find inner node Pak for hierarchical cache Hierarchy.
[2015.11.18-21.06.00:265][  0]LogDerivedDataCache: FDerivedDataBackendGraph:  CompressedPak pak cache file ../../../../../../Users/croda/Documents/Unreal Projects/SantaSearch/DerivedDataCache/Compressed.ddp not found, will not use a pak cache.
[2015.11.18-21.06.00:265][  0]LogDerivedDataCache: Unable to find inner node CompressedPak for hierarchical cache Hierarchy.
[2015.11.18-21.06.00:391][  0]LogDerivedDataCache:Display: Pak cache opened for reading ../../../Engine/DerivedDataCache/Compressed.ddp.
[2015.11.18-21.06.00:403][  0]LogDerivedDataCache: Using Local data cache path C:/Users/croda/AppData/Local/UnrealEngine/Common/DerivedDataCache: Writable
[2015.11.18-21.06.00:852][  0]LogInit: Selected Device Profile: [Windows]
[2015.11.18-21.06.00:855][  0]LogContentStreaming: Texture pool size is 0.000000MB
[2015.11.18-21.06.00:968][  0]LogMeshUtilities: No automatic mesh reduction module available
[2015.11.18-21.06.00:968][  0]LogMeshUtilities: No automatic mesh merging module available
[2015.11.18-21.06.01:243][  0]LogInit: WinSock: version 1.1 (2.2), MaxSocks=32767, MaxUdp=65467
[2015.11.18-21.06.02:107][  0]UdpMessaging: Initializing bridge on interface 0.0.0.0:0 to multicast group 230.0.0.1:6666.
[2015.11.18-21.06.02:209][  0]LogAssetRegistry: FAssetRegistry took 0.0104 seconds to start up
[2015.11.18-21.06.02:376][  0]SourceControl: Info Source control is disabled
[2015.11.18-21.06.02:388][  0]SourceControl: Info Source control is disabled
[2015.11.18-21.06.02:397][  0]SourceControl: Info Source control is disabled
[2015.11.18-21.06.02:406][  0]SourceControl: Info Source control is disabled
[2015.11.18-21.06.02:476][  0]LogHoudiniEngine: Starting the Houdini Engine module.
[2015.11.18-21.06.02:485][  0]LogHoudiniEngine: Loaded libHAPIL.dll from Registry path C:\Program Files\Side Effects Software\Houdini 15.0.244.16/bin
[2015.11.18-21.06.02:487][  0]LogLinker:Warning: Asset '../../../Engine/Plugins/Runtime/HoudiniEngine/Content/houdini_logo.uasset' has been saved with empty engine version. The asset will be loaded but may be incompatible.
[2015.11.18-21.06.02:489][  0]LogLinker:Warning: Asset '../../../Engine/Plugins/Runtime/HoudiniEngine/Content/houdini_default_material.uasset' has been saved with empty engine version. The asset will be loaded but may be incompatible.
[2015.11.18-21.06.03:517][  0]LogHoudiniEngine: Successfully intialized the Houdini Engine API module.
[2015.11.18-21.06.03:606][  0]LogLinker:Warning: Asset '../../../Engine/Plugins/Runtime/LeapMotionController/Content/LM_PassthroughMaterial.uasset' has been saved with empty engine version. The asset will be loaded but may be incompatible.
[2015.11.18-21.06.03:688][  0]LeapPluginLog: Using LeapPlugin version 0.9.6
[2015.11.18-21.06.03:693][  0]LogObj: 29100 objects as part of root set at end of initial load.
[2015.11.18-21.06.03:693][  0]LogUObjectAllocator: 6175176 out of 0 bytes used by permanent object pool.
[2015.11.18-21.06.03:748][  0]LogEngine: Initializing Engine...
[2015.11.18-21.06.03:755][  0]OCULUS: Info: 11/18/15 21:06:03: [CAPI] LibOVR module is located at C:\Windows\SYSTEM32\LibOVRRT64_0_7.dll

[2015.11.18-21.06.04:357][  0]OCULUS: Error: 11/18/15 21:06:04: [CAPI] ovr_Create failed to complete within the timeout period.
[2015.11.18-21.06.04:461][  0]LogHMD: SteamVR failed to initialize.  Err: 110
[2015.11.18-21.06.04:577][  0]LogAIModule: Creating AISystem for world NewWorld
[2015.11.18-21.06.04:592][  0]LogInit: XAudio2 using 'Headphone (Realtek High Definition Audio)' : 2 channels at 48 kHz using 32 bits per sample (channel mask 0x3)
[2015.11.18-21.06.04:728][  0]LogInit: FAudioDevice initialized.
[2015.11.18-21.06.04:840][  0]LogDerivedDataCache: Saved boot cache 0.11s 42MB C:/Users/croda/AppData/Local/UnrealEngine/4.9/DerivedDataCache/Boot.ddc.
[2015.11.18-21.06.04:843][  0]LogInit: Texture streaming: Enabled
[2015.11.18-21.06.04:848][  0]LogAnalytics: Creating configured Analytics provider AnalyticsET
[2015.11.18-21.06.04:848][  0]LogAnalytics: [UEEditor.Rocket.Release] APIServer = http://et2.epicgames.com/ET2/. AppVersion = 4.9.2-2707645+++depot+UE4-Releases+4.9
[2015.11.18-21.06.04:848][  0]LogAnalytics: [UEEditor.Rocket.Release] SetUserId 38384f7f4fe22369eef2c4908fb1257c|6dee01914e174258b8c89718799d58e5|4a372342-4369-4fb5-aabc-8ff6b2bfbeff
[2015.11.18-21.06.04:848][  0]LogAnalytics: [UEEditor.Rocket.Release] AnalyticsET::StartSession
[2015.11.18-21.06.04:862][  0]LogWindowsTextInputMethodSystem:Display: IME system now deactivated.
[2015.11.18-21.06.04:862][  0]LogWindowsTextInputMethodSystem:Display: IME system now deactivated.
[2015.11.18-21.06.04:914][  0]LogInit: Transaction tracking system initialized
[2015.11.18-21.06.04:965][  0]BlueprintLog: New page: Editor Load
[2015.11.18-21.06.05:048][  0]LocalizationService: Info Localization service is disabled
[2015.11.18-21.06.05:117][  0]LogConsoleResponse:Display: 
[2015.11.18-21.06.05:221][  0]LogCook:Display: Done creating registry. It took  0.00s.
[2015.11.18-21.06.05:258][  0]LogFileCache: Scanning file cache for directory 'C:/Users/croda/Documents/Unreal Projects/SantaSearch/Content/' took 0.02s
[2015.11.18-21.06.05:258][  0]LogHoudiniEngineEditor: Starting the Houdini Engine Editor module.
[2015.11.18-21.06.05:296][  0]SourceControl: Info Source control is disabled
[2015.11.18-21.06.05:296][  0]Cmd: MAP LOAD FILE="../../../../../../Users/croda/Documents/Unreal Projects/SantaSearch/Content/Maps/MemoryCardEntry.umap" TEMPLATE=0 SHOWPROGRESS=1 FEATURELEVEL=3
[2015.11.18-21.06.05:297][  0]LightingResults: New page: Lighting Build
[2015.11.18-21.06.05:300][  0]MapCheck: New page: Map Check
[2015.11.18-21.06.05:300][  0]LightingResults: New page: Lighting Build
[2015.11.18-21.06.05:310][  0]LogParticles: Destroying 0 GPU particle simulations for FXSystem 0x0000006AA6E702C0
[2015.11.18-21.06.05:473][  0]LogBlueprint:Warning: [compiler Ue4ASP_Character] Warning InputAction Event references unknown Action 'Crouch' for  InputAction Crouch 
[2015.11.18-21.06.05:473][  0]LogBlueprint:Warning: [compiler Ue4ASP_Character] Warning InputAction Event references unknown Action 'Jump' for  InputAction Jump 
[2015.11.18-21.06.05:473][  0]LogBlueprint:Warning: [compiler Ue4ASP_Character] Warning Input Axis Event references unknown Axis 'LookUp' for  InputAxis LookUp 
[2015.11.18-21.06.05:473][  0]LogBlueprint:Warning: [compiler Ue4ASP_Character] Warning Input Axis Event references unknown Axis 'Turn' for  InputAxis Turn 
[2015.11.18-21.06.05:473][  0]LogBlueprint:Warning: [compiler Ue4ASP_Character] Warning Input Axis Event references unknown Axis 'MoveRight' for  InputAxis MoveRight 
[2015.11.18-21.06.05:473][  0]LogBlueprint:Warning: [compiler Ue4ASP_Character] Warning Input Axis Event references unknown Axis 'MoveForward' for  InputAxis MoveForward 
[2015.11.18-21.06.05:476][  0]LogBlueprint:Warning: [compiler Ue4ASP_Character] Warning [0007.86] Compile of Ue4ASP_Character successful, but with 6 Warning(s) [in 6 ms]
[2015.11.18-21.06.05:476][  0]LogBlueprint:Warning: [compiler Ue4ASP_Character] Warning [0007.86] Compile of Ue4ASP_Character successful, but with 7 Warning(s) [in 0 ms]
[2015.11.18-21.06.05:476][  0]LogBlueprint:Warning: [compiler Ue4ASP_Character] Warning [0007.86] Compile of Ue4ASP_Character successful, but with 8 Warning(s) [in 0 ms]
[2015.11.18-21.06.05:505][  0]LogBlueprint:Warning: [compiler Ue4ASP_Character] Warning InputAction Event references unknown Action 'Crouch' for  InputAction Crouch 
[2015.11.18-21.06.05:505][  0]LogBlueprint:Warning: [compiler Ue4ASP_Character] Warning InputAction Event references unknown Action 'Jump' for  InputAction Jump 
[2015.11.18-21.06.05:505][  0]LogBlueprint:Warning: [compiler Ue4ASP_Character] Warning Input Axis Event references unknown Axis 'LookUp' for  InputAxis LookUp 
[2015.11.18-21.06.05:505][  0]LogBlueprint:Warning: [compiler Ue4ASP_Character] Warning Input Axis Event references unknown Axis 'Turn' for  InputAxis Turn 
[2015.11.18-21.06.05:505][  0]LogBlueprint:Warning: [compiler Ue4ASP_Character] Warning Input Axis Event references unknown Axis 'MoveRight' for  InputAxis MoveRight 
[2015.11.18-21.06.05:506][  0]LogBlueprint:Warning: [compiler Ue4ASP_Character] Warning Input Axis Event references unknown Axis 'MoveForward' for  InputAxis MoveForward 
[2015.11.18-21.06.05:508][  0]LogBlueprint:Warning: [compiler Ue4ASP_Character] Warning [0007.89] Compile of Ue4ASP_Character successful, but with 6 Warning(s) [in 6 ms]
[2015.11.18-21.06.05:508][  0]LogBlueprint:Warning: [compiler Ue4ASP_Character] Warning [0007.89] Compile of Ue4ASP_Character successful, but with 7 Warning(s) [in 0 ms]
[2015.11.18-21.06.05:508][  0]LogBlueprint:Warning: [compiler Ue4ASP_Character] Warning [0007.89] Compile of Ue4ASP_Character successful, but with 8 Warning(s) [in 0 ms]
[2015.11.18-21.06.05:963][  0]LogBlueprint:Warning: ExposeOnSpawn ambiguity. Property 'IntProperty /Game/Blueprints/BP_CardMem.BP_CardMem_C:CardIType', MetaData 'True', Flag 'False'
[2015.11.18-21.06.06:178][  0]LogProperty:Error: UStructProperty::Serialize Loading: Property 'StructProperty /LeapMotion/Character/Basic/BasicCharacter_AnimBlueprint.BasicCharacter_AnimBlueprint_C:AnimGraphNode_Fabrik_8C904C7A415FB588652E8A91FDC811AE'. Unknown structure.
[2015.11.18-21.06.06:178][  0]LogProperty:Error: UStructProperty::Serialize Loading: Property 'StructProperty /LeapMotion/Character/Basic/BasicCharacter_AnimBlueprint.BasicCharacter_AnimBlueprint_C:AnimGraphNode_Fabrik_416EC86F435836563C4E49AD6D016C3C'. Unknown structure.
[2015.11.18-21.06.06:179][  0]LogProperty:Error: UStructProperty::Serialize Loading: Property 'StructProperty /LeapMotion/Character/Basic/BasicCharacter_AnimBlueprint.BasicCharacter_AnimBlueprint_C:AnimGraphNode_Fabrik_9FF4326C4CAD2373B92D6F9E3AC3F57A'. Unknown structure.
[2015.11.18-21.06.06:180][  0]LogAnimation:Warning: Invalid animation root node index 54 on '/LeapMotion/Character/Basic/BasicCharacter_AnimBlueprint.BasicCharacter_AnimBlueprint_C' (only 52 nodes)
[2015.11.18-21.06.17:687][  0]LogOutputDevice: === Handled error: ===

Ensure condition failed: bValidRootIndex [File:D:\BuildFarm\buildmachine_++depot+UE4-Releases+4.9\Engine\Source\Runtime\Engine\Private\Animation\AnimBlueprintGeneratedClass.cpp] [Line: 234]

Stack: 
UE4Editor-Core.dll!FWindowsPlatformStackWalk::StackWalkAndDump() [d:\buildfarm\buildmachine_++depot+ue4-releases+4.9\engine\source\runtime\core\private\windows\windowsplatformstackwalk.cpp:175]
UE4Editor-Core.dll!FDebug::EnsureFailed() [d:\buildfarm\buildmachine_++depot+ue4-releases+4.9\engine\source\runtime\core\private\misc\outputdevice.cpp:258]
UE4Editor-Core.dll!FDebug::OptionallyLogFormattedEnsureMessageReturningFalse() [d:\buildfarm\buildmachine_++depot+ue4-releases+4.9\engine\source\runtime\core\private\misc\outputdevice.cpp:368]
UE4Editor-Engine.dll!UAnimBlueprintGeneratedClass::Link() [d:\buildfarm\buildmachine_++depot+ue4-releases+4.9\engine\source\runtime\engine\private\animation\animblueprintgeneratedclass.cpp:234]
UE4Editor-CoreUObject.dll!UClass::Serialize() [d:\buildfarm\buildmachine_++depot+ue4-releases+4.9\engine\source\runtime\coreuobject\private\uobject\class.cpp:3393]
UE4Editor-Engine.dll!UBlueprintGeneratedClass::Serialize() [d:\buildfarm\buildmachine_++depot+ue4-releases+4.9\engine\source\runtime\engine\private\blueprintgeneratedclass.cpp:757]
UE4Editor-CoreUObject.dll!FLinkerLoad::Preload() [d:\buildfarm\buildmachine_++depot+ue4-releases+4.9\engine\source\runtime\coreuobject\private\uobject\linkerload.cpp:3143]
UE4Editor-CoreUObject.dll!FLinkerLoad::CreateExport() [d:\buildfarm\buildmachine_++depot+ue4-releases+4.9\engine\source\runtime\coreuobject\private\uobject\linkerload.cpp:3792]
UE4Editor-CoreUObject.dll!FLinkerLoad::IndexToObject() [d:\buildfarm\buildmachine_++depot+ue4-releases+4.9\engine\source\runtime\coreuobject\private\uobject\linkerload.cpp:3982]
UE4Editor-CoreUObject.dll!FLinkerLoad::CreateExport() [d:\buildfarm\buildmachine_++depot+ue4-releases+4.9\engine\source\runtime\coreuobject\private\uobject\linkerload.cpp:3505]
UE4Editor-CoreUObject.dll!FLinkerLoad::CreateExportAndPreload() [d:\buildfarm\buildmachine_++depot+ue4-releases+4.9\engine\source\runtime\coreuobject\private\uobject\linkerload.cpp:2661]
UE4Editor-CoreUObject.dll!FLinkerLoad::LoadAllObjects() [d:\buildfarm\buildmachine_++depot+ue4-releases+4.9\engine\source\runtime\coreuobject\private\uobject\linkerload.cpp:2769]
UE4Editor-CoreUObject.dll!LoadPackageInternal() [d:\buildfarm\buildmachine_++depot+ue4-releases+4.9\engine\source\runtime\coreuobject\private\uobject\uobjectglobals.cpp:1032]
UE4Editor-CoreUObject.dll!FLinkerLoad::VerifyImportInner() [d:\buildfarm\buildmachine_++depot+ue4-releases+4.9\engine\source\runtime\coreuobject\private\uobject\linkerload.cpp:2354]
UE4Editor-CoreUObject.dll!FLinkerLoad::VerifyImport() [d:\buildfarm\buildmachine_++depot+ue4-releases+4.9\engine\source\runtime\coreuobject\private\uobject\linkerload.cpp:2115]
UE4Editor-CoreUObject.dll!FLinkerLoad::VerifyImportInner() [d:\buildfarm\buildmachine_++depot+ue4-releases+4.9\engine\source\runtime\coreuobject\private\uobject\linkerload.cpp:2402]
UE4Editor-CoreUObject.dll!FLinkerLoad::VerifyImport() [d:\buildfarm\buildmachine_++depot+ue4-releases+4.9\engine\source\runtime\coreuobject\private\uobject\linkerload.cpp:2115]
UE4Editor-CoreUObject.dll!FLinkerLoad::Verify() [d:\buildfarm\buildmachine_++depot+ue4-releases+4.9\engine\source\runtime\coreuobject\private\uobject\linkerload.cpp:1905]
UE4Editor-CoreUObject.dll!FLinkerLoad::FinalizeCreation() [d:\buildfarm\buildmachine_++depot+ue4-releases+4.9\engine\source\runtime\coreuobject\private\uobject\linkerload.cpp:1815]
UE4Editor-CoreUObject.dll!FLinkerLoad::Tick() [d:\buildfarm\buildmachine_++depot+ue4-releases+4.9\engine\source\runtime\coreuobject\private\uobject\linkerload.cpp:666]
UE4Editor-CoreUObject.dll!FLinkerLoad::CreateLinker() [d:\buildfarm\buildmachine_++depot+ue4-releases+4.9\engine\source\runtime\coreuobject\private\uobject\linkerload.cpp:404]
UE4Editor-CoreUObject.dll!GetPackageLinker() [d:\buildfarm\buildmachine_++depot+ue4-releases+4.9\engine\source\runtime\coreuobject\private\uobject\linker.cpp:570]
UE4Editor-CoreUObject.dll!LoadPackageInternal() [d:\buildfarm\buildmachine_++depot+ue4-releases+4.9\engine\source\runtime\coreuobject\private\uobject\uobjectglobals.cpp:936]
UE4Editor-CoreUObject.dll!FLinkerLoad::VerifyImportInner() [d:\buildfarm\buildmachine_++depot+ue4-releases+4.9\engine\source\runtime\coreuobject\private\uobject\linkerload.cpp:2354]
UE4Editor-CoreUObject.dll!FLinkerLoad::VerifyImport() [d:\buildfarm\buildmachine_++depot+ue4-releases+4.9\engine\source\runtime\coreuobject\private\uobject\linkerload.cpp:2115]
UE4Editor-CoreUObject.dll!FLinkerLoad::VerifyImportInner() [d:\buildfarm\buildmachine_++depot+ue4-releases+4.9\engine\source\runtime\coreuobject\private\uobject\linkerload.cpp:2402]
UE4Editor-CoreUObject.dll!FLinkerLoad::VerifyImport() [d:\buildfarm\buildmachine_++depot+ue4-releases+4.9\engine\source\runtime\coreuobject\private\uobject\linkerload.cpp:2115]
UE4Editor-CoreUObject.dll!FLinkerLoad::CreateImport() [d:\buildfarm\buildmachine_++depot+ue4-releases+4.9\engine\source\runtime\coreuobject\private\uobject\linkerload.cpp:3926]
UE4Editor-CoreUObject.dll!FLinkerLoad::ResolveAllImports() [d:\buildfarm\buildmachine_++depot+ue4-releases+4.9\engine\source\runtime\coreuobject\private\blueprint\blueprintsupport.cpp:1026]
UE4Editor-CoreUObject.dll!FLinkerLoad::FinalizeBlueprint() [d:\buildfarm\buildmachine_++depot+ue4-releases+4.9\engine\source\runtime\coreuobject\private\blueprint\blueprintsupport.cpp:1103]
UE4Editor-CoreUObject.dll!FLinkerLoad::Preload() [d:\buildfarm\buildmachine_++depot+ue4-releases+4.9\engine\source\runtime\coreuobject\private\uobject\linkerload.cpp:3190]
UE4Editor-CoreUObject.dll!FLinkerLoad::CreateExport() [d:\buildfarm\buildmachine_++depot+ue4-releases+4.9\engine\source\runtime\coreuobject\private\uobject\linkerload.cpp:3792]
UE4Editor-CoreUObject.dll!FLinkerLoad::IndexToObject() [d:\buildfarm\buildmachine_++depot+ue4-releases+4.9\engine\source\runtime\coreuobject\private\uobject\linkerload.cpp:3982]
UE4Editor-CoreUObject.dll!FLinkerLoad::CreateExport() [d:\buildfarm\buildmachine_++depot+ue4-releases+4.9\engine\source\runtime\coreuobject\private\uobject\linkerload.cpp:3505]
UE4Editor-CoreUObject.dll!FLinkerLoad::IndexToObject() [d:\buildfarm\buildmachine_++depot+ue4-releases+4.9\engine\source\runtime\coreuobject\private\uobject\linkerload.cpp:3982]
UE4Editor-CoreUObject.dll!FLinkerLoad::CreateExport() [d:\buildfarm\buildmachine_++depot+ue4-releases+4.9\engine\source\runtime\coreuobject\private\uobject\linkerload.cpp:3505]
UE4Editor-CoreUObject.dll!FLinkerLoad::CreateExportAndPreload() [d:\buildfarm\buildmachine_++depot+ue4-releases+4.9\engine\source\runtime\coreuobject\private\uobject\linkerload.cpp:2661]
UE4Editor-CoreUObject.dll!FLinkerLoad::LoadAllObjects() [d:\buildfarm\buildmachine_++depot+ue4-releases+4.9\engine\source\runtime\coreuobject\private\uobject\linkerload.cpp:2769]
UE4Editor-CoreUObject.dll!LoadPackageInternal() [d:\buildfarm\buildmachine_++depot+ue4-releases+4.9\engine\source\runtime\coreuobject\private\uobject\uobjectglobals.cpp:1032]
UE4Editor-CoreUObject.dll!FLinkerLoad::VerifyImportInner() [d:\buildfarm\buildmachine_++depot+ue4-releases+4.9\engine\source\runtime\coreuobject\private\uobject\linkerload.cpp:2354]
UE4Editor-CoreUObject.dll!FLinkerLoad::VerifyImport() [d:\buildfarm\buildmachine_++depot+ue4-releases+4.9\engine\source\runtime\coreuobject\private\uobject\linkerload.cpp:2115]
UE4Editor-CoreUObject.dll!FLinkerLoad::VerifyImportInner() [d:\buildfarm\buildmachine_++depot+ue4-releases+4.9\engine\source\runtime\coreuobject\private\uobject\linkerload.cpp:2402]
UE4Editor-CoreUObject.dll!FLinkerLoad::VerifyImport() [d:\buildfarm\buildmachine_++depot+ue4-releases+4.9\engine\source\runtime\coreuobject\private\uobject\linkerload.cpp:2115]
UE4Editor-CoreUObject.dll!FLinkerLoad::Verify() [d:\buildfarm\buildmachine_++depot+ue4-releases+4.9\engine\source\runtime\coreuobject\private\uobject\linkerload.cpp:1905]
UE4Editor-CoreUObject.dll!FLinkerLoad::FinalizeCreation() [d:\buildfarm\buildmachine_++depot+ue4-releases+4.9\engine\source\runtime\coreuobject\private\uobject\linkerload.cpp:1815]
UE4Editor-CoreUObject.dll!FLinkerLoad::Tick() [d:\buildfarm\buildmachine_++depot+ue4-releases+4.9\engine\source\runtime\coreuobject\private\uobject\linkerload.cpp:666]
UE4Editor-CoreUObject.dll!FLinkerLoad::CreateLinker() [d:\buildfarm\buildmachine_++depot+ue4-releases+4.9\engine\source\runtime\coreuobject\private\uobject\linkerload.cpp:404]
UE4Editor-CoreUObject.dll!GetPackageLinker() [d:\buildfarm\buildmachine_++depot+ue4-releases+4.9\engine\source\runtime\coreuobject\private\uobject\linker.cpp:570]
UE4Editor-CoreUObject.dll!LoadPackageInternal() [d:\buildfarm\buildmachine_++depot+ue4-releases+4.9\engine\source\runtime\coreuobject\private\uobject\uobjectglobals.cpp:936]
UE4Editor-CoreUObject.dll!FLinkerLoad::VerifyImportInner() [d:\buildfarm\buildmachine_++depot+ue4-releases+4.9\engine\source\runtime\coreuobject\private\uobject\linkerload.cpp:2354]
UE4Editor-CoreUObject.dll!FLinkerLoad::VerifyImport() [d:\buildfarm\buildmachine_++depot+ue4-releases+4.9\engine\source\runtime\coreuobject\private\uobject\linkerload.cpp:2115]
UE4Editor-CoreUObject.dll!FLinkerLoad::VerifyImportInner() [d:\buildfarm\buildmachine_++depot+ue4-releases+4.9\engine\source\runtime\coreuobject\private\uobject\linkerload.cpp:2402]
UE4Editor-CoreUObject.dll!FLinkerLoad::VerifyImport() [d:\buildfarm\buildmachine_++depot+ue4-releases+4.9\engine\source\runtime\coreuobject\private\uobject\linkerload.cpp:2115]
UE4Editor-CoreUObject.dll!FLinkerLoad::Verify() [d:\buildfarm\buildmachine_++depot+ue4-releases+4.9\engine\source\runtime\coreuobject\private\uobject\linkerload.cpp:1905]
UE4Editor-CoreUObject.dll!FLinkerLoad::FinalizeCreation() [d:\buildfarm\buildmachine_++depot+ue4-releases+4.9\engine\source\runtime\coreuobject\private\uobject\linkerload.cpp:1815]
UE4Editor-CoreUObject.dll!FLinkerLoad::Tick() [d:\buildfarm\buildmachine_++depot+ue4-releases+4.9\engine\source\runtime\coreuobject\private\uobject\linkerload.cpp:666]
UE4Editor-CoreUObject.dll!FLinkerLoad::CreateLinker() [d:\buildfarm\buildmachine_++depot+ue4-releases+4.9\engine\source\runtime\coreuobject\private\uobject\linkerload.cpp:404]
UE4Editor-CoreUObject.dll!GetPackageLinker() [d:\buildfarm\buildmachine_++depot+ue4-releases+4.9\engine\source\runtime\coreuobject\private\uobject\linker.cpp:570]
UE4Editor-CoreUObject.dll!LoadPackageInternal() [d:\buildfarm\buildmachine_++depot+ue4-releases+4.9\engine\source\runtime\coreuobject\private\uobject\uobjectglobals.cpp:936]
UE4Editor-CoreUObject.dll!FLinkerLoad::VerifyImportInner() [d:\buildfarm\buildmachine_++depot+ue4-releases+4.9\engine\source\runtime\coreuobject\private\uobject\linkerload.cpp:2354]
UE4Editor-CoreUObject.dll!FLinkerLoad::VerifyImport() [d:\buildfarm\buildmachine_++depot+ue4-releases+4.9\engine\source\runtime\coreuobject\private\uobject\linkerload.cpp:2115]
UE4Editor-CoreUObject.dll!FLinkerLoad::VerifyImportInner() [d:\buildfarm\buildmachine_++depot+ue4-releases+4.9\engine\source\runtime\coreuobject\private\uobject\linkerload.cpp:2402]
UE4Editor-CoreUObject.dll!FLinkerLoad::VerifyImport() [d:\buildfarm\buildmachine_++depot+ue4-releases+4.9\engine\source\runtime\coreuobject\private\uobject\linkerload.cpp:2115]
UE4Editor-CoreUObject.dll!FLinkerLoad::Verify() [d:\buildfarm\buildmachine_++depot+ue4-releases+4.9\engine\source\runtime\coreuobject\private\uobject\linkerload.cpp:1905]
UE4Editor-CoreUObject.dll!FLinkerLoad::FinalizeCreation() [d:\buildfarm\buildmachine_++depot+ue4-releases+4.9\engine\source\runtime\coreuobject\private\uobject\linkerload.cpp:1815]
UE4Editor-CoreUObject.dll!FLinkerLoad::Tick() [d:\buildfarm\buildmachine_++depot+ue4-releases+4.9\engine\source\runtime\coreuobject\private\uobject\linkerload.cpp:666]
UE4Editor-CoreUObject.dll!FLinkerLoad::CreateLinker() [d:\buildfarm\buildmachine_++depot+ue4-releases+4.9\engine\source\runtime\coreuobject\private\uobject\linkerload.cpp:404]
UE4Editor-CoreUObject.dll!GetPackageLinker() [d:\buildfarm\buildmachine_++depot+ue4-releases+4.9\engine\source\runtime\coreuobject\private\uobject\linker.cpp:570]
UE4Editor-CoreUObject.dll!LoadPackageInternal() [d:\buildfarm\buildmachine_++depot+ue4-releases+4.9\engine\source\runtime\coreuobject\private\uobject\uobjectglobals.cpp:936]
UE4Editor-CoreUObject.dll!FLinkerLoad::VerifyImportInner() [d:\buildfarm\buildmachine_++depot+ue4-releases+4.9\engine\source\runtime\coreuobject\private\uobject\linkerload.cpp:2354]
UE4Editor-CoreUObject.dll!FLinkerLoad::VerifyImport() [d:\buildfarm\buildmachine_++depot+ue4-releases+4.9\engine\source\runtime\coreuobject\private\uobject\linkerload.cpp:2115]
UE4Editor-CoreUObject.dll!FLinkerLoad::VerifyImportInner() [d:\buildfarm\buildmachine_++depot+ue4-releases+4.9\engine\source\runtime\coreuobject\private\uobject\linkerload.cpp:2402]
UE4Editor-CoreUObject.dll!FLinkerLoad::VerifyImport() [d:\buildfarm\buildmachine_++depot+ue4-releases+4.9\engine\source\runtime\coreuobject\private\uobject\linkerload.cpp:2115]
UE4Editor-CoreUObject.dll!FLinkerLoad::Verify() [d:\buildfarm\buildmachine_++depot+ue4-releases+4.9\engine\source\runtime\coreuobject\private\uobject\linkerload.cpp:1905]
UE4Editor-CoreUObject.dll!FLinkerLoad::FinalizeCreation() [d:\buildfarm\buildmachine_++depot+ue4-releases+4.9\engine\source\runtime\coreuobject\private\uobject\linkerload.cpp:1815]
UE4Editor-CoreUObject.dll!FLinkerLoad::Tick() [d:\buildfarm\buildmachine_++depot+ue4-releases+4.9\engine\source\runtime\coreuobject\private\uobject\linkerload.cpp:666]
UE4Editor-CoreUObject.dll!FLinkerLoad::CreateLinker() [d:\buildfarm\buildmachine_++depot+ue4-releases+4.9\engine\source\runtime\coreuobject\private\uobject\linkerload.cpp:404]
UE4Editor-CoreUObject.dll!GetPackageLinker() [d:\buildfarm\buildmachine_++depot+ue4-releases+4.9\engine\source\runtime\coreuobject\private\uobject\linker.cpp:570]
UE4Editor-CoreUObject.dll!LoadPackageInternal() [d:\buildfarm\buildmachine_++depot+ue4-releases+4.9\engine\source\runtime\coreuobject\private\uobject\uobjectglobals.cpp:936]
UE4Editor-CoreUObject.dll!FLinkerLoad::VerifyImportInner() [d:\buildfarm\buildmachine_++depot+ue4-releases+4.9\engine\source\runtime\coreuobject\private\uobject\linkerload.cpp:2354]
UE4Editor-CoreUObject.dll!FLinkerLoad::VerifyImport() [d:\buildfarm\buildmachine_++depot+ue4-releases+4.9\engine\source\runtime\coreuobject\private\uobject\linkerload.cpp:2115]
UE4Editor-CoreUObject.dll!FLinkerLoad::VerifyImportInner() [d:\buildfarm\buildmachine_++depot+ue4-releases+4.9\engine\source\runtime\coreuobject\private\uobject\linkerload.cpp:2402]
UE4Editor-CoreUObject.dll!FLinkerLoad::VerifyImport() [d:\buildfarm\buildmachine_++depot+ue4-releases+4.9\engine\source\runtime\coreuobject\private\uobject\linkerload.cpp:2115]
UE4Editor-CoreUObject.dll!FLinkerLoad::VerifyImportInner() [d:\buildfarm\buildmachine_++depot+ue4-releases+4.9\engine\source\runtime\coreuobject\private\uobject\linkerload.cpp:2402]
UE4Editor-CoreUObject.dll!FLinkerLoad::VerifyImport() [d:\buildfarm\buildmachine_++depot+ue4-releases+4.9\engine\source\runtime\coreuobject\private\uobject\linkerload.cpp:2115]
UE4Editor-CoreUObject.dll!FLinkerLoad::Verify() [d:\buildfarm\buildmachine_++depot+ue4-releases+4.9\engine\source\runtime\coreuobject\private\uobject\linkerload.cpp:1905]
UE4Editor-CoreUObject.dll!FLinkerLoad::FinalizeCreation() [d:\buildfarm\buildmachine_++depot+ue4-releases+4.9\engine\source\runtime\coreuobject\private\uobject\linkerload.cpp:1815]
UE4Editor-CoreUObject.dll!FLinkerLoad::Tick() [d:\buildfarm\buildmachine_++depot+ue4-releases+4.9\engine\source\runtime\coreuobject\private\uobject\linkerload.cpp:666]
UE4Editor-CoreUObject.dll!FLinkerLoad::CreateLinker() [d:\buildfarm\buildmachine_++depot+ue4-releases+4.9\engine\source\runtime\coreuobject\private\uobject\linkerload.cpp:404]
UE4Editor-CoreUObject.dll!GetPackageLinker() [d:\buildfarm\buildmachine_++depot+ue4-releases+4.9\engine\source\runtime\coreuobject\private\uobject\linker.cpp:570]
UE4Editor-CoreUObject.dll!LoadPackageInternal() [d:\buildfarm\buildmachine_++depot+ue4-releases+4.9\engine\source\runtime\coreuobject\private\uobject\uobjectglobals.cpp:936]
UE4Editor-UnrealEd.dll
[2015.11.18-21.06.18:202][  0]LogAnimation:Warning: Invalid animation root node index 54 on '/LeapMotion/Character/Basic/BasicCharacter_AnimBlueprint.BasicCharacter_AnimBlueprint_C' (only 52 nodes)
[2015.11.18-21.06.18:462][  0]LogAnimation:Warning: Invalid animation root node index 54 on '/Engine/Transient.REINST_BasicCharacter_AnimBlueprint_C_2' (only 52 nodes)
[2015.11.18-21.06.18:574][  0]LogClass:Warning: Property AnimGraphNode_Fabrik_8C904C7A415FB588652E8A91FDC811AE of BasicCharacter_AnimBlueprint_C has a struct type mismatch (tag FallbackStruct != prop AnimNode_Fabrik) in package:  FObjectReader. If that struct got renamed, add an entry to ActiveStructRedirects.
[2015.11.18-21.06.18:574][  0]LogClass:Warning: Property AnimGraphNode_Fabrik_416EC86F435836563C4E49AD6D016C3C of BasicCharacter_AnimBlueprint_C has a struct type mismatch (tag FallbackStruct != prop AnimNode_Fabrik) in package:  FObjectReader. If that struct got renamed, add an entry to ActiveStructRedirects.
[2015.11.18-21.06.18:574][  0]LogClass:Warning: Property AnimGraphNode_Fabrik_9FF4326C4CAD2373B92D6F9E3AC3F57A of BasicCharacter_AnimBlueprint_C has a struct type mismatch (tag FallbackStruct != prop AnimNode_Fabrik) in package:  FObjectReader. If that struct got renamed, add an entry to ActiveStructRedirects.
[2015.11.18-21.06.18:791][  0]LogBlueprint:Warning: [compiler LeapBasicRiggedCharacter] Warning InputAction Event references unknown Action 'Jump' for  InputAction Jump 
[2015.11.18-21.06.18:791][  0]LogBlueprint:Warning: [compiler LeapBasicRiggedCharacter] Warning Input Axis Event references unknown Axis 'LookUpRate' for  InputAxis LookUpRate 
[2015.11.18-21.06.18:791][  0]LogBlueprint:Warning: [compiler LeapBasicRiggedCharacter] Warning Input Axis Event references unknown Axis 'TurnRate' for  InputAxis TurnRate 
[2015.11.18-21.06.18:791][  0]LogBlueprint:Warning: [compiler LeapBasicRiggedCharacter] Warning Input Axis Event references unknown Axis 'Turn' for  InputAxis Turn 
[2015.11.18-21.06.18:791][  0]LogBlueprint:Warning: [compiler LeapBasicRiggedCharacter] Warning Input Axis Event references unknown Axis 'LookUp' for  InputAxis LookUp 
[2015.11.18-21.06.18:792][  0]LogBlueprint:Warning: [compiler LeapBasicRiggedCharacter] Warning Input Axis Event references unknown Axis 'MoveRight' for  InputAxis MoveRight 
[2015.11.18-21.06.18:792][  0]LogBlueprint:Warning: [compiler LeapBasicRiggedCharacter] Warning Input Axis Event references unknown Axis 'MoveForward' for  InputAxis MoveForward 
[2015.11.18-21.06.18:795][  0]LogBlueprint:Warning: [compiler LeapBasicRiggedCharacter] Warning [0021.16] Compile of LeapBasicRiggedCharacter successful, but with 7 Warning(s) [in 10 ms]
[2015.11.18-21.06.18:795][  0]LogBlueprint:Warning: [compiler LeapBasicRiggedCharacter] Warning [0021.16] Compile of LeapBasicRiggedCharacter successful, but with 8 Warning(s) [in 0 ms]
[2015.11.18-21.06.18:795][  0]LogBlueprint:Warning: [compiler LeapBasicRiggedCharacter] Warning [0021.16] Compile of LeapBasicRiggedCharacter successful, but with 9 Warning(s) [in 0 ms]
[2015.11.18-21.06.19:233][  0]LogBlueprint:Warning: [compiler LeapBasicRiggedCharacter] Warning InputAction Event references unknown Action 'Jump' for  InputAction Jump 
[2015.11.18-21.06.19:233][  0]LogBlueprint:Warning: [compiler LeapBasicRiggedCharacter] Warning Input Axis Event references unknown Axis 'LookUpRate' for  InputAxis LookUpRate 
[2015.11.18-21.06.19:234][  0]LogBlueprint:Warning: [compiler LeapBasicRiggedCharacter] Warning Input Axis Event references unknown Axis 'TurnRate' for  InputAxis TurnRate 
[2015.11.18-21.06.19:234][  0]LogBlueprint:Warning: [compiler LeapBasicRiggedCharacter] Warning Input Axis Event references unknown Axis 'Turn' for  InputAxis Turn 
[2015.11.18-21.06.19:234][  0]LogBlueprint:Warning: [compiler LeapBasicRiggedCharacter] Warning Input Axis Event references unknown Axis 'LookUp' for  InputAxis LookUp 
[2015.11.18-21.06.19:234][  0]LogBlueprint:Warning: [compiler LeapBasicRiggedCharacter] Warning Input Axis Event references unknown Axis 'MoveRight' for  InputAxis MoveRight 
[2015.11.18-21.06.19:234][  0]LogBlueprint:Warning: [compiler LeapBasicRiggedCharacter] Warning Input Axis Event references unknown Axis 'MoveForward' for  InputAxis MoveForward 
[2015.11.18-21.06.19:237][  0]LogBlueprint:Warning: [compiler LeapBasicRiggedCharacter] Warning [0021.60] Compile of LeapBasicRiggedCharacter successful, but with 7 Warning(s) [in 8 ms]
[2015.11.18-21.06.19:237][  0]LogBlueprint:Warning: [compiler LeapBasicRiggedCharacter] Warning [0021.60] Compile of LeapBasicRiggedCharacter successful, but with 8 Warning(s) [in 0 ms]
[2015.11.18-21.06.19:237][  0]LogBlueprint:Warning: [compiler LeapBasicRiggedCharacter] Warning [0021.60] Compile of LeapBasicRiggedCharacter successful, but with 9 Warning(s) [in 0 ms]
[2015.11.18-21.06.19:937][  0]LogTexture:Display: Building textures: Texture2D_3 (BGRA8)
[2015.11.18-21.06.20:538][  0]LogMaterial: Missing cached shader map for material bese_material, compiling. 
[2015.11.18-21.06.20:648][  0]LogAIModule: Creating AISystem for world MemoryCardEntry
[2015.11.18-21.06.20:702][  0]LogEditorServer: Finished looking for orphan Actors (0.000 secs)
[2015.11.18-21.06.20:703][  0]Cmd: MAP CHECKDEP NOCLEARLOG
[2015.11.18-21.06.20:926][  0]MapCheck: Info Map check complete: 0 Error(s), 0 Warning(s), took 222.647ms to complete.
[2015.11.18-21.06.20:926][  0]LogFileHelpers: Loading map 'MemoryCardEntry' took 15.608
[2015.11.18-21.06.21:134][  0]LogCollectionManager: Loaded 0 collections in 0.003695 seconds
[2015.11.18-21.06.21:182][  0]LogFileCache: Scanning file cache for directory 'C:/Users/croda/Documents/Unreal Projects/SantaSearch/Saved/Collections/' took 0.01s
[2015.11.18-21.06.21:182][  0]LogFileCache: Scanning file cache for directory 'C:/Users/croda/Documents/Unreal Projects/SantaSearch/Content/Developers/croda/Collections/' took 0.01s
[2015.11.18-21.06.21:182][  0]LogFileCache: Scanning file cache for directory 'C:/Users/croda/Documents/Unreal Projects/SantaSearch/Content/Collections/' took 0.01s
[2015.11.18-21.06.21:182][  0]LogContentBrowser: Native class hierarchy populated in 0.0106 seconds. Added 1919 classes and 342 folders.
[2015.11.18-21.06.21:199][  0]LogCollectionManager: Rebuilt the GUID cache for 0 collections in 0.000003 seconds
[2015.11.18-21.06.21:209][  0]LogContentBrowser: Native class hierarchy updated for 'WidgetCarousel' in 0.0005 seconds. Added 0 classes and 0 folders.
[2015.11.18-21.06.21:314][  0]LogContentBrowser: Native class hierarchy updated for 'AddContentDialog' in 0.0005 seconds. Added 0 classes and 0 folders.
[2015.11.18-21.06.21:320][  0]LogContentBrowser: Native class hierarchy updated for 'SceneOutliner' in 0.0005 seconds. Added 1 classes and 2 folders.
[2015.11.18-21.06.21:426][  0]LogCrashTracker: Crashtracker disabled due to settings.
[2015.11.18-21.06.21:431][  0]LogUObjectGlobals:Warning: Failed to find object 'Class None.'
[2015.11.18-21.06.21:453][  0]LogLoad: Full Startup: 23.82 seconds (BP compile: 0.98 seconds)
[2015.11.18-21.06.21:585][  0]LogContentStreaming: Texture pool size now 1000 MB
[2015.11.18-21.06.21:754][  0]LogRenderer: Reallocating scene render targets to support 876x652 (Frame:2).
[2015.11.18-21.06.21:851][  1]Cmd: UpdateLandscapeEditorData -warnings
[2015.11.18-21.06.21:856][  1]LogFileCache: Retrieving MD5 hashes for directory 'C:/Users/croda/Documents/Unreal Projects/SantaSearch/Content/' took 0.37s
[2015.11.18-21.06.22:676][ 14]LogAssetRegistry: Asset discovery search completed in 20.4492 seconds
[2015.11.18-21.06.22:676][ 14]LogCollectionManager: Rebuilt the object cache for 0 collections in 0.000002 seconds (found 0 objects)
[2015.11.18-21.06.22:676][ 14]LogCollectionManager: Fixed up redirectors for 0 collections in 0.000034 seconds (updated 0 objects)
[2015.11.18-21.08.21:157][649]LogActorComponent: UnregisterComponent: (/Engine/Transient.CharMoveComp) Not registered. Aborting.
[2015.11.18-21.08.21:237][649]LeapPluginLog: LeapController::CleanupEventData Delete Called
[2015.11.18-21.08.21:261][649]LeapPluginLog: LeapController::CleanupEventData Delete Called
[2015.11.18-21.08.23:338][766]LogWindowsTextInputMethodSystem:Display: IME system now deactivated.
[2015.11.18-21.08.23:338][766]LogWindowsTextInputMethodSystem:Display: IME system now deactivated.
[2015.11.18-21.08.23:573][767]Cmd: QUIT_EDITOR
[2015.11.18-21.08.23:816][767]LogExit: Preparing to exit.
[2015.11.18-21.08.24:430][767]LogActorComponent: UnregisterComponent: (None.None:None.None.StaticMeshComponent_16) Not registered. Aborting.
[2015.11.18-21.08.24:438][767]LogExit: Editor shut down
[2015.11.18-21.08.24:438][767]LogExit: Transaction tracking system shut down
[2015.11.18-21.08.24:443][767]LogParticles: Destroying 0 GPU particle simulations for FXSystem 0x0000006B761FE0C0
[2015.11.18-21.08.24:444][767]LogParticles: Destroying 0 GPU particle simulations for FXSystem 0x0000006B80573880
[2015.11.18-21.08.24:444][767]LogParticles: Destroying 0 GPU particle simulations for FXSystem 0x0000006B7FB16200
[2015.11.18-21.08.24:444][767]LogParticles: Destroying 0 GPU particle simulations for FXSystem 0x0000006B8036E700
[2015.11.18-21.08.24:444][767]LogParticles: Destroying 0 GPU particle simulations for FXSystem 0x0000006B8036E0C0
[2015.11.18-21.08.24:444][767]LogParticles: Destroying 0 GPU particle simulations for FXSystem 0x0000006B8036DF80
[2015.11.18-21.08.24:444][767]LogParticles: Destroying 0 GPU particle simulations for FXSystem 0x0000006B8059EB60
[2015.11.18-21.08.24:457][767]LeapPluginLog: LeapController::CleanupEventData Delete Called
[2015.11.18-21.08.24:479][767]LeapPluginLog: LeapController::CleanupEventData Delete Called
[2015.11.18-21.08.24:626][767]LogExit: Object subsystem successfully closed.
[2015.11.18-21.08.24:637][767]LogD3D11RHI: Shutdown
[2015.11.18-21.08.24:637][767]LogD3D11RHI: CleanupD3DDevice
[2015.11.18-21.08.24:696][767]LogD3D11RHI: ~FD3D11DynamicRHI
[2015.11.18-21.08.24:711][767]LogModuleManager: Shutting down and abandoning module CrashTracker (200)
[2015.11.18-21.08.24:711][767]LogModuleManager: Shutting down and abandoning module SceneOutliner (199)
[2015.11.18-21.08.24:711][767]LogModuleManager: Shutting down and abandoning module SuperSearch (198)
[2015.11.18-21.08.24:711][767]LogModuleManager: Shutting down and abandoning module WidgetCarousel (197)
[2015.11.18-21.08.24:711][767]LogModuleManager: Shutting down and abandoning module AddContentDialog (196)
[2015.11.18-21.08.24:712][767]LogModuleManager: Shutting down and abandoning module EditorWidgets (195)
[2015.11.18-21.08.24:712][767]LogModuleManager: Shutting down and abandoning module CollectionManager (194)
[2015.11.18-21.08.24:712][767]LogModuleManager: Shutting down and abandoning module StatsViewer (193)
[2015.11.18-21.08.24:712][767]LogModuleManager: Shutting down and abandoning module FoliageEdit (192)
[2015.11.18-21.08.24:712][767]LogModuleManager: Shutting down and abandoning module LandscapeEditor (191)
[2015.11.18-21.08.24:712][767]LogModuleManager: Shutting down and abandoning module ActorPickerMode (190)
[2015.11.18-21.08.24:712][767]LogModuleManager: Shutting down and abandoning module GeometryMode (189)
[2015.11.18-21.08.24:712][767]LogModuleManager: Shutting down and abandoning module TextureAlignMode (188)
[2015.11.18-21.08.24:712][767]LogModuleManager: Shutting down and abandoning module BspMode (187)
[2015.11.18-21.08.24:712][767]LogModuleManager: Shutting down and abandoning module PlacementMode (186)
[2015.11.18-21.08.24:712][767]LogModuleManager: Shutting down and abandoning module AutomationWorker (185)
[2015.11.18-21.08.24:712][767]LogModuleManager: Shutting down and abandoning module HoudiniEngineEditor (184)
[2015.11.18-21.08.24:713][767]LogHoudiniEngineEditor: Shutting down the Houdini Engine Editor module.
[2015.11.18-21.08.24:713][767]LogModuleManager: Shutting down and abandoning module CharacterAI (183)
[2015.11.18-21.08.24:713][767]LogModuleManager: Shutting down and abandoning module SmartSnapping (182)
[2015.11.18-21.08.24:713][767]LogModuleManager: Shutting down and abandoning module ViewportSnapping (181)
[2015.11.18-21.08.24:713][767]LogModuleManager: Shutting down and abandoning module LogVisualizer (180)
[2015.11.18-21.08.24:713][767]LogModuleManager: Shutting down and abandoning module GameProjectGeneration (179)
[2015.11.18-21.08.24:713][767]LogModuleManager: Shutting down and abandoning module IntroTutorials (178)
[2015.11.18-21.08.24:713][767]LogModuleManager: Shutting down and abandoning module EditorLiveStreaming (177)
[2015.11.18-21.08.24:713][767]LogModuleManager: Shutting down and abandoning module IOSPlatformEditor (176)
[2015.11.18-21.08.24:713][767]LogModuleManager: Shutting down and abandoning module HTML5PlatformEditor (175)
[2015.11.18-21.08.24:713][767]LogModuleManager: Shutting down and abandoning module AndroidDeviceDetection (174)
[2015.11.18-21.08.25:347][767]LogModuleManager: Shutting down and abandoning module AndroidPlatformEditor (173)
[2015.11.18-21.08.25:347][767]LogModuleManager: Shutting down and abandoning module IOSRuntimeSettings (172)
[2015.11.18-21.08.25:347][767]LogModuleManager: Shutting down and abandoning module AndroidRuntimeSettings (171)
[2015.11.18-21.08.25:347][767]LogModuleManager: Shutting down and abandoning module MergeActors (170)
[2015.11.18-21.08.25:347][767]LogModuleManager: Shutting down and abandoning module SizeMap (169)
[2015.11.18-21.08.25:347][767]LogModuleManager: Shutting down and abandoning module TreeMap (168)
[2015.11.18-21.08.25:347][767]LogModuleManager: Shutting down and abandoning module ReferenceViewer (167)
[2015.11.18-21.08.25:347][767]LogModuleManager: Shutting down and abandoning module LocalizationService (166)
[2015.11.18-21.08.25:347][767]LogModuleManager: Shutting down and abandoning module LocalizationDashboard (165)
[2015.11.18-21.08.25:347][767]LogModuleManager: Shutting down and abandoning module HardwareTargeting (164)
[2015.11.18-21.08.25:347][767]LogModuleManager: Shutting down and abandoning module DeviceProfileEditor (163)
[2015.11.18-21.08.25:347][767]LogModuleManager: Shutting down and abandoning module UndoHistory (162)
[2015.11.18-21.08.25:347][767]LogModuleManager: Shutting down and abandoning module GameplayTagsEditor (161)
[2015.11.18-21.08.25:347][767]LogModuleManager: Shutting down and abandoning module UserFeedback (160)
[2015.11.18-21.08.25:347][767]LogModuleManager: Shutting down and abandoning module XmlParser (159)
[2015.11.18-21.08.25:347][767]LogModuleManager: Shutting down and abandoning module Blutility (158)
[2015.11.18-21.08.25:347][767]LogModuleManager: Shutting down and abandoning module ProjectTargetPlatformEditor (157)
[2015.11.18-21.08.25:347][767]LogModuleManager: Shutting down and abandoning module ProjectSettingsViewer (156)
[2015.11.18-21.08.25:347][767]LogModuleManager: Shutting down and abandoning module InputBindingEditor (155)
[2015.11.18-21.08.25:347][767]LogModuleManager: Shutting down and abandoning module EditorSettingsViewer (154)
[2015.11.18-21.08.25:347][767]LogModuleManager: Shutting down and abandoning module SettingsEditor (153)
[2015.11.18-21.08.25:347][767]LogModuleManager: Shutting down and abandoning module ProjectLauncher (152)
[2015.11.18-21.08.25:347][767]LogModuleManager: Shutting down and abandoning module SessionFrontend (151)
[2015.11.18-21.08.25:347][767]LogModuleManager: Shutting down and abandoning module ProfilerClient (150)
[2015.11.18-21.08.25:347][767]LogModuleManager: Shutting down and abandoning module TargetDeviceServices (149)
[2015.11.18-21.08.25:347][767]LogModuleManager: Shutting down and abandoning module DeviceManager (148)
[2015.11.18-21.08.25:347][767]LogModuleManager: Shutting down and abandoning module AutomationController (147)
[2015.11.18-21.08.25:347][767]LogModuleManager: Shutting down and abandoning module AutomationWindow (146)
[2015.11.18-21.08.25:347][767]LogModuleManager: Shutting down and abandoning module Layers (145)
[2015.11.18-21.08.25:347][767]LogModuleManager: Shutting down and abandoning module ComponentVisualizers (144)
[2015.11.18-21.08.25:347][767]LogModuleManager: Shutting down and abandoning module DetailCustomizations (143)
[2015.11.18-21.08.25:348][767]LogModuleManager: Shutting down and abandoning module PackagesDialog (142)
[2015.11.18-21.08.25:348][767]LogModuleManager: Shutting down and abandoning module Persona (141)
[2015.11.18-21.08.25:348][767]LogModuleManager: Shutting down and abandoning module Kismet (140)
[2015.11.18-21.08.25:348][767]LogModuleManager: Shutting down and abandoning module GraphEditor (139)
[2015.11.18-21.08.25:348][767]LogModuleManager: Shutting down and abandoning module ClassViewer (138)
[2015.11.18-21.08.25:348][767]LogModuleManager: Shutting down and abandoning module Toolbox (137)
[2015.11.18-21.08.25:348][767]LogModuleManager: Shutting down and abandoning module ModuleUI (136)
[2015.11.18-21.08.25:348][767]LogModuleManager: Shutting down and abandoning module MovieSceneTools (135)
[2015.11.18-21.08.25:348][767]LogModuleManager: Shutting down and abandoning module OutputLog (134)
[2015.11.18-21.08.25:348][767]LogModuleManager: Shutting down and abandoning module GammaUI (133)
[2015.11.18-21.08.25:348][767]LogModuleManager: Shutting down and abandoning module Documentation (132)
[2015.11.18-21.08.25:348][767]LogModuleManager: Shutting down and abandoning module GameLiveStreaming (131)
[2015.11.18-21.08.25:348][767]LogModuleManager: Shutting down and abandoning module StreamingPauseRendering (130)
[2015.11.18-21.08.25:348][767]LogModuleManager: Shutting down and abandoning module AnalyticsET (129)
[2015.11.18-21.08.25:348][767]LogModuleManager: Shutting down and abandoning module Analytics (128)
[2015.11.18-21.08.25:348][767]LogModuleManager: Shutting down and abandoning module AITestSuite (127)
[2015.11.18-21.08.25:348][767]LogModuleManager: Shutting down and abandoning module GameplayDebugger (126)
[2015.11.18-21.08.25:348][767]LogModuleManager: Shutting down and abandoning module AIModule (125)
[2015.11.18-21.08.25:348][767]LogModuleManager: Shutting down and abandoning module ProfilerService (124)
[2015.11.18-21.08.25:403][767]LogModuleManager: Shutting down and abandoning module TaskGraph (123)
[2015.11.18-21.08.25:403][767]LogModuleManager: Shutting down and abandoning module LeapMotion (122)
[2015.11.18-21.08.25:416][767]LogModuleManager: Shutting down and abandoning module SlateRemote (121)
[2015.11.18-21.08.25:416][767]LogModuleManager: Shutting down and abandoning module SteamVRController (120)
[2015.11.18-21.08.25:416][767]LogModuleManager: Shutting down and abandoning module SteamVR (119)
[2015.11.18-21.08.25:416][767]LogModuleManager: Shutting down and abandoning module ProceduralMeshComponent (118)
[2015.11.18-21.08.25:416][767]LogModuleManager: Shutting down and abandoning module OculusRift (117)
[2015.11.18-21.08.25:416][767]LogModuleManager: Shutting down and abandoning module OculusLibrary (116)
[2015.11.18-21.08.25:416][767]LogModuleManager: Shutting down and abandoning module LeapMotionController (115)
[2015.11.18-21.08.25:429][767]LogModuleManager: Shutting down and abandoning module CustomMeshComponent (114)
[2015.11.18-21.08.25:429][767]LogModuleManager: Shutting down and abandoning module CableComponent (113)
[2015.11.18-21.08.25:429][767]LogModuleManager: Shutting down and abandoning module ArchVisCharacter (112)
[2015.11.18-21.08.25:429][767]LogModuleManager: Shutting down and abandoning module MessagingDebugger (111)
[2015.11.18-21.08.25:429][767]LogModuleManager: Shutting down and abandoning module MediaPlayerEditor (110)
[2015.11.18-21.08.25:429][767]LogModuleManager: Shutting down and abandoning module HoudiniEngineRuntime (109)
[2015.11.18-21.08.25:429][767]LogHoudiniEngine: Shutting down the Houdini Engine module.
[2015.11.18-21.08.25:430][767]LogModuleManager: Shutting down and abandoning module HTML5Networking (108)
[2015.11.18-21.08.25:430][767]LogModuleManager: Shutting down and abandoning module SpeedTreeImporter (107)
[2015.11.18-21.08.25:430][767]LogModuleManager: Shutting down and abandoning module PluginBrowser (106)
[2015.11.18-21.08.25:430][767]LogModuleManager: Shutting down and abandoning module EpicSurvey (105)
[2015.11.18-21.08.25:430][767]LogModuleManager: Shutting down and abandoning module DesktopPlatform (104)
[2015.11.18-21.08.25:430][767]LogModuleManager: Shutting down and abandoning module VisualStudioSourceCodeAccess (103)
[2015.11.18-21.08.25:430][767]LogModuleManager: Shutting down and abandoning module UObjectPlugin (102)
[2015.11.18-21.08.25:430][767]LogModuleManager: Shutting down and abandoning module SubversionSourceControl (101)
[2015.11.18-21.08.25:430][767]LogModuleManager: Shutting down and abandoning module PerforceSourceControl (100)
[2015.11.18-21.08.25:430][767]LogModuleManager: Shutting down and abandoning module SourceControl (99)
[2015.11.18-21.08.25:430][767]LogModuleManager: Shutting down and abandoning module GitSourceControl (98)
[2015.11.18-21.08.25:430][767]LogModuleManager: Shutting down and abandoning module LightPropagationVolumeEditor (97)
[2015.11.18-21.08.25:430][767]LogModuleManager: Shutting down and abandoning module PaperTiledImporter (96)
[2015.11.18-21.08.25:430][767]LogModuleManager: Shutting down and abandoning module PaperSpriteSheetImporter (95)
[2015.11.18-21.08.25:430][767]LogModuleManager: Shutting down and abandoning module MeshPaint (94)
[2015.11.18-21.08.25:430][767]LogModuleManager: Shutting down and abandoning module SlateReflector (93)
[2015.11.18-21.08.25:430][767]LogModuleManager: Shutting down and abandoning module HotReload (92)
[2015.11.18-21.08.25:430][767]LogModuleManager: Shutting down and abandoning module MainFrame (91)
[2015.11.18-21.08.25:430][767]LogModuleManager: Shutting down and abandoning module LevelEditor (90)
[2015.11.18-21.08.25:431][767]LogModuleManager: Shutting down and abandoning module DirectoryWatcher (89)
[2015.11.18-21.08.25:432][767]LogModuleManager: Shutting down and abandoning module AssetRegistry (88)
[2015.11.18-21.08.25:596][767]LogModuleManager: Shutting down and abandoning module ContentBrowser (87)
[2015.11.18-21.08.25:596][767]LogModuleManager: Shutting down and abandoning module Paper2DEditor (86)
[2015.11.18-21.08.25:596][767]LogModuleManager: Shutting down and abandoning module UdpMessaging (85)
[2015.11.18-21.08.25:697][767]LogModuleManager: Shutting down and abandoning module LightPropagationVolumeRuntime (84)
[2015.11.18-21.08.25:697][767]LogModuleManager: Shutting down and abandoning module Paper2D (83)
[2015.11.18-21.08.25:697][767]LogModuleManager: Shutting down and abandoning module WindowsMoviePlayer (82)
[2015.11.18-21.08.25:700][767]LogModuleManager: Shutting down and abandoning module Media (81)
[2015.11.18-21.08.25:700][767]LogModuleManager: Shutting down and abandoning module WmfMedia (80)
[2015.11.18-21.08.25:700][767]LogModuleManager: Shutting down and abandoning module OnlineBlueprintSupport (79)
[2015.11.18-21.08.25:700][767]LogModuleManager: Shutting down and abandoning module GameplayTasksEditor (78)
[2015.11.18-21.08.25:700][767]LogModuleManager: Shutting down and abandoning module PropertyEditor (77)
[2015.11.18-21.08.25:700][767]LogModuleManager: Shutting down and abandoning module BehaviorTreeEditor (76)
[2015.11.18-21.08.25:700][767]LogModuleManager: Shutting down and abandoning module FunctionalTesting (75)
[2015.11.18-21.08.25:700][767]LogModuleManager: Shutting down and abandoning module CollisionAnalyzer (74)
[2015.11.18-21.08.25:700][767]LogModuleManager: Shutting down and abandoning module WorkspaceMenuStructure (73)
[2015.11.18-21.08.25:700][767]LogModuleManager: Shutting down and abandoning module MessageLog (72)
[2015.11.18-21.08.25:700][767]LogModuleManager: Shutting down and abandoning module Sequencer (71)
[2015.11.18-21.08.25:700][767]LogModuleManager: Shutting down and abandoning module AssetTools (70)
[2015.11.18-21.08.25:700][767]LogModuleManager: Shutting down and abandoning module UMGEditor (69)
[2015.11.18-21.08.25:700][767]LogModuleManager: Shutting down and abandoning module UMG (68)
[2015.11.18-21.08.25:700][767]LogModuleManager: Shutting down and abandoning module Slate (67)
[2015.11.18-21.08.25:700][767]LogModuleManager: Shutting down and abandoning module EditorStyle (66)
[2015.11.18-21.08.25:702][767]LogModuleManager: Shutting down and abandoning module SessionServices (65)
[2015.11.18-21.08.25:702][767]LogModuleManager: Shutting down and abandoning module SourceCodeAccess (64)
[2015.11.18-21.08.25:702][767]LogModuleManager: Shutting down and abandoning module HeadMountedDisplay (63)
[2015.11.18-21.08.25:702][767]LogModuleManager: Shutting down and abandoning module XAudio2 (62)
[2015.11.18-21.08.25:702][767]LogModuleManager: Shutting down and abandoning module Networking (60)
[2015.11.18-21.08.25:702][767]LogModuleManager: Shutting down and abandoning module Core (59)
[2015.11.18-21.08.25:702][767]LogModuleManager: Shutting down and abandoning module KismetCompiler (58)
[2015.11.18-21.08.25:702][767]LogModuleManager: Shutting down and abandoning module PhysXFormats (57)
[2015.11.18-21.08.25:702][767]LogModuleManager: Shutting down and abandoning module MeshUtilities (56)
[2015.11.18-21.08.25:702][767]LogModuleManager: Shutting down and abandoning module CookingStats (55)
[2015.11.18-21.08.25:703][767]LogModuleManager: Shutting down and abandoning module DerivedDataCache (54)
[2015.11.18-21.08.25:709][767]LogDerivedDataCache: Shutdown
[2015.11.18-21.08.25:709][767]LogModuleManager: Shutting down and abandoning module ShaderFormatOpenGL (53)
[2015.11.18-21.08.25:709][767]LogModuleManager: Shutting down and abandoning module ShaderFormatD3D (52)
[2015.11.18-21.08.25:709][767]LogModuleManager: Shutting down and abandoning module MetalShaderFormat (51)
[2015.11.18-21.08.25:709][767]LogModuleManager: Shutting down and abandoning module TextureFormatUncompressed (50)
[2015.11.18-21.08.25:709][767]LogModuleManager: Shutting down and abandoning module TextureFormatPVR (49)
[2015.11.18-21.08.25:709][767]LogModuleManager: Shutting down and abandoning module TextureFormatIntelISPCTexComp (48)
[2015.11.18-21.08.25:709][767]LogModuleManager: Shutting down and abandoning module TextureFormatDXT (47)
[2015.11.18-21.08.25:709][767]LogModuleManager: Shutting down and abandoning module ImageWrapper (46)
[2015.11.18-21.08.25:709][767]LogModuleManager: Shutting down and abandoning module TextureFormatASTC (45)
[2015.11.18-21.08.25:709][767]LogModuleManager: Shutting down and abandoning module TextureFormatAndroid (44)
[2015.11.18-21.08.25:709][767]LogModuleManager: Shutting down and abandoning module AudioFormatOpus (43)
[2015.11.18-21.08.25:709][767]LogModuleManager: Shutting down and abandoning module AudioFormatOgg (42)
[2015.11.18-21.08.25:709][767]LogModuleManager: Shutting down and abandoning module AudioFormatADPCM (41)
[2015.11.18-21.08.25:709][767]LogModuleManager: Shutting down and abandoning module LinuxTargetPlatform (40)
[2015.11.18-21.08.25:709][767]LogModuleManager: Shutting down and abandoning module LinuxServerTargetPlatform (39)
[2015.11.18-21.08.25:709][767]LogModuleManager: Shutting down and abandoning module LinuxNoEditorTargetPlatform (38)
[2015.11.18-21.08.25:709][767]LogModuleManager: Shutting down and abandoning module Messaging (37)
[2015.11.18-21.08.25:709][767]LogModuleManager: Shutting down and abandoning module IOSTargetPlatform (36)
[2015.11.18-21.08.25:709][767]LogModuleManager: Shutting down and abandoning module HTML5TargetPlatform (35)
[2015.11.18-21.08.25:709][767]LogModuleManager: Shutting down and abandoning module Android_PVRTCTargetPlatform (34)
[2015.11.18-21.08.25:709][767]LogModuleManager: Shutting down and abandoning module Android_ETC2TargetPlatform (33)
[2015.11.18-21.08.25:709][767]LogModuleManager: Shutting down and abandoning module Android_ETC1TargetPlatform (32)
[2015.11.18-21.08.25:709][767]LogModuleManager: Shutting down and abandoning module Android_DXTTargetPlatform (31)
[2015.11.18-21.08.25:709][767]LogModuleManager: Shutting down and abandoning module Android_ATCTargetPlatform (30)
[2015.11.18-21.08.25:709][767]LogModuleManager: Shutting down and abandoning module Android_ASTCTargetPlatform (29)
[2015.11.18-21.08.25:709][767]LogModuleManager: Shutting down and abandoning module AndroidTargetPlatform (28)
[2015.11.18-21.08.25:709][767]LogModuleManager: Shutting down and abandoning module WindowsTargetPlatform (27)
[2015.11.18-21.08.25:709][767]LogModuleManager: Shutting down and abandoning module WindowsServerTargetPlatform (26)
[2015.11.18-21.08.25:709][767]LogModuleManager: Shutting down and abandoning module WindowsNoEditorTargetPlatform (25)
[2015.11.18-21.08.25:709][767]LogModuleManager: Shutting down and abandoning module WindowsClientTargetPlatform (24)
[2015.11.18-21.08.25:709][767]LogModuleManager: Shutting down and abandoning module AllDesktopTargetPlatform (23)
[2015.11.18-21.08.25:709][767]LogModuleManager: Shutting down and abandoning module TargetPlatform (22)
[2015.11.18-21.08.25:709][767]LogModuleManager: Shutting down and abandoning module InputCore (21)
[2015.11.18-21.08.25:709][767]LogModuleManager: Shutting down and abandoning module Settings (20)
[2015.11.18-21.08.25:709][767]LogModuleManager: Shutting down and abandoning module OnlineSubsystem (18)
[2015.11.18-21.08.25:709][767]LogModuleManager: Shutting down and abandoning module HTTP (17)
[2015.11.18-21.08.26:712][767]LogModuleManager: Shutting down and abandoning module XMPP (16)
[2015.11.18-21.08.26:712][767]LogModuleManager: Shutting down and abandoning module ExampleDeviceProfileSelector (15)
[2015.11.18-21.08.26:712][767]LogModuleManager: Shutting down and abandoning module TextureCompressor (14)
[2015.11.18-21.08.26:712][767]LogModuleManager: Shutting down and abandoning module ShaderCore (13)
[2015.11.18-21.08.26:712][767]LogModuleManager: Shutting down and abandoning module Landscape (12)
[2015.11.18-21.08.26:712][767]LogModuleManager: Shutting down and abandoning module SlateRHIRenderer (11)
[2015.11.18-21.08.26:712][767]LogModuleManager: Shutting down and abandoning module OpenGLDrv (10)
[2015.11.18-21.08.26:712][767]LogModuleManager: Shutting down and abandoning module D3D11RHI (9)
[2015.11.18-21.08.26:712][767]LogModuleManager: Shutting down and abandoning module AnimGraphRuntime (8)
[2015.11.18-21.08.26:712][767]LogModuleManager: Shutting down and abandoning module Renderer (7)
[2015.11.18-21.08.26:712][767]LogModuleManager: Shutting down and abandoning module Engine (6)
[2015.11.18-21.08.26:712][767]LogModuleManager: Shutting down and abandoning module CoreUObject (5)
[2015.11.18-21.08.26:712][767]LogModuleManager: Shutting down and abandoning module NetworkFile (4)
[2015.11.18-21.08.26:712][767]LogModuleManager: Shutting down and abandoning module StreamingFile (3)
[2015.11.18-21.08.26:712][767]LogModuleManager: Shutting down and abandoning module SandboxFile (2)
[2015.11.18-21.08.26:712][767]LogModuleManager: Shutting down and abandoning module PakFile (1)
[2015.11.18-21.08.26:713][767]LogExit: Exiting.
[2015.11.18-21.08.26:714][767]Log file closed, 11/18/15 16:08:26
