[2015.11.17-18.08.11:015][  0]Log file open, 11/17/15 13:08:11
[2015.11.17-18.08.11:015][  0]LogInit:Display: Running engine for game: SantaSearch
[2015.11.17-18.08.11:015][  0]LogInit:Display: RandInit(803659654) SRandInit(803659655).
[2015.11.17-18.08.11:015][  0]LogTaskGraph: Started task graph with 4 named threads and 7 total threads.
[2015.11.17-18.08.11:015][  0]LogStats: Stats thread started at 0.077555
[2015.11.17-18.08.11:015][  0]LogInit: Version: 4.9.2-2707645+++depot+UE4-Releases+4.9
[2015.11.17-18.08.11:015][  0]LogInit: API Version: 2672455
[2015.11.17-18.08.11:015][  0]LogInit: Compiled (64-bit): Sep 28 2015 10:25:44
[2015.11.17-18.08.11:015][  0]LogInit: Compiled with Visual C++: 18.00.21005.01
[2015.11.17-18.08.11:015][  0]LogInit: Build Configuration: Development
[2015.11.17-18.08.11:015][  0]LogInit: Branch Name: ++depot+UE4-Releases+4.9
[2015.11.17-18.08.11:015][  0]LogInit: Command line:  
[2015.11.17-18.08.11:015][  0]LogInit: Base directory: C:/Program Files/Epic Games/4.9/Engine/Binaries/Win64/
[2015.11.17-18.08.11:015][  0]LogInit: Rocket: 1
[2015.11.17-18.08.11:028][  0]LogInit: Using libcurl 7.41.0
[2015.11.17-18.08.11:028][  0]LogInit:  - built for x86_64-pc-win32
[2015.11.17-18.08.11:028][  0]LogInit:  - supports SSL with WinSSL
[2015.11.17-18.08.11:028][  0]LogInit:  - other features:
[2015.11.17-18.08.11:028][  0]LogInit:      CURL_VERSION_SSL
[2015.11.17-18.08.11:028][  0]LogInit:      CURL_VERSION_IPV6
[2015.11.17-18.08.11:028][  0]LogInit:      CURL_VERSION_ASYNCHDNS
[2015.11.17-18.08.11:028][  0]LogInit:      CURL_VERSION_LARGEFILE
[2015.11.17-18.08.11:028][  0]LogInit:      CURL_VERSION_IDN
[2015.11.17-18.08.11:028][  0]LogInit:  CurlRequestOptions (configurable via config and command line):
[2015.11.17-18.08.11:028][  0]LogInit:  - bVerifyPeer = true  - Libcurl will verify peer certificate
[2015.11.17-18.08.11:028][  0]LogInit:  - bUseHttpProxy = false  - Libcurl will NOT use HTTP proxy
[2015.11.17-18.08.11:028][  0]LogInit:  - bDontReuseConnections = false  - Libcurl will reuse connections
[2015.11.17-18.08.11:028][  0]LogInit:  - CertBundlePath = nullptr  - Libcurl will use whatever was configured at build time.
[2015.11.17-18.08.11:037][  0]LogInit: Presizing for 0 objects not considered by GC, pre-allocating 0 bytes.
[2015.11.17-18.08.11:044][  0]LogInit: Object subsystem initialized
[2015.11.17-18.08.11:046][  0]LogConsoleManager:Warning: Console variable 'r.MSAA.CompositingSampleCount' wasn't set ('Scalability' has a lower priority than 'ProjectSetting')
[2015.11.17-18.08.11:046][  0]LogInit: Selected Device Profile: [Windows]
[2015.11.17-18.08.11:046][  0]LogInit: Applying CVar settings loaded from the selected device profile: [Windows]
[2015.11.17-18.08.11:055][  0]LogInit: Computer: CRODAWIN10
[2015.11.17-18.08.11:055][  0]LogInit: User: croda
[2015.11.17-18.08.11:055][  0]LogInit: CPU Page size=4096, Cores=4
[2015.11.17-18.08.11:055][  0]LogInit: High frequency timer resolution =2.630639 MHz
[2015.11.17-18.08.11:055][  0]LogMemory: Memory total: Physical=15.9GB (16GB approx)
[2015.11.17-18.08.11:055][  0]LogMemory: Platform Memory Stats for Windows
[2015.11.17-18.08.11:055][  0]LogMemory: Process Physical Memory: 54.05 MB used, 54.05 MB peak
[2015.11.17-18.08.11:055][  0]LogMemory: Process Virtual Memory: 55.29 MB used, 55.29 MB peak
[2015.11.17-18.08.11:055][  0]LogMemory: Physical Memory: 3197.51 MB used, 16323.13 MB total
[2015.11.17-18.08.11:055][  0]LogMemory: Virtual Memory: 364.64 MB used, 134217728.00 MB total
[2015.11.17-18.08.11:090][  0]LogTextLocalizationManager: No specific translations for ('en-US') exist, so ('en') translations will be used.
[2015.11.17-18.08.11:931][  0]LogD3D11RHI: Found D3D11 adapter 0: NVIDIA Quadro K5100M (Feature Level 11_0)
[2015.11.17-18.08.11:931][  0]LogD3D11RHI: Adapter has 8100MB of dedicated video memory, 0MB of dedicated system memory, and 8161MB of shared system memory, 3 output[s]
[2015.11.17-18.08.11:938][  0]LogD3D11RHI: Found D3D11 adapter 1: Microsoft Basic Render Driver (Feature Level 11_0)
[2015.11.17-18.08.11:939][  0]LogD3D11RHI: Adapter has 0MB of dedicated video memory, 0MB of dedicated system memory, and 8161MB of shared system memory, 0 output[s]
[2015.11.17-18.08.11:939][  0]LogD3D11RHI: Chosen D3D11 Adapter Id = 0
[2015.11.17-18.08.11:943][  0]LogD3D11RHI: !Direct3DDevice
[2015.11.17-18.08.11:943][  0]LogRHI: Texture pool is 1361 MB (70% of 1945 MB)
[2015.11.17-18.08.11:961][  0]LogD3D11RHI: Async texture creation enabled
[2015.11.17-18.08.11:978][  0]LogShaderCompilers: Guid format shader working directory is 15 characters bigger than the processId version (../../../../../../Users/croda/Documents/Unreal Projects/SantaSearch/Intermediate/Shaders/WorkingDirectory/7516/).
[2015.11.17-18.08.11:978][  0]LogShaderCompilers: Cleaned the shader compiler working directory '../../../../../../Users/croda/Documents/Unreal Projects/SantaSearch/Intermediate/Shaders/tmp/CF2921E84FD98C2BD165D3BACDE81CCB/'.
[2015.11.17-18.08.11:978][  0]LogShaderCompilers:Display: Using Local Shader Compiler.
[2015.11.17-18.08.13:111][  0]LogTemp:Display: Loaded TP AllDesktopTargetPlatform
[2015.11.17-18.08.13:118][  0]LogTemp:Display: Loaded TP WindowsClientTargetPlatform
[2015.11.17-18.08.13:124][  0]LogTemp:Display: Loaded TP WindowsNoEditorTargetPlatform
[2015.11.17-18.08.13:130][  0]LogTemp:Display: Loaded TP WindowsServerTargetPlatform
[2015.11.17-18.08.13:136][  0]LogTemp:Display: Loaded TP WindowsTargetPlatform
[2015.11.17-18.08.13:141][  0]LogTemp:Display: Loaded TP AndroidTargetPlatform
[2015.11.17-18.08.13:144][  0]LogTemp:Display: Loaded TP Android_ASTCTargetPlatform
[2015.11.17-18.08.13:148][  0]LogTemp:Display: Loaded TP Android_ATCTargetPlatform
[2015.11.17-18.08.13:152][  0]LogTemp:Display: Loaded TP Android_DXTTargetPlatform
[2015.11.17-18.08.13:156][  0]LogTemp:Display: Loaded TP Android_ETC1TargetPlatform
[2015.11.17-18.08.13:160][  0]LogTemp:Display: Loaded TP Android_ETC2TargetPlatform
[2015.11.17-18.08.13:163][  0]LogTemp:Display: Loaded TP Android_PVRTCTargetPlatform
[2015.11.17-18.08.13:164][  0]LogTemp:Display: Loaded TP HTML5TargetPlatform
[2015.11.17-18.08.13:184][  0]LogTemp:Display: Loaded TP IOSTargetPlatform
[2015.11.17-18.08.13:188][  0]LogTemp:Display: Loaded TP LinuxNoEditorTargetPlatform
[2015.11.17-18.08.13:192][  0]LogTemp:Display: Loaded TP LinuxServerTargetPlatform
[2015.11.17-18.08.13:197][  0]LogTemp:Display: Loaded TP LinuxTargetPlatform
[2015.11.17-18.08.13:197][  0]LogTargetPlatformManager:Display: Building Assets For Windows
[2015.11.17-18.08.13:292][  0]LogDerivedDataCache:Display: Max Cache Size: 512 MB
[2015.11.17-18.08.13:339][  0]LogDerivedDataCache: Loaded boot cache 0.05s 42MB C:/Users/croda/AppData/Local/UnrealEngine/4.9/DerivedDataCache/Boot.ddc.
[2015.11.17-18.08.13:340][  0]LogDerivedDataCache:Display: Loaded Boot cache: C:/Users/croda/AppData/Local/UnrealEngine/4.9/DerivedDataCache/Boot.ddc
[2015.11.17-18.08.13:340][  0]LogDerivedDataCache: FDerivedDataBackendGraph:  Pak pak cache file ../../../../../../Users/croda/Documents/Unreal Projects/SantaSearch/DerivedDataCache/DDC.ddp not found, will not use a pak cache.
[2015.11.17-18.08.13:340][  0]LogDerivedDataCache: Unable to find inner node Pak for hierarchical cache Hierarchy.
[2015.11.17-18.08.13:340][  0]LogDerivedDataCache: FDerivedDataBackendGraph:  CompressedPak pak cache file ../../../../../../Users/croda/Documents/Unreal Projects/SantaSearch/DerivedDataCache/Compressed.ddp not found, will not use a pak cache.
[2015.11.17-18.08.13:340][  0]LogDerivedDataCache: Unable to find inner node CompressedPak for hierarchical cache Hierarchy.
[2015.11.17-18.08.13:477][  0]LogDerivedDataCache:Display: Pak cache opened for reading ../../../Engine/DerivedDataCache/Compressed.ddp.
[2015.11.17-18.08.13:490][  0]LogDerivedDataCache: Using Local data cache path C:/Users/croda/AppData/Local/UnrealEngine/Common/DerivedDataCache: Writable
[2015.11.17-18.08.13:772][  0]LogInit: Selected Device Profile: [Windows]
[2015.11.17-18.08.13:775][  0]LogContentStreaming: Texture pool size is 0.000000MB
[2015.11.17-18.08.13:904][  0]LogMeshUtilities: No automatic mesh reduction module available
[2015.11.17-18.08.13:904][  0]LogMeshUtilities: No automatic mesh merging module available
[2015.11.17-18.08.14:199][  0]LogInit: WinSock: version 1.1 (2.2), MaxSocks=32767, MaxUdp=65467
[2015.11.17-18.08.15:168][  0]UdpMessaging: Initializing bridge on interface 0.0.0.0:0 to multicast group 230.0.0.1:6666.
[2015.11.17-18.08.15:274][  0]LogAssetRegistry: FAssetRegistry took 0.0108 seconds to start up
[2015.11.17-18.08.15:485][  0]SourceControl: Info Source control is disabled
[2015.11.17-18.08.15:556][  0]SourceControl: Info Source control is disabled
[2015.11.17-18.08.15:567][  0]SourceControl: Info Source control is disabled
[2015.11.17-18.08.15:579][  0]SourceControl: Info Source control is disabled
[2015.11.17-18.08.15:667][  0]LogHoudiniEngine: Starting the Houdini Engine module.
[2015.11.17-18.08.15:668][  0]LogHoudiniEngine: Loaded libHAPIL.dll from Registry path C:\Program Files\Side Effects Software\Houdini 15.0.244.16/bin
[2015.11.17-18.08.15:670][  0]LogLinker:Warning: Asset '../../../Engine/Plugins/Runtime/HoudiniEngine/Content/houdini_logo.uasset' has been saved with empty engine version. The asset will be loaded but may be incompatible.
[2015.11.17-18.08.15:672][  0]LogLinker:Warning: Asset '../../../Engine/Plugins/Runtime/HoudiniEngine/Content/houdini_default_material.uasset' has been saved with empty engine version. The asset will be loaded but may be incompatible.
[2015.11.17-18.08.16:587][  0]LogHoudiniEngine: Successfully intialized the Houdini Engine API module.
[2015.11.17-18.08.16:693][  0]LogLinker:Warning: Asset '../../../Engine/Plugins/Runtime/LeapMotionController/Content/LM_PassthroughMaterial.uasset' has been saved with empty engine version. The asset will be loaded but may be incompatible.
[2015.11.17-18.08.16:791][  0]LeapPluginLog: Using LeapPlugin version 0.9.6
[2015.11.17-18.08.16:796][  0]LogObj: 29100 objects as part of root set at end of initial load.
[2015.11.17-18.08.16:796][  0]LogUObjectAllocator: 6175168 out of 0 bytes used by permanent object pool.
[2015.11.17-18.08.16:873][  0]LogEngine: Initializing Engine...
[2015.11.17-18.08.16:874][  0]OCULUS: Info: 11/17/15 18:08:16: [CAPI] LibOVR module is located at C:\Windows\SYSTEM32\LibOVRRT64_0_7.dll

[2015.11.17-18.08.17:475][  0]OCULUS: Error: 11/17/15 18:08:17: [CAPI] ovr_Create failed to complete within the timeout period.
[2015.11.17-18.08.17:578][  0]LogHMD: SteamVR failed to initialize.  Err: 110
[2015.11.17-18.08.17:743][  0]LogAIModule: Creating AISystem for world NewWorld
[2015.11.17-18.08.17:756][  0]LogInit: XAudio2 using 'Headphone (Realtek High Definition Audio)' : 2 channels at 48 kHz using 32 bits per sample (channel mask 0x3)
[2015.11.17-18.08.17:904][  0]LogInit: FAudioDevice initialized.
[2015.11.17-18.08.18:038][  0]LogDerivedDataCache: Saved boot cache 0.13s 42MB C:/Users/croda/AppData/Local/UnrealEngine/4.9/DerivedDataCache/Boot.ddc.
[2015.11.17-18.08.18:041][  0]LogInit: Texture streaming: Enabled
[2015.11.17-18.08.18:050][  0]LogAnalytics: Creating configured Analytics provider AnalyticsET
[2015.11.17-18.08.18:050][  0]LogAnalytics: [UEEditor.Rocket.Release] APIServer = http://et2.epicgames.com/ET2/. AppVersion = 4.9.2-2707645+++depot+UE4-Releases+4.9
[2015.11.17-18.08.18:050][  0]LogAnalytics: [UEEditor.Rocket.Release] SetUserId 38384f7f4fe22369eef2c4908fb1257c|6dee01914e174258b8c89718799d58e5|4a372342-4369-4fb5-aabc-8ff6b2bfbeff
[2015.11.17-18.08.18:050][  0]LogAnalytics: [UEEditor.Rocket.Release] AnalyticsET::StartSession
[2015.11.17-18.08.18:065][  0]LogWindowsTextInputMethodSystem:Display: IME system now deactivated.
[2015.11.17-18.08.18:065][  0]LogWindowsTextInputMethodSystem:Display: IME system now deactivated.
[2015.11.17-18.08.18:128][  0]LogInit: Transaction tracking system initialized
[2015.11.17-18.08.18:191][  0]BlueprintLog: New page: Editor Load
[2015.11.17-18.08.18:312][  0]LocalizationService: Info Localization service is disabled
[2015.11.17-18.08.18:404][  0]LogConsoleResponse:Display: 
[2015.11.17-18.08.18:570][  0]LogCook:Display: Done creating registry. It took  0.00s.
[2015.11.17-18.08.18:611][  0]LogFileCache: Scanning file cache for directory 'C:/Users/croda/Documents/Unreal Projects/SantaSearch/Content/' took 0.02s
[2015.11.17-18.08.18:611][  0]LogHoudiniEngineEditor: Starting the Houdini Engine Editor module.
[2015.11.17-18.08.18:657][  0]SourceControl: Info Source control is disabled
[2015.11.17-18.08.18:657][  0]Cmd: MAP LOAD FILE="../../../../../../Users/croda/Documents/Unreal Projects/SantaSearch/Content/Maps/MemoryCardEntry.umap" TEMPLATE=0 SHOWPROGRESS=1 FEATURELEVEL=3
[2015.11.17-18.08.18:658][  0]LightingResults: New page: Lighting Build
[2015.11.17-18.08.18:661][  0]MapCheck: New page: Map Check
[2015.11.17-18.08.18:661][  0]LightingResults: New page: Lighting Build
[2015.11.17-18.08.18:674][  0]LogParticles: Destroying 0 GPU particle simulations for FXSystem 0x000000DB582402C0
[2015.11.17-18.08.18:892][  0]LogBlueprint:Warning: [compiler Ue4ASP_Character] Warning InputAction Event references unknown Action 'Crouch' for  InputAction Crouch 
[2015.11.17-18.08.18:892][  0]LogBlueprint:Warning: [compiler Ue4ASP_Character] Warning InputAction Event references unknown Action 'Jump' for  InputAction Jump 
[2015.11.17-18.08.18:892][  0]LogBlueprint:Warning: [compiler Ue4ASP_Character] Warning Input Axis Event references unknown Axis 'LookUp' for  InputAxis LookUp 
[2015.11.17-18.08.18:892][  0]LogBlueprint:Warning: [compiler Ue4ASP_Character] Warning Input Axis Event references unknown Axis 'Turn' for  InputAxis Turn 
[2015.11.17-18.08.18:892][  0]LogBlueprint:Warning: [compiler Ue4ASP_Character] Warning Input Axis Event references unknown Axis 'MoveRight' for  InputAxis MoveRight 
[2015.11.17-18.08.18:893][  0]LogBlueprint:Warning: [compiler Ue4ASP_Character] Warning Input Axis Event references unknown Axis 'MoveForward' for  InputAxis MoveForward 
[2015.11.17-18.08.18:896][  0]LogBlueprint:Warning: [compiler Ue4ASP_Character] Warning [0008.41] Compile of Ue4ASP_Character successful, but with 6 Warning(s) [in 8 ms]
[2015.11.17-18.08.18:896][  0]LogBlueprint:Warning: [compiler Ue4ASP_Character] Warning [0008.41] Compile of Ue4ASP_Character successful, but with 7 Warning(s) [in 0 ms]
[2015.11.17-18.08.18:896][  0]LogBlueprint:Warning: [compiler Ue4ASP_Character] Warning [0008.41] Compile of Ue4ASP_Character successful, but with 8 Warning(s) [in 0 ms]
[2015.11.17-18.08.18:939][  0]LogBlueprint:Warning: [compiler Ue4ASP_Character] Warning InputAction Event references unknown Action 'Crouch' for  InputAction Crouch 
[2015.11.17-18.08.18:939][  0]LogBlueprint:Warning: [compiler Ue4ASP_Character] Warning InputAction Event references unknown Action 'Jump' for  InputAction Jump 
[2015.11.17-18.08.18:939][  0]LogBlueprint:Warning: [compiler Ue4ASP_Character] Warning Input Axis Event references unknown Axis 'LookUp' for  InputAxis LookUp 
[2015.11.17-18.08.18:940][  0]LogBlueprint:Warning: [compiler Ue4ASP_Character] Warning Input Axis Event references unknown Axis 'Turn' for  InputAxis Turn 
[2015.11.17-18.08.18:940][  0]LogBlueprint:Warning: [compiler Ue4ASP_Character] Warning Input Axis Event references unknown Axis 'MoveRight' for  InputAxis MoveRight 
[2015.11.17-18.08.18:941][  0]LogBlueprint:Warning: [compiler Ue4ASP_Character] Warning Input Axis Event references unknown Axis 'MoveForward' for  InputAxis MoveForward 
[2015.11.17-18.08.18:945][  0]LogBlueprint:Warning: [compiler Ue4ASP_Character] Warning [0008.46] Compile of Ue4ASP_Character successful, but with 6 Warning(s) [in 11 ms]
[2015.11.17-18.08.18:945][  0]LogBlueprint:Warning: [compiler Ue4ASP_Character] Warning [0008.46] Compile of Ue4ASP_Character successful, but with 7 Warning(s) [in 0 ms]
[2015.11.17-18.08.18:946][  0]LogBlueprint:Warning: [compiler Ue4ASP_Character] Warning [0008.46] Compile of Ue4ASP_Character successful, but with 8 Warning(s) [in 0 ms]
[2015.11.17-18.08.19:587][  0]LogBlueprint:Warning: ExposeOnSpawn ambiguity. Property 'IntProperty /Game/Blueprints/BP_CardMem.BP_CardMem_C:CardIType', MetaData 'True', Flag 'False'
[2015.11.17-18.08.19:886][  0]LogProperty:Error: UStructProperty::Serialize Loading: Property 'StructProperty /LeapMotion/Character/Basic/BasicCharacter_AnimBlueprint.BasicCharacter_AnimBlueprint_C:AnimGraphNode_Fabrik_8C904C7A415FB588652E8A91FDC811AE'. Unknown structure.
[2015.11.17-18.08.19:887][  0]LogProperty:Error: UStructProperty::Serialize Loading: Property 'StructProperty /LeapMotion/Character/Basic/BasicCharacter_AnimBlueprint.BasicCharacter_AnimBlueprint_C:AnimGraphNode_Fabrik_416EC86F435836563C4E49AD6D016C3C'. Unknown structure.
[2015.11.17-18.08.19:887][  0]LogProperty:Error: UStructProperty::Serialize Loading: Property 'StructProperty /LeapMotion/Character/Basic/BasicCharacter_AnimBlueprint.BasicCharacter_AnimBlueprint_C:AnimGraphNode_Fabrik_9FF4326C4CAD2373B92D6F9E3AC3F57A'. Unknown structure.
[2015.11.17-18.08.19:889][  0]LogAnimation:Warning: Invalid animation root node index 54 on '/LeapMotion/Character/Basic/BasicCharacter_AnimBlueprint.BasicCharacter_AnimBlueprint_C' (only 52 nodes)
[2015.11.17-18.08.25:622][  0]LogOutputDevice: === Handled error: ===

Ensure condition failed: bValidRootIndex [File:D:\BuildFarm\buildmachine_++depot+UE4-Releases+4.9\Engine\Source\Runtime\Engine\Private\Animation\AnimBlueprintGeneratedClass.cpp] [Line: 234]

Stack: 
UE4Editor-Core.dll!FWindowsPlatformStackWalk::StackWalkAndDump() [d:\buildfarm\buildmachine_++depot+ue4-releases+4.9\engine\source\runtime\core\private\windows\windowsplatformstackwalk.cpp:175]
UE4Editor-Core.dll!FDebug::EnsureFailed() [d:\buildfarm\buildmachine_++depot+ue4-releases+4.9\engine\source\runtime\core\private\misc\outputdevice.cpp:258]
UE4Editor-Core.dll!FDebug::OptionallyLogFormattedEnsureMessageReturningFalse() [d:\buildfarm\buildmachine_++depot+ue4-releases+4.9\engine\source\runtime\core\private\misc\outputdevice.cpp:368]
UE4Editor-Engine.dll!UAnimBlueprintGeneratedClass::Link() [d:\buildfarm\buildmachine_++depot+ue4-releases+4.9\engine\source\runtime\engine\private\animation\animblueprintgeneratedclass.cpp:234]
UE4Editor-CoreUObject.dll!UClass::Serialize() [d:\buildfarm\buildmachine_++depot+ue4-releases+4.9\engine\source\runtime\coreuobject\private\uobject\class.cpp:3393]
UE4Editor-Engine.dll!UBlueprintGeneratedClass::Serialize() [d:\buildfarm\buildmachine_++depot+ue4-releases+4.9\engine\source\runtime\engine\private\blueprintgeneratedclass.cpp:757]
UE4Editor-CoreUObject.dll!FLinkerLoad::Preload() [d:\buildfarm\buildmachine_++depot+ue4-releases+4.9\engine\source\runtime\coreuobject\private\uobject\linkerload.cpp:3143]
UE4Editor-CoreUObject.dll!FLinkerLoad::CreateExport() [d:\buildfarm\buildmachine_++depot+ue4-releases+4.9\engine\source\runtime\coreuobject\private\uobject\linkerload.cpp:3792]
UE4Editor-CoreUObject.dll!FLinkerLoad::IndexToObject() [d:\buildfarm\buildmachine_++depot+ue4-releases+4.9\engine\source\runtime\coreuobject\private\uobject\linkerload.cpp:3982]
UE4Editor-CoreUObject.dll!FLinkerLoad::CreateExport() [d:\buildfarm\buildmachine_++depot+ue4-releases+4.9\engine\source\runtime\coreuobject\private\uobject\linkerload.cpp:3505]
UE4Editor-CoreUObject.dll!FLinkerLoad::CreateExportAndPreload() [d:\buildfarm\buildmachine_++depot+ue4-releases+4.9\engine\source\runtime\coreuobject\private\uobject\linkerload.cpp:2661]
UE4Editor-CoreUObject.dll!FLinkerLoad::LoadAllObjects() [d:\buildfarm\buildmachine_++depot+ue4-releases+4.9\engine\source\runtime\coreuobject\private\uobject\linkerload.cpp:2769]
UE4Editor-CoreUObject.dll!LoadPackageInternal() [d:\buildfarm\buildmachine_++depot+ue4-releases+4.9\engine\source\runtime\coreuobject\private\uobject\uobjectglobals.cpp:1032]
UE4Editor-CoreUObject.dll!FLinkerLoad::VerifyImportInner() [d:\buildfarm\buildmachine_++depot+ue4-releases+4.9\engine\source\runtime\coreuobject\private\uobject\linkerload.cpp:2354]
UE4Editor-CoreUObject.dll!FLinkerLoad::VerifyImport() [d:\buildfarm\buildmachine_++depot+ue4-releases+4.9\engine\source\runtime\coreuobject\private\uobject\linkerload.cpp:2115]
UE4Editor-CoreUObject.dll!FLinkerLoad::VerifyImportInner() [d:\buildfarm\buildmachine_++depot+ue4-releases+4.9\engine\source\runtime\coreuobject\private\uobject\linkerload.cpp:2402]
UE4Editor-CoreUObject.dll!FLinkerLoad::VerifyImport() [d:\buildfarm\buildmachine_++depot+ue4-releases+4.9\engine\source\runtime\coreuobject\private\uobject\linkerload.cpp:2115]
UE4Editor-CoreUObject.dll!FLinkerLoad::Verify() [d:\buildfarm\buildmachine_++depot+ue4-releases+4.9\engine\source\runtime\coreuobject\private\uobject\linkerload.cpp:1905]
UE4Editor-CoreUObject.dll!FLinkerLoad::FinalizeCreation() [d:\buildfarm\buildmachine_++depot+ue4-releases+4.9\engine\source\runtime\coreuobject\private\uobject\linkerload.cpp:1815]
UE4Editor-CoreUObject.dll!FLinkerLoad::Tick() [d:\buildfarm\buildmachine_++depot+ue4-releases+4.9\engine\source\runtime\coreuobject\private\uobject\linkerload.cpp:666]
UE4Editor-CoreUObject.dll!FLinkerLoad::CreateLinker() [d:\buildfarm\buildmachine_++depot+ue4-releases+4.9\engine\source\runtime\coreuobject\private\uobject\linkerload.cpp:404]
UE4Editor-CoreUObject.dll!GetPackageLinker() [d:\buildfarm\buildmachine_++depot+ue4-releases+4.9\engine\source\runtime\coreuobject\private\uobject\linker.cpp:570]
UE4Editor-CoreUObject.dll!LoadPackageInternal() [d:\buildfarm\buildmachine_++depot+ue4-releases+4.9\engine\source\runtime\coreuobject\private\uobject\uobjectglobals.cpp:936]
UE4Editor-CoreUObject.dll!FLinkerLoad::VerifyImportInner() [d:\buildfarm\buildmachine_++depot+ue4-releases+4.9\engine\source\runtime\coreuobject\private\uobject\linkerload.cpp:2354]
UE4Editor-CoreUObject.dll!FLinkerLoad::VerifyImport() [d:\buildfarm\buildmachine_++depot+ue4-releases+4.9\engine\source\runtime\coreuobject\private\uobject\linkerload.cpp:2115]
UE4Editor-CoreUObject.dll!FLinkerLoad::VerifyImportInner() [d:\buildfarm\buildmachine_++depot+ue4-releases+4.9\engine\source\runtime\coreuobject\private\uobject\linkerload.cpp:2402]
UE4Editor-CoreUObject.dll!FLinkerLoad::VerifyImport() [d:\buildfarm\buildmachine_++depot+ue4-releases+4.9\engine\source\runtime\coreuobject\private\uobject\linkerload.cpp:2115]
UE4Editor-CoreUObject.dll!FLinkerLoad::CreateImport() [d:\buildfarm\buildmachine_++depot+ue4-releases+4.9\engine\source\runtime\coreuobject\private\uobject\linkerload.cpp:3926]
UE4Editor-CoreUObject.dll!FLinkerLoad::ResolveAllImports() [d:\buildfarm\buildmachine_++depot+ue4-releases+4.9\engine\source\runtime\coreuobject\private\blueprint\blueprintsupport.cpp:1026]
UE4Editor-CoreUObject.dll!FLinkerLoad::FinalizeBlueprint() [d:\buildfarm\buildmachine_++depot+ue4-releases+4.9\engine\source\runtime\coreuobject\private\blueprint\blueprintsupport.cpp:1103]
UE4Editor-CoreUObject.dll!FLinkerLoad::Preload() [d:\buildfarm\buildmachine_++depot+ue4-releases+4.9\engine\source\runtime\coreuobject\private\uobject\linkerload.cpp:3190]
UE4Editor-CoreUObject.dll!FLinkerLoad::CreateExport() [d:\buildfarm\buildmachine_++depot+ue4-releases+4.9\engine\source\runtime\coreuobject\private\uobject\linkerload.cpp:3792]
UE4Editor-CoreUObject.dll!FLinkerLoad::IndexToObject() [d:\buildfarm\buildmachine_++depot+ue4-releases+4.9\engine\source\runtime\coreuobject\private\uobject\linkerload.cpp:3982]
UE4Editor-CoreUObject.dll!FLinkerLoad::CreateExport() [d:\buildfarm\buildmachine_++depot+ue4-releases+4.9\engine\source\runtime\coreuobject\private\uobject\linkerload.cpp:3505]
UE4Editor-CoreUObject.dll!FLinkerLoad::IndexToObject() [d:\buildfarm\buildmachine_++depot+ue4-releases+4.9\engine\source\runtime\coreuobject\private\uobject\linkerload.cpp:3982]
UE4Editor-CoreUObject.dll!FLinkerLoad::CreateExport() [d:\buildfarm\buildmachine_++depot+ue4-releases+4.9\engine\source\runtime\coreuobject\private\uobject\linkerload.cpp:3505]
UE4Editor-CoreUObject.dll!FLinkerLoad::CreateExportAndPreload() [d:\buildfarm\buildmachine_++depot+ue4-releases+4.9\engine\source\runtime\coreuobject\private\uobject\linkerload.cpp:2661]
UE4Editor-CoreUObject.dll!FLinkerLoad::LoadAllObjects() [d:\buildfarm\buildmachine_++depot+ue4-releases+4.9\engine\source\runtime\coreuobject\private\uobject\linkerload.cpp:2769]
UE4Editor-CoreUObject.dll!LoadPackageInternal() [d:\buildfarm\buildmachine_++depot+ue4-releases+4.9\engine\source\runtime\coreuobject\private\uobject\uobjectglobals.cpp:1032]
UE4Editor-CoreUObject.dll!FLinkerLoad::VerifyImportInner() [d:\buildfarm\buildmachine_++depot+ue4-releases+4.9\engine\source\runtime\coreuobject\private\uobject\linkerload.cpp:2354]
UE4Editor-CoreUObject.dll!FLinkerLoad::VerifyImport() [d:\buildfarm\buildmachine_++depot+ue4-releases+4.9\engine\source\runtime\coreuobject\private\uobject\linkerload.cpp:2115]
UE4Editor-CoreUObject.dll!FLinkerLoad::VerifyImportInner() [d:\buildfarm\buildmachine_++depot+ue4-releases+4.9\engine\source\runtime\coreuobject\private\uobject\linkerload.cpp:2402]
UE4Editor-CoreUObject.dll!FLinkerLoad::VerifyImport() [d:\buildfarm\buildmachine_++depot+ue4-releases+4.9\engine\source\runtime\coreuobject\private\uobject\linkerload.cpp:2115]
UE4Editor-CoreUObject.dll!FLinkerLoad::Verify() [d:\buildfarm\buildmachine_++depot+ue4-releases+4.9\engine\source\runtime\coreuobject\private\uobject\linkerload.cpp:1905]
UE4Editor-CoreUObject.dll!FLinkerLoad::FinalizeCreation() [d:\buildfarm\buildmachine_++depot+ue4-releases+4.9\engine\source\runtime\coreuobject\private\uobject\linkerload.cpp:1815]
UE4Editor-CoreUObject.dll!FLinkerLoad::Tick() [d:\buildfarm\buildmachine_++depot+ue4-releases+4.9\engine\source\runtime\coreuobject\private\uobject\linkerload.cpp:666]
UE4Editor-CoreUObject.dll!FLinkerLoad::CreateLinker() [d:\buildfarm\buildmachine_++depot+ue4-releases+4.9\engine\source\runtime\coreuobject\private\uobject\linkerload.cpp:404]
UE4Editor-CoreUObject.dll!GetPackageLinker() [d:\buildfarm\buildmachine_++depot+ue4-releases+4.9\engine\source\runtime\coreuobject\private\uobject\linker.cpp:570]
UE4Editor-CoreUObject.dll!LoadPackageInternal() [d:\buildfarm\buildmachine_++depot+ue4-releases+4.9\engine\source\runtime\coreuobject\private\uobject\uobjectglobals.cpp:936]
UE4Editor-CoreUObject.dll!FLinkerLoad::VerifyImportInner() [d:\buildfarm\buildmachine_++depot+ue4-releases+4.9\engine\source\runtime\coreuobject\private\uobject\linkerload.cpp:2354]
UE4Editor-CoreUObject.dll!FLinkerLoad::VerifyImport() [d:\buildfarm\buildmachine_++depot+ue4-releases+4.9\engine\source\runtime\coreuobject\private\uobject\linkerload.cpp:2115]
UE4Editor-CoreUObject.dll!FLinkerLoad::VerifyImportInner() [d:\buildfarm\buildmachine_++depot+ue4-releases+4.9\engine\source\runtime\coreuobject\private\uobject\linkerload.cpp:2402]
UE4Editor-CoreUObject.dll!FLinkerLoad::VerifyImport() [d:\buildfarm\buildmachine_++depot+ue4-releases+4.9\engine\source\runtime\coreuobject\private\uobject\linkerload.cpp:2115]
UE4Editor-CoreUObject.dll!FLinkerLoad::Verify() [d:\buildfarm\buildmachine_++depot+ue4-releases+4.9\engine\source\runtime\coreuobject\private\uobject\linkerload.cpp:1905]
UE4Editor-CoreUObject.dll!FLinkerLoad::FinalizeCreation() [d:\buildfarm\buildmachine_++depot+ue4-releases+4.9\engine\source\runtime\coreuobject\private\uobject\linkerload.cpp:1815]
UE4Editor-CoreUObject.dll!FLinkerLoad::Tick() [d:\buildfarm\buildmachine_++depot+ue4-releases+4.9\engine\source\runtime\coreuobject\private\uobject\linkerload.cpp:666]
UE4Editor-CoreUObject.dll!FLinkerLoad::CreateLinker() [d:\buildfarm\buildmachine_++depot+ue4-releases+4.9\engine\source\runtime\coreuobject\private\uobject\linkerload.cpp:404]
UE4Editor-CoreUObject.dll!GetPackageLinker() [d:\buildfarm\buildmachine_++depot+ue4-releases+4.9\engine\source\runtime\coreuobject\private\uobject\linker.cpp:570]
UE4Editor-CoreUObject.dll!LoadPackageInternal() [d:\buildfarm\buildmachine_++depot+ue4-releases+4.9\engine\source\runtime\coreuobject\private\uobject\uobjectglobals.cpp:936]
UE4Editor-CoreUObject.dll!FLinkerLoad::VerifyImportInner() [d:\buildfarm\buildmachine_++depot+ue4-releases+4.9\engine\source\runtime\coreuobject\private\uobject\linkerload.cpp:2354]
UE4Editor-CoreUObject.dll!FLinkerLoad::VerifyImport() [d:\buildfarm\buildmachine_++depot+ue4-releases+4.9\engine\source\runtime\coreuobject\private\uobject\linkerload.cpp:2115]
UE4Editor-CoreUObject.dll!FLinkerLoad::VerifyImportInner() [d:\buildfarm\buildmachine_++depot+ue4-releases+4.9\engine\source\runtime\coreuobject\private\uobject\linkerload.cpp:2402]
UE4Editor-CoreUObject.dll!FLinkerLoad::VerifyImport() [d:\buildfarm\buildmachine_++depot+ue4-releases+4.9\engine\source\runtime\coreuobject\private\uobject\linkerload.cpp:2115]
UE4Editor-CoreUObject.dll!FLinkerLoad::Verify() [d:\buildfarm\buildmachine_++depot+ue4-releases+4.9\engine\source\runtime\coreuobject\private\uobject\linkerload.cpp:1905]
UE4Editor-CoreUObject.dll!FLinkerLoad::FinalizeCreation() [d:\buildfarm\buildmachine_++depot+ue4-releases+4.9\engine\source\runtime\coreuobject\private\uobject\linkerload.cpp:1815]
UE4Editor-CoreUObject.dll!FLinkerLoad::Tick() [d:\buildfarm\buildmachine_++depot+ue4-releases+4.9\engine\source\runtime\coreuobject\private\uobject\linkerload.cpp:666]
UE4Editor-CoreUObject.dll!FLinkerLoad::CreateLinker() [d:\buildfarm\buildmachine_++depot+ue4-releases+4.9\engine\source\runtime\coreuobject\private\uobject\linkerload.cpp:404]
UE4Editor-CoreUObject.dll!GetPackageLinker() [d:\buildfarm\buildmachine_++depot+ue4-releases+4.9\engine\source\runtime\coreuobject\private\uobject\linker.cpp:570]
UE4Editor-CoreUObject.dll!LoadPackageInternal() [d:\buildfarm\buildmachine_++depot+ue4-releases+4.9\engine\source\runtime\coreuobject\private\uobject\uobjectglobals.cpp:936]
UE4Editor-CoreUObject.dll!FLinkerLoad::VerifyImportInner() [d:\buildfarm\buildmachine_++depot+ue4-releases+4.9\engine\source\runtime\coreuobject\private\uobject\linkerload.cpp:2354]
UE4Editor-CoreUObject.dll!FLinkerLoad::VerifyImport() [d:\buildfarm\buildmachine_++depot+ue4-releases+4.9\engine\source\runtime\coreuobject\private\uobject\linkerload.cpp:2115]
UE4Editor-CoreUObject.dll!FLinkerLoad::VerifyImportInner() [d:\buildfarm\buildmachine_++depot+ue4-releases+4.9\engine\source\runtime\coreuobject\private\uobject\linkerload.cpp:2402]
UE4Editor-CoreUObject.dll!FLinkerLoad::VerifyImport() [d:\buildfarm\buildmachine_++depot+ue4-releases+4.9\engine\source\runtime\coreuobject\private\uobject\linkerload.cpp:2115]
UE4Editor-CoreUObject.dll!FLinkerLoad::Verify() [d:\buildfarm\buildmachine_++depot+ue4-releases+4.9\engine\source\runtime\coreuobject\private\uobject\linkerload.cpp:1905]
UE4Editor-CoreUObject.dll!FLinkerLoad::FinalizeCreation() [d:\buildfarm\buildmachine_++depot+ue4-releases+4.9\engine\source\runtime\coreuobject\private\uobject\linkerload.cpp:1815]
UE4Editor-CoreUObject.dll!FLinkerLoad::Tick() [d:\buildfarm\buildmachine_++depot+ue4-releases+4.9\engine\source\runtime\coreuobject\private\uobject\linkerload.cpp:666]
UE4Editor-CoreUObject.dll!FLinkerLoad::CreateLinker() [d:\buildfarm\buildmachine_++depot+ue4-releases+4.9\engine\source\runtime\coreuobject\private\uobject\linkerload.cpp:404]
UE4Editor-CoreUObject.dll!GetPackageLinker() [d:\buildfarm\buildmachine_++depot+ue4-releases+4.9\engine\source\runtime\coreuobject\private\uobject\linker.cpp:570]
UE4Editor-CoreUObject.dll!LoadPackageInternal() [d:\buildfarm\buildmachine_++depot+ue4-releases+4.9\engine\source\runtime\coreuobject\private\uobject\uobjectglobals.cpp:936]
UE4Editor-CoreUObject.dll!FLinkerLoad::VerifyImportInner() [d:\buildfarm\buildmachine_++depot+ue4-releases+4.9\engine\source\runtime\coreuobject\private\uobject\linkerload.cpp:2354]
UE4Editor-CoreUObject.dll!FLinkerLoad::VerifyImport() [d:\buildfarm\buildmachine_++depot+ue4-releases+4.9\engine\source\runtime\coreuobject\private\uobject\linkerload.cpp:2115]
UE4Editor-CoreUObject.dll!FLinkerLoad::VerifyImportInner() [d:\buildfarm\buildmachine_++depot+ue4-releases+4.9\engine\source\runtime\coreuobject\private\uobject\linkerload.cpp:2402]
UE4Editor-CoreUObject.dll!FLinkerLoad::VerifyImport() [d:\buildfarm\buildmachine_++depot+ue4-releases+4.9\engine\source\runtime\coreuobject\private\uobject\linkerload.cpp:2115]
UE4Editor-CoreUObject.dll!FLinkerLoad::VerifyImportInner() [d:\buildfarm\buildmachine_++depot+ue4-releases+4.9\engine\source\runtime\coreuobject\private\uobject\linkerload.cpp:2402]
UE4Editor-CoreUObject.dll!FLinkerLoad::VerifyImport() [d:\buildfarm\buildmachine_++depot+ue4-releases+4.9\engine\source\runtime\coreuobject\private\uobject\linkerload.cpp:2115]
UE4Editor-CoreUObject.dll!FLinkerLoad::Verify() [d:\buildfarm\buildmachine_++depot+ue4-releases+4.9\engine\source\runtime\coreuobject\private\uobject\linkerload.cpp:1905]
UE4Editor-CoreUObject.dll!FLinkerLoad::FinalizeCreation() [d:\buildfarm\buildmachine_++depot+ue4-releases+4.9\engine\source\runtime\coreuobject\private\uobject\linkerload.cpp:1815]
UE4Editor-CoreUObject.dll!FLinkerLoad::Tick() [d:\buildfarm\buildmachine_++depot+ue4-releases+4.9\engine\source\runtime\coreuobject\private\uobject\linkerload.cpp:666]
UE4Editor-CoreUObject.dll!FLinkerLoad::CreateLinker() [d:\buildfarm\buildmachine_++depot+ue4-releases+4.9\engine\source\runtime\coreuobject\private\uobject\linkerload.cpp:404]
UE4Editor-CoreUObject.dll!GetPackageLinker() [d:\buildfarm\buildmachine_++depot+ue4-releases+4.9\engine\source\runtime\coreuobject\private\uobject\linker.cpp:570]
UE4Editor-CoreUObject.dll!LoadPackageInternal() [d:\buildfarm\buildmachine_++depot+ue4-releases+4.9\engine\source\runtime\coreuobject\private\uobject\uobjectglobals.cpp:936]
UE4Editor-UnrealEd.dll
[2015.11.17-18.08.26:102][  0]LogAnimation:Warning: Invalid animation root node index 54 on '/LeapMotion/Character/Basic/BasicCharacter_AnimBlueprint.BasicCharacter_AnimBlueprint_C' (only 52 nodes)
[2015.11.17-18.08.26:457][  0]LogAnimation:Warning: Invalid animation root node index 54 on '/Engine/Transient.REINST_BasicCharacter_AnimBlueprint_C_2' (only 52 nodes)
[2015.11.17-18.08.26:598][  0]LogClass:Warning: Property AnimGraphNode_Fabrik_8C904C7A415FB588652E8A91FDC811AE of BasicCharacter_AnimBlueprint_C has a struct type mismatch (tag FallbackStruct != prop AnimNode_Fabrik) in package:  FObjectReader. If that struct got renamed, add an entry to ActiveStructRedirects.
[2015.11.17-18.08.26:598][  0]LogClass:Warning: Property AnimGraphNode_Fabrik_416EC86F435836563C4E49AD6D016C3C of BasicCharacter_AnimBlueprint_C has a struct type mismatch (tag FallbackStruct != prop AnimNode_Fabrik) in package:  FObjectReader. If that struct got renamed, add an entry to ActiveStructRedirects.
[2015.11.17-18.08.26:598][  0]LogClass:Warning: Property AnimGraphNode_Fabrik_9FF4326C4CAD2373B92D6F9E3AC3F57A of BasicCharacter_AnimBlueprint_C has a struct type mismatch (tag FallbackStruct != prop AnimNode_Fabrik) in package:  FObjectReader. If that struct got renamed, add an entry to ActiveStructRedirects.
[2015.11.17-18.08.26:875][  0]LogBlueprint:Warning: [compiler LeapBasicRiggedCharacter] Warning InputAction Event references unknown Action 'Jump' for  InputAction Jump 
[2015.11.17-18.08.26:875][  0]LogBlueprint:Warning: [compiler LeapBasicRiggedCharacter] Warning Input Axis Event references unknown Axis 'LookUpRate' for  InputAxis LookUpRate 
[2015.11.17-18.08.26:875][  0]LogBlueprint:Warning: [compiler LeapBasicRiggedCharacter] Warning Input Axis Event references unknown Axis 'TurnRate' for  InputAxis TurnRate 
[2015.11.17-18.08.26:875][  0]LogBlueprint:Warning: [compiler LeapBasicRiggedCharacter] Warning Input Axis Event references unknown Axis 'Turn' for  InputAxis Turn 
[2015.11.17-18.08.26:876][  0]LogBlueprint:Warning: [compiler LeapBasicRiggedCharacter] Warning Input Axis Event references unknown Axis 'LookUp' for  InputAxis LookUp 
[2015.11.17-18.08.26:876][  0]LogBlueprint:Warning: [compiler LeapBasicRiggedCharacter] Warning Input Axis Event references unknown Axis 'MoveRight' for  InputAxis MoveRight 
[2015.11.17-18.08.26:876][  0]LogBlueprint:Warning: [compiler LeapBasicRiggedCharacter] Warning Input Axis Event references unknown Axis 'MoveForward' for  InputAxis MoveForward 
[2015.11.17-18.08.26:881][  0]LogBlueprint:Warning: [compiler LeapBasicRiggedCharacter] Warning [0016.40] Compile of LeapBasicRiggedCharacter successful, but with 7 Warning(s) [in 13 ms]
[2015.11.17-18.08.26:881][  0]LogBlueprint:Warning: [compiler LeapBasicRiggedCharacter] Warning [0016.40] Compile of LeapBasicRiggedCharacter successful, but with 8 Warning(s) [in 0 ms]
[2015.11.17-18.08.26:881][  0]LogBlueprint:Warning: [compiler LeapBasicRiggedCharacter] Warning [0016.40] Compile of LeapBasicRiggedCharacter successful, but with 9 Warning(s) [in 0 ms]
[2015.11.17-18.08.27:353][  0]LogBlueprint:Warning: [compiler LeapBasicRiggedCharacter] Warning InputAction Event references unknown Action 'Jump' for  InputAction Jump 
[2015.11.17-18.08.27:354][  0]LogBlueprint:Warning: [compiler LeapBasicRiggedCharacter] Warning Input Axis Event references unknown Axis 'LookUpRate' for  InputAxis LookUpRate 
[2015.11.17-18.08.27:354][  0]LogBlueprint:Warning: [compiler LeapBasicRiggedCharacter] Warning Input Axis Event references unknown Axis 'TurnRate' for  InputAxis TurnRate 
[2015.11.17-18.08.27:354][  0]LogBlueprint:Warning: [compiler LeapBasicRiggedCharacter] Warning Input Axis Event references unknown Axis 'Turn' for  InputAxis Turn 
[2015.11.17-18.08.27:354][  0]LogBlueprint:Warning: [compiler LeapBasicRiggedCharacter] Warning Input Axis Event references unknown Axis 'LookUp' for  InputAxis LookUp 
[2015.11.17-18.08.27:354][  0]LogBlueprint:Warning: [compiler LeapBasicRiggedCharacter] Warning Input Axis Event references unknown Axis 'MoveRight' for  InputAxis MoveRight 
[2015.11.17-18.08.27:355][  0]LogBlueprint:Warning: [compiler LeapBasicRiggedCharacter] Warning Input Axis Event references unknown Axis 'MoveForward' for  InputAxis MoveForward 
[2015.11.17-18.08.27:358][  0]LogBlueprint:Warning: [compiler LeapBasicRiggedCharacter] Warning [0016.87] Compile of LeapBasicRiggedCharacter successful, but with 7 Warning(s) [in 10 ms]
[2015.11.17-18.08.27:358][  0]LogBlueprint:Warning: [compiler LeapBasicRiggedCharacter] Warning [0016.87] Compile of LeapBasicRiggedCharacter successful, but with 8 Warning(s) [in 0 ms]
[2015.11.17-18.08.27:358][  0]LogBlueprint:Warning: [compiler LeapBasicRiggedCharacter] Warning [0016.87] Compile of LeapBasicRiggedCharacter successful, but with 9 Warning(s) [in 0 ms]
[2015.11.17-18.08.28:568][  0]LogAIModule: Creating AISystem for world MemoryCardEntry
[2015.11.17-18.08.28:586][  0]LogEditorServer: Finished looking for orphan Actors (0.000 secs)
[2015.11.17-18.08.28:587][  0]Cmd: MAP CHECKDEP NOCLEARLOG
[2015.11.17-18.08.28:809][  0]MapCheck: Info Map check complete: 0 Error(s), 0 Warning(s), took 220.618ms to complete.
[2015.11.17-18.08.28:809][  0]LogFileHelpers: Loading map 'MemoryCardEntry' took 10.151
[2015.11.17-18.08.28:966][  0]LogCollectionManager: Loaded 0 collections in 0.003539 seconds
[2015.11.17-18.08.29:010][  0]LogFileCache: Scanning file cache for directory 'C:/Users/croda/Documents/Unreal Projects/SantaSearch/Saved/Collections/' took 0.01s
[2015.11.17-18.08.29:010][  0]LogFileCache: Scanning file cache for directory 'C:/Users/croda/Documents/Unreal Projects/SantaSearch/Content/Developers/croda/Collections/' took 0.01s
[2015.11.17-18.08.29:010][  0]LogFileCache: Scanning file cache for directory 'C:/Users/croda/Documents/Unreal Projects/SantaSearch/Content/Collections/' took 0.01s
[2015.11.17-18.08.29:010][  0]LogContentBrowser: Native class hierarchy populated in 0.0080 seconds. Added 1919 classes and 342 folders.
[2015.11.17-18.08.29:028][  0]LogCollectionManager: Rebuilt the GUID cache for 0 collections in 0.000003 seconds
[2015.11.17-18.08.29:037][  0]LogContentBrowser: Native class hierarchy updated for 'WidgetCarousel' in 0.0004 seconds. Added 0 classes and 0 folders.
[2015.11.17-18.08.29:125][  0]LogContentBrowser: Native class hierarchy updated for 'AddContentDialog' in 0.0004 seconds. Added 0 classes and 0 folders.
[2015.11.17-18.08.29:130][  0]LogContentBrowser: Native class hierarchy updated for 'SceneOutliner' in 0.0004 seconds. Added 1 classes and 2 folders.
[2015.11.17-18.08.29:222][  0]LogCrashTracker: Crashtracker disabled due to settings.
[2015.11.17-18.08.29:229][  0]LogUObjectGlobals:Warning: Failed to find object 'Class None.'
[2015.11.17-18.08.29:252][  0]LogLoad: Full Startup: 18.77 seconds (BP compile: 1.21 seconds)
[2015.11.17-18.08.29:343][  0]LogContentStreaming: Texture pool size now 1000 MB
[2015.11.17-18.08.29:523][  0]LogRenderer: Reallocating scene render targets to support 876x652 (Frame:2).
[2015.11.17-18.08.30:080][ 12]LogAssetRegistry: Asset discovery search completed in 14.8176 seconds
[2015.11.17-18.08.30:080][ 12]LogCollectionManager: Rebuilt the object cache for 0 collections in 0.000001 seconds (found 0 objects)
[2015.11.17-18.08.30:080][ 12]LogCollectionManager: Fixed up redirectors for 0 collections in 0.000022 seconds (updated 0 objects)
[2015.11.17-18.08.34:600][282]LogFileCache: Retrieving MD5 hashes for directory 'C:/Users/croda/Documents/Unreal Projects/SantaSearch/Content/' took 5.32s
[2015.11.17-18.09.06:625][121]LogActorComponent: UnregisterComponent: (/Engine/Transient.CharMoveComp) Not registered. Aborting.
[2015.11.17-18.09.06:723][121]LeapPluginLog: LeapController::CleanupEventData Delete Called
[2015.11.17-18.09.06:751][121]LeapPluginLog: LeapController::CleanupEventData Delete Called
[2015.11.17-18.10.08:097][303]LogLinker:Warning: Can't find file '/Game/Assets/StarScape/skydome_bake0_0_0_0_0_main_geo'
[2015.11.17-18.10.08:097][303]LogLinker:Warning: Can't find file for asset '/Game/Assets/StarScape/skydome_bake0_0_0_0_0_main_geo' while loading ../../../../../../Users/croda/Documents/Unreal Projects/SantaSearch/Content/Assets/StarScape/skydome_BBBEDC04.uasset.
[2015.11.17-18.10.08:097][303]LoadErrors:Error: Error /Game/Assets/StarScape/skydome_BBBEDC04 : Can't find file for asset. /Game/Assets/StarScape/skydome_bake0_0_0_0_0_main_geo
[2015.11.17-18.10.08:097][303]LogLinker:Warning: Can't find file '/Game/Assets/StarScape/skydome_bake0_0_0_0_0_main_geo'
[2015.11.17-18.10.08:097][303]LogLinker:Warning: Can't find file for asset '/Game/Assets/StarScape/skydome_bake0_0_0_0_0_main_geo' while loading ../../../../../../Users/croda/Documents/Unreal Projects/SantaSearch/Content/Assets/StarScape/skydome_BBBEDC04.uasset.
[2015.11.17-18.10.08:098][303]LogLinker:Warning: Can't find file '/Game/Assets/StarScape/skydome_bake0_0_0_0_0_main_geo'
[2015.11.17-18.10.08:098][303]LogLinker:Warning: Can't find file for asset '/Game/Assets/StarScape/skydome_bake0_0_0_0_0_main_geo' while loading NULL.
[2015.11.17-18.10.08:098][303]LogLinker:Warning: Can't find file '/Game/Assets/StarScape/skydome_bake0_0_0_0_0_main_geo'
[2015.11.17-18.10.08:098][303]LogLinker:Warning: Can't find file for asset '/Game/Assets/StarScape/skydome_bake0_0_0_0_0_main_geo' while loading NULL.
[2015.11.17-18.10.08:100][303]LogLinker:Warning: Can't find file '/Game/Assets/StarScape/skydome_bake0_0_0_0_0_main_geo'
[2015.11.17-18.10.08:100][303]LoadErrors: Info Failed to load /Game/Assets/StarScape/skydome_bake0_0_0_0_0_main_geo.skydome_bake0_0_0_0_0_main_geo Referenced by StaticMeshComponent_49_GEN_VARIABLE
[2015.11.17-18.10.08:100][303]LogLinker:Warning: Can't find file for asset '/Game/Assets/StarScape/skydome_bake0_0_0_0_0_main_geo' while loading NULL.
[2015.11.17-18.10.08:173][303]LogLinker:Warning: Asset '../../../Engine/Content/ArtTools/RenderToTexture/Macros/RenderToTextureMacros.uasset' has been saved with empty engine version. The asset will be loaded but may be incompatible.
[2015.11.17-18.10.08:740][303]LogContentBrowser: Native class hierarchy updated for 'BlueprintGraph' in 0.0006 seconds. Added 107 classes and 0 folders.
[2015.11.17-18.10.12:395][489]LogRenderer: Reallocating scene render targets to support 888x652 (Frame:8723).
[2015.11.17-18.10.20:494][965]LogEditorViewport: Clicking on Actor (LMB): HoudiniAssetActor (skydome1)
[2015.11.17-18.10.29:338][493]LogActorComponent: UnregisterComponent: (/Engine/Transient.CharMoveComp) Not registered. Aborting.
[2015.11.17-18.10.29:368][493]LogParticles: Destroying 0 GPU particle simulations for FXSystem 0x000000DBEAE6DE40
[2015.11.17-18.10.43:512][148]LogActorComponent: UnregisterComponent: (/Engine/Transient.CharMoveComp) Not registered. Aborting.
[2015.11.17-18.10.48:437][325]LogActorComponent: UnregisterComponent: (/Engine/Transient.CharMoveComp) Not registered. Aborting.
[2015.11.17-18.11.24:241][212]LogActorComponent: UnregisterComponent: (/Engine/Transient.CharMoveComp) Not registered. Aborting.
[2015.11.17-18.11.31:036][313]Cmd: TRANSACTION UNDO
[2015.11.17-18.11.31:036][313]LogEditorTransaction: Undo Clicking on Actors
[2015.11.17-18.12.07:787][428]LogEditorViewport: Clicking on Actor (LMB): HoudiniAssetActor (skydome1)
[2015.11.17-18.12.34:394][998]LogSavePackage: Save=12.696535ms
[2015.11.17-18.12.34:394][998]LogSavePackage: Moving '../../../../../../Users/croda/Documents/Unreal Projects/SantaSearch/Saved/skydome_5_5466EC8BF22D3C4A4F1A5FB99C24BC95CF598A37.tmp' to '../../../../../../Users/croda/Documents/Unreal Projects/SantaSearch/Content/Assets/StarScape/skydome_5_5466EC8B.uasset'
[2015.11.17-18.12.34:400][998]LogSavePackage: Total save time: 18.490564ms
[2015.11.17-18.12.34:400][998]LogSavePackage:Warning: Finished SavePackage ../../../../../../Users/croda/Documents/Unreal Projects/SantaSearch/Content/Assets/StarScape/skydome_5_5466EC8B.uasset
[2015.11.17-18.12.34:441][998]LogSavePackage: Save=14.928312ms
[2015.11.17-18.12.34:441][998]LogSavePackage: Moving '../../../../../../Users/croda/Documents/Unreal Projects/SantaSearch/Saved/skydome_0_28678C35B340F4524380E348D819B5AC018B1240.tmp' to '../../../../../../Users/croda/Documents/Unreal Projects/SantaSearch/Content/Assets/StarScape/skydome_0_28678C35.uasset'
[2015.11.17-18.12.34:446][998]LogSavePackage: Total save time: 19.946106ms
[2015.11.17-18.12.34:446][998]LogSavePackage:Warning: Finished SavePackage ../../../../../../Users/croda/Documents/Unreal Projects/SantaSearch/Content/Assets/StarScape/skydome_0_28678C35.uasset
[2015.11.17-18.12.34:482][998]LogSavePackage: Save=11.914596ms
[2015.11.17-18.12.34:482][998]LogSavePackage: Moving '../../../../../../Users/croda/Documents/Unreal Projects/SantaSearch/Saved/skydome_1_EAC0126EC1460B3B4C8FAC40C5994BA35984F98A.tmp' to '../../../../../../Users/croda/Documents/Unreal Projects/SantaSearch/Content/Assets/StarScape/skydome_1_EAC0126E.uasset'
[2015.11.17-18.12.34:487][998]LogSavePackage: Total save time: 17.375246ms
[2015.11.17-18.12.34:487][998]LogSavePackage:Warning: Finished SavePackage ../../../../../../Users/croda/Documents/Unreal Projects/SantaSearch/Content/Assets/StarScape/skydome_1_EAC0126E.uasset
[2015.11.17-18.12.34:524][998]LogSavePackage: Save=11.183595ms
[2015.11.17-18.12.34:524][998]LogSavePackage: Moving '../../../../../../Users/croda/Documents/Unreal Projects/SantaSearch/Saved/skydome_2_9A6FFD0FD96B32C24BCB6F2F6D1114BD95978F1A.tmp' to '../../../../../../Users/croda/Documents/Unreal Projects/SantaSearch/Content/Assets/StarScape/skydome_2_9A6FFD0F.uasset'
[2015.11.17-18.12.34:530][998]LogSavePackage: Total save time: 16.900457ms
[2015.11.17-18.12.34:530][998]LogSavePackage:Warning: Finished SavePackage ../../../../../../Users/croda/Documents/Unreal Projects/SantaSearch/Content/Assets/StarScape/skydome_2_9A6FFD0F.uasset
[2015.11.17-18.12.34:572][998]LogSavePackage: Save=15.398160ms
[2015.11.17-18.12.34:572][998]LogSavePackage: Moving '../../../../../../Users/croda/Documents/Unreal Projects/SantaSearch/Saved/skydome_3_25F4D6030AF590324FEE215F059E0CBE7173F025.tmp' to '../../../../../../Users/croda/Documents/Unreal Projects/SantaSearch/Content/Assets/StarScape/skydome_3_25F4D603.uasset'
[2015.11.17-18.12.34:578][998]LogSavePackage: Total save time: 21.170143ms
[2015.11.17-18.12.34:578][998]LogSavePackage:Warning: Finished SavePackage ../../../../../../Users/croda/Documents/Unreal Projects/SantaSearch/Content/Assets/StarScape/skydome_3_25F4D603.uasset
[2015.11.17-18.12.34:614][998]LogSavePackage: Save=12.182972ms
[2015.11.17-18.12.34:614][998]LogSavePackage: Moving '../../../../../../Users/croda/Documents/Unreal Projects/SantaSearch/Saved/skydome_4_9DEDD4C6A217F7E049279A3C037D9493E18574A5.tmp' to '../../../../../../Users/croda/Documents/Unreal Projects/SantaSearch/Content/Assets/StarScape/skydome_4_9DEDD4C6.uasset'
[2015.11.17-18.12.34:620][998]LogSavePackage: Total save time: 18.061388ms
[2015.11.17-18.12.34:620][998]LogSavePackage:Warning: Finished SavePackage ../../../../../../Users/croda/Documents/Unreal Projects/SantaSearch/Content/Assets/StarScape/skydome_4_9DEDD4C6.uasset
[2015.11.17-18.12.34:673][998]LogActorComponent: UnregisterComponent: (/Engine/Transient.CharMoveComp) Not registered. Aborting.
[2015.11.17-18.13.10:323][127]LogHoudiniEngine: HAPI Asynchronous Instantiation Started. Component = 0x0, HoudiniAsset = 0xebd8d830, HapiGUID = 1EC98704423BBC830FCDD4B46CCCE82D
[2015.11.17-18.13.10:565][141]LogHoudiniEngine:     FinishedInstantiation.
[2015.11.17-18.13.10:575][142]LogHoudiniEngine: HAPI Asynchronous Cooking Started. Component = 0xec4a8b80, HoudiniAsset = 0x0, AssetId = 0, HapiGUID = 7031886E4D5C03E202FAEB91974E6F5B
[2015.11.17-18.13.10:815][156]LogHoudiniEngine:     FinishedCooking.
[2015.11.17-18.13.10:823][156]LogMaterial: Missing cached shader map for material skydome_0_62EB987E, compiling. 
[2015.11.17-18.13.10:863][156]LogMaterial: Missing cached shader map for material skydome_1_8A760A8C, compiling. 
[2015.11.17-18.13.10:875][156]LogMaterial: Missing cached shader map for material skydome_2_9C7C756A, compiling. 
[2015.11.17-18.13.10:888][156]LogMaterial: Missing cached shader map for material skydome_3_A92B09EE, compiling. 
[2015.11.17-18.13.10:904][156]LogMaterial: Missing cached shader map for material skydome_4_88692E7D, compiling. 
[2015.11.17-18.13.10:923][156]LogMaterial: Missing cached shader map for material skydome_5_FD97D311, compiling. 
[2015.11.17-18.13.10:936][156]LogMaterial: 0.000791 seconds spent updating 6 materials, 6 interfaces, 0 instances, 0 with static permutations.
[2015.11.17-18.13.10:940][156]LogStaticMesh: Building static mesh skydome_0_0_0_0_main_geo_D48F2514...
[2015.11.17-18.13.10:943][156]LogStaticMesh: Built static mesh [0.003254.2s] /Game/Maps/MemoryCardEntry./Game/Assets/StarScape/skydome_5E76DA334C70/skydome_0_0_0_0_main_geo_D48F2514.skydome_0_0_0_0_main_geo_D48F2514
[2015.11.17-18.13.23:441][901]Cmd: TRANSACTION UNDO
[2015.11.17-18.13.23:441][901]LogEditorTransaction: Undo Clicking on Actors
[2015.11.17-18.13.28:666][214]LogActorComponent: UnregisterComponent: (/Engine/Transient.CharMoveComp) Not registered. Aborting.
[2015.11.17-18.13.30:154][214]LogWindowsTextInputMethodSystem:Display: IME system now deactivated.
[2015.11.17-18.13.30:154][214]LogWindowsTextInputMethodSystem:Display: IME system now deactivated.
[2015.11.17-18.13.30:419][215]Cmd: QUIT_EDITOR
[2015.11.17-18.13.30:712][215]LogExit: Preparing to exit.
[2015.11.17-18.13.31:401][215]LogActorComponent: UnregisterComponent: (None.None:None.None.StaticMeshComponent_16) Not registered. Aborting.
[2015.11.17-18.13.31:411][215]LogExit: Editor shut down
[2015.11.17-18.13.31:411][215]LogExit: Transaction tracking system shut down
[2015.11.17-18.13.31:421][215]LogParticles: Destroying 0 GPU particle simulations for FXSystem 0x000000DBEF629260
[2015.11.17-18.13.31:421][215]LogParticles: Destroying 0 GPU particle simulations for FXSystem 0x000000DBF89B27A0
[2015.11.17-18.13.31:421][215]LogParticles: Destroying 0 GPU particle simulations for FXSystem 0x000000DBF8AFAD40
[2015.11.17-18.13.31:421][215]LogParticles: Destroying 0 GPU particle simulations for FXSystem 0x000000DBF15994E0
[2015.11.17-18.13.31:421][215]LogParticles: Destroying 0 GPU particle simulations for FXSystem 0x000000DBF1598EA0
[2015.11.17-18.13.31:438][215]LogParticles: Destroying 0 GPU particle simulations for FXSystem 0x000000DB411C1940
[2015.11.17-18.13.31:438][215]LeapPluginLog: LeapController::CleanupEventData Delete Called
[2015.11.17-18.13.31:477][215]LeapPluginLog: LeapController::CleanupEventData Delete Called
[2015.11.17-18.13.31:669][215]LogExit: Object subsystem successfully closed.
[2015.11.17-18.13.31:687][215]LogD3D11RHI: Shutdown
[2015.11.17-18.13.31:687][215]LogD3D11RHI: CleanupD3DDevice
[2015.11.17-18.13.31:755][215]LogD3D11RHI: ~FD3D11DynamicRHI
[2015.11.17-18.13.31:770][215]LogModuleManager: Shutting down and abandoning module BlueprintGraph (201)
[2015.11.17-18.13.31:770][215]LogModuleManager: Shutting down and abandoning module CrashTracker (200)
[2015.11.17-18.13.31:770][215]LogModuleManager: Shutting down and abandoning module SceneOutliner (199)
[2015.11.17-18.13.31:770][215]LogModuleManager: Shutting down and abandoning module SuperSearch (198)
[2015.11.17-18.13.31:770][215]LogModuleManager: Shutting down and abandoning module WidgetCarousel (197)
[2015.11.17-18.13.31:770][215]LogModuleManager: Shutting down and abandoning module AddContentDialog (196)
[2015.11.17-18.13.31:771][215]LogModuleManager: Shutting down and abandoning module EditorWidgets (195)
[2015.11.17-18.13.31:771][215]LogModuleManager: Shutting down and abandoning module CollectionManager (194)
[2015.11.17-18.13.31:771][215]LogModuleManager: Shutting down and abandoning module StatsViewer (193)
[2015.11.17-18.13.31:771][215]LogModuleManager: Shutting down and abandoning module FoliageEdit (192)
[2015.11.17-18.13.31:771][215]LogModuleManager: Shutting down and abandoning module LandscapeEditor (191)
[2015.11.17-18.13.31:772][215]LogModuleManager: Shutting down and abandoning module ActorPickerMode (190)
[2015.11.17-18.13.31:772][215]LogModuleManager: Shutting down and abandoning module GeometryMode (189)
[2015.11.17-18.13.31:772][215]LogModuleManager: Shutting down and abandoning module TextureAlignMode (188)
[2015.11.17-18.13.31:772][215]LogModuleManager: Shutting down and abandoning module BspMode (187)
[2015.11.17-18.13.31:772][215]LogModuleManager: Shutting down and abandoning module PlacementMode (186)
[2015.11.17-18.13.31:772][215]LogModuleManager: Shutting down and abandoning module AutomationWorker (185)
[2015.11.17-18.13.31:772][215]LogModuleManager: Shutting down and abandoning module HoudiniEngineEditor (184)
[2015.11.17-18.13.31:772][215]LogHoudiniEngineEditor: Shutting down the Houdini Engine Editor module.
[2015.11.17-18.13.31:772][215]LogModuleManager: Shutting down and abandoning module CharacterAI (183)
[2015.11.17-18.13.31:772][215]LogModuleManager: Shutting down and abandoning module SmartSnapping (182)
[2015.11.17-18.13.31:772][215]LogModuleManager: Shutting down and abandoning module ViewportSnapping (181)
[2015.11.17-18.13.31:772][215]LogModuleManager: Shutting down and abandoning module LogVisualizer (180)
[2015.11.17-18.13.31:772][215]LogModuleManager: Shutting down and abandoning module GameProjectGeneration (179)
[2015.11.17-18.13.31:772][215]LogModuleManager: Shutting down and abandoning module IntroTutorials (178)
[2015.11.17-18.13.31:772][215]LogModuleManager: Shutting down and abandoning module EditorLiveStreaming (177)
[2015.11.17-18.13.31:772][215]LogModuleManager: Shutting down and abandoning module IOSPlatformEditor (176)
[2015.11.17-18.13.31:772][215]LogModuleManager: Shutting down and abandoning module HTML5PlatformEditor (175)
[2015.11.17-18.13.31:772][215]LogModuleManager: Shutting down and abandoning module AndroidDeviceDetection (174)
[2015.11.17-18.13.32:470][215]LogModuleManager: Shutting down and abandoning module AndroidPlatformEditor (173)
[2015.11.17-18.13.32:470][215]LogModuleManager: Shutting down and abandoning module IOSRuntimeSettings (172)
[2015.11.17-18.13.32:470][215]LogModuleManager: Shutting down and abandoning module AndroidRuntimeSettings (171)
[2015.11.17-18.13.32:470][215]LogModuleManager: Shutting down and abandoning module MergeActors (170)
[2015.11.17-18.13.32:470][215]LogModuleManager: Shutting down and abandoning module SizeMap (169)
[2015.11.17-18.13.32:470][215]LogModuleManager: Shutting down and abandoning module TreeMap (168)
[2015.11.17-18.13.32:470][215]LogModuleManager: Shutting down and abandoning module ReferenceViewer (167)
[2015.11.17-18.13.32:470][215]LogModuleManager: Shutting down and abandoning module LocalizationService (166)
[2015.11.17-18.13.32:470][215]LogModuleManager: Shutting down and abandoning module LocalizationDashboard (165)
[2015.11.17-18.13.32:470][215]LogModuleManager: Shutting down and abandoning module HardwareTargeting (164)
[2015.11.17-18.13.32:470][215]LogModuleManager: Shutting down and abandoning module DeviceProfileEditor (163)
[2015.11.17-18.13.32:470][215]LogModuleManager: Shutting down and abandoning module UndoHistory (162)
[2015.11.17-18.13.32:470][215]LogModuleManager: Shutting down and abandoning module GameplayTagsEditor (161)
[2015.11.17-18.13.32:470][215]LogModuleManager: Shutting down and abandoning module UserFeedback (160)
[2015.11.17-18.13.32:470][215]LogModuleManager: Shutting down and abandoning module XmlParser (159)
[2015.11.17-18.13.32:470][215]LogModuleManager: Shutting down and abandoning module Blutility (158)
[2015.11.17-18.13.32:470][215]LogModuleManager: Shutting down and abandoning module ProjectTargetPlatformEditor (157)
[2015.11.17-18.13.32:470][215]LogModuleManager: Shutting down and abandoning module ProjectSettingsViewer (156)
[2015.11.17-18.13.32:470][215]LogModuleManager: Shutting down and abandoning module InputBindingEditor (155)
[2015.11.17-18.13.32:470][215]LogModuleManager: Shutting down and abandoning module EditorSettingsViewer (154)
[2015.11.17-18.13.32:470][215]LogModuleManager: Shutting down and abandoning module SettingsEditor (153)
[2015.11.17-18.13.32:470][215]LogModuleManager: Shutting down and abandoning module ProjectLauncher (152)
[2015.11.17-18.13.32:470][215]LogModuleManager: Shutting down and abandoning module SessionFrontend (151)
[2015.11.17-18.13.32:470][215]LogModuleManager: Shutting down and abandoning module ProfilerClient (150)
[2015.11.17-18.13.32:470][215]LogModuleManager: Shutting down and abandoning module TargetDeviceServices (149)
[2015.11.17-18.13.32:470][215]LogModuleManager: Shutting down and abandoning module DeviceManager (148)
[2015.11.17-18.13.32:471][215]LogModuleManager: Shutting down and abandoning module AutomationController (147)
[2015.11.17-18.13.32:471][215]LogModuleManager: Shutting down and abandoning module AutomationWindow (146)
[2015.11.17-18.13.32:471][215]LogModuleManager: Shutting down and abandoning module Layers (145)
[2015.11.17-18.13.32:471][215]LogModuleManager: Shutting down and abandoning module ComponentVisualizers (144)
[2015.11.17-18.13.32:471][215]LogModuleManager: Shutting down and abandoning module DetailCustomizations (143)
[2015.11.17-18.13.32:471][215]LogModuleManager: Shutting down and abandoning module PackagesDialog (142)
[2015.11.17-18.13.32:471][215]LogModuleManager: Shutting down and abandoning module Persona (141)
[2015.11.17-18.13.32:471][215]LogModuleManager: Shutting down and abandoning module Kismet (140)
[2015.11.17-18.13.32:471][215]LogModuleManager: Shutting down and abandoning module GraphEditor (139)
[2015.11.17-18.13.32:471][215]LogModuleManager: Shutting down and abandoning module ClassViewer (138)
[2015.11.17-18.13.32:471][215]LogModuleManager: Shutting down and abandoning module Toolbox (137)
[2015.11.17-18.13.32:471][215]LogModuleManager: Shutting down and abandoning module ModuleUI (136)
[2015.11.17-18.13.32:471][215]LogModuleManager: Shutting down and abandoning module MovieSceneTools (135)
[2015.11.17-18.13.32:471][215]LogModuleManager: Shutting down and abandoning module OutputLog (134)
[2015.11.17-18.13.32:471][215]LogModuleManager: Shutting down and abandoning module GammaUI (133)
[2015.11.17-18.13.32:471][215]LogModuleManager: Shutting down and abandoning module Documentation (132)
[2015.11.17-18.13.32:471][215]LogModuleManager: Shutting down and abandoning module GameLiveStreaming (131)
[2015.11.17-18.13.32:471][215]LogModuleManager: Shutting down and abandoning module StreamingPauseRendering (130)
[2015.11.17-18.13.32:471][215]LogModuleManager: Shutting down and abandoning module AnalyticsET (129)
[2015.11.17-18.13.32:471][215]LogModuleManager: Shutting down and abandoning module Analytics (128)
[2015.11.17-18.13.32:471][215]LogModuleManager: Shutting down and abandoning module AITestSuite (127)
[2015.11.17-18.13.32:471][215]LogModuleManager: Shutting down and abandoning module GameplayDebugger (126)
[2015.11.17-18.13.32:471][215]LogModuleManager: Shutting down and abandoning module AIModule (125)
[2015.11.17-18.13.32:471][215]LogModuleManager: Shutting down and abandoning module ProfilerService (124)
[2015.11.17-18.13.32:699][215]LogModuleManager: Shutting down and abandoning module TaskGraph (123)
[2015.11.17-18.13.32:699][215]LogModuleManager: Shutting down and abandoning module LeapMotion (122)
[2015.11.17-18.13.32:712][215]LogModuleManager: Shutting down and abandoning module SlateRemote (121)
[2015.11.17-18.13.32:712][215]LogModuleManager: Shutting down and abandoning module SteamVRController (120)
[2015.11.17-18.13.32:712][215]LogModuleManager: Shutting down and abandoning module SteamVR (119)
[2015.11.17-18.13.32:712][215]LogModuleManager: Shutting down and abandoning module ProceduralMeshComponent (118)
[2015.11.17-18.13.32:712][215]LogModuleManager: Shutting down and abandoning module OculusRift (117)
[2015.11.17-18.13.32:712][215]LogModuleManager: Shutting down and abandoning module OculusLibrary (116)
[2015.11.17-18.13.32:712][215]LogModuleManager: Shutting down and abandoning module LeapMotionController (115)
[2015.11.17-18.13.32:725][215]LogModuleManager: Shutting down and abandoning module CustomMeshComponent (114)
[2015.11.17-18.13.32:725][215]LogModuleManager: Shutting down and abandoning module CableComponent (113)
[2015.11.17-18.13.32:725][215]LogModuleManager: Shutting down and abandoning module ArchVisCharacter (112)
[2015.11.17-18.13.32:725][215]LogModuleManager: Shutting down and abandoning module MessagingDebugger (111)
[2015.11.17-18.13.32:725][215]LogModuleManager: Shutting down and abandoning module MediaPlayerEditor (110)
[2015.11.17-18.13.32:725][215]LogModuleManager: Shutting down and abandoning module HoudiniEngineRuntime (109)
[2015.11.17-18.13.32:725][215]LogHoudiniEngine: Shutting down the Houdini Engine module.
[2015.11.17-18.13.32:811][215]LogModuleManager: Shutting down and abandoning module HTML5Networking (108)
[2015.11.17-18.13.32:811][215]LogModuleManager: Shutting down and abandoning module SpeedTreeImporter (107)
[2015.11.17-18.13.32:811][215]LogModuleManager: Shutting down and abandoning module PluginBrowser (106)
[2015.11.17-18.13.32:811][215]LogModuleManager: Shutting down and abandoning module EpicSurvey (105)
[2015.11.17-18.13.32:811][215]LogModuleManager: Shutting down and abandoning module DesktopPlatform (104)
[2015.11.17-18.13.32:811][215]LogModuleManager: Shutting down and abandoning module VisualStudioSourceCodeAccess (103)
[2015.11.17-18.13.32:811][215]LogModuleManager: Shutting down and abandoning module UObjectPlugin (102)
[2015.11.17-18.13.32:811][215]LogModuleManager: Shutting down and abandoning module SubversionSourceControl (101)
[2015.11.17-18.13.32:811][215]LogModuleManager: Shutting down and abandoning module PerforceSourceControl (100)
[2015.11.17-18.13.32:811][215]LogModuleManager: Shutting down and abandoning module SourceControl (99)
[2015.11.17-18.13.32:811][215]LogModuleManager: Shutting down and abandoning module GitSourceControl (98)
[2015.11.17-18.13.32:811][215]LogModuleManager: Shutting down and abandoning module LightPropagationVolumeEditor (97)
[2015.11.17-18.13.32:811][215]LogModuleManager: Shutting down and abandoning module PaperTiledImporter (96)
[2015.11.17-18.13.32:811][215]LogModuleManager: Shutting down and abandoning module PaperSpriteSheetImporter (95)
[2015.11.17-18.13.32:811][215]LogModuleManager: Shutting down and abandoning module MeshPaint (94)
[2015.11.17-18.13.32:811][215]LogModuleManager: Shutting down and abandoning module SlateReflector (93)
[2015.11.17-18.13.32:811][215]LogModuleManager: Shutting down and abandoning module HotReload (92)
[2015.11.17-18.13.32:811][215]LogModuleManager: Shutting down and abandoning module MainFrame (91)
[2015.11.17-18.13.32:811][215]LogModuleManager: Shutting down and abandoning module LevelEditor (90)
[2015.11.17-18.13.32:812][215]LogModuleManager: Shutting down and abandoning module DirectoryWatcher (89)
[2015.11.17-18.13.32:813][215]LogModuleManager: Shutting down and abandoning module AssetRegistry (88)
[2015.11.17-18.13.33:000][215]LogModuleManager: Shutting down and abandoning module ContentBrowser (87)
[2015.11.17-18.13.33:001][215]LogModuleManager: Shutting down and abandoning module Paper2DEditor (86)
[2015.11.17-18.13.33:001][215]LogModuleManager: Shutting down and abandoning module UdpMessaging (85)
[2015.11.17-18.13.33:103][215]LogModuleManager: Shutting down and abandoning module LightPropagationVolumeRuntime (84)
[2015.11.17-18.13.33:103][215]LogModuleManager: Shutting down and abandoning module Paper2D (83)
[2015.11.17-18.13.33:103][215]LogModuleManager: Shutting down and abandoning module WindowsMoviePlayer (82)
[2015.11.17-18.13.33:106][215]LogModuleManager: Shutting down and abandoning module Media (81)
[2015.11.17-18.13.33:106][215]LogModuleManager: Shutting down and abandoning module WmfMedia (80)
[2015.11.17-18.13.33:106][215]LogModuleManager: Shutting down and abandoning module OnlineBlueprintSupport (79)
[2015.11.17-18.13.33:106][215]LogModuleManager: Shutting down and abandoning module GameplayTasksEditor (78)
[2015.11.17-18.13.33:106][215]LogModuleManager: Shutting down and abandoning module PropertyEditor (77)
[2015.11.17-18.13.33:106][215]LogModuleManager: Shutting down and abandoning module BehaviorTreeEditor (76)
[2015.11.17-18.13.33:106][215]LogModuleManager: Shutting down and abandoning module FunctionalTesting (75)
[2015.11.17-18.13.33:106][215]LogModuleManager: Shutting down and abandoning module CollisionAnalyzer (74)
[2015.11.17-18.13.33:106][215]LogModuleManager: Shutting down and abandoning module WorkspaceMenuStructure (73)
[2015.11.17-18.13.33:106][215]LogModuleManager: Shutting down and abandoning module MessageLog (72)
[2015.11.17-18.13.33:106][215]LogModuleManager: Shutting down and abandoning module Sequencer (71)
[2015.11.17-18.13.33:106][215]LogModuleManager: Shutting down and abandoning module AssetTools (70)
[2015.11.17-18.13.33:106][215]LogModuleManager: Shutting down and abandoning module UMGEditor (69)
[2015.11.17-18.13.33:106][215]LogModuleManager: Shutting down and abandoning module UMG (68)
[2015.11.17-18.13.33:106][215]LogModuleManager: Shutting down and abandoning module Slate (67)
[2015.11.17-18.13.33:106][215]LogModuleManager: Shutting down and abandoning module EditorStyle (66)
[2015.11.17-18.13.33:108][215]LogModuleManager: Shutting down and abandoning module SessionServices (65)
[2015.11.17-18.13.33:108][215]LogModuleManager: Shutting down and abandoning module SourceCodeAccess (64)
[2015.11.17-18.13.33:108][215]LogModuleManager: Shutting down and abandoning module HeadMountedDisplay (63)
[2015.11.17-18.13.33:108][215]LogModuleManager: Shutting down and abandoning module XAudio2 (62)
[2015.11.17-18.13.33:108][215]LogModuleManager: Shutting down and abandoning module Networking (60)
[2015.11.17-18.13.33:108][215]LogModuleManager: Shutting down and abandoning module Core (59)
[2015.11.17-18.13.33:108][215]LogModuleManager: Shutting down and abandoning module KismetCompiler (58)
[2015.11.17-18.13.33:108][215]LogModuleManager: Shutting down and abandoning module PhysXFormats (57)
[2015.11.17-18.13.33:108][215]LogModuleManager: Shutting down and abandoning module MeshUtilities (56)
[2015.11.17-18.13.33:108][215]LogModuleManager: Shutting down and abandoning module CookingStats (55)
[2015.11.17-18.13.33:110][215]LogModuleManager: Shutting down and abandoning module DerivedDataCache (54)
[2015.11.17-18.13.33:192][215]LogDerivedDataCache: Shutdown
[2015.11.17-18.13.33:192][215]LogModuleManager: Shutting down and abandoning module ShaderFormatOpenGL (53)
[2015.11.17-18.13.33:192][215]LogModuleManager: Shutting down and abandoning module ShaderFormatD3D (52)
[2015.11.17-18.13.33:192][215]LogModuleManager: Shutting down and abandoning module MetalShaderFormat (51)
[2015.11.17-18.13.33:192][215]LogModuleManager: Shutting down and abandoning module TextureFormatUncompressed (50)
[2015.11.17-18.13.33:192][215]LogModuleManager: Shutting down and abandoning module TextureFormatPVR (49)
[2015.11.17-18.13.33:192][215]LogModuleManager: Shutting down and abandoning module TextureFormatIntelISPCTexComp (48)
[2015.11.17-18.13.33:192][215]LogModuleManager: Shutting down and abandoning module TextureFormatDXT (47)
[2015.11.17-18.13.33:192][215]LogModuleManager: Shutting down and abandoning module ImageWrapper (46)
[2015.11.17-18.13.33:192][215]LogModuleManager: Shutting down and abandoning module TextureFormatASTC (45)
[2015.11.17-18.13.33:192][215]LogModuleManager: Shutting down and abandoning module TextureFormatAndroid (44)
[2015.11.17-18.13.33:192][215]LogModuleManager: Shutting down and abandoning module AudioFormatOpus (43)
[2015.11.17-18.13.33:192][215]LogModuleManager: Shutting down and abandoning module AudioFormatOgg (42)
[2015.11.17-18.13.33:192][215]LogModuleManager: Shutting down and abandoning module AudioFormatADPCM (41)
[2015.11.17-18.13.33:192][215]LogModuleManager: Shutting down and abandoning module LinuxTargetPlatform (40)
[2015.11.17-18.13.33:192][215]LogModuleManager: Shutting down and abandoning module LinuxServerTargetPlatform (39)
[2015.11.17-18.13.33:192][215]LogModuleManager: Shutting down and abandoning module LinuxNoEditorTargetPlatform (38)
[2015.11.17-18.13.33:192][215]LogModuleManager: Shutting down and abandoning module Messaging (37)
[2015.11.17-18.13.33:192][215]LogModuleManager: Shutting down and abandoning module IOSTargetPlatform (36)
[2015.11.17-18.13.33:192][215]LogModuleManager: Shutting down and abandoning module HTML5TargetPlatform (35)
[2015.11.17-18.13.33:192][215]LogModuleManager: Shutting down and abandoning module Android_PVRTCTargetPlatform (34)
[2015.11.17-18.13.33:192][215]LogModuleManager: Shutting down and abandoning module Android_ETC2TargetPlatform (33)
[2015.11.17-18.13.33:192][215]LogModuleManager: Shutting down and abandoning module Android_ETC1TargetPlatform (32)
[2015.11.17-18.13.33:192][215]LogModuleManager: Shutting down and abandoning module Android_DXTTargetPlatform (31)
[2015.11.17-18.13.33:192][215]LogModuleManager: Shutting down and abandoning module Android_ATCTargetPlatform (30)
[2015.11.17-18.13.33:192][215]LogModuleManager: Shutting down and abandoning module Android_ASTCTargetPlatform (29)
[2015.11.17-18.13.33:192][215]LogModuleManager: Shutting down and abandoning module AndroidTargetPlatform (28)
[2015.11.17-18.13.33:192][215]LogModuleManager: Shutting down and abandoning module WindowsTargetPlatform (27)
[2015.11.17-18.13.33:192][215]LogModuleManager: Shutting down and abandoning module WindowsServerTargetPlatform (26)
[2015.11.17-18.13.33:192][215]LogModuleManager: Shutting down and abandoning module WindowsNoEditorTargetPlatform (25)
[2015.11.17-18.13.33:192][215]LogModuleManager: Shutting down and abandoning module WindowsClientTargetPlatform (24)
[2015.11.17-18.13.33:192][215]LogModuleManager: Shutting down and abandoning module AllDesktopTargetPlatform (23)
[2015.11.17-18.13.33:192][215]LogModuleManager: Shutting down and abandoning module TargetPlatform (22)
[2015.11.17-18.13.33:192][215]LogModuleManager: Shutting down and abandoning module InputCore (21)
[2015.11.17-18.13.33:192][215]LogModuleManager: Shutting down and abandoning module Settings (20)
[2015.11.17-18.13.33:192][215]LogModuleManager: Shutting down and abandoning module OnlineSubsystem (18)
[2015.11.17-18.13.33:192][215]LogModuleManager: Shutting down and abandoning module HTTP (17)
[2015.11.17-18.13.35:195][215]LogModuleManager: Shutting down and abandoning module XMPP (16)
[2015.11.17-18.13.35:195][215]LogModuleManager: Shutting down and abandoning module ExampleDeviceProfileSelector (15)
[2015.11.17-18.13.35:195][215]LogModuleManager: Shutting down and abandoning module TextureCompressor (14)
[2015.11.17-18.13.35:195][215]LogModuleManager: Shutting down and abandoning module ShaderCore (13)
[2015.11.17-18.13.35:195][215]LogModuleManager: Shutting down and abandoning module Landscape (12)
[2015.11.17-18.13.35:195][215]LogModuleManager: Shutting down and abandoning module SlateRHIRenderer (11)
[2015.11.17-18.13.35:197][215]LogModuleManager: Shutting down and abandoning module OpenGLDrv (10)
[2015.11.17-18.13.35:197][215]LogModuleManager: Shutting down and abandoning module D3D11RHI (9)
[2015.11.17-18.13.35:197][215]LogModuleManager: Shutting down and abandoning module AnimGraphRuntime (8)
[2015.11.17-18.13.35:197][215]LogModuleManager: Shutting down and abandoning module Renderer (7)
[2015.11.17-18.13.35:197][215]LogModuleManager: Shutting down and abandoning module Engine (6)
[2015.11.17-18.13.35:197][215]LogModuleManager: Shutting down and abandoning module CoreUObject (5)
[2015.11.17-18.13.35:197][215]LogModuleManager: Shutting down and abandoning module NetworkFile (4)
[2015.11.17-18.13.35:197][215]LogModuleManager: Shutting down and abandoning module StreamingFile (3)
[2015.11.17-18.13.35:197][215]LogModuleManager: Shutting down and abandoning module SandboxFile (2)
[2015.11.17-18.13.35:197][215]LogModuleManager: Shutting down and abandoning module PakFile (1)
[2015.11.17-18.13.35:198][215]LogExit: Exiting.
[2015.11.17-18.13.35:217][215]Log file closed, 11/17/15 13:13:35
