[2015.11.17-17.12.17:688][  0]Log file open, 11/17/15 12:12:17
[2015.11.17-17.12.17:688][  0]LogInit:Display: Running engine for game: SantaSearch
[2015.11.17-17.12.17:688][  0]LogInit:Display: RandInit(572281873) SRandInit(572281873).
[2015.11.17-17.12.17:688][  0]LogTaskGraph: Started task graph with 4 named threads and 7 total threads.
[2015.11.17-17.12.17:688][  0]LogStats: Stats thread started at 0.076189
[2015.11.17-17.12.17:688][  0]LogInit: Version: 4.9.2-2707645+++depot+UE4-Releases+4.9
[2015.11.17-17.12.17:688][  0]LogInit: API Version: 2672455
[2015.11.17-17.12.17:688][  0]LogInit: Compiled (64-bit): Sep 28 2015 10:25:44
[2015.11.17-17.12.17:688][  0]LogInit: Compiled with Visual C++: 18.00.21005.01
[2015.11.17-17.12.17:688][  0]LogInit: Build Configuration: Development
[2015.11.17-17.12.17:688][  0]LogInit: Branch Name: ++depot+UE4-Releases+4.9
[2015.11.17-17.12.17:688][  0]LogInit: Command line:  
[2015.11.17-17.12.17:688][  0]LogInit: Base directory: C:/Program Files/Epic Games/4.9/Engine/Binaries/Win64/
[2015.11.17-17.12.17:688][  0]LogInit: Rocket: 1
[2015.11.17-17.12.17:700][  0]LogInit: Using libcurl 7.41.0
[2015.11.17-17.12.17:700][  0]LogInit:  - built for x86_64-pc-win32
[2015.11.17-17.12.17:700][  0]LogInit:  - supports SSL with WinSSL
[2015.11.17-17.12.17:700][  0]LogInit:  - other features:
[2015.11.17-17.12.17:700][  0]LogInit:      CURL_VERSION_SSL
[2015.11.17-17.12.17:700][  0]LogInit:      CURL_VERSION_IPV6
[2015.11.17-17.12.17:700][  0]LogInit:      CURL_VERSION_ASYNCHDNS
[2015.11.17-17.12.17:700][  0]LogInit:      CURL_VERSION_LARGEFILE
[2015.11.17-17.12.17:700][  0]LogInit:      CURL_VERSION_IDN
[2015.11.17-17.12.17:700][  0]LogInit:  CurlRequestOptions (configurable via config and command line):
[2015.11.17-17.12.17:700][  0]LogInit:  - bVerifyPeer = true  - Libcurl will verify peer certificate
[2015.11.17-17.12.17:700][  0]LogInit:  - bUseHttpProxy = false  - Libcurl will NOT use HTTP proxy
[2015.11.17-17.12.17:700][  0]LogInit:  - bDontReuseConnections = false  - Libcurl will reuse connections
[2015.11.17-17.12.17:700][  0]LogInit:  - CertBundlePath = nullptr  - Libcurl will use whatever was configured at build time.
[2015.11.17-17.12.17:709][  0]LogInit: Presizing for 0 objects not considered by GC, pre-allocating 0 bytes.
[2015.11.17-17.12.17:716][  0]LogInit: Object subsystem initialized
[2015.11.17-17.12.17:717][  0]LogConsoleManager:Warning: Console variable 'r.MSAA.CompositingSampleCount' wasn't set ('Scalability' has a lower priority than 'ProjectSetting')
[2015.11.17-17.12.17:718][  0]LogInit: Selected Device Profile: [Windows]
[2015.11.17-17.12.17:718][  0]LogInit: Applying CVar settings loaded from the selected device profile: [Windows]
[2015.11.17-17.12.17:727][  0]LogInit: Computer: CRODAWIN10
[2015.11.17-17.12.17:727][  0]LogInit: User: croda
[2015.11.17-17.12.17:727][  0]LogInit: CPU Page size=4096, Cores=4
[2015.11.17-17.12.17:727][  0]LogInit: High frequency timer resolution =2.630639 MHz
[2015.11.17-17.12.17:727][  0]LogMemory: Memory total: Physical=15.9GB (16GB approx)
[2015.11.17-17.12.17:727][  0]LogMemory: Platform Memory Stats for Windows
[2015.11.17-17.12.17:727][  0]LogMemory: Process Physical Memory: 53.98 MB used, 53.98 MB peak
[2015.11.17-17.12.17:727][  0]LogMemory: Process Virtual Memory: 55.29 MB used, 55.29 MB peak
[2015.11.17-17.12.17:727][  0]LogMemory: Physical Memory: 3800.14 MB used, 16323.13 MB total
[2015.11.17-17.12.17:727][  0]LogMemory: Virtual Memory: 364.64 MB used, 134217728.00 MB total
[2015.11.17-17.12.17:759][  0]LogTextLocalizationManager: No specific translations for ('en-US') exist, so ('en') translations will be used.
[2015.11.17-17.12.18:531][  0]LogD3D11RHI: Found D3D11 adapter 0: NVIDIA Quadro K5100M (Feature Level 11_0)
[2015.11.17-17.12.18:531][  0]LogD3D11RHI: Adapter has 8100MB of dedicated video memory, 0MB of dedicated system memory, and 8161MB of shared system memory, 3 output[s]
[2015.11.17-17.12.18:532][  0]LogD3D11RHI: Found D3D11 adapter 1: Microsoft Basic Render Driver (Feature Level 11_0)
[2015.11.17-17.12.18:532][  0]LogD3D11RHI: Adapter has 0MB of dedicated video memory, 0MB of dedicated system memory, and 8161MB of shared system memory, 0 output[s]
[2015.11.17-17.12.18:532][  0]LogD3D11RHI: Chosen D3D11 Adapter Id = 0
[2015.11.17-17.12.18:537][  0]LogD3D11RHI: !Direct3DDevice
[2015.11.17-17.12.18:537][  0]LogRHI: Texture pool is 1361 MB (70% of 1945 MB)
[2015.11.17-17.12.18:554][  0]LogD3D11RHI: Async texture creation enabled
[2015.11.17-17.12.18:572][  0]LogShaderCompilers: Guid format shader working directory is 15 characters bigger than the processId version (../../../../../../Users/croda/Documents/Unreal Projects/SantaSearch/Intermediate/Shaders/WorkingDirectory/2600/).
[2015.11.17-17.12.18:572][  0]LogShaderCompilers: Cleaned the shader compiler working directory '../../../../../../Users/croda/Documents/Unreal Projects/SantaSearch/Intermediate/Shaders/tmp/B339455F471D77DE28D657B30BD5633F/'.
[2015.11.17-17.12.18:572][  0]LogShaderCompilers:Display: Using Local Shader Compiler.
[2015.11.17-17.12.19:578][  0]LogTemp:Display: Loaded TP AllDesktopTargetPlatform
[2015.11.17-17.12.19:583][  0]LogTemp:Display: Loaded TP WindowsClientTargetPlatform
[2015.11.17-17.12.19:588][  0]LogTemp:Display: Loaded TP WindowsNoEditorTargetPlatform
[2015.11.17-17.12.19:593][  0]LogTemp:Display: Loaded TP WindowsServerTargetPlatform
[2015.11.17-17.12.19:597][  0]LogTemp:Display: Loaded TP WindowsTargetPlatform
[2015.11.17-17.12.19:601][  0]LogTemp:Display: Loaded TP AndroidTargetPlatform
[2015.11.17-17.12.19:604][  0]LogTemp:Display: Loaded TP Android_ASTCTargetPlatform
[2015.11.17-17.12.19:607][  0]LogTemp:Display: Loaded TP Android_ATCTargetPlatform
[2015.11.17-17.12.19:610][  0]LogTemp:Display: Loaded TP Android_DXTTargetPlatform
[2015.11.17-17.12.19:613][  0]LogTemp:Display: Loaded TP Android_ETC1TargetPlatform
[2015.11.17-17.12.19:617][  0]LogTemp:Display: Loaded TP Android_ETC2TargetPlatform
[2015.11.17-17.12.19:620][  0]LogTemp:Display: Loaded TP Android_PVRTCTargetPlatform
[2015.11.17-17.12.19:621][  0]LogTemp:Display: Loaded TP HTML5TargetPlatform
[2015.11.17-17.12.19:638][  0]LogTemp:Display: Loaded TP IOSTargetPlatform
[2015.11.17-17.12.19:641][  0]LogTemp:Display: Loaded TP LinuxNoEditorTargetPlatform
[2015.11.17-17.12.19:644][  0]LogTemp:Display: Loaded TP LinuxServerTargetPlatform
[2015.11.17-17.12.19:648][  0]LogTemp:Display: Loaded TP LinuxTargetPlatform
[2015.11.17-17.12.19:648][  0]LogTargetPlatformManager:Display: Building Assets For Windows
[2015.11.17-17.12.19:727][  0]LogDerivedDataCache:Display: Max Cache Size: 512 MB
[2015.11.17-17.12.19:767][  0]LogDerivedDataCache: Loaded boot cache 0.04s 42MB C:/Users/croda/AppData/Local/UnrealEngine/4.9/DerivedDataCache/Boot.ddc.
[2015.11.17-17.12.19:767][  0]LogDerivedDataCache:Display: Loaded Boot cache: C:/Users/croda/AppData/Local/UnrealEngine/4.9/DerivedDataCache/Boot.ddc
[2015.11.17-17.12.19:767][  0]LogDerivedDataCache: FDerivedDataBackendGraph:  Pak pak cache file ../../../../../../Users/croda/Documents/Unreal Projects/SantaSearch/DerivedDataCache/DDC.ddp not found, will not use a pak cache.
[2015.11.17-17.12.19:767][  0]LogDerivedDataCache: Unable to find inner node Pak for hierarchical cache Hierarchy.
[2015.11.17-17.12.19:767][  0]LogDerivedDataCache: FDerivedDataBackendGraph:  CompressedPak pak cache file ../../../../../../Users/croda/Documents/Unreal Projects/SantaSearch/DerivedDataCache/Compressed.ddp not found, will not use a pak cache.
[2015.11.17-17.12.19:767][  0]LogDerivedDataCache: Unable to find inner node CompressedPak for hierarchical cache Hierarchy.
[2015.11.17-17.12.19:891][  0]LogDerivedDataCache:Display: Pak cache opened for reading ../../../Engine/DerivedDataCache/Compressed.ddp.
[2015.11.17-17.12.19:902][  0]LogDerivedDataCache: Using Local data cache path C:/Users/croda/AppData/Local/UnrealEngine/Common/DerivedDataCache: Writable
[2015.11.17-17.12.20:077][  0]LogInit: Selected Device Profile: [Windows]
[2015.11.17-17.12.20:080][  0]LogContentStreaming: Texture pool size is 0.000000MB
[2015.11.17-17.12.20:196][  0]LogMeshUtilities: No automatic mesh reduction module available
[2015.11.17-17.12.20:196][  0]LogMeshUtilities: No automatic mesh merging module available
[2015.11.17-17.12.20:438][  0]LogInit: WinSock: version 1.1 (2.2), MaxSocks=32767, MaxUdp=65467
[2015.11.17-17.12.21:237][  0]UdpMessaging: Initializing bridge on interface 0.0.0.0:0 to multicast group 230.0.0.1:6666.
[2015.11.17-17.12.21:337][  0]LogAssetRegistry: FAssetRegistry took 0.0107 seconds to start up
[2015.11.17-17.12.21:506][  0]SourceControl: Info Source control is disabled
[2015.11.17-17.12.21:517][  0]SourceControl: Info Source control is disabled
[2015.11.17-17.12.21:528][  0]SourceControl: Info Source control is disabled
[2015.11.17-17.12.21:538][  0]SourceControl: Info Source control is disabled
[2015.11.17-17.12.21:617][  0]LogHoudiniEngine: Starting the Houdini Engine module.
[2015.11.17-17.12.21:618][  0]LogHoudiniEngine: Loaded libHAPIL.dll from Registry path C:\Program Files\Side Effects Software\Houdini 15.0.244.16/bin
[2015.11.17-17.12.21:619][  0]LogLinker:Warning: Asset '../../../Engine/Plugins/Runtime/HoudiniEngine/Content/houdini_logo.uasset' has been saved with empty engine version. The asset will be loaded but may be incompatible.
[2015.11.17-17.12.21:621][  0]LogLinker:Warning: Asset '../../../Engine/Plugins/Runtime/HoudiniEngine/Content/houdini_default_material.uasset' has been saved with empty engine version. The asset will be loaded but may be incompatible.
[2015.11.17-17.12.22:182][  0]LogHoudiniEngine: Successfully intialized the Houdini Engine API module.
[2015.11.17-17.12.22:288][  0]LogLinker:Warning: Asset '../../../Engine/Plugins/Runtime/LeapMotionController/Content/LM_PassthroughMaterial.uasset' has been saved with empty engine version. The asset will be loaded but may be incompatible.
[2015.11.17-17.12.22:385][  0]LeapPluginLog: Using LeapPlugin version 0.9.6
[2015.11.17-17.12.22:391][  0]LogObj: 29100 objects as part of root set at end of initial load.
[2015.11.17-17.12.22:391][  0]LogUObjectAllocator: 6175176 out of 0 bytes used by permanent object pool.
[2015.11.17-17.12.22:448][  0]LogEngine: Initializing Engine...
[2015.11.17-17.12.22:450][  0]OCULUS: Info: 11/17/15 17:12:22: [CAPI] LibOVR module is located at C:\Windows\SYSTEM32\LibOVRRT64_0_7.dll

[2015.11.17-17.12.23:050][  0]OCULUS: Error: 11/17/15 17:12:23: [CAPI] ovr_Create failed to complete within the timeout period.
[2015.11.17-17.12.23:154][  0]LogHMD: SteamVR failed to initialize.  Err: 110
[2015.11.17-17.12.23:267][  0]LogAIModule: Creating AISystem for world NewWorld
[2015.11.17-17.12.23:275][  0]LogInit: XAudio2 using 'Headphone (Realtek High Definition Audio)' : 2 channels at 48 kHz using 32 bits per sample (channel mask 0x3)
[2015.11.17-17.12.23:403][  0]LogInit: FAudioDevice initialized.
[2015.11.17-17.12.23:526][  0]LogDerivedDataCache: Saved boot cache 0.12s 42MB C:/Users/croda/AppData/Local/UnrealEngine/4.9/DerivedDataCache/Boot.ddc.
[2015.11.17-17.12.23:528][  0]LogInit: Texture streaming: Enabled
[2015.11.17-17.12.23:534][  0]LogAnalytics: Creating configured Analytics provider AnalyticsET
[2015.11.17-17.12.23:534][  0]LogAnalytics: [UEEditor.Rocket.Release] APIServer = http://et2.epicgames.com/ET2/. AppVersion = 4.9.2-2707645+++depot+UE4-Releases+4.9
[2015.11.17-17.12.23:534][  0]LogAnalytics: [UEEditor.Rocket.Release] SetUserId 38384f7f4fe22369eef2c4908fb1257c|6dee01914e174258b8c89718799d58e5|4a372342-4369-4fb5-aabc-8ff6b2bfbeff
[2015.11.17-17.12.23:534][  0]LogAnalytics: [UEEditor.Rocket.Release] AnalyticsET::StartSession
[2015.11.17-17.12.23:546][  0]LogWindowsTextInputMethodSystem:Display: IME system now deactivated.
[2015.11.17-17.12.23:546][  0]LogWindowsTextInputMethodSystem:Display: IME system now deactivated.
[2015.11.17-17.12.23:569][  0]LogInit: Transaction tracking system initialized
[2015.11.17-17.12.23:613][  0]BlueprintLog: New page: Editor Load
[2015.11.17-17.12.23:714][  0]LocalizationService: Info Localization service is disabled
[2015.11.17-17.12.23:796][  0]LogConsoleResponse:Display: 
[2015.11.17-17.12.23:924][  0]LogCook:Display: Done creating registry. It took  0.00s.
[2015.11.17-17.12.23:960][  0]LogFileCache: Scanning file cache for directory 'C:/Users/croda/Documents/Unreal Projects/SantaSearch/Content/' took 0.02s
[2015.11.17-17.12.23:960][  0]LogHoudiniEngineEditor: Starting the Houdini Engine Editor module.
[2015.11.17-17.12.24:000][  0]SourceControl: Info Source control is disabled
[2015.11.17-17.12.24:000][  0]Cmd: MAP LOAD FILE="../../../../../../Users/croda/Documents/Unreal Projects/SantaSearch/Content/Maps/MemoryCardEntry.umap" TEMPLATE=0 SHOWPROGRESS=1 FEATURELEVEL=3
[2015.11.17-17.12.24:004][  0]LightingResults: New page: Lighting Build
[2015.11.17-17.12.24:007][  0]MapCheck: New page: Map Check
[2015.11.17-17.12.24:007][  0]LightingResults: New page: Lighting Build
[2015.11.17-17.12.24:017][  0]LogParticles: Destroying 0 GPU particle simulations for FXSystem 0x0000005B371002C0
[2015.11.17-17.12.24:291][  0]LogBlueprint:Warning: [compiler Ue4ASP_Character] Warning InputAction Event references unknown Action 'Crouch' for  InputAction Crouch 
[2015.11.17-17.12.24:291][  0]LogBlueprint:Warning: [compiler Ue4ASP_Character] Warning InputAction Event references unknown Action 'Jump' for  InputAction Jump 
[2015.11.17-17.12.24:291][  0]LogBlueprint:Warning: [compiler Ue4ASP_Character] Warning Input Axis Event references unknown Axis 'LookUp' for  InputAxis LookUp 
[2015.11.17-17.12.24:291][  0]LogBlueprint:Warning: [compiler Ue4ASP_Character] Warning Input Axis Event references unknown Axis 'Turn' for  InputAxis Turn 
[2015.11.17-17.12.24:291][  0]LogBlueprint:Warning: [compiler Ue4ASP_Character] Warning Input Axis Event references unknown Axis 'MoveRight' for  InputAxis MoveRight 
[2015.11.17-17.12.24:292][  0]LogBlueprint:Warning: [compiler Ue4ASP_Character] Warning Input Axis Event references unknown Axis 'MoveForward' for  InputAxis MoveForward 
[2015.11.17-17.12.24:296][  0]LogBlueprint:Warning: [compiler Ue4ASP_Character] Warning [0007.10] Compile of Ue4ASP_Character successful, but with 6 Warning(s) [in 10 ms]
[2015.11.17-17.12.24:297][  0]LogBlueprint:Warning: [compiler Ue4ASP_Character] Warning [0007.10] Compile of Ue4ASP_Character successful, but with 7 Warning(s) [in 0 ms]
[2015.11.17-17.12.24:297][  0]LogBlueprint:Warning: [compiler Ue4ASP_Character] Warning [0007.10] Compile of Ue4ASP_Character successful, but with 8 Warning(s) [in 0 ms]
[2015.11.17-17.12.24:347][  0]LogBlueprint:Warning: [compiler Ue4ASP_Character] Warning InputAction Event references unknown Action 'Crouch' for  InputAction Crouch 
[2015.11.17-17.12.24:347][  0]LogBlueprint:Warning: [compiler Ue4ASP_Character] Warning InputAction Event references unknown Action 'Jump' for  InputAction Jump 
[2015.11.17-17.12.24:347][  0]LogBlueprint:Warning: [compiler Ue4ASP_Character] Warning Input Axis Event references unknown Axis 'LookUp' for  InputAxis LookUp 
[2015.11.17-17.12.24:347][  0]LogBlueprint:Warning: [compiler Ue4ASP_Character] Warning Input Axis Event references unknown Axis 'Turn' for  InputAxis Turn 
[2015.11.17-17.12.24:347][  0]LogBlueprint:Warning: [compiler Ue4ASP_Character] Warning Input Axis Event references unknown Axis 'MoveRight' for  InputAxis MoveRight 
[2015.11.17-17.12.24:348][  0]LogBlueprint:Warning: [compiler Ue4ASP_Character] Warning Input Axis Event references unknown Axis 'MoveForward' for  InputAxis MoveForward 
[2015.11.17-17.12.24:352][  0]LogBlueprint:Warning: [compiler Ue4ASP_Character] Warning [0007.16] Compile of Ue4ASP_Character successful, but with 6 Warning(s) [in 11 ms]
[2015.11.17-17.12.24:352][  0]LogBlueprint:Warning: [compiler Ue4ASP_Character] Warning [0007.16] Compile of Ue4ASP_Character successful, but with 7 Warning(s) [in 0 ms]
[2015.11.17-17.12.24:353][  0]LogBlueprint:Warning: [compiler Ue4ASP_Character] Warning [0007.16] Compile of Ue4ASP_Character successful, but with 8 Warning(s) [in 0 ms]
[2015.11.17-17.12.25:029][  0]LogBlueprint:Warning: ExposeOnSpawn ambiguity. Property 'IntProperty /Game/Blueprints/BP_CardMem.BP_CardMem_C:CardIType', MetaData 'True', Flag 'False'
[2015.11.17-17.12.25:344][  0]LogProperty:Error: UStructProperty::Serialize Loading: Property 'StructProperty /LeapMotion/Character/Basic/BasicCharacter_AnimBlueprint.BasicCharacter_AnimBlueprint_C:AnimGraphNode_Fabrik_8C904C7A415FB588652E8A91FDC811AE'. Unknown structure.
[2015.11.17-17.12.25:344][  0]LogProperty:Error: UStructProperty::Serialize Loading: Property 'StructProperty /LeapMotion/Character/Basic/BasicCharacter_AnimBlueprint.BasicCharacter_AnimBlueprint_C:AnimGraphNode_Fabrik_416EC86F435836563C4E49AD6D016C3C'. Unknown structure.
[2015.11.17-17.12.25:345][  0]LogProperty:Error: UStructProperty::Serialize Loading: Property 'StructProperty /LeapMotion/Character/Basic/BasicCharacter_AnimBlueprint.BasicCharacter_AnimBlueprint_C:AnimGraphNode_Fabrik_9FF4326C4CAD2373B92D6F9E3AC3F57A'. Unknown structure.
[2015.11.17-17.12.25:346][  0]LogAnimation:Warning: Invalid animation root node index 54 on '/LeapMotion/Character/Basic/BasicCharacter_AnimBlueprint.BasicCharacter_AnimBlueprint_C' (only 52 nodes)
[2015.11.17-17.12.38:317][  0]LogOutputDevice: === Handled error: ===

Ensure condition failed: bValidRootIndex [File:D:\BuildFarm\buildmachine_++depot+UE4-Releases+4.9\Engine\Source\Runtime\Engine\Private\Animation\AnimBlueprintGeneratedClass.cpp] [Line: 234]

Stack: 
UE4Editor-Core.dll!FWindowsPlatformStackWalk::StackWalkAndDump() [d:\buildfarm\buildmachine_++depot+ue4-releases+4.9\engine\source\runtime\core\private\windows\windowsplatformstackwalk.cpp:175]
UE4Editor-Core.dll!FDebug::EnsureFailed() [d:\buildfarm\buildmachine_++depot+ue4-releases+4.9\engine\source\runtime\core\private\misc\outputdevice.cpp:258]
UE4Editor-Core.dll!FDebug::OptionallyLogFormattedEnsureMessageReturningFalse() [d:\buildfarm\buildmachine_++depot+ue4-releases+4.9\engine\source\runtime\core\private\misc\outputdevice.cpp:368]
UE4Editor-Engine.dll!UAnimBlueprintGeneratedClass::Link() [d:\buildfarm\buildmachine_++depot+ue4-releases+4.9\engine\source\runtime\engine\private\animation\animblueprintgeneratedclass.cpp:234]
UE4Editor-CoreUObject.dll!UClass::Serialize() [d:\buildfarm\buildmachine_++depot+ue4-releases+4.9\engine\source\runtime\coreuobject\private\uobject\class.cpp:3393]
UE4Editor-Engine.dll!UBlueprintGeneratedClass::Serialize() [d:\buildfarm\buildmachine_++depot+ue4-releases+4.9\engine\source\runtime\engine\private\blueprintgeneratedclass.cpp:757]
UE4Editor-CoreUObject.dll!FLinkerLoad::Preload() [d:\buildfarm\buildmachine_++depot+ue4-releases+4.9\engine\source\runtime\coreuobject\private\uobject\linkerload.cpp:3143]
UE4Editor-CoreUObject.dll!FLinkerLoad::CreateExport() [d:\buildfarm\buildmachine_++depot+ue4-releases+4.9\engine\source\runtime\coreuobject\private\uobject\linkerload.cpp:3792]
UE4Editor-CoreUObject.dll!FLinkerLoad::IndexToObject() [d:\buildfarm\buildmachine_++depot+ue4-releases+4.9\engine\source\runtime\coreuobject\private\uobject\linkerload.cpp:3982]
UE4Editor-CoreUObject.dll!FLinkerLoad::CreateExport() [d:\buildfarm\buildmachine_++depot+ue4-releases+4.9\engine\source\runtime\coreuobject\private\uobject\linkerload.cpp:3505]
UE4Editor-CoreUObject.dll!FLinkerLoad::CreateExportAndPreload() [d:\buildfarm\buildmachine_++depot+ue4-releases+4.9\engine\source\runtime\coreuobject\private\uobject\linkerload.cpp:2661]
UE4Editor-CoreUObject.dll!FLinkerLoad::LoadAllObjects() [d:\buildfarm\buildmachine_++depot+ue4-releases+4.9\engine\source\runtime\coreuobject\private\uobject\linkerload.cpp:2769]
UE4Editor-CoreUObject.dll!LoadPackageInternal() [d:\buildfarm\buildmachine_++depot+ue4-releases+4.9\engine\source\runtime\coreuobject\private\uobject\uobjectglobals.cpp:1032]
UE4Editor-CoreUObject.dll!FLinkerLoad::VerifyImportInner() [d:\buildfarm\buildmachine_++depot+ue4-releases+4.9\engine\source\runtime\coreuobject\private\uobject\linkerload.cpp:2354]
UE4Editor-CoreUObject.dll!FLinkerLoad::VerifyImport() [d:\buildfarm\buildmachine_++depot+ue4-releases+4.9\engine\source\runtime\coreuobject\private\uobject\linkerload.cpp:2115]
UE4Editor-CoreUObject.dll!FLinkerLoad::VerifyImportInner() [d:\buildfarm\buildmachine_++depot+ue4-releases+4.9\engine\source\runtime\coreuobject\private\uobject\linkerload.cpp:2402]
UE4Editor-CoreUObject.dll!FLinkerLoad::VerifyImport() [d:\buildfarm\buildmachine_++depot+ue4-releases+4.9\engine\source\runtime\coreuobject\private\uobject\linkerload.cpp:2115]
UE4Editor-CoreUObject.dll!FLinkerLoad::Verify() [d:\buildfarm\buildmachine_++depot+ue4-releases+4.9\engine\source\runtime\coreuobject\private\uobject\linkerload.cpp:1905]
UE4Editor-CoreUObject.dll!FLinkerLoad::FinalizeCreation() [d:\buildfarm\buildmachine_++depot+ue4-releases+4.9\engine\source\runtime\coreuobject\private\uobject\linkerload.cpp:1815]
UE4Editor-CoreUObject.dll!FLinkerLoad::Tick() [d:\buildfarm\buildmachine_++depot+ue4-releases+4.9\engine\source\runtime\coreuobject\private\uobject\linkerload.cpp:666]
UE4Editor-CoreUObject.dll!FLinkerLoad::CreateLinker() [d:\buildfarm\buildmachine_++depot+ue4-releases+4.9\engine\source\runtime\coreuobject\private\uobject\linkerload.cpp:404]
UE4Editor-CoreUObject.dll!GetPackageLinker() [d:\buildfarm\buildmachine_++depot+ue4-releases+4.9\engine\source\runtime\coreuobject\private\uobject\linker.cpp:570]
UE4Editor-CoreUObject.dll!LoadPackageInternal() [d:\buildfarm\buildmachine_++depot+ue4-releases+4.9\engine\source\runtime\coreuobject\private\uobject\uobjectglobals.cpp:936]
UE4Editor-CoreUObject.dll!FLinkerLoad::VerifyImportInner() [d:\buildfarm\buildmachine_++depot+ue4-releases+4.9\engine\source\runtime\coreuobject\private\uobject\linkerload.cpp:2354]
UE4Editor-CoreUObject.dll!FLinkerLoad::VerifyImport() [d:\buildfarm\buildmachine_++depot+ue4-releases+4.9\engine\source\runtime\coreuobject\private\uobject\linkerload.cpp:2115]
UE4Editor-CoreUObject.dll!FLinkerLoad::VerifyImportInner() [d:\buildfarm\buildmachine_++depot+ue4-releases+4.9\engine\source\runtime\coreuobject\private\uobject\linkerload.cpp:2402]
UE4Editor-CoreUObject.dll!FLinkerLoad::VerifyImport() [d:\buildfarm\buildmachine_++depot+ue4-releases+4.9\engine\source\runtime\coreuobject\private\uobject\linkerload.cpp:2115]
UE4Editor-CoreUObject.dll!FLinkerLoad::CreateImport() [d:\buildfarm\buildmachine_++depot+ue4-releases+4.9\engine\source\runtime\coreuobject\private\uobject\linkerload.cpp:3926]
UE4Editor-CoreUObject.dll!FLinkerLoad::ResolveAllImports() [d:\buildfarm\buildmachine_++depot+ue4-releases+4.9\engine\source\runtime\coreuobject\private\blueprint\blueprintsupport.cpp:1026]
UE4Editor-CoreUObject.dll!FLinkerLoad::FinalizeBlueprint() [d:\buildfarm\buildmachine_++depot+ue4-releases+4.9\engine\source\runtime\coreuobject\private\blueprint\blueprintsupport.cpp:1103]
UE4Editor-CoreUObject.dll!FLinkerLoad::Preload() [d:\buildfarm\buildmachine_++depot+ue4-releases+4.9\engine\source\runtime\coreuobject\private\uobject\linkerload.cpp:3190]
UE4Editor-CoreUObject.dll!FLinkerLoad::CreateExport() [d:\buildfarm\buildmachine_++depot+ue4-releases+4.9\engine\source\runtime\coreuobject\private\uobject\linkerload.cpp:3792]
UE4Editor-CoreUObject.dll!FLinkerLoad::IndexToObject() [d:\buildfarm\buildmachine_++depot+ue4-releases+4.9\engine\source\runtime\coreuobject\private\uobject\linkerload.cpp:3982]
UE4Editor-CoreUObject.dll!FLinkerLoad::CreateExport() [d:\buildfarm\buildmachine_++depot+ue4-releases+4.9\engine\source\runtime\coreuobject\private\uobject\linkerload.cpp:3505]
UE4Editor-CoreUObject.dll!FLinkerLoad::IndexToObject() [d:\buildfarm\buildmachine_++depot+ue4-releases+4.9\engine\source\runtime\coreuobject\private\uobject\linkerload.cpp:3982]
UE4Editor-CoreUObject.dll!FLinkerLoad::CreateExport() [d:\buildfarm\buildmachine_++depot+ue4-releases+4.9\engine\source\runtime\coreuobject\private\uobject\linkerload.cpp:3505]
UE4Editor-CoreUObject.dll!FLinkerLoad::CreateExportAndPreload() [d:\buildfarm\buildmachine_++depot+ue4-releases+4.9\engine\source\runtime\coreuobject\private\uobject\linkerload.cpp:2661]
UE4Editor-CoreUObject.dll!FLinkerLoad::LoadAllObjects() [d:\buildfarm\buildmachine_++depot+ue4-releases+4.9\engine\source\runtime\coreuobject\private\uobject\linkerload.cpp:2769]
UE4Editor-CoreUObject.dll!LoadPackageInternal() [d:\buildfarm\buildmachine_++depot+ue4-releases+4.9\engine\source\runtime\coreuobject\private\uobject\uobjectglobals.cpp:1032]
UE4Editor-CoreUObject.dll!FLinkerLoad::VerifyImportInner() [d:\buildfarm\buildmachine_++depot+ue4-releases+4.9\engine\source\runtime\coreuobject\private\uobject\linkerload.cpp:2354]
UE4Editor-CoreUObject.dll!FLinkerLoad::VerifyImport() [d:\buildfarm\buildmachine_++depot+ue4-releases+4.9\engine\source\runtime\coreuobject\private\uobject\linkerload.cpp:2115]
UE4Editor-CoreUObject.dll!FLinkerLoad::VerifyImportInner() [d:\buildfarm\buildmachine_++depot+ue4-releases+4.9\engine\source\runtime\coreuobject\private\uobject\linkerload.cpp:2402]
UE4Editor-CoreUObject.dll!FLinkerLoad::VerifyImport() [d:\buildfarm\buildmachine_++depot+ue4-releases+4.9\engine\source\runtime\coreuobject\private\uobject\linkerload.cpp:2115]
UE4Editor-CoreUObject.dll!FLinkerLoad::Verify() [d:\buildfarm\buildmachine_++depot+ue4-releases+4.9\engine\source\runtime\coreuobject\private\uobject\linkerload.cpp:1905]
UE4Editor-CoreUObject.dll!FLinkerLoad::FinalizeCreation() [d:\buildfarm\buildmachine_++depot+ue4-releases+4.9\engine\source\runtime\coreuobject\private\uobject\linkerload.cpp:1815]
UE4Editor-CoreUObject.dll!FLinkerLoad::Tick() [d:\buildfarm\buildmachine_++depot+ue4-releases+4.9\engine\source\runtime\coreuobject\private\uobject\linkerload.cpp:666]
UE4Editor-CoreUObject.dll!FLinkerLoad::CreateLinker() [d:\buildfarm\buildmachine_++depot+ue4-releases+4.9\engine\source\runtime\coreuobject\private\uobject\linkerload.cpp:404]
UE4Editor-CoreUObject.dll!GetPackageLinker() [d:\buildfarm\buildmachine_++depot+ue4-releases+4.9\engine\source\runtime\coreuobject\private\uobject\linker.cpp:570]
UE4Editor-CoreUObject.dll!LoadPackageInternal() [d:\buildfarm\buildmachine_++depot+ue4-releases+4.9\engine\source\runtime\coreuobject\private\uobject\uobjectglobals.cpp:936]
UE4Editor-CoreUObject.dll!FLinkerLoad::VerifyImportInner() [d:\buildfarm\buildmachine_++depot+ue4-releases+4.9\engine\source\runtime\coreuobject\private\uobject\linkerload.cpp:2354]
UE4Editor-CoreUObject.dll!FLinkerLoad::VerifyImport() [d:\buildfarm\buildmachine_++depot+ue4-releases+4.9\engine\source\runtime\coreuobject\private\uobject\linkerload.cpp:2115]
UE4Editor-CoreUObject.dll!FLinkerLoad::VerifyImportInner() [d:\buildfarm\buildmachine_++depot+ue4-releases+4.9\engine\source\runtime\coreuobject\private\uobject\linkerload.cpp:2402]
UE4Editor-CoreUObject.dll!FLinkerLoad::VerifyImport() [d:\buildfarm\buildmachine_++depot+ue4-releases+4.9\engine\source\runtime\coreuobject\private\uobject\linkerload.cpp:2115]
UE4Editor-CoreUObject.dll!FLinkerLoad::Verify() [d:\buildfarm\buildmachine_++depot+ue4-releases+4.9\engine\source\runtime\coreuobject\private\uobject\linkerload.cpp:1905]
UE4Editor-CoreUObject.dll!FLinkerLoad::FinalizeCreation() [d:\buildfarm\buildmachine_++depot+ue4-releases+4.9\engine\source\runtime\coreuobject\private\uobject\linkerload.cpp:1815]
UE4Editor-CoreUObject.dll!FLinkerLoad::Tick() [d:\buildfarm\buildmachine_++depot+ue4-releases+4.9\engine\source\runtime\coreuobject\private\uobject\linkerload.cpp:666]
UE4Editor-CoreUObject.dll!FLinkerLoad::CreateLinker() [d:\buildfarm\buildmachine_++depot+ue4-releases+4.9\engine\source\runtime\coreuobject\private\uobject\linkerload.cpp:404]
UE4Editor-CoreUObject.dll!GetPackageLinker() [d:\buildfarm\buildmachine_++depot+ue4-releases+4.9\engine\source\runtime\coreuobject\private\uobject\linker.cpp:570]
UE4Editor-CoreUObject.dll!LoadPackageInternal() [d:\buildfarm\buildmachine_++depot+ue4-releases+4.9\engine\source\runtime\coreuobject\private\uobject\uobjectglobals.cpp:936]
UE4Editor-CoreUObject.dll!FLinkerLoad::VerifyImportInner() [d:\buildfarm\buildmachine_++depot+ue4-releases+4.9\engine\source\runtime\coreuobject\private\uobject\linkerload.cpp:2354]
UE4Editor-CoreUObject.dll!FLinkerLoad::VerifyImport() [d:\buildfarm\buildmachine_++depot+ue4-releases+4.9\engine\source\runtime\coreuobject\private\uobject\linkerload.cpp:2115]
UE4Editor-CoreUObject.dll!FLinkerLoad::VerifyImportInner() [d:\buildfarm\buildmachine_++depot+ue4-releases+4.9\engine\source\runtime\coreuobject\private\uobject\linkerload.cpp:2402]
UE4Editor-CoreUObject.dll!FLinkerLoad::VerifyImport() [d:\buildfarm\buildmachine_++depot+ue4-releases+4.9\engine\source\runtime\coreuobject\private\uobject\linkerload.cpp:2115]
UE4Editor-CoreUObject.dll!FLinkerLoad::Verify() [d:\buildfarm\buildmachine_++depot+ue4-releases+4.9\engine\source\runtime\coreuobject\private\uobject\linkerload.cpp:1905]
UE4Editor-CoreUObject.dll!FLinkerLoad::FinalizeCreation() [d:\buildfarm\buildmachine_++depot+ue4-releases+4.9\engine\source\runtime\coreuobject\private\uobject\linkerload.cpp:1815]
UE4Editor-CoreUObject.dll!FLinkerLoad::Tick() [d:\buildfarm\buildmachine_++depot+ue4-releases+4.9\engine\source\runtime\coreuobject\private\uobject\linkerload.cpp:666]
UE4Editor-CoreUObject.dll!FLinkerLoad::CreateLinker() [d:\buildfarm\buildmachine_++depot+ue4-releases+4.9\engine\source\runtime\coreuobject\private\uobject\linkerload.cpp:404]
UE4Editor-CoreUObject.dll!GetPackageLinker() [d:\buildfarm\buildmachine_++depot+ue4-releases+4.9\engine\source\runtime\coreuobject\private\uobject\linker.cpp:570]
UE4Editor-CoreUObject.dll!LoadPackageInternal() [d:\buildfarm\buildmachine_++depot+ue4-releases+4.9\engine\source\runtime\coreuobject\private\uobject\uobjectglobals.cpp:936]
UE4Editor-CoreUObject.dll!FLinkerLoad::VerifyImportInner() [d:\buildfarm\buildmachine_++depot+ue4-releases+4.9\engine\source\runtime\coreuobject\private\uobject\linkerload.cpp:2354]
UE4Editor-CoreUObject.dll!FLinkerLoad::VerifyImport() [d:\buildfarm\buildmachine_++depot+ue4-releases+4.9\engine\source\runtime\coreuobject\private\uobject\linkerload.cpp:2115]
UE4Editor-CoreUObject.dll!FLinkerLoad::VerifyImportInner() [d:\buildfarm\buildmachine_++depot+ue4-releases+4.9\engine\source\runtime\coreuobject\private\uobject\linkerload.cpp:2402]
UE4Editor-CoreUObject.dll!FLinkerLoad::VerifyImport() [d:\buildfarm\buildmachine_++depot+ue4-releases+4.9\engine\source\runtime\coreuobject\private\uobject\linkerload.cpp:2115]
UE4Editor-CoreUObject.dll!FLinkerLoad::Verify() [d:\buildfarm\buildmachine_++depot+ue4-releases+4.9\engine\source\runtime\coreuobject\private\uobject\linkerload.cpp:1905]
UE4Editor-CoreUObject.dll!FLinkerLoad::FinalizeCreation() [d:\buildfarm\buildmachine_++depot+ue4-releases+4.9\engine\source\runtime\coreuobject\private\uobject\linkerload.cpp:1815]
UE4Editor-CoreUObject.dll!FLinkerLoad::Tick() [d:\buildfarm\buildmachine_++depot+ue4-releases+4.9\engine\source\runtime\coreuobject\private\uobject\linkerload.cpp:666]
UE4Editor-CoreUObject.dll!FLinkerLoad::CreateLinker() [d:\buildfarm\buildmachine_++depot+ue4-releases+4.9\engine\source\runtime\coreuobject\private\uobject\linkerload.cpp:404]
UE4Editor-CoreUObject.dll!GetPackageLinker() [d:\buildfarm\buildmachine_++depot+ue4-releases+4.9\engine\source\runtime\coreuobject\private\uobject\linker.cpp:570]
UE4Editor-CoreUObject.dll!LoadPackageInternal() [d:\buildfarm\buildmachine_++depot+ue4-releases+4.9\engine\source\runtime\coreuobject\private\uobject\uobjectglobals.cpp:936]
UE4Editor-CoreUObject.dll!FLinkerLoad::VerifyImportInner() [d:\buildfarm\buildmachine_++depot+ue4-releases+4.9\engine\source\runtime\coreuobject\private\uobject\linkerload.cpp:2354]
UE4Editor-CoreUObject.dll!FLinkerLoad::VerifyImport() [d:\buildfarm\buildmachine_++depot+ue4-releases+4.9\engine\source\runtime\coreuobject\private\uobject\linkerload.cpp:2115]
UE4Editor-CoreUObject.dll!FLinkerLoad::VerifyImportInner() [d:\buildfarm\buildmachine_++depot+ue4-releases+4.9\engine\source\runtime\coreuobject\private\uobject\linkerload.cpp:2402]
UE4Editor-CoreUObject.dll!FLinkerLoad::VerifyImport() [d:\buildfarm\buildmachine_++depot+ue4-releases+4.9\engine\source\runtime\coreuobject\private\uobject\linkerload.cpp:2115]
UE4Editor-CoreUObject.dll!FLinkerLoad::VerifyImportInner() [d:\buildfarm\buildmachine_++depot+ue4-releases+4.9\engine\source\runtime\coreuobject\private\uobject\linkerload.cpp:2402]
UE4Editor-CoreUObject.dll!FLinkerLoad::VerifyImport() [d:\buildfarm\buildmachine_++depot+ue4-releases+4.9\engine\source\runtime\coreuobject\private\uobject\linkerload.cpp:2115]
UE4Editor-CoreUObject.dll!FLinkerLoad::Verify() [d:\buildfarm\buildmachine_++depot+ue4-releases+4.9\engine\source\runtime\coreuobject\private\uobject\linkerload.cpp:1905]
UE4Editor-CoreUObject.dll!FLinkerLoad::FinalizeCreation() [d:\buildfarm\buildmachine_++depot+ue4-releases+4.9\engine\source\runtime\coreuobject\private\uobject\linkerload.cpp:1815]
UE4Editor-CoreUObject.dll!FLinkerLoad::Tick() [d:\buildfarm\buildmachine_++depot+ue4-releases+4.9\engine\source\runtime\coreuobject\private\uobject\linkerload.cpp:666]
UE4Editor-CoreUObject.dll!FLinkerLoad::CreateLinker() [d:\buildfarm\buildmachine_++depot+ue4-releases+4.9\engine\source\runtime\coreuobject\private\uobject\linkerload.cpp:404]
UE4Editor-CoreUObject.dll!GetPackageLinker() [d:\buildfarm\buildmachine_++depot+ue4-releases+4.9\engine\source\runtime\coreuobject\private\uobject\linker.cpp:570]
UE4Editor-CoreUObject.dll!LoadPackageInternal() [d:\buildfarm\buildmachine_++depot+ue4-releases+4.9\engine\source\runtime\coreuobject\private\uobject\uobjectglobals.cpp:936]
UE4Editor-UnrealEd.dll
[2015.11.17-17.12.38:908][  0]LogAnimation:Warning: Invalid animation root node index 54 on '/LeapMotion/Character/Basic/BasicCharacter_AnimBlueprint.BasicCharacter_AnimBlueprint_C' (only 52 nodes)
[2015.11.17-17.12.39:200][  0]LogAnimation:Warning: Invalid animation root node index 54 on '/Engine/Transient.REINST_BasicCharacter_AnimBlueprint_C_2' (only 52 nodes)
[2015.11.17-17.12.39:320][  0]LogClass:Warning: Property AnimGraphNode_Fabrik_8C904C7A415FB588652E8A91FDC811AE of BasicCharacter_AnimBlueprint_C has a struct type mismatch (tag FallbackStruct != prop AnimNode_Fabrik) in package:  FObjectReader. If that struct got renamed, add an entry to ActiveStructRedirects.
[2015.11.17-17.12.39:320][  0]LogClass:Warning: Property AnimGraphNode_Fabrik_416EC86F435836563C4E49AD6D016C3C of BasicCharacter_AnimBlueprint_C has a struct type mismatch (tag FallbackStruct != prop AnimNode_Fabrik) in package:  FObjectReader. If that struct got renamed, add an entry to ActiveStructRedirects.
[2015.11.17-17.12.39:320][  0]LogClass:Warning: Property AnimGraphNode_Fabrik_9FF4326C4CAD2373B92D6F9E3AC3F57A of BasicCharacter_AnimBlueprint_C has a struct type mismatch (tag FallbackStruct != prop AnimNode_Fabrik) in package:  FObjectReader. If that struct got renamed, add an entry to ActiveStructRedirects.
[2015.11.17-17.12.39:579][  0]LogBlueprint:Warning: [compiler LeapBasicRiggedCharacter] Warning InputAction Event references unknown Action 'Jump' for  InputAction Jump 
[2015.11.17-17.12.39:579][  0]LogBlueprint:Warning: [compiler LeapBasicRiggedCharacter] Warning Input Axis Event references unknown Axis 'LookUpRate' for  InputAxis LookUpRate 
[2015.11.17-17.12.39:580][  0]LogBlueprint:Warning: [compiler LeapBasicRiggedCharacter] Warning Input Axis Event references unknown Axis 'TurnRate' for  InputAxis TurnRate 
[2015.11.17-17.12.39:580][  0]LogBlueprint:Warning: [compiler LeapBasicRiggedCharacter] Warning Input Axis Event references unknown Axis 'Turn' for  InputAxis Turn 
[2015.11.17-17.12.39:580][  0]LogBlueprint:Warning: [compiler LeapBasicRiggedCharacter] Warning Input Axis Event references unknown Axis 'LookUp' for  InputAxis LookUp 
[2015.11.17-17.12.39:580][  0]LogBlueprint:Warning: [compiler LeapBasicRiggedCharacter] Warning Input Axis Event references unknown Axis 'MoveRight' for  InputAxis MoveRight 
[2015.11.17-17.12.39:580][  0]LogBlueprint:Warning: [compiler LeapBasicRiggedCharacter] Warning Input Axis Event references unknown Axis 'MoveForward' for  InputAxis MoveForward 
[2015.11.17-17.12.39:584][  0]LogBlueprint:Warning: [compiler LeapBasicRiggedCharacter] Warning [0022.39] Compile of LeapBasicRiggedCharacter successful, but with 7 Warning(s) [in 10 ms]
[2015.11.17-17.12.39:584][  0]LogBlueprint:Warning: [compiler LeapBasicRiggedCharacter] Warning [0022.39] Compile of LeapBasicRiggedCharacter successful, but with 8 Warning(s) [in 0 ms]
[2015.11.17-17.12.39:584][  0]LogBlueprint:Warning: [compiler LeapBasicRiggedCharacter] Warning [0022.39] Compile of LeapBasicRiggedCharacter successful, but with 9 Warning(s) [in 0 ms]
[2015.11.17-17.12.40:045][  0]LogBlueprint:Warning: [compiler LeapBasicRiggedCharacter] Warning InputAction Event references unknown Action 'Jump' for  InputAction Jump 
[2015.11.17-17.12.40:046][  0]LogBlueprint:Warning: [compiler LeapBasicRiggedCharacter] Warning Input Axis Event references unknown Axis 'LookUpRate' for  InputAxis LookUpRate 
[2015.11.17-17.12.40:046][  0]LogBlueprint:Warning: [compiler LeapBasicRiggedCharacter] Warning Input Axis Event references unknown Axis 'TurnRate' for  InputAxis TurnRate 
[2015.11.17-17.12.40:046][  0]LogBlueprint:Warning: [compiler LeapBasicRiggedCharacter] Warning Input Axis Event references unknown Axis 'Turn' for  InputAxis Turn 
[2015.11.17-17.12.40:046][  0]LogBlueprint:Warning: [compiler LeapBasicRiggedCharacter] Warning Input Axis Event references unknown Axis 'LookUp' for  InputAxis LookUp 
[2015.11.17-17.12.40:047][  0]LogBlueprint:Warning: [compiler LeapBasicRiggedCharacter] Warning Input Axis Event references unknown Axis 'MoveRight' for  InputAxis MoveRight 
[2015.11.17-17.12.40:047][  0]LogBlueprint:Warning: [compiler LeapBasicRiggedCharacter] Warning Input Axis Event references unknown Axis 'MoveForward' for  InputAxis MoveForward 
[2015.11.17-17.12.40:052][  0]LogBlueprint:Warning: [compiler LeapBasicRiggedCharacter] Warning [0022.86] Compile of LeapBasicRiggedCharacter successful, but with 7 Warning(s) [in 13 ms]
[2015.11.17-17.12.40:052][  0]LogBlueprint:Warning: [compiler LeapBasicRiggedCharacter] Warning [0022.86] Compile of LeapBasicRiggedCharacter successful, but with 8 Warning(s) [in 0 ms]
[2015.11.17-17.12.40:053][  0]LogBlueprint:Warning: [compiler LeapBasicRiggedCharacter] Warning [0022.86] Compile of LeapBasicRiggedCharacter successful, but with 9 Warning(s) [in 0 ms]
[2015.11.17-17.12.41:375][  0]LogAIModule: Creating AISystem for world MemoryCardEntry
[2015.11.17-17.12.41:414][  0]LogEditorServer: Finished looking for orphan Actors (0.000 secs)
[2015.11.17-17.12.41:414][  0]Cmd: MAP CHECKDEP NOCLEARLOG
[2015.11.17-17.12.41:615][  0]MapCheck: Info Map check complete: 0 Error(s), 0 Warning(s), took 200.624ms to complete.
[2015.11.17-17.12.41:615][  0]LogFileHelpers: Loading map 'MemoryCardEntry' took 17.615
[2015.11.17-17.12.41:773][  0]LogCollectionManager: Loaded 0 collections in 0.002409 seconds
[2015.11.17-17.12.41:818][  0]LogFileCache: Scanning file cache for directory 'C:/Users/croda/Documents/Unreal Projects/SantaSearch/Saved/Collections/' took 0.01s
[2015.11.17-17.12.41:818][  0]LogFileCache: Scanning file cache for directory 'C:/Users/croda/Documents/Unreal Projects/SantaSearch/Content/Developers/croda/Collections/' took 0.01s
[2015.11.17-17.12.41:818][  0]LogFileCache: Scanning file cache for directory 'C:/Users/croda/Documents/Unreal Projects/SantaSearch/Content/Collections/' took 0.01s
[2015.11.17-17.12.41:818][  0]LogContentBrowser: Native class hierarchy populated in 0.0080 seconds. Added 1919 classes and 342 folders.
[2015.11.17-17.12.41:833][  0]LogCollectionManager: Rebuilt the GUID cache for 0 collections in 0.000003 seconds
[2015.11.17-17.12.41:843][  0]LogContentBrowser: Native class hierarchy updated for 'WidgetCarousel' in 0.0004 seconds. Added 0 classes and 0 folders.
[2015.11.17-17.12.41:906][  0]LogContentBrowser: Native class hierarchy updated for 'AddContentDialog' in 0.0005 seconds. Added 0 classes and 0 folders.
[2015.11.17-17.12.41:913][  0]LogContentBrowser: Native class hierarchy updated for 'SceneOutliner' in 0.0005 seconds. Added 1 classes and 2 folders.
[2015.11.17-17.12.41:991][  0]LogCrashTracker: Crashtracker disabled due to settings.
[2015.11.17-17.12.41:996][  0]LogUObjectGlobals:Warning: Failed to find object 'Class None.'
[2015.11.17-17.12.42:019][  0]LogLoad: Full Startup: 24.83 seconds (BP compile: 1.13 seconds)
[2015.11.17-17.12.42:121][  0]LogContentStreaming: Texture pool size now 1000 MB
[2015.11.17-17.12.42:275][  0]LogRenderer: Reallocating scene render targets to support 876x652 (Frame:2).
[2015.11.17-17.12.42:829][ 11]LogAssetRegistry: Asset discovery search completed in 21.5030 seconds
[2015.11.17-17.12.42:829][ 11]LogCollectionManager: Rebuilt the object cache for 0 collections in 0.000001 seconds (found 0 objects)
[2015.11.17-17.12.42:829][ 11]LogCollectionManager: Fixed up redirectors for 0 collections in 0.000026 seconds (updated 0 objects)
[2015.11.17-17.12.47:355][281]LogFileCache: Retrieving MD5 hashes for directory 'C:/Users/croda/Documents/Unreal Projects/SantaSearch/Content/' took 5.31s
[2015.11.17-17.13.11:160][708]LogLinker:Warning: Can't find file '/Game/NaturePackage/Content/BaseMaterial/Flora_twoSides'
[2015.11.17-17.13.11:160][708]LogLinker:Warning: Can't find file for asset '/Game/NaturePackage/Content/BaseMaterial/Flora_twoSides' while loading ../../../../../../Users/croda/Documents/Unreal Projects/SantaSearch/Content/Assets/flora/material/conifer.uasset.
[2015.11.17-17.13.11:160][708]LoadErrors:Error: Error /Game/Assets/flora/material/conifer : Can't find file for asset. /Game/NaturePackage/Content/BaseMaterial/Flora_twoSides
[2015.11.17-17.13.11:160][708]LogLinker:Warning: Can't find file '/Game/NaturePackage/Content/BaseMaterial/Flora_twoSides'
[2015.11.17-17.13.11:160][708]LogLinker:Warning: Can't find file for asset '/Game/NaturePackage/Content/BaseMaterial/Flora_twoSides' while loading ../../../../../../Users/croda/Documents/Unreal Projects/SantaSearch/Content/Assets/flora/material/conifer.uasset.
[2015.11.17-17.13.11:160][708]LogLinker:Warning: Can't find file '/Game/NaturePackage/Content/Flora/Material/trees/Conifer2_D'
[2015.11.17-17.13.11:161][708]LogLinker:Warning: Can't find file for asset '/Game/NaturePackage/Content/Flora/Material/trees/Conifer2_D' while loading ../../../../../../Users/croda/Documents/Unreal Projects/SantaSearch/Content/Assets/flora/material/conifer.uasset.
[2015.11.17-17.13.11:161][708]LoadErrors:Error: Error /Game/Assets/flora/material/conifer : Can't find file for asset. /Game/NaturePackage/Content/Flora/Material/trees/Conifer2_D
[2015.11.17-17.13.11:161][708]LogLinker:Warning: Can't find file '/Game/NaturePackage/Content/Flora/Material/trees/Conifer2_N'
[2015.11.17-17.13.11:161][708]LogLinker:Warning: Can't find file for asset '/Game/NaturePackage/Content/Flora/Material/trees/Conifer2_N' while loading ../../../../../../Users/croda/Documents/Unreal Projects/SantaSearch/Content/Assets/flora/material/conifer.uasset.
[2015.11.17-17.13.11:161][708]LoadErrors:Error: Error /Game/Assets/flora/material/conifer : Can't find file for asset. /Game/NaturePackage/Content/Flora/Material/trees/Conifer2_N
[2015.11.17-17.13.11:161][708]LogLinker:Warning: Can't find file '/Game/NaturePackage/Content/Flora/Material/trees/Conifer2_D'
[2015.11.17-17.13.11:161][708]LogLinker:Warning: Can't find file for asset '/Game/NaturePackage/Content/Flora/Material/trees/Conifer2_D' while loading ../../../../../../Users/croda/Documents/Unreal Projects/SantaSearch/Content/Assets/flora/material/conifer.uasset.
[2015.11.17-17.13.11:161][708]LogLinker:Warning: Can't find file '/Game/NaturePackage/Content/Flora/Material/trees/Conifer2_N'
[2015.11.17-17.13.11:161][708]LogLinker:Warning: Can't find file for asset '/Game/NaturePackage/Content/Flora/Material/trees/Conifer2_N' while loading ../../../../../../Users/croda/Documents/Unreal Projects/SantaSearch/Content/Assets/flora/material/conifer.uasset.
[2015.11.17-17.13.11:162][708]LogLinker:Warning: Can't find file '/Game/NaturePackage/Content/BaseMaterial/Flora_twoSides'
[2015.11.17-17.13.11:162][708]LoadErrors: Info Failed to load /Game/NaturePackage/Content/BaseMaterial/Flora_twoSides.Flora_twoSides Referenced by conifer
[2015.11.17-17.13.11:162][708]LogLinker:Warning: Can't find file for asset '/Game/NaturePackage/Content/BaseMaterial/Flora_twoSides' while loading NULL.
[2015.11.17-17.13.11:162][708]LogLinker:Warning: Can't find file '/Game/NaturePackage/Content/Flora/Material/trees/Conifer2_D'
[2015.11.17-17.13.11:162][708]LoadErrors: Info Failed to load /Game/NaturePackage/Content/Flora/Material/trees/Conifer2_D.Conifer2_D Referenced by conifer
[2015.11.17-17.13.11:162][708]LogLinker:Warning: Can't find file for asset '/Game/NaturePackage/Content/Flora/Material/trees/Conifer2_D' while loading NULL.
[2015.11.17-17.13.11:162][708]LogLinker:Warning: Can't find file '/Game/NaturePackage/Content/Flora/Material/trees/Conifer2_N'
[2015.11.17-17.13.11:163][708]LoadErrors: Info Failed to load /Game/NaturePackage/Content/Flora/Material/trees/Conifer2_N.Conifer2_N Referenced by conifer
[2015.11.17-17.13.11:163][708]LogLinker:Warning: Can't find file for asset '/Game/NaturePackage/Content/Flora/Material/trees/Conifer2_N' while loading NULL.
[2015.11.17-17.13.11:297][708]LogRenderer: Reallocating scene render targets to support 1148x720 (Frame:1686).
[2015.11.17-17.15.54:256][ 13]LogLinker:Warning: Can't find file '/Game/NaturePackage/Content/BaseMaterial/BaseTexture/base_flat_n'
[2015.11.17-17.15.54:256][ 13]LogLinker:Warning: Can't find file for asset '/Game/NaturePackage/Content/BaseMaterial/BaseTexture/base_flat_n' while loading ../../../../../../Users/croda/Documents/Unreal Projects/SantaSearch/Content/Assets/flora/material/Flora_twoSides.uasset.
[2015.11.17-17.15.54:257][ 13]LoadErrors:Error: Error /Game/Assets/flora/material/Flora_twoSides : Can't find file for asset. /Game/NaturePackage/Content/BaseMaterial/BaseTexture/base_flat_n
[2015.11.17-17.15.54:257][ 13]LogLinker:Warning: Can't find file '/Game/NaturePackage/Content/BaseMaterial/BaseTexture/base_gray_d'
[2015.11.17-17.15.54:257][ 13]LogLinker:Warning: Can't find file for asset '/Game/NaturePackage/Content/BaseMaterial/BaseTexture/base_gray_d' while loading ../../../../../../Users/croda/Documents/Unreal Projects/SantaSearch/Content/Assets/flora/material/Flora_twoSides.uasset.
[2015.11.17-17.15.54:257][ 13]LoadErrors:Error: Error /Game/Assets/flora/material/Flora_twoSides : Can't find file for asset. /Game/NaturePackage/Content/BaseMaterial/BaseTexture/base_gray_d
[2015.11.17-17.15.54:257][ 13]LogLinker:Warning: Can't find file '/Game/NaturePackage/Content/BaseMaterial/BaseTexture/gradient_D'
[2015.11.17-17.15.54:257][ 13]LogLinker:Warning: Can't find file for asset '/Game/NaturePackage/Content/BaseMaterial/BaseTexture/gradient_D' while loading ../../../../../../Users/croda/Documents/Unreal Projects/SantaSearch/Content/Assets/flora/material/Flora_twoSides.uasset.
[2015.11.17-17.15.54:257][ 13]LoadErrors:Error: Error /Game/Assets/flora/material/Flora_twoSides : Can't find file for asset. /Game/NaturePackage/Content/BaseMaterial/BaseTexture/gradient_D
[2015.11.17-17.15.54:257][ 13]LogLinker:Warning: Can't find file '/Game/NaturePackage/Content/BaseMaterial/BaseTexture/base_flat_n'
[2015.11.17-17.15.54:257][ 13]LogLinker:Warning: Can't find file for asset '/Game/NaturePackage/Content/BaseMaterial/BaseTexture/base_flat_n' while loading ../../../../../../Users/croda/Documents/Unreal Projects/SantaSearch/Content/Assets/flora/material/Flora_twoSides.uasset.
[2015.11.17-17.15.54:257][ 13]LogLinker:Warning: Can't find file '/Game/NaturePackage/Content/BaseMaterial/BaseTexture/base_gray_d'
[2015.11.17-17.15.54:258][ 13]LogLinker:Warning: Can't find file for asset '/Game/NaturePackage/Content/BaseMaterial/BaseTexture/base_gray_d' while loading ../../../../../../Users/croda/Documents/Unreal Projects/SantaSearch/Content/Assets/flora/material/Flora_twoSides.uasset.
[2015.11.17-17.15.54:258][ 13]LogLinker:Warning: Can't find file '/Game/NaturePackage/Content/BaseMaterial/BaseTexture/gradient_D'
[2015.11.17-17.15.54:258][ 13]LogLinker:Warning: Can't find file for asset '/Game/NaturePackage/Content/BaseMaterial/BaseTexture/gradient_D' while loading ../../../../../../Users/croda/Documents/Unreal Projects/SantaSearch/Content/Assets/flora/material/Flora_twoSides.uasset.
[2015.11.17-17.15.54:262][ 13]LogLinker:Warning: Can't find file '/Game/NaturePackage/Content/BaseMaterial/BaseTexture/gradient_D'
[2015.11.17-17.15.54:262][ 13]LoadErrors: Info Failed to load /Game/NaturePackage/Content/BaseMaterial/BaseTexture/gradient_D.gradient_D Referenced by MaterialExpressionTextureSample_5
[2015.11.17-17.15.54:262][ 13]LogLinker:Warning: Can't find file for asset '/Game/NaturePackage/Content/BaseMaterial/BaseTexture/gradient_D' while loading NULL.
[2015.11.17-17.15.54:262][ 13]LogLinker:Warning: Can't find file '/Game/NaturePackage/Content/BaseMaterial/BaseTexture/base_gray_d'
[2015.11.17-17.15.54:262][ 13]LoadErrors: Info Failed to load /Game/NaturePackage/Content/BaseMaterial/BaseTexture/base_gray_d.base_gray_d Referenced by MaterialExpressionTextureSampleParameter2D_19
[2015.11.17-17.15.54:262][ 13]LogLinker:Warning: Can't find file for asset '/Game/NaturePackage/Content/BaseMaterial/BaseTexture/base_gray_d' while loading NULL.
[2015.11.17-17.15.54:262][ 13]LogLinker:Warning: Can't find file '/Game/NaturePackage/Content/BaseMaterial/BaseTexture/base_flat_n'
[2015.11.17-17.15.54:262][ 13]LoadErrors: Info Failed to load /Game/NaturePackage/Content/BaseMaterial/BaseTexture/base_flat_n.base_flat_n Referenced by MaterialExpressionTextureSampleParameter2D_8
[2015.11.17-17.15.54:262][ 13]LogLinker:Warning: Can't find file for asset '/Game/NaturePackage/Content/BaseMaterial/BaseTexture/base_flat_n' while loading NULL.
[2015.11.17-17.15.54:266][ 13]LogMaterial: Missing cached shader map for material Flora_twoSides, compiling. 
[2015.11.17-17.15.54:268][ 13]LogMaterial:Warning: Failed to compile Material /Game/Assets/flora/material/Flora_twoSides.Flora_twoSides for platform PCD3D_SM5, Default Material will be used in game.
[2015.11.17-17.15.54:268][ 13]LogMaterial:Warning: 	(Node TextureSampleParameter2D) Param2D> Requires Texture2D
[2015.11.17-17.15.54:268][ 13]LogMaterial:Warning: 	(Node TextureSample) TextureSample> Missing input texture
[2015.11.17-17.15.54:294][ 13]LogMaterial: Missing cached shader map for material Flora_twoSides, compiling. 
[2015.11.17-17.15.54:295][ 13]LogMaterial:Warning: Failed to compile Material /Engine/Transient.Flora_twoSides for platform PCD3D_SM5, Default Material will be used in game.
[2015.11.17-17.15.54:295][ 13]LogMaterial:Warning: 	(Node TextureSampleParameter2D) Param2D> Requires Texture2D
[2015.11.17-17.15.54:295][ 13]LogMaterial:Warning: 	(Node TextureSample) TextureSample> Missing input texture
[2015.11.17-17.15.54:411][ 13]LogMaterial: Missing cached shader map for material Flora_twoSides, compiling. 
[2015.11.17-17.15.54:412][ 13]LogMaterial:Warning: Failed to compile Material /Engine/Transient.Flora_twoSides for platform PCD3D_SM5, Default Material will be used in game.
[2015.11.17-17.15.54:412][ 13]LogMaterial:Warning: 	(Node TextureSampleParameter2D) Param2D> Requires Texture2D
[2015.11.17-17.15.54:412][ 13]LogMaterial:Warning: 	(Node TextureSample) TextureSample> Missing input texture
[2015.11.17-17.15.54:413][ 13]LogMaterial: 0.000090 seconds spent updating 1 materials, 1 interfaces, 0 instances, 0 with static permutations.
[2015.11.17-17.15.54:440][ 13]LogMaterial: Missing cached shader map for material FMatExpressionPreview MaterialExpressionTextureSampleParameter2D_19, compiling. 
[2015.11.17-17.15.54:441][ 13]LogMaterial: Missing cached shader map for material FMatExpressionPreview MaterialExpressionLinearInterpolate_5, compiling. 
[2015.11.17-17.15.54:442][ 13]LogMaterial: Missing cached shader map for material FMatExpressionPreview MaterialExpressionVectorParameter_7, compiling. 
[2015.11.17-17.15.54:449][ 13]LogMaterial: Missing cached shader map for material FMatExpressionPreview MaterialExpressionTextureSampleParameter2D_8, compiling. 
[2015.11.17-17.15.54:451][ 13]LogMaterial: Missing cached shader map for material FMatExpressionPreview MaterialExpressionConstant3Vector_2, compiling. 
[2015.11.17-17.15.54:453][ 13]LogMaterial: Missing cached shader map for material FMatExpressionPreview MaterialExpressionVectorParameter_2, compiling. 
[2015.11.17-17.15.54:456][ 13]LogMaterial: Missing cached shader map for material FMatExpressionPreview MaterialExpressionVectorParameter_8, compiling. 
[2015.11.17-17.15.54:459][ 13]LogMaterial: Missing cached shader map for material FMatExpressionPreview MaterialExpressionTextureSample_5, compiling. 
[2015.11.17-17.15.54:461][ 13]LogMaterial: Missing cached shader map for material FMatExpressionPreview MaterialExpressionSine_10, compiling. 
[2015.11.17-17.15.54:464][ 13]LogMaterial: Missing cached shader map for material FMatExpressionPreview MaterialExpressionVectorParameter_6, compiling. 
[2015.11.17-17.15.54:467][ 13]LogMaterial: Missing cached shader map for material FMatExpressionPreview MaterialExpressionSine_11, compiling. 
[2015.11.17-17.15.54:471][ 13]MaterialEditorStats:Error: Error [SM5] (Node TextureSampleParameter2D) Param2D> Requires Texture2D
[2015.11.17-17.15.54:471][ 13]MaterialEditorStats:Error: Error [SM5] (Node TextureSample) TextureSample> Missing input texture
[2015.11.17-17.16.36:580][521]LogLinker:Warning: Can't find file '/Game/NaturePackage/Content/BaseMaterial/Flora_twoSides'
[2015.11.17-17.16.36:580][521]LogLinker:Warning: Can't find file for asset '/Game/NaturePackage/Content/BaseMaterial/Flora_twoSides' while loading ../../../../../../Users/croda/Documents/Unreal Projects/SantaSearch/Content/Assets/flora/material/PineTree.uasset.
[2015.11.17-17.16.36:580][521]LoadErrors:Error: Error /Game/Assets/flora/material/PineTree : Can't find file for asset. /Game/NaturePackage/Content/BaseMaterial/Flora_twoSides
[2015.11.17-17.16.36:580][521]LogLinker:Warning: Can't find file '/Game/NaturePackage/Content/BaseMaterial/Flora_twoSides'
[2015.11.17-17.16.36:580][521]LogLinker:Warning: Can't find file for asset '/Game/NaturePackage/Content/BaseMaterial/Flora_twoSides' while loading ../../../../../../Users/croda/Documents/Unreal Projects/SantaSearch/Content/Assets/flora/material/PineTree.uasset.
[2015.11.17-17.16.36:581][521]LogLinker:Warning: Can't find file '/Game/NaturePackage/Content/Flora/Material/trees/PineTree_D'
[2015.11.17-17.16.36:581][521]LogLinker:Warning: Can't find file for asset '/Game/NaturePackage/Content/Flora/Material/trees/PineTree_D' while loading ../../../../../../Users/croda/Documents/Unreal Projects/SantaSearch/Content/Assets/flora/material/PineTree.uasset.
[2015.11.17-17.16.36:581][521]LoadErrors:Error: Error /Game/Assets/flora/material/PineTree : Can't find file for asset. /Game/NaturePackage/Content/Flora/Material/trees/PineTree_D
[2015.11.17-17.16.36:581][521]LogLinker:Warning: Can't find file '/Game/NaturePackage/Content/Flora/Material/trees/PineTree_N'
[2015.11.17-17.16.36:581][521]LogLinker:Warning: Can't find file for asset '/Game/NaturePackage/Content/Flora/Material/trees/PineTree_N' while loading ../../../../../../Users/croda/Documents/Unreal Projects/SantaSearch/Content/Assets/flora/material/PineTree.uasset.
[2015.11.17-17.16.36:581][521]LoadErrors:Error: Error /Game/Assets/flora/material/PineTree : Can't find file for asset. /Game/NaturePackage/Content/Flora/Material/trees/PineTree_N
[2015.11.17-17.16.36:581][521]LogLinker:Warning: Can't find file '/Game/NaturePackage/Content/Flora/Material/trees/PineTree_D'
[2015.11.17-17.16.36:581][521]LogLinker:Warning: Can't find file for asset '/Game/NaturePackage/Content/Flora/Material/trees/PineTree_D' while loading ../../../../../../Users/croda/Documents/Unreal Projects/SantaSearch/Content/Assets/flora/material/PineTree.uasset.
[2015.11.17-17.16.36:581][521]LogLinker:Warning: Can't find file '/Game/NaturePackage/Content/Flora/Material/trees/PineTree_N'
[2015.11.17-17.16.36:582][521]LogLinker:Warning: Can't find file for asset '/Game/NaturePackage/Content/Flora/Material/trees/PineTree_N' while loading ../../../../../../Users/croda/Documents/Unreal Projects/SantaSearch/Content/Assets/flora/material/PineTree.uasset.
[2015.11.17-17.16.36:582][521]LogLinker:Warning: Can't find file '/Game/NaturePackage/Content/BaseMaterial/Flora_twoSides'
[2015.11.17-17.16.36:582][521]LoadErrors: Info Failed to load /Game/NaturePackage/Content/BaseMaterial/Flora_twoSides.Flora_twoSides Referenced by PineTree
[2015.11.17-17.16.36:582][521]LogLinker:Warning: Can't find file for asset '/Game/NaturePackage/Content/BaseMaterial/Flora_twoSides' while loading NULL.
[2015.11.17-17.16.36:582][521]LogLinker:Warning: Can't find file '/Game/NaturePackage/Content/Flora/Material/trees/PineTree_D'
[2015.11.17-17.16.36:582][521]LoadErrors: Info Failed to load /Game/NaturePackage/Content/Flora/Material/trees/PineTree_D.PineTree_D Referenced by PineTree
[2015.11.17-17.16.36:582][521]LogLinker:Warning: Can't find file for asset '/Game/NaturePackage/Content/Flora/Material/trees/PineTree_D' while loading NULL.
[2015.11.17-17.16.36:583][521]LogLinker:Warning: Can't find file '/Game/NaturePackage/Content/Flora/Material/trees/PineTree_N'
[2015.11.17-17.16.36:583][521]LoadErrors: Info Failed to load /Game/NaturePackage/Content/Flora/Material/trees/PineTree_N.PineTree_N Referenced by PineTree
[2015.11.17-17.16.36:583][521]LogLinker:Warning: Can't find file for asset '/Game/NaturePackage/Content/Flora/Material/trees/PineTree_N' while loading NULL.
[2015.11.17-17.16.58:084][670]LogLinker:Warning: Can't find file '/Game/NaturePackage/Content/BaseMaterial/BaseTexture/base_flat_n'
[2015.11.17-17.16.58:084][670]LogLinker:Warning: Can't find file for asset '/Game/NaturePackage/Content/BaseMaterial/BaseTexture/base_flat_n' while loading ../../../../../../Users/croda/Documents/Unreal Projects/SantaSearch/Content/Assets/flora/material/bese_material.uasset.
[2015.11.17-17.16.58:084][670]LoadErrors:Error: Error /Game/Assets/flora/material/bese_material : Can't find file for asset. /Game/NaturePackage/Content/BaseMaterial/BaseTexture/base_flat_n
[2015.11.17-17.16.58:084][670]LogLinker:Warning: Can't find file '/Game/NaturePackage/Content/BaseMaterial/BaseTexture/base_gray_d'
[2015.11.17-17.16.58:084][670]LogLinker:Warning: Can't find file for asset '/Game/NaturePackage/Content/BaseMaterial/BaseTexture/base_gray_d' while loading ../../../../../../Users/croda/Documents/Unreal Projects/SantaSearch/Content/Assets/flora/material/bese_material.uasset.
[2015.11.17-17.16.58:084][670]LoadErrors:Error: Error /Game/Assets/flora/material/bese_material : Can't find file for asset. /Game/NaturePackage/Content/BaseMaterial/BaseTexture/base_gray_d
[2015.11.17-17.16.58:084][670]LogLinker:Warning: Can't find file '/Game/NaturePackage/Content/BaseMaterial/BaseTexture/base_flat_n'
[2015.11.17-17.16.58:084][670]LogLinker:Warning: Can't find file for asset '/Game/NaturePackage/Content/BaseMaterial/BaseTexture/base_flat_n' while loading ../../../../../../Users/croda/Documents/Unreal Projects/SantaSearch/Content/Assets/flora/material/bese_material.uasset.
[2015.11.17-17.16.58:085][670]LogLinker:Warning: Can't find file '/Game/NaturePackage/Content/BaseMaterial/BaseTexture/base_gray_d'
[2015.11.17-17.16.58:085][670]LogLinker:Warning: Can't find file for asset '/Game/NaturePackage/Content/BaseMaterial/BaseTexture/base_gray_d' while loading ../../../../../../Users/croda/Documents/Unreal Projects/SantaSearch/Content/Assets/flora/material/bese_material.uasset.
[2015.11.17-17.16.58:086][670]LogLinker:Warning: Can't find file '/Game/NaturePackage/Content/BaseMaterial/BaseTexture/base_gray_d'
[2015.11.17-17.16.58:086][670]LoadErrors: Info Failed to load /Game/NaturePackage/Content/BaseMaterial/BaseTexture/base_gray_d.base_gray_d Referenced by MaterialExpressionTextureSampleParameter2D_0
[2015.11.17-17.16.58:086][670]LogLinker:Warning: Can't find file for asset '/Game/NaturePackage/Content/BaseMaterial/BaseTexture/base_gray_d' while loading NULL.
[2015.11.17-17.16.58:086][670]LogLinker:Warning: Can't find file '/Game/NaturePackage/Content/BaseMaterial/BaseTexture/base_flat_n'
[2015.11.17-17.16.58:086][670]LoadErrors: Info Failed to load /Game/NaturePackage/Content/BaseMaterial/BaseTexture/base_flat_n.base_flat_n Referenced by MaterialExpressionTextureSampleParameter2D_1
[2015.11.17-17.16.58:086][670]LogLinker:Warning: Can't find file for asset '/Game/NaturePackage/Content/BaseMaterial/BaseTexture/base_flat_n' while loading NULL.
[2015.11.17-17.16.58:087][670]LogLinker:Warning: Can't find file '/Game/NaturePackage/Content/BaseMaterial/BaseTexture/base_gray_d'
[2015.11.17-17.16.58:087][670]LoadErrors: Info Failed to load /Game/NaturePackage/Content/BaseMaterial/BaseTexture/base_gray_d.base_gray_d Referenced by MaterialExpressionTextureSampleParameter2D_3
[2015.11.17-17.16.58:087][670]LogLinker:Warning: Can't find file for asset '/Game/NaturePackage/Content/BaseMaterial/BaseTexture/base_gray_d' while loading NULL.
[2015.11.17-17.16.58:087][670]LogLinker:Warning: Can't find file '/Game/NaturePackage/Content/BaseMaterial/BaseTexture/base_flat_n'
[2015.11.17-17.16.58:087][670]LoadErrors: Info Failed to load /Game/NaturePackage/Content/BaseMaterial/BaseTexture/base_flat_n.base_flat_n Referenced by MaterialExpressionTextureSampleParameter2D_4
[2015.11.17-17.16.58:087][670]LogLinker:Warning: Can't find file for asset '/Game/NaturePackage/Content/BaseMaterial/BaseTexture/base_flat_n' while loading NULL.
[2015.11.17-17.16.58:091][670]LogMaterial: Missing cached shader map for material bese_material, compiling. 
[2015.11.17-17.16.58:091][670]LogMaterial:Warning: Failed to compile Material /Game/Assets/flora/material/bese_material.bese_material for platform PCD3D_SM5, Default Material will be used in game.
[2015.11.17-17.16.58:091][670]LogMaterial:Warning: 	(Node TextureSampleParameter2D) Param2D> Requires Texture2D
[2015.11.17-17.16.58:117][670]LogMaterial: Missing cached shader map for material bese_material, compiling. 
[2015.11.17-17.16.58:117][670]LogMaterial:Warning: Failed to compile Material /Engine/Transient.bese_material for platform PCD3D_SM5, Default Material will be used in game.
[2015.11.17-17.16.58:117][670]LogMaterial:Warning: 	(Node TextureSampleParameter2D) Param2D> Requires Texture2D
[2015.11.17-17.16.58:188][670]LogMaterial: Missing cached shader map for material bese_material, compiling. 
[2015.11.17-17.16.58:188][670]LogMaterial:Warning: Failed to compile Material /Engine/Transient.bese_material for platform PCD3D_SM5, Default Material will be used in game.
[2015.11.17-17.16.58:188][670]LogMaterial:Warning: 	(Node TextureSampleParameter2D) Param2D> Requires Texture2D
[2015.11.17-17.16.58:188][670]LogMaterial: 0.000075 seconds spent updating 1 materials, 1 interfaces, 0 instances, 0 with static permutations.
[2015.11.17-17.16.58:214][670]LogMaterial: Missing cached shader map for material FMatExpressionPreview MaterialExpressionTextureSampleParameter2D_0, compiling. 
[2015.11.17-17.16.58:215][670]LogMaterial: Missing cached shader map for material FMatExpressionPreview MaterialExpressionTextureSampleParameter2D_1, compiling. 
[2015.11.17-17.16.58:216][670]LogMaterial: Missing cached shader map for material FMatExpressionPreview MaterialExpressionConstant3Vector_0, compiling. 
[2015.11.17-17.16.58:219][670]LogMaterial: Missing cached shader map for material FMatExpressionPreview MaterialExpressionVectorParameter_2, compiling. 
[2015.11.17-17.16.58:222][670]LogMaterial: Missing cached shader map for material FMatExpressionPreview MaterialExpressionTextureSampleParameter2D_3, compiling. 
[2015.11.17-17.16.58:223][670]LogMaterial: Missing cached shader map for material FMatExpressionPreview MaterialExpressionTextureSampleParameter2D_4, compiling. 
[2015.11.17-17.16.58:225][670]LogMaterial: Missing cached shader map for material FMatExpressionPreview MaterialExpressionVectorParameter_3, compiling. 
[2015.11.17-17.16.58:230][670]MaterialEditorStats:Error: Error [SM5] (Node TextureSampleParameter2D) Param2D> Requires Texture2D
[2015.11.17-17.17.24:434][234]LogMaterialEditor: Saving and Compiling material bese_material
[2015.11.17-17.17.24:521][234]LogSavePackage: Save=19.814198ms
[2015.11.17-17.17.24:521][234]LogSavePackage: Moving '../../../../../../Users/croda/Documents/Unreal Projects/SantaSearch/Saved/bese_material003A7D144311CBE6590472929FBDA3A2.tmp' to '../../../../../../Users/croda/Documents/Unreal Projects/SantaSearch/Content/Assets/flora/material/bese_material.uasset'
[2015.11.17-17.17.24:524][234]LogSavePackage: Total save time: 34.679405ms
[2015.11.17-17.17.24:524][234]LogSavePackage:Warning: Finished SavePackage ../../../../../../Users/croda/Documents/Unreal Projects/SantaSearch/Content/Assets/flora/material/bese_material.uasset
[2015.11.17-17.18.36:411][455]LogActorComponent: UnregisterComponent: (/Engine/Transient.CharMoveComp) Not registered. Aborting.
[2015.11.17-17.18.36:475][455]LogParticles: Destroying 0 GPU particle simulations for FXSystem 0x0000005BEB49F880
[2015.11.17-17.18.36:498][455]LeapPluginLog: LeapController::CleanupEventData Delete Called
[2015.11.17-17.18.36:520][455]LeapPluginLog: LeapController::CleanupEventData Delete Called
[2015.11.17-17.18.36:839][455]LogWindowsTextInputMethodSystem:Display: IME system now deactivated.
[2015.11.17-17.18.36:839][455]LogWindowsTextInputMethodSystem:Display: IME system now deactivated.
[2015.11.17-17.18.37:115][456]Cmd: QUIT_EDITOR
[2015.11.17-17.18.37:405][456]LogExit: Preparing to exit.
[2015.11.17-17.18.38:483][456]LogActorComponent: UnregisterComponent: (None.None:None.None.StaticMeshComponent_16) Not registered. Aborting.
[2015.11.17-17.18.38:493][456]LogExit: Editor shut down
[2015.11.17-17.18.38:493][456]LogExit: Transaction tracking system shut down
[2015.11.17-17.18.38:497][456]LogParticles: Destroying 0 GPU particle simulations for FXSystem 0x0000005BF0A971A0
[2015.11.17-17.18.38:498][456]LogParticles: Destroying 0 GPU particle simulations for FXSystem 0x0000005BF9007880
[2015.11.17-17.18.38:498][456]LogParticles: Destroying 0 GPU particle simulations for FXSystem 0x0000005BF8EA4400
[2015.11.17-17.18.38:498][456]LogParticles: Destroying 0 GPU particle simulations for FXSystem 0x0000005BEBEA0B80
[2015.11.17-17.18.38:498][456]LogParticles: Destroying 0 GPU particle simulations for FXSystem 0x0000005BF8B4BEC0
[2015.11.17-17.18.38:498][456]LogParticles: Destroying 0 GPU particle simulations for FXSystem 0x0000005B2958B2E0
[2015.11.17-17.18.38:509][456]LogParticles: Destroying 0 GPU particle simulations for FXSystem 0x0000005BF0DD5580
[2015.11.17-17.18.38:509][456]LogParticles: Destroying 0 GPU particle simulations for FXSystem 0x0000005BF6F88E00
[2015.11.17-17.18.38:510][456]LogParticles: Destroying 0 GPU particle simulations for FXSystem 0x0000005C1DED1620
[2015.11.17-17.18.38:524][456]LeapPluginLog: LeapController::CleanupEventData Delete Called
[2015.11.17-17.18.38:546][456]LeapPluginLog: LeapController::CleanupEventData Delete Called
[2015.11.17-17.18.38:689][456]LogExit: Object subsystem successfully closed.
[2015.11.17-17.18.38:702][456]LogD3D11RHI: Shutdown
[2015.11.17-17.18.38:702][456]LogD3D11RHI: CleanupD3DDevice
[2015.11.17-17.18.38:773][456]LogD3D11RHI: ~FD3D11DynamicRHI
[2015.11.17-17.18.38:789][456]LogModuleManager: Shutting down and abandoning module MaterialEditor (201)
[2015.11.17-17.18.38:789][456]LogModuleManager: Shutting down and abandoning module CrashTracker (200)
[2015.11.17-17.18.38:789][456]LogModuleManager: Shutting down and abandoning module SceneOutliner (199)
[2015.11.17-17.18.38:789][456]LogModuleManager: Shutting down and abandoning module SuperSearch (198)
[2015.11.17-17.18.38:789][456]LogModuleManager: Shutting down and abandoning module WidgetCarousel (197)
[2015.11.17-17.18.38:789][456]LogModuleManager: Shutting down and abandoning module AddContentDialog (196)
[2015.11.17-17.18.38:790][456]LogModuleManager: Shutting down and abandoning module EditorWidgets (195)
[2015.11.17-17.18.38:790][456]LogModuleManager: Shutting down and abandoning module CollectionManager (194)
[2015.11.17-17.18.38:790][456]LogModuleManager: Shutting down and abandoning module StatsViewer (193)
[2015.11.17-17.18.38:790][456]LogModuleManager: Shutting down and abandoning module FoliageEdit (192)
[2015.11.17-17.18.38:790][456]LogModuleManager: Shutting down and abandoning module LandscapeEditor (191)
[2015.11.17-17.18.38:790][456]LogModuleManager: Shutting down and abandoning module ActorPickerMode (190)
[2015.11.17-17.18.38:790][456]LogModuleManager: Shutting down and abandoning module GeometryMode (189)
[2015.11.17-17.18.38:790][456]LogModuleManager: Shutting down and abandoning module TextureAlignMode (188)
[2015.11.17-17.18.38:790][456]LogModuleManager: Shutting down and abandoning module BspMode (187)
[2015.11.17-17.18.38:790][456]LogModuleManager: Shutting down and abandoning module PlacementMode (186)
[2015.11.17-17.18.38:790][456]LogModuleManager: Shutting down and abandoning module AutomationWorker (185)
[2015.11.17-17.18.38:790][456]LogModuleManager: Shutting down and abandoning module HoudiniEngineEditor (184)
[2015.11.17-17.18.38:790][456]LogHoudiniEngineEditor: Shutting down the Houdini Engine Editor module.
[2015.11.17-17.18.38:790][456]LogModuleManager: Shutting down and abandoning module CharacterAI (183)
[2015.11.17-17.18.38:790][456]LogModuleManager: Shutting down and abandoning module SmartSnapping (182)
[2015.11.17-17.18.38:790][456]LogModuleManager: Shutting down and abandoning module ViewportSnapping (181)
[2015.11.17-17.18.38:790][456]LogModuleManager: Shutting down and abandoning module LogVisualizer (180)
[2015.11.17-17.18.38:791][456]LogModuleManager: Shutting down and abandoning module GameProjectGeneration (179)
[2015.11.17-17.18.38:791][456]LogModuleManager: Shutting down and abandoning module IntroTutorials (178)
[2015.11.17-17.18.38:791][456]LogModuleManager: Shutting down and abandoning module EditorLiveStreaming (177)
[2015.11.17-17.18.38:791][456]LogModuleManager: Shutting down and abandoning module IOSPlatformEditor (176)
[2015.11.17-17.18.38:791][456]LogModuleManager: Shutting down and abandoning module HTML5PlatformEditor (175)
[2015.11.17-17.18.38:791][456]LogModuleManager: Shutting down and abandoning module AndroidDeviceDetection (174)
[2015.11.17-17.18.38:998][456]LogModuleManager: Shutting down and abandoning module AndroidPlatformEditor (173)
[2015.11.17-17.18.38:998][456]LogModuleManager: Shutting down and abandoning module IOSRuntimeSettings (172)
[2015.11.17-17.18.38:998][456]LogModuleManager: Shutting down and abandoning module AndroidRuntimeSettings (171)
[2015.11.17-17.18.38:998][456]LogModuleManager: Shutting down and abandoning module MergeActors (170)
[2015.11.17-17.18.38:998][456]LogModuleManager: Shutting down and abandoning module SizeMap (169)
[2015.11.17-17.18.38:998][456]LogModuleManager: Shutting down and abandoning module TreeMap (168)
[2015.11.17-17.18.38:998][456]LogModuleManager: Shutting down and abandoning module ReferenceViewer (167)
[2015.11.17-17.18.38:998][456]LogModuleManager: Shutting down and abandoning module LocalizationService (166)
[2015.11.17-17.18.38:998][456]LogModuleManager: Shutting down and abandoning module LocalizationDashboard (165)
[2015.11.17-17.18.38:998][456]LogModuleManager: Shutting down and abandoning module HardwareTargeting (164)
[2015.11.17-17.18.38:998][456]LogModuleManager: Shutting down and abandoning module DeviceProfileEditor (163)
[2015.11.17-17.18.38:998][456]LogModuleManager: Shutting down and abandoning module UndoHistory (162)
[2015.11.17-17.18.38:998][456]LogModuleManager: Shutting down and abandoning module GameplayTagsEditor (161)
[2015.11.17-17.18.38:998][456]LogModuleManager: Shutting down and abandoning module UserFeedback (160)
[2015.11.17-17.18.38:998][456]LogModuleManager: Shutting down and abandoning module XmlParser (159)
[2015.11.17-17.18.38:998][456]LogModuleManager: Shutting down and abandoning module Blutility (158)
[2015.11.17-17.18.38:998][456]LogModuleManager: Shutting down and abandoning module ProjectTargetPlatformEditor (157)
[2015.11.17-17.18.38:998][456]LogModuleManager: Shutting down and abandoning module ProjectSettingsViewer (156)
[2015.11.17-17.18.38:998][456]LogModuleManager: Shutting down and abandoning module InputBindingEditor (155)
[2015.11.17-17.18.38:998][456]LogModuleManager: Shutting down and abandoning module EditorSettingsViewer (154)
[2015.11.17-17.18.38:998][456]LogModuleManager: Shutting down and abandoning module SettingsEditor (153)
[2015.11.17-17.18.38:998][456]LogModuleManager: Shutting down and abandoning module ProjectLauncher (152)
[2015.11.17-17.18.38:998][456]LogModuleManager: Shutting down and abandoning module SessionFrontend (151)
[2015.11.17-17.18.38:998][456]LogModuleManager: Shutting down and abandoning module ProfilerClient (150)
[2015.11.17-17.18.38:998][456]LogModuleManager: Shutting down and abandoning module TargetDeviceServices (149)
[2015.11.17-17.18.38:998][456]LogModuleManager: Shutting down and abandoning module DeviceManager (148)
[2015.11.17-17.18.38:999][456]LogModuleManager: Shutting down and abandoning module AutomationController (147)
[2015.11.17-17.18.38:999][456]LogModuleManager: Shutting down and abandoning module AutomationWindow (146)
[2015.11.17-17.18.38:999][456]LogModuleManager: Shutting down and abandoning module Layers (145)
[2015.11.17-17.18.38:999][456]LogModuleManager: Shutting down and abandoning module ComponentVisualizers (144)
[2015.11.17-17.18.38:999][456]LogModuleManager: Shutting down and abandoning module DetailCustomizations (143)
[2015.11.17-17.18.38:999][456]LogModuleManager: Shutting down and abandoning module PackagesDialog (142)
[2015.11.17-17.18.38:999][456]LogModuleManager: Shutting down and abandoning module Persona (141)
[2015.11.17-17.18.38:999][456]LogModuleManager: Shutting down and abandoning module Kismet (140)
[2015.11.17-17.18.38:999][456]LogModuleManager: Shutting down and abandoning module GraphEditor (139)
[2015.11.17-17.18.38:999][456]LogModuleManager: Shutting down and abandoning module ClassViewer (138)
[2015.11.17-17.18.38:999][456]LogModuleManager: Shutting down and abandoning module Toolbox (137)
[2015.11.17-17.18.38:999][456]LogModuleManager: Shutting down and abandoning module ModuleUI (136)
[2015.11.17-17.18.38:999][456]LogModuleManager: Shutting down and abandoning module MovieSceneTools (135)
[2015.11.17-17.18.38:999][456]LogModuleManager: Shutting down and abandoning module OutputLog (134)
[2015.11.17-17.18.38:999][456]LogModuleManager: Shutting down and abandoning module GammaUI (133)
[2015.11.17-17.18.38:999][456]LogModuleManager: Shutting down and abandoning module Documentation (132)
[2015.11.17-17.18.38:999][456]LogModuleManager: Shutting down and abandoning module GameLiveStreaming (131)
[2015.11.17-17.18.38:999][456]LogModuleManager: Shutting down and abandoning module StreamingPauseRendering (130)
[2015.11.17-17.18.38:999][456]LogModuleManager: Shutting down and abandoning module AnalyticsET (129)
[2015.11.17-17.18.38:999][456]LogModuleManager: Shutting down and abandoning module Analytics (128)
[2015.11.17-17.18.38:999][456]LogModuleManager: Shutting down and abandoning module AITestSuite (127)
[2015.11.17-17.18.38:999][456]LogModuleManager: Shutting down and abandoning module GameplayDebugger (126)
[2015.11.17-17.18.38:999][456]LogModuleManager: Shutting down and abandoning module AIModule (125)
[2015.11.17-17.18.38:999][456]LogModuleManager: Shutting down and abandoning module ProfilerService (124)
[2015.11.17-17.18.39:232][456]LogModuleManager: Shutting down and abandoning module TaskGraph (123)
[2015.11.17-17.18.39:232][456]LogModuleManager: Shutting down and abandoning module LeapMotion (122)
[2015.11.17-17.18.39:245][456]LogModuleManager: Shutting down and abandoning module SlateRemote (121)
[2015.11.17-17.18.39:245][456]LogModuleManager: Shutting down and abandoning module SteamVRController (120)
[2015.11.17-17.18.39:245][456]LogModuleManager: Shutting down and abandoning module SteamVR (119)
[2015.11.17-17.18.39:245][456]LogModuleManager: Shutting down and abandoning module ProceduralMeshComponent (118)
[2015.11.17-17.18.39:245][456]LogModuleManager: Shutting down and abandoning module OculusRift (117)
[2015.11.17-17.18.39:245][456]LogModuleManager: Shutting down and abandoning module OculusLibrary (116)
[2015.11.17-17.18.39:245][456]LogModuleManager: Shutting down and abandoning module LeapMotionController (115)
[2015.11.17-17.18.39:257][456]LogModuleManager: Shutting down and abandoning module CustomMeshComponent (114)
[2015.11.17-17.18.39:257][456]LogModuleManager: Shutting down and abandoning module CableComponent (113)
[2015.11.17-17.18.39:257][456]LogModuleManager: Shutting down and abandoning module ArchVisCharacter (112)
[2015.11.17-17.18.39:257][456]LogModuleManager: Shutting down and abandoning module MessagingDebugger (111)
[2015.11.17-17.18.39:257][456]LogModuleManager: Shutting down and abandoning module MediaPlayerEditor (110)
[2015.11.17-17.18.39:257][456]LogModuleManager: Shutting down and abandoning module HoudiniEngineRuntime (109)
[2015.11.17-17.18.39:257][456]LogHoudiniEngine: Shutting down the Houdini Engine module.
[2015.11.17-17.18.39:258][456]LogModuleManager: Shutting down and abandoning module HTML5Networking (108)
[2015.11.17-17.18.39:258][456]LogModuleManager: Shutting down and abandoning module SpeedTreeImporter (107)
[2015.11.17-17.18.39:258][456]LogModuleManager: Shutting down and abandoning module PluginBrowser (106)
[2015.11.17-17.18.39:258][456]LogModuleManager: Shutting down and abandoning module EpicSurvey (105)
[2015.11.17-17.18.39:258][456]LogModuleManager: Shutting down and abandoning module DesktopPlatform (104)
[2015.11.17-17.18.39:258][456]LogModuleManager: Shutting down and abandoning module VisualStudioSourceCodeAccess (103)
[2015.11.17-17.18.39:258][456]LogModuleManager: Shutting down and abandoning module UObjectPlugin (102)
[2015.11.17-17.18.39:258][456]LogModuleManager: Shutting down and abandoning module SubversionSourceControl (101)
[2015.11.17-17.18.39:258][456]LogModuleManager: Shutting down and abandoning module PerforceSourceControl (100)
[2015.11.17-17.18.39:258][456]LogModuleManager: Shutting down and abandoning module SourceControl (99)
[2015.11.17-17.18.39:258][456]LogModuleManager: Shutting down and abandoning module GitSourceControl (98)
[2015.11.17-17.18.39:258][456]LogModuleManager: Shutting down and abandoning module LightPropagationVolumeEditor (97)
[2015.11.17-17.18.39:258][456]LogModuleManager: Shutting down and abandoning module PaperTiledImporter (96)
[2015.11.17-17.18.39:258][456]LogModuleManager: Shutting down and abandoning module PaperSpriteSheetImporter (95)
[2015.11.17-17.18.39:258][456]LogModuleManager: Shutting down and abandoning module MeshPaint (94)
[2015.11.17-17.18.39:258][456]LogModuleManager: Shutting down and abandoning module SlateReflector (93)
[2015.11.17-17.18.39:258][456]LogModuleManager: Shutting down and abandoning module HotReload (92)
[2015.11.17-17.18.39:259][456]LogModuleManager: Shutting down and abandoning module MainFrame (91)
[2015.11.17-17.18.39:259][456]LogModuleManager: Shutting down and abandoning module LevelEditor (90)
[2015.11.17-17.18.39:260][456]LogModuleManager: Shutting down and abandoning module DirectoryWatcher (89)
[2015.11.17-17.18.39:260][456]LogModuleManager: Shutting down and abandoning module AssetRegistry (88)
[2015.11.17-17.18.39:376][456]LogModuleManager: Shutting down and abandoning module ContentBrowser (87)
[2015.11.17-17.18.39:377][456]LogModuleManager: Shutting down and abandoning module Paper2DEditor (86)
[2015.11.17-17.18.39:377][456]LogModuleManager: Shutting down and abandoning module UdpMessaging (85)
[2015.11.17-17.18.39:478][456]LogModuleManager: Shutting down and abandoning module LightPropagationVolumeRuntime (84)
[2015.11.17-17.18.39:478][456]LogModuleManager: Shutting down and abandoning module Paper2D (83)
[2015.11.17-17.18.39:478][456]LogModuleManager: Shutting down and abandoning module WindowsMoviePlayer (82)
[2015.11.17-17.18.39:478][456]LogModuleManager: Shutting down and abandoning module Media (81)
[2015.11.17-17.18.39:478][456]LogModuleManager: Shutting down and abandoning module WmfMedia (80)
[2015.11.17-17.18.39:478][456]LogModuleManager: Shutting down and abandoning module OnlineBlueprintSupport (79)
[2015.11.17-17.18.39:478][456]LogModuleManager: Shutting down and abandoning module GameplayTasksEditor (78)
[2015.11.17-17.18.39:478][456]LogModuleManager: Shutting down and abandoning module PropertyEditor (77)
[2015.11.17-17.18.39:478][456]LogModuleManager: Shutting down and abandoning module BehaviorTreeEditor (76)
[2015.11.17-17.18.39:478][456]LogModuleManager: Shutting down and abandoning module FunctionalTesting (75)
[2015.11.17-17.18.39:478][456]LogModuleManager: Shutting down and abandoning module CollisionAnalyzer (74)
[2015.11.17-17.18.39:478][456]LogModuleManager: Shutting down and abandoning module WorkspaceMenuStructure (73)
[2015.11.17-17.18.39:478][456]LogModuleManager: Shutting down and abandoning module MessageLog (72)
[2015.11.17-17.18.39:478][456]LogModuleManager: Shutting down and abandoning module Sequencer (71)
[2015.11.17-17.18.39:478][456]LogModuleManager: Shutting down and abandoning module AssetTools (70)
[2015.11.17-17.18.39:479][456]LogModuleManager: Shutting down and abandoning module UMGEditor (69)
[2015.11.17-17.18.39:479][456]LogModuleManager: Shutting down and abandoning module UMG (68)
[2015.11.17-17.18.39:479][456]LogModuleManager: Shutting down and abandoning module Slate (67)
[2015.11.17-17.18.39:479][456]LogModuleManager: Shutting down and abandoning module EditorStyle (66)
[2015.11.17-17.18.39:484][456]LogModuleManager: Shutting down and abandoning module SessionServices (65)
[2015.11.17-17.18.39:484][456]LogModuleManager: Shutting down and abandoning module SourceCodeAccess (64)
[2015.11.17-17.18.39:484][456]LogModuleManager: Shutting down and abandoning module HeadMountedDisplay (63)
[2015.11.17-17.18.39:484][456]LogModuleManager: Shutting down and abandoning module XAudio2 (62)
[2015.11.17-17.18.39:484][456]LogModuleManager: Shutting down and abandoning module Networking (60)
[2015.11.17-17.18.39:484][456]LogModuleManager: Shutting down and abandoning module Core (59)
[2015.11.17-17.18.39:484][456]LogModuleManager: Shutting down and abandoning module KismetCompiler (58)
[2015.11.17-17.18.39:484][456]LogModuleManager: Shutting down and abandoning module PhysXFormats (57)
[2015.11.17-17.18.39:484][456]LogModuleManager: Shutting down and abandoning module MeshUtilities (56)
[2015.11.17-17.18.39:484][456]LogModuleManager: Shutting down and abandoning module CookingStats (55)
[2015.11.17-17.18.39:486][456]LogModuleManager: Shutting down and abandoning module DerivedDataCache (54)
[2015.11.17-17.18.39:537][456]LogDerivedDataCache: Shutdown
[2015.11.17-17.18.39:537][456]LogModuleManager: Shutting down and abandoning module ShaderFormatOpenGL (53)
[2015.11.17-17.18.39:537][456]LogModuleManager: Shutting down and abandoning module ShaderFormatD3D (52)
[2015.11.17-17.18.39:537][456]LogModuleManager: Shutting down and abandoning module MetalShaderFormat (51)
[2015.11.17-17.18.39:537][456]LogModuleManager: Shutting down and abandoning module TextureFormatUncompressed (50)
[2015.11.17-17.18.39:537][456]LogModuleManager: Shutting down and abandoning module TextureFormatPVR (49)
[2015.11.17-17.18.39:537][456]LogModuleManager: Shutting down and abandoning module TextureFormatIntelISPCTexComp (48)
[2015.11.17-17.18.39:537][456]LogModuleManager: Shutting down and abandoning module TextureFormatDXT (47)
[2015.11.17-17.18.39:537][456]LogModuleManager: Shutting down and abandoning module ImageWrapper (46)
[2015.11.17-17.18.39:537][456]LogModuleManager: Shutting down and abandoning module TextureFormatASTC (45)
[2015.11.17-17.18.39:537][456]LogModuleManager: Shutting down and abandoning module TextureFormatAndroid (44)
[2015.11.17-17.18.39:537][456]LogModuleManager: Shutting down and abandoning module AudioFormatOpus (43)
[2015.11.17-17.18.39:537][456]LogModuleManager: Shutting down and abandoning module AudioFormatOgg (42)
[2015.11.17-17.18.39:537][456]LogModuleManager: Shutting down and abandoning module AudioFormatADPCM (41)
[2015.11.17-17.18.39:537][456]LogModuleManager: Shutting down and abandoning module LinuxTargetPlatform (40)
[2015.11.17-17.18.39:537][456]LogModuleManager: Shutting down and abandoning module LinuxServerTargetPlatform (39)
[2015.11.17-17.18.39:538][456]LogModuleManager: Shutting down and abandoning module LinuxNoEditorTargetPlatform (38)
[2015.11.17-17.18.39:538][456]LogModuleManager: Shutting down and abandoning module Messaging (37)
[2015.11.17-17.18.39:538][456]LogModuleManager: Shutting down and abandoning module IOSTargetPlatform (36)
[2015.11.17-17.18.39:538][456]LogModuleManager: Shutting down and abandoning module HTML5TargetPlatform (35)
[2015.11.17-17.18.39:538][456]LogModuleManager: Shutting down and abandoning module Android_PVRTCTargetPlatform (34)
[2015.11.17-17.18.39:538][456]LogModuleManager: Shutting down and abandoning module Android_ETC2TargetPlatform (33)
[2015.11.17-17.18.39:538][456]LogModuleManager: Shutting down and abandoning module Android_ETC1TargetPlatform (32)
[2015.11.17-17.18.39:538][456]LogModuleManager: Shutting down and abandoning module Android_DXTTargetPlatform (31)
[2015.11.17-17.18.39:538][456]LogModuleManager: Shutting down and abandoning module Android_ATCTargetPlatform (30)
[2015.11.17-17.18.39:538][456]LogModuleManager: Shutting down and abandoning module Android_ASTCTargetPlatform (29)
[2015.11.17-17.18.39:538][456]LogModuleManager: Shutting down and abandoning module AndroidTargetPlatform (28)
[2015.11.17-17.18.39:538][456]LogModuleManager: Shutting down and abandoning module WindowsTargetPlatform (27)
[2015.11.17-17.18.39:538][456]LogModuleManager: Shutting down and abandoning module WindowsServerTargetPlatform (26)
[2015.11.17-17.18.39:538][456]LogModuleManager: Shutting down and abandoning module WindowsNoEditorTargetPlatform (25)
[2015.11.17-17.18.39:538][456]LogModuleManager: Shutting down and abandoning module WindowsClientTargetPlatform (24)
[2015.11.17-17.18.39:538][456]LogModuleManager: Shutting down and abandoning module AllDesktopTargetPlatform (23)
[2015.11.17-17.18.39:538][456]LogModuleManager: Shutting down and abandoning module TargetPlatform (22)
[2015.11.17-17.18.39:538][456]LogModuleManager: Shutting down and abandoning module InputCore (21)
[2015.11.17-17.18.39:538][456]LogModuleManager: Shutting down and abandoning module Settings (20)
[2015.11.17-17.18.39:538][456]LogModuleManager: Shutting down and abandoning module OnlineSubsystem (18)
[2015.11.17-17.18.39:538][456]LogModuleManager: Shutting down and abandoning module HTTP (17)
[2015.11.17-17.18.41:543][456]LogModuleManager: Shutting down and abandoning module XMPP (16)
[2015.11.17-17.18.41:543][456]LogModuleManager: Shutting down and abandoning module ExampleDeviceProfileSelector (15)
[2015.11.17-17.18.41:543][456]LogModuleManager: Shutting down and abandoning module TextureCompressor (14)
[2015.11.17-17.18.41:543][456]LogModuleManager: Shutting down and abandoning module ShaderCore (13)
[2015.11.17-17.18.41:543][456]LogModuleManager: Shutting down and abandoning module Landscape (12)
[2015.11.17-17.18.41:543][456]LogModuleManager: Shutting down and abandoning module SlateRHIRenderer (11)
[2015.11.17-17.18.41:546][456]LogModuleManager: Shutting down and abandoning module OpenGLDrv (10)
[2015.11.17-17.18.41:546][456]LogModuleManager: Shutting down and abandoning module D3D11RHI (9)
[2015.11.17-17.18.41:546][456]LogModuleManager: Shutting down and abandoning module AnimGraphRuntime (8)
[2015.11.17-17.18.41:546][456]LogModuleManager: Shutting down and abandoning module Renderer (7)
[2015.11.17-17.18.41:546][456]LogModuleManager: Shutting down and abandoning module Engine (6)
[2015.11.17-17.18.41:546][456]LogModuleManager: Shutting down and abandoning module CoreUObject (5)
[2015.11.17-17.18.41:546][456]LogModuleManager: Shutting down and abandoning module NetworkFile (4)
[2015.11.17-17.18.41:546][456]LogModuleManager: Shutting down and abandoning module StreamingFile (3)
[2015.11.17-17.18.41:546][456]LogModuleManager: Shutting down and abandoning module SandboxFile (2)
[2015.11.17-17.18.41:547][456]LogModuleManager: Shutting down and abandoning module PakFile (1)
[2015.11.17-17.18.41:548][456]LogExit: Exiting.
[2015.11.17-17.18.41:552][456]Log file closed, 11/17/15 12:18:41
