[2015.11.25-14.43.35:275][  0]Log file open, 11/25/15 09:43:35
[2015.11.25-14.43.35:275][  0]LogInit:Display: Running engine for game: SantaSearch
[2015.11.25-14.43.35:275][  0]LogInit:Display: RandInit(996670841) SRandInit(996670841).
[2015.11.25-14.43.35:275][  0]LogTaskGraph: Started task graph with 4 named threads and 7 total threads.
[2015.11.25-14.43.35:275][  0]LogStats: Stats thread started at 0.097321
[2015.11.25-14.43.35:275][  0]LogInit: Version: 4.9.2-2707645+++depot+UE4-Releases+4.9
[2015.11.25-14.43.35:275][  0]LogInit: API Version: 2672455
[2015.11.25-14.43.35:275][  0]LogInit: Compiled (64-bit): Sep 28 2015 10:25:44
[2015.11.25-14.43.35:275][  0]LogInit: Compiled with Visual C++: 18.00.21005.01
[2015.11.25-14.43.35:275][  0]LogInit: Build Configuration: Development
[2015.11.25-14.43.35:275][  0]LogInit: Branch Name: ++depot+UE4-Releases+4.9
[2015.11.25-14.43.35:275][  0]LogInit: Command line:  
[2015.11.25-14.43.35:275][  0]LogInit: Base directory: C:/Program Files/Epic Games/4.9/Engine/Binaries/Win64/
[2015.11.25-14.43.35:275][  0]LogInit: Rocket: 1
[2015.11.25-14.43.35:286][  0]LogInit: Using libcurl 7.41.0
[2015.11.25-14.43.35:286][  0]LogInit:  - built for x86_64-pc-win32
[2015.11.25-14.43.35:286][  0]LogInit:  - supports SSL with WinSSL
[2015.11.25-14.43.35:286][  0]LogInit:  - other features:
[2015.11.25-14.43.35:286][  0]LogInit:      CURL_VERSION_SSL
[2015.11.25-14.43.35:286][  0]LogInit:      CURL_VERSION_IPV6
[2015.11.25-14.43.35:286][  0]LogInit:      CURL_VERSION_ASYNCHDNS
[2015.11.25-14.43.35:286][  0]LogInit:      CURL_VERSION_LARGEFILE
[2015.11.25-14.43.35:286][  0]LogInit:      CURL_VERSION_IDN
[2015.11.25-14.43.35:286][  0]LogInit:  CurlRequestOptions (configurable via config and command line):
[2015.11.25-14.43.35:286][  0]LogInit:  - bVerifyPeer = true  - Libcurl will verify peer certificate
[2015.11.25-14.43.35:286][  0]LogInit:  - bUseHttpProxy = false  - Libcurl will NOT use HTTP proxy
[2015.11.25-14.43.35:286][  0]LogInit:  - bDontReuseConnections = false  - Libcurl will reuse connections
[2015.11.25-14.43.35:286][  0]LogInit:  - CertBundlePath = nullptr  - Libcurl will use whatever was configured at build time.
[2015.11.25-14.43.35:295][  0]LogInit: Presizing for 0 objects not considered by GC, pre-allocating 0 bytes.
[2015.11.25-14.43.35:302][  0]LogInit: Object subsystem initialized
[2015.11.25-14.43.35:303][  0]LogConsoleManager:Warning: Console variable 'r.MSAA.CompositingSampleCount' wasn't set ('Scalability' has a lower priority than 'ProjectSetting')
[2015.11.25-14.43.35:303][  0]LogInit: Selected Device Profile: [Windows]
[2015.11.25-14.43.35:303][  0]LogInit: Applying CVar settings loaded from the selected device profile: [Windows]
[2015.11.25-14.43.35:313][  0]LogInit: Computer: CRODAWIN10
[2015.11.25-14.43.35:313][  0]LogInit: User: croda
[2015.11.25-14.43.35:313][  0]LogInit: CPU Page size=4096, Cores=4
[2015.11.25-14.43.35:313][  0]LogInit: High frequency timer resolution =2.630640 MHz
[2015.11.25-14.43.35:313][  0]LogMemory: Memory total: Physical=15.9GB (16GB approx)
[2015.11.25-14.43.35:313][  0]LogMemory: Platform Memory Stats for Windows
[2015.11.25-14.43.35:313][  0]LogMemory: Process Physical Memory: 54.14 MB used, 54.14 MB peak
[2015.11.25-14.43.35:313][  0]LogMemory: Process Virtual Memory: 57.34 MB used, 57.34 MB peak
[2015.11.25-14.43.35:313][  0]LogMemory: Physical Memory: 3808.88 MB used, 16323.13 MB total
[2015.11.25-14.43.35:313][  0]LogMemory: Virtual Memory: 366.57 MB used, 134217728.00 MB total
[2015.11.25-14.43.35:350][  0]LogTextLocalizationManager: No specific translations for ('en-US') exist, so ('en') translations will be used.
[2015.11.25-14.43.36:244][  0]LogD3D11RHI: Found D3D11 adapter 0: NVIDIA Quadro K5100M (Feature Level 11_0)
[2015.11.25-14.43.36:244][  0]LogD3D11RHI: Adapter has 8100MB of dedicated video memory, 0MB of dedicated system memory, and 8161MB of shared system memory, 1 output[s]
[2015.11.25-14.43.36:246][  0]LogD3D11RHI: Found D3D11 adapter 1: Microsoft Basic Render Driver (Feature Level 11_0)
[2015.11.25-14.43.36:246][  0]LogD3D11RHI: Adapter has 0MB of dedicated video memory, 0MB of dedicated system memory, and 8161MB of shared system memory, 0 output[s]
[2015.11.25-14.43.36:246][  0]LogD3D11RHI: Chosen D3D11 Adapter Id = 0
[2015.11.25-14.43.36:251][  0]LogD3D11RHI: !Direct3DDevice
[2015.11.25-14.43.36:251][  0]LogRHI: Texture pool is 1361 MB (70% of 1945 MB)
[2015.11.25-14.43.36:268][  0]LogD3D11RHI: Async texture creation enabled
[2015.11.25-14.43.36:305][  0]LogShaderCompilers: Guid format shader working directory is 15 characters bigger than the processId version (../../../../../../Users/croda/Documents/Unreal Projects/SantaSearch/Intermediate/Shaders/WorkingDirectory/2944/).
[2015.11.25-14.43.36:305][  0]LogShaderCompilers: Cleaned the shader compiler working directory '../../../../../../Users/croda/Documents/Unreal Projects/SantaSearch/Intermediate/Shaders/tmp/CB0E44AF48AC56ED6F41378313464BAC/'.
[2015.11.25-14.43.36:305][  0]LogShaderCompilers:Display: Using Local Shader Compiler.
[2015.11.25-14.43.37:916][  0]LogTemp:Display: Loaded TP AllDesktopTargetPlatform
[2015.11.25-14.43.37:934][  0]LogTemp:Display: Loaded TP WindowsClientTargetPlatform
[2015.11.25-14.43.37:949][  0]LogTemp:Display: Loaded TP WindowsNoEditorTargetPlatform
[2015.11.25-14.43.37:960][  0]LogTemp:Display: Loaded TP WindowsServerTargetPlatform
[2015.11.25-14.43.37:971][  0]LogTemp:Display: Loaded TP WindowsTargetPlatform
[2015.11.25-14.43.37:977][  0]LogTemp:Display: Loaded TP AndroidTargetPlatform
[2015.11.25-14.43.37:982][  0]LogTemp:Display: Loaded TP Android_ASTCTargetPlatform
[2015.11.25-14.43.37:986][  0]LogTemp:Display: Loaded TP Android_ATCTargetPlatform
[2015.11.25-14.43.37:990][  0]LogTemp:Display: Loaded TP Android_DXTTargetPlatform
[2015.11.25-14.43.37:994][  0]LogTemp:Display: Loaded TP Android_ETC1TargetPlatform
[2015.11.25-14.43.37:998][  0]LogTemp:Display: Loaded TP Android_ETC2TargetPlatform
[2015.11.25-14.43.38:003][  0]LogTemp:Display: Loaded TP Android_PVRTCTargetPlatform
[2015.11.25-14.43.38:004][  0]LogTemp:Display: Loaded TP HTML5TargetPlatform
[2015.11.25-14.43.38:030][  0]LogTemp:Display: Loaded TP IOSTargetPlatform
[2015.11.25-14.43.38:034][  0]LogTemp:Display: Loaded TP LinuxNoEditorTargetPlatform
[2015.11.25-14.43.38:038][  0]LogTemp:Display: Loaded TP LinuxServerTargetPlatform
[2015.11.25-14.43.38:042][  0]LogTemp:Display: Loaded TP LinuxTargetPlatform
[2015.11.25-14.43.38:043][  0]LogTargetPlatformManager:Display: Building Assets For Windows
[2015.11.25-14.43.38:220][  0]LogDerivedDataCache:Display: Max Cache Size: 512 MB
[2015.11.25-14.43.38:490][  0]LogDerivedDataCache: Loaded boot cache 0.27s 42MB C:/Users/croda/AppData/Local/UnrealEngine/4.9/DerivedDataCache/Boot.ddc.
[2015.11.25-14.43.38:490][  0]LogDerivedDataCache:Display: Loaded Boot cache: C:/Users/croda/AppData/Local/UnrealEngine/4.9/DerivedDataCache/Boot.ddc
[2015.11.25-14.43.38:490][  0]LogDerivedDataCache: FDerivedDataBackendGraph:  Pak pak cache file ../../../../../../Users/croda/Documents/Unreal Projects/SantaSearch/DerivedDataCache/DDC.ddp not found, will not use a pak cache.
[2015.11.25-14.43.38:490][  0]LogDerivedDataCache: Unable to find inner node Pak for hierarchical cache Hierarchy.
[2015.11.25-14.43.38:490][  0]LogDerivedDataCache: FDerivedDataBackendGraph:  CompressedPak pak cache file ../../../../../../Users/croda/Documents/Unreal Projects/SantaSearch/DerivedDataCache/Compressed.ddp not found, will not use a pak cache.
[2015.11.25-14.43.38:490][  0]LogDerivedDataCache: Unable to find inner node CompressedPak for hierarchical cache Hierarchy.
[2015.11.25-14.43.38:702][  0]LogDerivedDataCache:Display: Pak cache opened for reading ../../../Engine/DerivedDataCache/Compressed.ddp.
[2015.11.25-14.43.38:713][  0]LogDerivedDataCache: Using Local data cache path C:/Users/croda/AppData/Local/UnrealEngine/Common/DerivedDataCache: Writable
[2015.11.25-14.43.41:073][  0]LogInit: Selected Device Profile: [Windows]
[2015.11.25-14.43.41:087][  0]LogContentStreaming: Texture pool size is 0.000000MB
[2015.11.25-14.43.41:355][  0]LogMeshUtilities: No automatic mesh reduction module available
[2015.11.25-14.43.41:355][  0]LogMeshUtilities: No automatic mesh merging module available
[2015.11.25-14.43.42:196][  0]LogInit: WinSock: version 1.1 (2.2), MaxSocks=32767, MaxUdp=65467
[2015.11.25-14.43.44:561][  0]UdpMessaging: Initializing bridge on interface 0.0.0.0:0 to multicast group 230.0.0.1:6666.
[2015.11.25-14.43.44:714][  0]LogAssetRegistry: FAssetRegistry took 0.0122 seconds to start up
[2015.11.25-14.43.45:011][  0]SourceControl: Info Source control is disabled
[2015.11.25-14.43.45:011][  0]SourceControl: Info Source control is disabled
[2015.11.25-14.43.45:029][  0]SourceControl: Info Source control is disabled
[2015.11.25-14.43.45:044][  0]SourceControl: Info Source control is disabled
[2015.11.25-14.43.45:139][  0]LogHoudiniEngine: Starting the Houdini Engine module.
[2015.11.25-14.43.45:150][  0]LogHoudiniEngine: Loaded libHAPIL.dll from Registry path C:\Program Files\Side Effects Software\Houdini 15.0.244.16/bin
[2015.11.25-14.43.45:153][  0]LogLinker:Warning: Asset '../../../Engine/Plugins/Runtime/HoudiniEngine/Content/houdini_logo.uasset' has been saved with empty engine version. The asset will be loaded but may be incompatible.
[2015.11.25-14.43.45:157][  0]LogLinker:Warning: Asset '../../../Engine/Plugins/Runtime/HoudiniEngine/Content/houdini_default_material.uasset' has been saved with empty engine version. The asset will be loaded but may be incompatible.
[2015.11.25-14.43.48:045][  0]LogHoudiniEngine: Successfully intialized the Houdini Engine API module.
[2015.11.25-14.43.48:204][  0]LogLinker:Warning: Asset '../../../Engine/Plugins/Runtime/LeapMotionController/Content/LM_PassthroughMaterial.uasset' has been saved with empty engine version. The asset will be loaded but may be incompatible.
[2015.11.25-14.43.48:346][  0]LeapPluginLog: Using LeapPlugin version 0.9.6
[2015.11.25-14.43.48:352][  0]LogObj: 29100 objects as part of root set at end of initial load.
[2015.11.25-14.43.48:353][  0]LogUObjectAllocator: 6175168 out of 0 bytes used by permanent object pool.
[2015.11.25-14.43.48:456][  0]LogEngine: Initializing Engine...
[2015.11.25-14.43.48:459][  0]OCULUS: Info: 11/25/15 14:43:48: [CAPI] LibOVR module is located at C:\Windows\SYSTEM32\LibOVRRT64_0_7.dll

[2015.11.25-14.43.49:059][  0]OCULUS: Error: 11/25/15 14:43:49: [CAPI] ovr_Create failed to complete within the timeout period.
[2015.11.25-14.43.49:166][  0]LogHMD: SteamVR failed to initialize.  Err: 110
[2015.11.25-14.43.49:332][  0]LogAIModule: Creating AISystem for world NewWorld
[2015.11.25-14.43.49:348][  0]LogInit: XAudio2 using 'Speakers / Headphones (Realtek High Definition Audio)' : 2 channels at 48 kHz using 32 bits per sample (channel mask 0x3)
[2015.11.25-14.43.49:538][  0]LogInit: FAudioDevice initialized.
[2015.11.25-14.43.49:687][  0]LogDerivedDataCache: Saved boot cache 0.15s 42MB C:/Users/croda/AppData/Local/UnrealEngine/4.9/DerivedDataCache/Boot.ddc.
[2015.11.25-14.43.49:690][  0]LogInit: Texture streaming: Enabled
[2015.11.25-14.43.49:698][  0]LogAnalytics: Creating configured Analytics provider AnalyticsET
[2015.11.25-14.43.49:698][  0]LogAnalytics: [UEEditor.Rocket.Release] APIServer = http://et2.epicgames.com/ET2/. AppVersion = 4.9.2-2707645+++depot+UE4-Releases+4.9
[2015.11.25-14.43.49:698][  0]LogAnalytics: [UEEditor.Rocket.Release] SetUserId 38384f7f4fe22369eef2c4908fb1257c|6dee01914e174258b8c89718799d58e5|4a372342-4369-4fb5-aabc-8ff6b2bfbeff
[2015.11.25-14.43.49:698][  0]LogAnalytics: [UEEditor.Rocket.Release] AnalyticsET::StartSession
[2015.11.25-14.43.49:748][  0]LogInit: Transaction tracking system initialized
[2015.11.25-14.43.49:799][  0]BlueprintLog: New page: Editor Load
[2015.11.25-14.43.49:975][  0]LocalizationService: Info Localization service is disabled
[2015.11.25-14.43.50:087][  0]LogConsoleResponse:Display: 
[2015.11.25-14.43.50:266][  0]LogCook:Display: Done creating registry. It took  0.00s.
[2015.11.25-14.43.50:318][  0]LogFileCache: Scanning file cache for directory 'C:/Users/croda/Documents/Unreal Projects/SantaSearch/Content/' took 0.02s
[2015.11.25-14.43.50:318][  0]LogHoudiniEngineEditor: Starting the Houdini Engine Editor module.
[2015.11.25-14.43.50:417][  0]SourceControl: Info Source control is disabled
[2015.11.25-14.43.50:418][  0]Cmd: MAP LOAD FILE="../../../../../../Users/croda/Documents/Unreal Projects/SantaSearch/Content/Maps/MemoryCardEntry.umap" TEMPLATE=0 SHOWPROGRESS=1 FEATURELEVEL=3
[2015.11.25-14.43.50:420][  0]LightingResults: New page: Lighting Build
[2015.11.25-14.43.50:427][  0]MapCheck: New page: Map Check
[2015.11.25-14.43.50:427][  0]LightingResults: New page: Lighting Build
[2015.11.25-14.43.50:446][  0]LogParticles: Destroying 0 GPU particle simulations for FXSystem 0x000000FCD96AC2C0
[2015.11.25-14.43.50:676][  0]LogBlueprint:Warning: [compiler Ue4ASP_Character] Warning InputAction Event references unknown Action 'Crouch' for  InputAction Crouch 
[2015.11.25-14.43.50:676][  0]LogBlueprint:Warning: [compiler Ue4ASP_Character] Warning InputAction Event references unknown Action 'Jump' for  InputAction Jump 
[2015.11.25-14.43.50:676][  0]LogBlueprint:Warning: [compiler Ue4ASP_Character] Warning Input Axis Event references unknown Axis 'LookUp' for  InputAxis LookUp 
[2015.11.25-14.43.50:676][  0]LogBlueprint:Warning: [compiler Ue4ASP_Character] Warning Input Axis Event references unknown Axis 'Turn' for  InputAxis Turn 
[2015.11.25-14.43.50:676][  0]LogBlueprint:Warning: [compiler Ue4ASP_Character] Warning Input Axis Event references unknown Axis 'MoveRight' for  InputAxis MoveRight 
[2015.11.25-14.43.50:677][  0]LogBlueprint:Warning: [compiler Ue4ASP_Character] Warning Input Axis Event references unknown Axis 'MoveForward' for  InputAxis MoveForward 
[2015.11.25-14.43.50:681][  0]LogBlueprint:Warning: [compiler Ue4ASP_Character] Warning [0016.00] Compile of Ue4ASP_Character successful, but with 6 Warning(s) [in 10 ms]
[2015.11.25-14.43.50:682][  0]LogBlueprint:Warning: [compiler Ue4ASP_Character] Warning [0016.00] Compile of Ue4ASP_Character successful, but with 7 Warning(s) [in 0 ms]
[2015.11.25-14.43.50:682][  0]LogBlueprint:Warning: [compiler Ue4ASP_Character] Warning [0016.00] Compile of Ue4ASP_Character successful, but with 8 Warning(s) [in 0 ms]
[2015.11.25-14.43.50:726][  0]LogBlueprint:Warning: [compiler Ue4ASP_Character] Warning InputAction Event references unknown Action 'Crouch' for  InputAction Crouch 
[2015.11.25-14.43.50:727][  0]LogBlueprint:Warning: [compiler Ue4ASP_Character] Warning InputAction Event references unknown Action 'Jump' for  InputAction Jump 
[2015.11.25-14.43.50:727][  0]LogBlueprint:Warning: [compiler Ue4ASP_Character] Warning Input Axis Event references unknown Axis 'LookUp' for  InputAxis LookUp 
[2015.11.25-14.43.50:727][  0]LogBlueprint:Warning: [compiler Ue4ASP_Character] Warning Input Axis Event references unknown Axis 'Turn' for  InputAxis Turn 
[2015.11.25-14.43.50:728][  0]LogBlueprint:Warning: [compiler Ue4ASP_Character] Warning Input Axis Event references unknown Axis 'MoveRight' for  InputAxis MoveRight 
[2015.11.25-14.43.50:728][  0]LogBlueprint:Warning: [compiler Ue4ASP_Character] Warning Input Axis Event references unknown Axis 'MoveForward' for  InputAxis MoveForward 
[2015.11.25-14.43.50:732][  0]LogBlueprint:Warning: [compiler Ue4ASP_Character] Warning [0016.05] Compile of Ue4ASP_Character successful, but with 6 Warning(s) [in 10 ms]
[2015.11.25-14.43.50:732][  0]LogBlueprint:Warning: [compiler Ue4ASP_Character] Warning [0016.05] Compile of Ue4ASP_Character successful, but with 7 Warning(s) [in 0 ms]
[2015.11.25-14.43.50:733][  0]LogBlueprint:Warning: [compiler Ue4ASP_Character] Warning [0016.05] Compile of Ue4ASP_Character successful, but with 8 Warning(s) [in 0 ms]
[2015.11.25-14.43.51:352][  0]LogBlueprint:Warning: ExposeOnSpawn ambiguity. Property 'IntProperty /Game/Blueprints/BP_CardMem.BP_CardMem_C:CardIType', MetaData 'True', Flag 'False'
[2015.11.25-14.43.51:632][  0]LogProperty:Error: UStructProperty::Serialize Loading: Property 'StructProperty /LeapMotion/Character/Basic/BasicCharacter_AnimBlueprint.BasicCharacter_AnimBlueprint_C:AnimGraphNode_Fabrik_8C904C7A415FB588652E8A91FDC811AE'. Unknown structure.
[2015.11.25-14.43.51:632][  0]LogProperty:Error: UStructProperty::Serialize Loading: Property 'StructProperty /LeapMotion/Character/Basic/BasicCharacter_AnimBlueprint.BasicCharacter_AnimBlueprint_C:AnimGraphNode_Fabrik_416EC86F435836563C4E49AD6D016C3C'. Unknown structure.
[2015.11.25-14.43.51:633][  0]LogProperty:Error: UStructProperty::Serialize Loading: Property 'StructProperty /LeapMotion/Character/Basic/BasicCharacter_AnimBlueprint.BasicCharacter_AnimBlueprint_C:AnimGraphNode_Fabrik_9FF4326C4CAD2373B92D6F9E3AC3F57A'. Unknown structure.
[2015.11.25-14.43.51:635][  0]LogAnimation:Warning: Invalid animation root node index 54 on '/LeapMotion/Character/Basic/BasicCharacter_AnimBlueprint.BasicCharacter_AnimBlueprint_C' (only 52 nodes)
[2015.11.25-14.44.07:288][  0]LogOutputDevice: === Handled error: ===

Ensure condition failed: bValidRootIndex [File:D:\BuildFarm\buildmachine_++depot+UE4-Releases+4.9\Engine\Source\Runtime\Engine\Private\Animation\AnimBlueprintGeneratedClass.cpp] [Line: 234]

Stack: 
UE4Editor-Core.dll!FWindowsPlatformStackWalk::StackWalkAndDump() [d:\buildfarm\buildmachine_++depot+ue4-releases+4.9\engine\source\runtime\core\private\windows\windowsplatformstackwalk.cpp:175]
UE4Editor-Core.dll!FDebug::EnsureFailed() [d:\buildfarm\buildmachine_++depot+ue4-releases+4.9\engine\source\runtime\core\private\misc\outputdevice.cpp:258]
UE4Editor-Core.dll!FDebug::OptionallyLogFormattedEnsureMessageReturningFalse() [d:\buildfarm\buildmachine_++depot+ue4-releases+4.9\engine\source\runtime\core\private\misc\outputdevice.cpp:368]
UE4Editor-Engine.dll!UAnimBlueprintGeneratedClass::Link() [d:\buildfarm\buildmachine_++depot+ue4-releases+4.9\engine\source\runtime\engine\private\animation\animblueprintgeneratedclass.cpp:234]
UE4Editor-CoreUObject.dll!UClass::Serialize() [d:\buildfarm\buildmachine_++depot+ue4-releases+4.9\engine\source\runtime\coreuobject\private\uobject\class.cpp:3393]
UE4Editor-Engine.dll!UBlueprintGeneratedClass::Serialize() [d:\buildfarm\buildmachine_++depot+ue4-releases+4.9\engine\source\runtime\engine\private\blueprintgeneratedclass.cpp:757]
UE4Editor-CoreUObject.dll!FLinkerLoad::Preload() [d:\buildfarm\buildmachine_++depot+ue4-releases+4.9\engine\source\runtime\coreuobject\private\uobject\linkerload.cpp:3143]
UE4Editor-CoreUObject.dll!FLinkerLoad::CreateExport() [d:\buildfarm\buildmachine_++depot+ue4-releases+4.9\engine\source\runtime\coreuobject\private\uobject\linkerload.cpp:3792]
UE4Editor-CoreUObject.dll!FLinkerLoad::IndexToObject() [d:\buildfarm\buildmachine_++depot+ue4-releases+4.9\engine\source\runtime\coreuobject\private\uobject\linkerload.cpp:3982]
UE4Editor-CoreUObject.dll!FLinkerLoad::CreateExport() [d:\buildfarm\buildmachine_++depot+ue4-releases+4.9\engine\source\runtime\coreuobject\private\uobject\linkerload.cpp:3505]
UE4Editor-CoreUObject.dll!FLinkerLoad::CreateExportAndPreload() [d:\buildfarm\buildmachine_++depot+ue4-releases+4.9\engine\source\runtime\coreuobject\private\uobject\linkerload.cpp:2661]
UE4Editor-CoreUObject.dll!FLinkerLoad::LoadAllObjects() [d:\buildfarm\buildmachine_++depot+ue4-releases+4.9\engine\source\runtime\coreuobject\private\uobject\linkerload.cpp:2769]
UE4Editor-CoreUObject.dll!LoadPackageInternal() [d:\buildfarm\buildmachine_++depot+ue4-releases+4.9\engine\source\runtime\coreuobject\private\uobject\uobjectglobals.cpp:1032]
UE4Editor-CoreUObject.dll!FLinkerLoad::VerifyImportInner() [d:\buildfarm\buildmachine_++depot+ue4-releases+4.9\engine\source\runtime\coreuobject\private\uobject\linkerload.cpp:2354]
UE4Editor-CoreUObject.dll!FLinkerLoad::VerifyImport() [d:\buildfarm\buildmachine_++depot+ue4-releases+4.9\engine\source\runtime\coreuobject\private\uobject\linkerload.cpp:2115]
UE4Editor-CoreUObject.dll!FLinkerLoad::VerifyImportInner() [d:\buildfarm\buildmachine_++depot+ue4-releases+4.9\engine\source\runtime\coreuobject\private\uobject\linkerload.cpp:2402]
UE4Editor-CoreUObject.dll!FLinkerLoad::VerifyImport() [d:\buildfarm\buildmachine_++depot+ue4-releases+4.9\engine\source\runtime\coreuobject\private\uobject\linkerload.cpp:2115]
UE4Editor-CoreUObject.dll!FLinkerLoad::Verify() [d:\buildfarm\buildmachine_++depot+ue4-releases+4.9\engine\source\runtime\coreuobject\private\uobject\linkerload.cpp:1905]
UE4Editor-CoreUObject.dll!FLinkerLoad::FinalizeCreation() [d:\buildfarm\buildmachine_++depot+ue4-releases+4.9\engine\source\runtime\coreuobject\private\uobject\linkerload.cpp:1815]
UE4Editor-CoreUObject.dll!FLinkerLoad::Tick() [d:\buildfarm\buildmachine_++depot+ue4-releases+4.9\engine\source\runtime\coreuobject\private\uobject\linkerload.cpp:666]
UE4Editor-CoreUObject.dll!FLinkerLoad::CreateLinker() [d:\buildfarm\buildmachine_++depot+ue4-releases+4.9\engine\source\runtime\coreuobject\private\uobject\linkerload.cpp:404]
UE4Editor-CoreUObject.dll!GetPackageLinker() [d:\buildfarm\buildmachine_++depot+ue4-releases+4.9\engine\source\runtime\coreuobject\private\uobject\linker.cpp:570]
UE4Editor-CoreUObject.dll!LoadPackageInternal() [d:\buildfarm\buildmachine_++depot+ue4-releases+4.9\engine\source\runtime\coreuobject\private\uobject\uobjectglobals.cpp:936]
UE4Editor-CoreUObject.dll!FLinkerLoad::VerifyImportInner() [d:\buildfarm\buildmachine_++depot+ue4-releases+4.9\engine\source\runtime\coreuobject\private\uobject\linkerload.cpp:2354]
UE4Editor-CoreUObject.dll!FLinkerLoad::VerifyImport() [d:\buildfarm\buildmachine_++depot+ue4-releases+4.9\engine\source\runtime\coreuobject\private\uobject\linkerload.cpp:2115]
UE4Editor-CoreUObject.dll!FLinkerLoad::VerifyImportInner() [d:\buildfarm\buildmachine_++depot+ue4-releases+4.9\engine\source\runtime\coreuobject\private\uobject\linkerload.cpp:2402]
UE4Editor-CoreUObject.dll!FLinkerLoad::VerifyImport() [d:\buildfarm\buildmachine_++depot+ue4-releases+4.9\engine\source\runtime\coreuobject\private\uobject\linkerload.cpp:2115]
UE4Editor-CoreUObject.dll!FLinkerLoad::CreateImport() [d:\buildfarm\buildmachine_++depot+ue4-releases+4.9\engine\source\runtime\coreuobject\private\uobject\linkerload.cpp:3926]
UE4Editor-CoreUObject.dll!FLinkerLoad::ResolveAllImports() [d:\buildfarm\buildmachine_++depot+ue4-releases+4.9\engine\source\runtime\coreuobject\private\blueprint\blueprintsupport.cpp:1026]
UE4Editor-CoreUObject.dll!FLinkerLoad::FinalizeBlueprint() [d:\buildfarm\buildmachine_++depot+ue4-releases+4.9\engine\source\runtime\coreuobject\private\blueprint\blueprintsupport.cpp:1103]
UE4Editor-CoreUObject.dll!FLinkerLoad::Preload() [d:\buildfarm\buildmachine_++depot+ue4-releases+4.9\engine\source\runtime\coreuobject\private\uobject\linkerload.cpp:3190]
UE4Editor-CoreUObject.dll!FLinkerLoad::CreateExport() [d:\buildfarm\buildmachine_++depot+ue4-releases+4.9\engine\source\runtime\coreuobject\private\uobject\linkerload.cpp:3792]
UE4Editor-CoreUObject.dll!FLinkerLoad::IndexToObject() [d:\buildfarm\buildmachine_++depot+ue4-releases+4.9\engine\source\runtime\coreuobject\private\uobject\linkerload.cpp:3982]
UE4Editor-CoreUObject.dll!FLinkerLoad::CreateExport() [d:\buildfarm\buildmachine_++depot+ue4-releases+4.9\engine\source\runtime\coreuobject\private\uobject\linkerload.cpp:3505]
UE4Editor-CoreUObject.dll!FLinkerLoad::IndexToObject() [d:\buildfarm\buildmachine_++depot+ue4-releases+4.9\engine\source\runtime\coreuobject\private\uobject\linkerload.cpp:3982]
UE4Editor-CoreUObject.dll!FLinkerLoad::CreateExport() [d:\buildfarm\buildmachine_++depot+ue4-releases+4.9\engine\source\runtime\coreuobject\private\uobject\linkerload.cpp:3505]
UE4Editor-CoreUObject.dll!FLinkerLoad::CreateExportAndPreload() [d:\buildfarm\buildmachine_++depot+ue4-releases+4.9\engine\source\runtime\coreuobject\private\uobject\linkerload.cpp:2661]
UE4Editor-CoreUObject.dll!FLinkerLoad::LoadAllObjects() [d:\buildfarm\buildmachine_++depot+ue4-releases+4.9\engine\source\runtime\coreuobject\private\uobject\linkerload.cpp:2769]
UE4Editor-CoreUObject.dll!LoadPackageInternal() [d:\buildfarm\buildmachine_++depot+ue4-releases+4.9\engine\source\runtime\coreuobject\private\uobject\uobjectglobals.cpp:1032]
UE4Editor-CoreUObject.dll!FLinkerLoad::VerifyImportInner() [d:\buildfarm\buildmachine_++depot+ue4-releases+4.9\engine\source\runtime\coreuobject\private\uobject\linkerload.cpp:2354]
UE4Editor-CoreUObject.dll!FLinkerLoad::VerifyImport() [d:\buildfarm\buildmachine_++depot+ue4-releases+4.9\engine\source\runtime\coreuobject\private\uobject\linkerload.cpp:2115]
UE4Editor-CoreUObject.dll!FLinkerLoad::VerifyImportInner() [d:\buildfarm\buildmachine_++depot+ue4-releases+4.9\engine\source\runtime\coreuobject\private\uobject\linkerload.cpp:2402]
UE4Editor-CoreUObject.dll!FLinkerLoad::VerifyImport() [d:\buildfarm\buildmachine_++depot+ue4-releases+4.9\engine\source\runtime\coreuobject\private\uobject\linkerload.cpp:2115]
UE4Editor-CoreUObject.dll!FLinkerLoad::Verify() [d:\buildfarm\buildmachine_++depot+ue4-releases+4.9\engine\source\runtime\coreuobject\private\uobject\linkerload.cpp:1905]
UE4Editor-CoreUObject.dll!FLinkerLoad::FinalizeCreation() [d:\buildfarm\buildmachine_++depot+ue4-releases+4.9\engine\source\runtime\coreuobject\private\uobject\linkerload.cpp:1815]
UE4Editor-CoreUObject.dll!FLinkerLoad::Tick() [d:\buildfarm\buildmachine_++depot+ue4-releases+4.9\engine\source\runtime\coreuobject\private\uobject\linkerload.cpp:666]
UE4Editor-CoreUObject.dll!FLinkerLoad::CreateLinker() [d:\buildfarm\buildmachine_++depot+ue4-releases+4.9\engine\source\runtime\coreuobject\private\uobject\linkerload.cpp:404]
UE4Editor-CoreUObject.dll!GetPackageLinker() [d:\buildfarm\buildmachine_++depot+ue4-releases+4.9\engine\source\runtime\coreuobject\private\uobject\linker.cpp:570]
UE4Editor-CoreUObject.dll!LoadPackageInternal() [d:\buildfarm\buildmachine_++depot+ue4-releases+4.9\engine\source\runtime\coreuobject\private\uobject\uobjectglobals.cpp:936]
UE4Editor-CoreUObject.dll!FLinkerLoad::VerifyImportInner() [d:\buildfarm\buildmachine_++depot+ue4-releases+4.9\engine\source\runtime\coreuobject\private\uobject\linkerload.cpp:2354]
UE4Editor-CoreUObject.dll!FLinkerLoad::VerifyImport() [d:\buildfarm\buildmachine_++depot+ue4-releases+4.9\engine\source\runtime\coreuobject\private\uobject\linkerload.cpp:2115]
UE4Editor-CoreUObject.dll!FLinkerLoad::VerifyImportInner() [d:\buildfarm\buildmachine_++depot+ue4-releases+4.9\engine\source\runtime\coreuobject\private\uobject\linkerload.cpp:2402]
UE4Editor-CoreUObject.dll!FLinkerLoad::VerifyImport() [d:\buildfarm\buildmachine_++depot+ue4-releases+4.9\engine\source\runtime\coreuobject\private\uobject\linkerload.cpp:2115]
UE4Editor-CoreUObject.dll!FLinkerLoad::Verify() [d:\buildfarm\buildmachine_++depot+ue4-releases+4.9\engine\source\runtime\coreuobject\private\uobject\linkerload.cpp:1905]
UE4Editor-CoreUObject.dll!FLinkerLoad::FinalizeCreation() [d:\buildfarm\buildmachine_++depot+ue4-releases+4.9\engine\source\runtime\coreuobject\private\uobject\linkerload.cpp:1815]
UE4Editor-CoreUObject.dll!FLinkerLoad::Tick() [d:\buildfarm\buildmachine_++depot+ue4-releases+4.9\engine\source\runtime\coreuobject\private\uobject\linkerload.cpp:666]
UE4Editor-CoreUObject.dll!FLinkerLoad::CreateLinker() [d:\buildfarm\buildmachine_++depot+ue4-releases+4.9\engine\source\runtime\coreuobject\private\uobject\linkerload.cpp:404]
UE4Editor-CoreUObject.dll!GetPackageLinker() [d:\buildfarm\buildmachine_++depot+ue4-releases+4.9\engine\source\runtime\coreuobject\private\uobject\linker.cpp:570]
UE4Editor-CoreUObject.dll!LoadPackageInternal() [d:\buildfarm\buildmachine_++depot+ue4-releases+4.9\engine\source\runtime\coreuobject\private\uobject\uobjectglobals.cpp:936]
UE4Editor-CoreUObject.dll!FLinkerLoad::VerifyImportInner() [d:\buildfarm\buildmachine_++depot+ue4-releases+4.9\engine\source\runtime\coreuobject\private\uobject\linkerload.cpp:2354]
UE4Editor-CoreUObject.dll!FLinkerLoad::VerifyImport() [d:\buildfarm\buildmachine_++depot+ue4-releases+4.9\engine\source\runtime\coreuobject\private\uobject\linkerload.cpp:2115]
UE4Editor-CoreUObject.dll!FLinkerLoad::VerifyImportInner() [d:\buildfarm\buildmachine_++depot+ue4-releases+4.9\engine\source\runtime\coreuobject\private\uobject\linkerload.cpp:2402]
UE4Editor-CoreUObject.dll!FLinkerLoad::VerifyImport() [d:\buildfarm\buildmachine_++depot+ue4-releases+4.9\engine\source\runtime\coreuobject\private\uobject\linkerload.cpp:2115]
UE4Editor-CoreUObject.dll!FLinkerLoad::Verify() [d:\buildfarm\buildmachine_++depot+ue4-releases+4.9\engine\source\runtime\coreuobject\private\uobject\linkerload.cpp:1905]
UE4Editor-CoreUObject.dll!FLinkerLoad::FinalizeCreation() [d:\buildfarm\buildmachine_++depot+ue4-releases+4.9\engine\source\runtime\coreuobject\private\uobject\linkerload.cpp:1815]
UE4Editor-CoreUObject.dll!FLinkerLoad::Tick() [d:\buildfarm\buildmachine_++depot+ue4-releases+4.9\engine\source\runtime\coreuobject\private\uobject\linkerload.cpp:666]
UE4Editor-CoreUObject.dll!FLinkerLoad::CreateLinker() [d:\buildfarm\buildmachine_++depot+ue4-releases+4.9\engine\source\runtime\coreuobject\private\uobject\linkerload.cpp:404]
UE4Editor-CoreUObject.dll!GetPackageLinker() [d:\buildfarm\buildmachine_++depot+ue4-releases+4.9\engine\source\runtime\coreuobject\private\uobject\linker.cpp:570]
UE4Editor-CoreUObject.dll!LoadPackageInternal() [d:\buildfarm\buildmachine_++depot+ue4-releases+4.9\engine\source\runtime\coreuobject\private\uobject\uobjectglobals.cpp:936]
UE4Editor-CoreUObject.dll!FLinkerLoad::VerifyImportInner() [d:\buildfarm\buildmachine_++depot+ue4-releases+4.9\engine\source\runtime\coreuobject\private\uobject\linkerload.cpp:2354]
UE4Editor-CoreUObject.dll!FLinkerLoad::VerifyImport() [d:\buildfarm\buildmachine_++depot+ue4-releases+4.9\engine\source\runtime\coreuobject\private\uobject\linkerload.cpp:2115]
UE4Editor-CoreUObject.dll!FLinkerLoad::VerifyImportInner() [d:\buildfarm\buildmachine_++depot+ue4-releases+4.9\engine\source\runtime\coreuobject\private\uobject\linkerload.cpp:2402]
UE4Editor-CoreUObject.dll!FLinkerLoad::VerifyImport() [d:\buildfarm\buildmachine_++depot+ue4-releases+4.9\engine\source\runtime\coreuobject\private\uobject\linkerload.cpp:2115]
UE4Editor-CoreUObject.dll!FLinkerLoad::Verify() [d:\buildfarm\buildmachine_++depot+ue4-releases+4.9\engine\source\runtime\coreuobject\private\uobject\linkerload.cpp:1905]
UE4Editor-CoreUObject.dll!FLinkerLoad::FinalizeCreation() [d:\buildfarm\buildmachine_++depot+ue4-releases+4.9\engine\source\runtime\coreuobject\private\uobject\linkerload.cpp:1815]
UE4Editor-CoreUObject.dll!FLinkerLoad::Tick() [d:\buildfarm\buildmachine_++depot+ue4-releases+4.9\engine\source\runtime\coreuobject\private\uobject\linkerload.cpp:666]
UE4Editor-CoreUObject.dll!FLinkerLoad::CreateLinker() [d:\buildfarm\buildmachine_++depot+ue4-releases+4.9\engine\source\runtime\coreuobject\private\uobject\linkerload.cpp:404]
UE4Editor-CoreUObject.dll!GetPackageLinker() [d:\buildfarm\buildmachine_++depot+ue4-releases+4.9\engine\source\runtime\coreuobject\private\uobject\linker.cpp:570]
UE4Editor-CoreUObject.dll!LoadPackageInternal() [d:\buildfarm\buildmachine_++depot+ue4-releases+4.9\engine\source\runtime\coreuobject\private\uobject\uobjectglobals.cpp:936]
UE4Editor-CoreUObject.dll!FLinkerLoad::VerifyImportInner() [d:\buildfarm\buildmachine_++depot+ue4-releases+4.9\engine\source\runtime\coreuobject\private\uobject\linkerload.cpp:2354]
UE4Editor-CoreUObject.dll!FLinkerLoad::VerifyImport() [d:\buildfarm\buildmachine_++depot+ue4-releases+4.9\engine\source\runtime\coreuobject\private\uobject\linkerload.cpp:2115]
UE4Editor-CoreUObject.dll!FLinkerLoad::VerifyImportInner() [d:\buildfarm\buildmachine_++depot+ue4-releases+4.9\engine\source\runtime\coreuobject\private\uobject\linkerload.cpp:2402]
UE4Editor-CoreUObject.dll!FLinkerLoad::VerifyImport() [d:\buildfarm\buildmachine_++depot+ue4-releases+4.9\engine\source\runtime\coreuobject\private\uobject\linkerload.cpp:2115]
UE4Editor-CoreUObject.dll!FLinkerLoad::VerifyImportInner() [d:\buildfarm\buildmachine_++depot+ue4-releases+4.9\engine\source\runtime\coreuobject\private\uobject\linkerload.cpp:2402]
UE4Editor-CoreUObject.dll!FLinkerLoad::VerifyImport() [d:\buildfarm\buildmachine_++depot+ue4-releases+4.9\engine\source\runtime\coreuobject\private\uobject\linkerload.cpp:2115]
UE4Editor-CoreUObject.dll!FLinkerLoad::Verify() [d:\buildfarm\buildmachine_++depot+ue4-releases+4.9\engine\source\runtime\coreuobject\private\uobject\linkerload.cpp:1905]
UE4Editor-CoreUObject.dll!FLinkerLoad::FinalizeCreation() [d:\buildfarm\buildmachine_++depot+ue4-releases+4.9\engine\source\runtime\coreuobject\private\uobject\linkerload.cpp:1815]
UE4Editor-CoreUObject.dll!FLinkerLoad::Tick() [d:\buildfarm\buildmachine_++depot+ue4-releases+4.9\engine\source\runtime\coreuobject\private\uobject\linkerload.cpp:666]
UE4Editor-CoreUObject.dll!FLinkerLoad::CreateLinker() [d:\buildfarm\buildmachine_++depot+ue4-releases+4.9\engine\source\runtime\coreuobject\private\uobject\linkerload.cpp:404]
UE4Editor-CoreUObject.dll!GetPackageLinker() [d:\buildfarm\buildmachine_++depot+ue4-releases+4.9\engine\source\runtime\coreuobject\private\uobject\linker.cpp:570]
UE4Editor-CoreUObject.dll!LoadPackageInternal() [d:\buildfarm\buildmachine_++depot+ue4-releases+4.9\engine\source\runtime\coreuobject\private\uobject\uobjectglobals.cpp:936]
UE4Editor-UnrealEd.dll
[2015.11.25-14.44.08:404][  0]LogAnimation:Warning: Invalid animation root node index 54 on '/LeapMotion/Character/Basic/BasicCharacter_AnimBlueprint.BasicCharacter_AnimBlueprint_C' (only 52 nodes)
[2015.11.25-14.44.08:703][  0]LogAnimation:Warning: Invalid animation root node index 54 on '/Engine/Transient.REINST_BasicCharacter_AnimBlueprint_C_2' (only 52 nodes)
[2015.11.25-14.44.08:826][  0]LogClass:Warning: Property AnimGraphNode_Fabrik_8C904C7A415FB588652E8A91FDC811AE of BasicCharacter_AnimBlueprint_C has a struct type mismatch (tag FallbackStruct != prop AnimNode_Fabrik) in package:  FObjectReader. If that struct got renamed, add an entry to ActiveStructRedirects.
[2015.11.25-14.44.08:826][  0]LogClass:Warning: Property AnimGraphNode_Fabrik_416EC86F435836563C4E49AD6D016C3C of BasicCharacter_AnimBlueprint_C has a struct type mismatch (tag FallbackStruct != prop AnimNode_Fabrik) in package:  FObjectReader. If that struct got renamed, add an entry to ActiveStructRedirects.
[2015.11.25-14.44.08:826][  0]LogClass:Warning: Property AnimGraphNode_Fabrik_9FF4326C4CAD2373B92D6F9E3AC3F57A of BasicCharacter_AnimBlueprint_C has a struct type mismatch (tag FallbackStruct != prop AnimNode_Fabrik) in package:  FObjectReader. If that struct got renamed, add an entry to ActiveStructRedirects.
[2015.11.25-14.44.09:116][  0]LogBlueprint:Warning: [compiler LeapBasicRiggedCharacter] Warning InputAction Event references unknown Action 'Jump' for  InputAction Jump 
[2015.11.25-14.44.09:116][  0]LogBlueprint:Warning: [compiler LeapBasicRiggedCharacter] Warning Input Axis Event references unknown Axis 'LookUpRate' for  InputAxis LookUpRate 
[2015.11.25-14.44.09:117][  0]LogBlueprint:Warning: [compiler LeapBasicRiggedCharacter] Warning Input Axis Event references unknown Axis 'TurnRate' for  InputAxis TurnRate 
[2015.11.25-14.44.09:117][  0]LogBlueprint:Warning: [compiler LeapBasicRiggedCharacter] Warning Input Axis Event references unknown Axis 'Turn' for  InputAxis Turn 
[2015.11.25-14.44.09:117][  0]LogBlueprint:Warning: [compiler LeapBasicRiggedCharacter] Warning Input Axis Event references unknown Axis 'LookUp' for  InputAxis LookUp 
[2015.11.25-14.44.09:117][  0]LogBlueprint:Warning: [compiler LeapBasicRiggedCharacter] Warning Input Axis Event references unknown Axis 'MoveRight' for  InputAxis MoveRight 
[2015.11.25-14.44.09:118][  0]LogBlueprint:Warning: [compiler LeapBasicRiggedCharacter] Warning Input Axis Event references unknown Axis 'MoveForward' for  InputAxis MoveForward 
[2015.11.25-14.44.09:121][  0]LogBlueprint:Warning: [compiler LeapBasicRiggedCharacter] Warning [0034.44] Compile of LeapBasicRiggedCharacter successful, but with 7 Warning(s) [in 11 ms]
[2015.11.25-14.44.09:121][  0]LogBlueprint:Warning: [compiler LeapBasicRiggedCharacter] Warning [0034.44] Compile of LeapBasicRiggedCharacter successful, but with 8 Warning(s) [in 0 ms]
[2015.11.25-14.44.09:121][  0]LogBlueprint:Warning: [compiler LeapBasicRiggedCharacter] Warning [0034.44] Compile of LeapBasicRiggedCharacter successful, but with 9 Warning(s) [in 0 ms]
[2015.11.25-14.44.09:635][  0]LogBlueprint:Warning: [compiler LeapBasicRiggedCharacter] Warning InputAction Event references unknown Action 'Jump' for  InputAction Jump 
[2015.11.25-14.44.09:635][  0]LogBlueprint:Warning: [compiler LeapBasicRiggedCharacter] Warning Input Axis Event references unknown Axis 'LookUpRate' for  InputAxis LookUpRate 
[2015.11.25-14.44.09:636][  0]LogBlueprint:Warning: [compiler LeapBasicRiggedCharacter] Warning Input Axis Event references unknown Axis 'TurnRate' for  InputAxis TurnRate 
[2015.11.25-14.44.09:636][  0]LogBlueprint:Warning: [compiler LeapBasicRiggedCharacter] Warning Input Axis Event references unknown Axis 'Turn' for  InputAxis Turn 
[2015.11.25-14.44.09:636][  0]LogBlueprint:Warning: [compiler LeapBasicRiggedCharacter] Warning Input Axis Event references unknown Axis 'LookUp' for  InputAxis LookUp 
[2015.11.25-14.44.09:636][  0]LogBlueprint:Warning: [compiler LeapBasicRiggedCharacter] Warning Input Axis Event references unknown Axis 'MoveRight' for  InputAxis MoveRight 
[2015.11.25-14.44.09:637][  0]LogBlueprint:Warning: [compiler LeapBasicRiggedCharacter] Warning Input Axis Event references unknown Axis 'MoveForward' for  InputAxis MoveForward 
[2015.11.25-14.44.09:641][  0]LogBlueprint:Warning: [compiler LeapBasicRiggedCharacter] Warning [0034.96] Compile of LeapBasicRiggedCharacter successful, but with 7 Warning(s) [in 15 ms]
[2015.11.25-14.44.09:641][  0]LogBlueprint:Warning: [compiler LeapBasicRiggedCharacter] Warning [0034.96] Compile of LeapBasicRiggedCharacter successful, but with 8 Warning(s) [in 0 ms]
[2015.11.25-14.44.09:641][  0]LogBlueprint:Warning: [compiler LeapBasicRiggedCharacter] Warning [0034.96] Compile of LeapBasicRiggedCharacter successful, but with 9 Warning(s) [in 0 ms]
[2015.11.25-14.44.10:530][  0]LogTexture:Display: Building textures: Texture2D_3 (BGRA8)
[2015.11.25-14.44.10:531][  0]LogTexture:Display: Building textures: Texture2D_2 (BGRA8)
[2015.11.25-14.44.10:532][  0]LogTexture:Display: Building textures: Texture2D_18 (BGRA8)
[2015.11.25-14.44.10:533][  0]LogTexture:Display: Building textures: Texture2D_21 (BGRA8)
[2015.11.25-14.44.10:534][  0]LogTexture:Display: Building textures: Texture2D_5 (BGRA8)
[2015.11.25-14.44.10:535][  0]LogTexture:Display: Building textures: Texture2D_6 (BGRA8)
[2015.11.25-14.44.10:535][  0]LogTexture:Display: Building textures: Texture2D_8 (BGRA8)
[2015.11.25-14.44.10:536][  0]LogTexture:Display: Building textures: Texture2D_7 (BGRA8)
[2015.11.25-14.44.10:537][  0]LogTexture:Display: Building textures: Texture2D_9 (BGRA8)
[2015.11.25-14.44.10:538][  0]LogTexture:Display: Building textures: Texture2D_10 (BGRA8)
[2015.11.25-14.44.10:539][  0]LogTexture:Display: Building textures: Texture2D_11 (BGRA8)
[2015.11.25-14.44.10:540][  0]LogTexture:Display: Building textures: Texture2D_4 (BGRA8)
[2015.11.25-14.44.10:541][  0]LogTexture:Display: Building textures: Texture2D_13 (BGRA8)
[2015.11.25-14.44.10:543][  0]LogTexture:Display: Building textures: Texture2D_12 (BGRA8)
[2015.11.25-14.44.10:544][  0]LogTexture:Display: Building textures: Texture2D_14 (BGRA8)
[2015.11.25-14.44.10:545][  0]LogTexture:Display: Building textures: Texture2D_15 (BGRA8)
[2015.11.25-14.44.10:546][  0]LogTexture:Display: Building textures: Texture2D_16 (BGRA8)
[2015.11.25-14.44.10:547][  0]LogTexture:Display: Building textures: Texture2D_17 (BGRA8)
[2015.11.25-14.44.10:548][  0]LogTexture:Display: Building textures: Texture2D_19 (BGRA8)
[2015.11.25-14.44.10:549][  0]LogTexture:Display: Building textures: Texture2D_20 (BGRA8)
[2015.11.25-14.44.10:561][  0]LogTexture:Display: Building textures: HQ_Lightmap0_1 (AutoDXT)
[2015.11.25-14.44.10:563][  0]LogTexture:Display: Building textures: HQ_Lightmap0_10 (AutoDXT)
[2015.11.25-14.44.10:581][  0]LogTexture:Display: Building textures: HQ_Lightmap0_11 (AutoDXT)
[2015.11.25-14.44.10:601][  0]LogTexture:Display: Building textures: HQ_Lightmap0_12 (AutoDXT)
[2015.11.25-14.44.10:615][  0]LogTexture:Display: Building textures: HQ_Lightmap0_13 (AutoDXT)
[2015.11.25-14.44.10:629][  0]LogTexture:Display: Building textures: HQ_Lightmap0_14 (AutoDXT)
[2015.11.25-14.44.10:649][  0]LogTexture:Display: Building textures: HQ_Lightmap0_15 (AutoDXT)
[2015.11.25-14.44.10:667][  0]LogTexture:Display: Building textures: HQ_Lightmap0_16 (AutoDXT)
[2015.11.25-14.44.10:684][  0]LogTexture:Display: Building textures: HQ_Lightmap0_17 (AutoDXT)
[2015.11.25-14.44.10:695][  0]LogTexture:Display: Building textures: HQ_Lightmap0_2 (AutoDXT)
[2015.11.25-14.44.10:715][  0]LogTexture:Display: Building textures: HQ_Lightmap0_3 (AutoDXT)
[2015.11.25-14.44.10:717][  0]LogTexture:Display: Building textures: HQ_Lightmap0_4 (AutoDXT)
[2015.11.25-14.44.10:735][  0]LogTexture:Display: Building textures: HQ_Lightmap0_5 (AutoDXT)
[2015.11.25-14.44.10:754][  0]LogTexture:Display: Building textures: HQ_Lightmap0_6 (AutoDXT)
[2015.11.25-14.44.10:772][  0]LogTexture:Display: Building textures: HQ_Lightmap0_7 (AutoDXT)
[2015.11.25-14.44.10:784][  0]LogTexture:Display: Building textures: HQ_Lightmap0_8 (AutoDXT)
[2015.11.25-14.44.10:803][  0]LogTexture:Display: Building textures: HQ_Lightmap0_9 (AutoDXT)
[2015.11.25-14.44.10:818][  0]LogTexture:Display: Building textures: HQ_Lightmap1_1 (AutoDXT)
[2015.11.25-14.44.10:839][  0]LogTexture:Display: Building textures: LQ_Lightmap_0_10 (DXT1)
[2015.11.25-14.44.10:854][  0]LogTexture:Display: Building textures: LQ_Lightmap_0_11 (DXT1)
[2015.11.25-14.44.10:870][  0]LogTexture:Display: Building textures: LQ_Lightmap_0_12 (DXT1)
[2015.11.25-14.44.10:878][  0]LogTexture:Display: Building textures: LQ_Lightmap_0_13 (DXT1)
[2015.11.25-14.44.10:887][  0]LogTexture:Display: Building textures: LQ_Lightmap_0_14 (DXT1)
[2015.11.25-14.44.10:901][  0]LogTexture:Display: Building textures: LQ_Lightmap_0_15 (DXT1)
[2015.11.25-14.44.10:914][  0]LogTexture:Display: Building textures: LQ_Lightmap_0_16 (DXT1)
[2015.11.25-14.44.10:925][  0]LogTexture:Display: Building textures: LQ_Lightmap_0_17 (DXT1)
[2015.11.25-14.44.10:927][  0]LogTexture:Display: Building textures: LQ_Lightmap_0_2 (DXT1)
[2015.11.25-14.44.10:943][  0]LogTexture:Display: Building textures: LQ_Lightmap_0_3 (DXT1)
[2015.11.25-14.44.10:945][  0]LogTexture:Display: Building textures: LQ_Lightmap_0_4 (DXT1)
[2015.11.25-14.44.10:957][  0]LogTexture:Display: Building textures: LQ_Lightmap_0_5 (DXT1)
[2015.11.25-14.44.10:972][  0]LogTexture:Display: Building textures: LQ_Lightmap_0_6 (DXT1)
[2015.11.25-14.44.10:982][  0]LogTexture:Display: Building textures: LQ_Lightmap_0_7 (DXT1)
[2015.11.25-14.44.10:992][  0]LogTexture:Display: Building textures: LQ_Lightmap_0_8 (DXT1)
[2015.11.25-14.44.11:006][  0]LogTexture:Display: Building textures: LQ_Lightmap_0_9 (DXT1)
[2015.11.25-14.44.11:013][  0]LogTexture:Display: Building textures: LQ_Lightmap_1_1 (DXT1)
[2015.11.25-14.44.11:027][  0]LogTexture:Display: Building textures: ShadowMapTexture2D_0 (G8)
[2015.11.25-14.44.11:028][  0]LogTexture:Display: Building textures: ShadowMapTexture2D_1 (G8)
[2015.11.25-14.44.11:029][  0]LogTexture:Display: Building textures: ShadowMapTexture2D_10 (G8)
[2015.11.25-14.44.11:030][  0]LogTexture:Display: Building textures: ShadowMapTexture2D_11 (G8)
[2015.11.25-14.44.11:031][  0]LogTexture:Display: Building textures: ShadowMapTexture2D_12 (G8)
[2015.11.25-14.44.11:032][  0]LogTexture:Display: Building textures: ShadowMapTexture2D_13 (G8)
[2015.11.25-14.44.11:033][  0]LogTexture:Display: Building textures: ShadowMapTexture2D_14 (G8)
[2015.11.25-14.44.11:034][  0]LogTexture:Display: Building textures: ShadowMapTexture2D_15 (G8)
[2015.11.25-14.44.11:035][  0]LogTexture:Display: Building textures: ShadowMapTexture2D_16 (G8)
[2015.11.25-14.44.11:035][  0]LogTexture:Display: Building textures: ShadowMapTexture2D_2 (G8)
[2015.11.25-14.44.11:036][  0]LogTexture:Display: Building textures: ShadowMapTexture2D_3 (G8)
[2015.11.25-14.44.11:038][  0]LogTexture:Display: Building textures: ShadowMapTexture2D_4 (G8)
[2015.11.25-14.44.11:039][  0]LogTexture:Display: Building textures: ShadowMapTexture2D_5 (G8)
[2015.11.25-14.44.11:039][  0]LogTexture:Display: Building textures: ShadowMapTexture2D_6 (G8)
[2015.11.25-14.44.11:040][  0]LogTexture:Display: Building textures: ShadowMapTexture2D_7 (G8)
[2015.11.25-14.44.11:041][  0]LogTexture:Display: Building textures: ShadowMapTexture2D_8 (G8)
[2015.11.25-14.44.11:042][  0]LogTexture:Display: Building textures: ShadowMapTexture2D_9 (G8)
[2015.11.25-14.44.11:491][  0]LogAIModule: Creating AISystem for world MemoryCardEntry
[2015.11.25-14.44.11:496][  0]LogMaterial:Warning: Material /Game/Assets/Materials/M_GameBoard.M_GameBoard needed to have new flag set bUsedWithStaticLighting !
[2015.11.25-14.44.11:497][  0]LogMaterial: Missing cached shader map for material M_GameBoard, compiling. 
[2015.11.25-14.44.11:509][  0]MapCheck:Warning: Warning M_GameBoard Material /Game/Assets/Materials/M_GameBoard.M_GameBoard was missing the usage flag bUsedWithStaticLighting. If the material asset is not re-saved, it may not render correctly when run outside the editor. Fix
[2015.11.25-14.44.11:510][  0]LogMaterial: 0.000486 seconds spent updating 1 materials, 1 interfaces, 0 instances, 0 with static permutations.
[2015.11.25-14.44.11:510][  0]LogMaterial:Warning: Material /Game/Assets/Materials/M_Background.M_Background needed to have new flag set bUsedWithStaticLighting !
[2015.11.25-14.44.11:514][  0]LogMaterial: Missing cached shader map for material M_Background, compiling. 
[2015.11.25-14.44.11:518][  0]MapCheck:Warning: Warning M_Background Material /Game/Assets/Materials/M_Background.M_Background was missing the usage flag bUsedWithStaticLighting. If the material asset is not re-saved, it may not render correctly when run outside the editor. Fix
[2015.11.25-14.44.11:518][  0]LogMaterial: 0.000096 seconds spent updating 1 materials, 1 interfaces, 0 instances, 0 with static permutations.
[2015.11.25-14.44.11:584][  0]LogEditorServer: Finished looking for orphan Actors (0.000 secs)
[2015.11.25-14.44.11:586][  0]Cmd: MAP CHECKDEP NOCLEARLOG
[2015.11.25-14.44.11:853][  0]MapCheck: Info Map check complete: 0 Error(s), 2 Warning(s), took 266.547ms to complete.
[2015.11.25-14.44.11:865][  0]LogFileHelpers: Loading map 'MemoryCardEntry' took 21.447
[2015.11.25-14.44.12:034][  0]LogCollectionManager: Loaded 0 collections in 0.004695 seconds
[2015.11.25-14.44.12:093][  0]LogFileCache: Scanning file cache for directory 'C:/Users/croda/Documents/Unreal Projects/SantaSearch/Saved/Collections/' took 0.01s
[2015.11.25-14.44.12:094][  0]LogFileCache: Scanning file cache for directory 'C:/Users/croda/Documents/Unreal Projects/SantaSearch/Content/Developers/croda/Collections/' took 0.01s
[2015.11.25-14.44.12:094][  0]LogFileCache: Scanning file cache for directory 'C:/Users/croda/Documents/Unreal Projects/SantaSearch/Content/Collections/' took 0.01s
[2015.11.25-14.44.12:094][  0]LogContentBrowser: Native class hierarchy populated in 0.0173 seconds. Added 1919 classes and 342 folders.
[2015.11.25-14.44.12:109][  0]LogCollectionManager: Rebuilt the GUID cache for 0 collections in 0.000003 seconds
[2015.11.25-14.44.12:125][  0]LogContentBrowser: Native class hierarchy updated for 'WidgetCarousel' in 0.0006 seconds. Added 0 classes and 0 folders.
[2015.11.25-14.44.12:303][  0]LogContentBrowser: Native class hierarchy updated for 'AddContentDialog' in 0.0005 seconds. Added 0 classes and 0 folders.
[2015.11.25-14.44.12:314][  0]LogContentBrowser: Native class hierarchy updated for 'SceneOutliner' in 0.0007 seconds. Added 1 classes and 2 folders.
[2015.11.25-14.44.12:496][  0]LogCrashTracker: Crashtracker disabled due to settings.
[2015.11.25-14.44.12:506][  0]LogUObjectGlobals:Warning: Failed to find object 'Class None.'
[2015.11.25-14.44.12:529][  0]LogLoad: Full Startup: 37.84 seconds (BP compile: 1.27 seconds)
[2015.11.25-14.44.12:692][  0]LogContentStreaming: Texture pool size now 1000 MB
[2015.11.25-14.44.12:871][  0]LogRenderer: Reallocating scene render targets to support 876x576 (Frame:2).
[2015.11.25-14.44.12:994][  1]Cmd: UpdateLandscapeEditorData -warnings
[2015.11.25-14.44.12:996][  1]LogFileCache: Retrieving MD5 hashes for directory 'C:/Users/croda/Documents/Unreal Projects/SantaSearch/Content/' took 0.44s
[2015.11.25-14.44.13:732][ 13]LogAssetRegistry: Asset discovery search completed in 29.0293 seconds
[2015.11.25-14.44.13:732][ 13]LogCollectionManager: Rebuilt the object cache for 0 collections in 0.000000 seconds (found 0 objects)
[2015.11.25-14.44.13:732][ 13]LogCollectionManager: Fixed up redirectors for 0 collections in 0.000050 seconds (updated 0 objects)
[2015.11.25-14.44.24:123][411]LogActorComponent: UnregisterComponent: (/Engine/Transient.CharMoveComp) Not registered. Aborting.
[2015.11.25-14.44.24:228][411]LeapPluginLog: LeapController::CleanupEventData Delete Called
[2015.11.25-14.44.24:258][411]LeapPluginLog: LeapController::CleanupEventData Delete Called
[2015.11.25-14.44.24:382][411]LogWindowsTextInputMethodSystem:Display: IME system now deactivated.
[2015.11.25-14.44.24:645][412]Cmd: QUIT_EDITOR
[2015.11.25-14.44.24:954][412]LogExit: Preparing to exit.
[2015.11.25-14.44.25:460][412]LogExit: Editor shut down
[2015.11.25-14.44.25:461][412]LogExit: Transaction tracking system shut down
[2015.11.25-14.44.25:479][412]LogParticles: Destroying 0 GPU particle simulations for FXSystem 0x000000FD73910680
[2015.11.25-14.44.25:481][412]LogParticles: Destroying 0 GPU particle simulations for FXSystem 0x000000FD7A3F7920
[2015.11.25-14.44.25:482][412]LogParticles: Destroying 0 GPU particle simulations for FXSystem 0x000000FD7A91BBA0
[2015.11.25-14.44.25:482][412]LogParticles: Destroying 0 GPU particle simulations for FXSystem 0x000000FD73854400
[2015.11.25-14.44.25:482][412]LogParticles: Destroying 0 GPU particle simulations for FXSystem 0x000000FD73854220
[2015.11.25-14.44.25:518][412]LeapPluginLog: LeapController::CleanupEventData Delete Called
[2015.11.25-14.44.25:572][412]LeapPluginLog: LeapController::CleanupEventData Delete Called
[2015.11.25-14.44.25:780][412]LogExit: Object subsystem successfully closed.
[2015.11.25-14.44.25:799][412]LogD3D11RHI: Shutdown
[2015.11.25-14.44.25:799][412]LogD3D11RHI: CleanupD3DDevice
[2015.11.25-14.44.25:876][412]LogD3D11RHI: ~FD3D11DynamicRHI
[2015.11.25-14.44.25:899][412]LogModuleManager: Shutting down and abandoning module CrashTracker (200)
[2015.11.25-14.44.25:899][412]LogModuleManager: Shutting down and abandoning module SceneOutliner (199)
[2015.11.25-14.44.25:899][412]LogModuleManager: Shutting down and abandoning module SuperSearch (198)
[2015.11.25-14.44.25:899][412]LogModuleManager: Shutting down and abandoning module WidgetCarousel (197)
[2015.11.25-14.44.25:899][412]LogModuleManager: Shutting down and abandoning module AddContentDialog (196)
[2015.11.25-14.44.25:900][412]LogModuleManager: Shutting down and abandoning module EditorWidgets (195)
[2015.11.25-14.44.25:900][412]LogModuleManager: Shutting down and abandoning module CollectionManager (194)
[2015.11.25-14.44.25:900][412]LogModuleManager: Shutting down and abandoning module StatsViewer (193)
[2015.11.25-14.44.25:900][412]LogModuleManager: Shutting down and abandoning module FoliageEdit (192)
[2015.11.25-14.44.25:900][412]LogModuleManager: Shutting down and abandoning module LandscapeEditor (191)
[2015.11.25-14.44.25:901][412]LogModuleManager: Shutting down and abandoning module ActorPickerMode (190)
[2015.11.25-14.44.25:901][412]LogModuleManager: Shutting down and abandoning module GeometryMode (189)
[2015.11.25-14.44.25:901][412]LogModuleManager: Shutting down and abandoning module TextureAlignMode (188)
[2015.11.25-14.44.25:901][412]LogModuleManager: Shutting down and abandoning module BspMode (187)
[2015.11.25-14.44.25:901][412]LogModuleManager: Shutting down and abandoning module PlacementMode (186)
[2015.11.25-14.44.25:901][412]LogModuleManager: Shutting down and abandoning module AutomationWorker (185)
[2015.11.25-14.44.25:901][412]LogModuleManager: Shutting down and abandoning module HoudiniEngineEditor (184)
[2015.11.25-14.44.25:901][412]LogHoudiniEngineEditor: Shutting down the Houdini Engine Editor module.
[2015.11.25-14.44.25:901][412]LogModuleManager: Shutting down and abandoning module CharacterAI (183)
[2015.11.25-14.44.25:901][412]LogModuleManager: Shutting down and abandoning module SmartSnapping (182)
[2015.11.25-14.44.25:901][412]LogModuleManager: Shutting down and abandoning module ViewportSnapping (181)
[2015.11.25-14.44.25:901][412]LogModuleManager: Shutting down and abandoning module LogVisualizer (180)
[2015.11.25-14.44.25:901][412]LogModuleManager: Shutting down and abandoning module GameProjectGeneration (179)
[2015.11.25-14.44.25:901][412]LogModuleManager: Shutting down and abandoning module IntroTutorials (178)
[2015.11.25-14.44.25:901][412]LogModuleManager: Shutting down and abandoning module EditorLiveStreaming (177)
[2015.11.25-14.44.25:901][412]LogModuleManager: Shutting down and abandoning module IOSPlatformEditor (176)
[2015.11.25-14.44.25:901][412]LogModuleManager: Shutting down and abandoning module HTML5PlatformEditor (175)
[2015.11.25-14.44.25:901][412]LogModuleManager: Shutting down and abandoning module AndroidDeviceDetection (174)
[2015.11.25-14.44.26:252][412]LogModuleManager: Shutting down and abandoning module AndroidPlatformEditor (173)
[2015.11.25-14.44.26:252][412]LogModuleManager: Shutting down and abandoning module IOSRuntimeSettings (172)
[2015.11.25-14.44.26:252][412]LogModuleManager: Shutting down and abandoning module AndroidRuntimeSettings (171)
[2015.11.25-14.44.26:252][412]LogModuleManager: Shutting down and abandoning module MergeActors (170)
[2015.11.25-14.44.26:252][412]LogModuleManager: Shutting down and abandoning module SizeMap (169)
[2015.11.25-14.44.26:252][412]LogModuleManager: Shutting down and abandoning module TreeMap (168)
[2015.11.25-14.44.26:252][412]LogModuleManager: Shutting down and abandoning module ReferenceViewer (167)
[2015.11.25-14.44.26:252][412]LogModuleManager: Shutting down and abandoning module LocalizationService (166)
[2015.11.25-14.44.26:252][412]LogModuleManager: Shutting down and abandoning module LocalizationDashboard (165)
[2015.11.25-14.44.26:252][412]LogModuleManager: Shutting down and abandoning module HardwareTargeting (164)
[2015.11.25-14.44.26:252][412]LogModuleManager: Shutting down and abandoning module DeviceProfileEditor (163)
[2015.11.25-14.44.26:252][412]LogModuleManager: Shutting down and abandoning module UndoHistory (162)
[2015.11.25-14.44.26:252][412]LogModuleManager: Shutting down and abandoning module GameplayTagsEditor (161)
[2015.11.25-14.44.26:252][412]LogModuleManager: Shutting down and abandoning module UserFeedback (160)
[2015.11.25-14.44.26:252][412]LogModuleManager: Shutting down and abandoning module XmlParser (159)
[2015.11.25-14.44.26:252][412]LogModuleManager: Shutting down and abandoning module Blutility (158)
[2015.11.25-14.44.26:252][412]LogModuleManager: Shutting down and abandoning module ProjectTargetPlatformEditor (157)
[2015.11.25-14.44.26:252][412]LogModuleManager: Shutting down and abandoning module ProjectSettingsViewer (156)
[2015.11.25-14.44.26:252][412]LogModuleManager: Shutting down and abandoning module InputBindingEditor (155)
[2015.11.25-14.44.26:254][412]LogModuleManager: Shutting down and abandoning module EditorSettingsViewer (154)
[2015.11.25-14.44.26:254][412]LogModuleManager: Shutting down and abandoning module SettingsEditor (153)
[2015.11.25-14.44.26:254][412]LogModuleManager: Shutting down and abandoning module ProjectLauncher (152)
[2015.11.25-14.44.26:254][412]LogModuleManager: Shutting down and abandoning module SessionFrontend (151)
[2015.11.25-14.44.26:254][412]LogModuleManager: Shutting down and abandoning module ProfilerClient (150)
[2015.11.25-14.44.26:254][412]LogModuleManager: Shutting down and abandoning module TargetDeviceServices (149)
[2015.11.25-14.44.26:254][412]LogModuleManager: Shutting down and abandoning module DeviceManager (148)
[2015.11.25-14.44.26:254][412]LogModuleManager: Shutting down and abandoning module AutomationController (147)
[2015.11.25-14.44.26:254][412]LogModuleManager: Shutting down and abandoning module AutomationWindow (146)
[2015.11.25-14.44.26:254][412]LogModuleManager: Shutting down and abandoning module Layers (145)
[2015.11.25-14.44.26:254][412]LogModuleManager: Shutting down and abandoning module ComponentVisualizers (144)
[2015.11.25-14.44.26:254][412]LogModuleManager: Shutting down and abandoning module DetailCustomizations (143)
[2015.11.25-14.44.26:254][412]LogModuleManager: Shutting down and abandoning module PackagesDialog (142)
[2015.11.25-14.44.26:254][412]LogModuleManager: Shutting down and abandoning module Persona (141)
[2015.11.25-14.44.26:255][412]LogModuleManager: Shutting down and abandoning module Kismet (140)
[2015.11.25-14.44.26:255][412]LogModuleManager: Shutting down and abandoning module GraphEditor (139)
[2015.11.25-14.44.26:256][412]LogModuleManager: Shutting down and abandoning module ClassViewer (138)
[2015.11.25-14.44.26:256][412]LogModuleManager: Shutting down and abandoning module Toolbox (137)
[2015.11.25-14.44.26:256][412]LogModuleManager: Shutting down and abandoning module ModuleUI (136)
[2015.11.25-14.44.26:256][412]LogModuleManager: Shutting down and abandoning module MovieSceneTools (135)
[2015.11.25-14.44.26:256][412]LogModuleManager: Shutting down and abandoning module OutputLog (134)
[2015.11.25-14.44.26:256][412]LogModuleManager: Shutting down and abandoning module GammaUI (133)
[2015.11.25-14.44.26:256][412]LogModuleManager: Shutting down and abandoning module Documentation (132)
[2015.11.25-14.44.26:256][412]LogModuleManager: Shutting down and abandoning module GameLiveStreaming (131)
[2015.11.25-14.44.26:256][412]LogModuleManager: Shutting down and abandoning module StreamingPauseRendering (130)
[2015.11.25-14.44.26:256][412]LogModuleManager: Shutting down and abandoning module AnalyticsET (129)
[2015.11.25-14.44.26:256][412]LogModuleManager: Shutting down and abandoning module Analytics (128)
[2015.11.25-14.44.26:256][412]LogModuleManager: Shutting down and abandoning module AITestSuite (127)
[2015.11.25-14.44.26:256][412]LogModuleManager: Shutting down and abandoning module GameplayDebugger (126)
[2015.11.25-14.44.26:256][412]LogModuleManager: Shutting down and abandoning module AIModule (125)
[2015.11.25-14.44.26:256][412]LogModuleManager: Shutting down and abandoning module ProfilerService (124)
[2015.11.25-14.44.26:261][412]LogModuleManager: Shutting down and abandoning module TaskGraph (123)
[2015.11.25-14.44.26:261][412]LogModuleManager: Shutting down and abandoning module LeapMotion (122)
[2015.11.25-14.44.26:275][412]LogModuleManager: Shutting down and abandoning module SlateRemote (121)
[2015.11.25-14.44.26:275][412]LogModuleManager: Shutting down and abandoning module SteamVRController (120)
[2015.11.25-14.44.26:275][412]LogModuleManager: Shutting down and abandoning module SteamVR (119)
[2015.11.25-14.44.26:275][412]LogModuleManager: Shutting down and abandoning module ProceduralMeshComponent (118)
[2015.11.25-14.44.26:275][412]LogModuleManager: Shutting down and abandoning module OculusRift (117)
[2015.11.25-14.44.26:275][412]LogModuleManager: Shutting down and abandoning module OculusLibrary (116)
[2015.11.25-14.44.26:275][412]LogModuleManager: Shutting down and abandoning module LeapMotionController (115)
[2015.11.25-14.44.26:291][412]LogModuleManager: Shutting down and abandoning module CustomMeshComponent (114)
[2015.11.25-14.44.26:291][412]LogModuleManager: Shutting down and abandoning module CableComponent (113)
[2015.11.25-14.44.26:291][412]LogModuleManager: Shutting down and abandoning module ArchVisCharacter (112)
[2015.11.25-14.44.26:291][412]LogModuleManager: Shutting down and abandoning module MessagingDebugger (111)
[2015.11.25-14.44.26:292][412]LogModuleManager: Shutting down and abandoning module MediaPlayerEditor (110)
[2015.11.25-14.44.26:292][412]LogModuleManager: Shutting down and abandoning module HoudiniEngineRuntime (109)
[2015.11.25-14.44.26:292][412]LogHoudiniEngine: Shutting down the Houdini Engine module.
[2015.11.25-14.44.26:293][412]LogModuleManager: Shutting down and abandoning module HTML5Networking (108)
[2015.11.25-14.44.26:293][412]LogModuleManager: Shutting down and abandoning module SpeedTreeImporter (107)
[2015.11.25-14.44.26:293][412]LogModuleManager: Shutting down and abandoning module PluginBrowser (106)
[2015.11.25-14.44.26:293][412]LogModuleManager: Shutting down and abandoning module EpicSurvey (105)
[2015.11.25-14.44.26:293][412]LogModuleManager: Shutting down and abandoning module DesktopPlatform (104)
[2015.11.25-14.44.26:293][412]LogModuleManager: Shutting down and abandoning module VisualStudioSourceCodeAccess (103)
[2015.11.25-14.44.26:293][412]LogModuleManager: Shutting down and abandoning module UObjectPlugin (102)
[2015.11.25-14.44.26:293][412]LogModuleManager: Shutting down and abandoning module SubversionSourceControl (101)
[2015.11.25-14.44.26:293][412]LogModuleManager: Shutting down and abandoning module PerforceSourceControl (100)
[2015.11.25-14.44.26:293][412]LogModuleManager: Shutting down and abandoning module SourceControl (99)
[2015.11.25-14.44.26:293][412]LogModuleManager: Shutting down and abandoning module GitSourceControl (98)
[2015.11.25-14.44.26:293][412]LogModuleManager: Shutting down and abandoning module LightPropagationVolumeEditor (97)
[2015.11.25-14.44.26:293][412]LogModuleManager: Shutting down and abandoning module PaperTiledImporter (96)
[2015.11.25-14.44.26:293][412]LogModuleManager: Shutting down and abandoning module PaperSpriteSheetImporter (95)
[2015.11.25-14.44.26:293][412]LogModuleManager: Shutting down and abandoning module MeshPaint (94)
[2015.11.25-14.44.26:293][412]LogModuleManager: Shutting down and abandoning module SlateReflector (93)
[2015.11.25-14.44.26:294][412]LogModuleManager: Shutting down and abandoning module HotReload (92)
[2015.11.25-14.44.26:294][412]LogModuleManager: Shutting down and abandoning module MainFrame (91)
[2015.11.25-14.44.26:294][412]LogModuleManager: Shutting down and abandoning module LevelEditor (90)
[2015.11.25-14.44.26:295][412]LogModuleManager: Shutting down and abandoning module DirectoryWatcher (89)
[2015.11.25-14.44.26:296][412]LogModuleManager: Shutting down and abandoning module AssetRegistry (88)
[2015.11.25-14.44.26:502][412]LogModuleManager: Shutting down and abandoning module ContentBrowser (87)
[2015.11.25-14.44.26:502][412]LogModuleManager: Shutting down and abandoning module Paper2DEditor (86)
[2015.11.25-14.44.26:504][412]LogModuleManager: Shutting down and abandoning module UdpMessaging (85)
[2015.11.25-14.44.26:604][412]LogModuleManager: Shutting down and abandoning module LightPropagationVolumeRuntime (84)
[2015.11.25-14.44.26:604][412]LogModuleManager: Shutting down and abandoning module Paper2D (83)
[2015.11.25-14.44.26:604][412]LogModuleManager: Shutting down and abandoning module WindowsMoviePlayer (82)
[2015.11.25-14.44.26:610][412]LogModuleManager: Shutting down and abandoning module Media (81)
[2015.11.25-14.44.26:610][412]LogModuleManager: Shutting down and abandoning module WmfMedia (80)
[2015.11.25-14.44.26:611][412]LogModuleManager: Shutting down and abandoning module OnlineBlueprintSupport (79)
[2015.11.25-14.44.26:611][412]LogModuleManager: Shutting down and abandoning module GameplayTasksEditor (78)
[2015.11.25-14.44.26:611][412]LogModuleManager: Shutting down and abandoning module PropertyEditor (77)
[2015.11.25-14.44.26:611][412]LogModuleManager: Shutting down and abandoning module BehaviorTreeEditor (76)
[2015.11.25-14.44.26:612][412]LogModuleManager: Shutting down and abandoning module FunctionalTesting (75)
[2015.11.25-14.44.26:612][412]LogModuleManager: Shutting down and abandoning module CollisionAnalyzer (74)
[2015.11.25-14.44.26:612][412]LogModuleManager: Shutting down and abandoning module WorkspaceMenuStructure (73)
[2015.11.25-14.44.26:612][412]LogModuleManager: Shutting down and abandoning module MessageLog (72)
[2015.11.25-14.44.26:612][412]LogModuleManager: Shutting down and abandoning module Sequencer (71)
[2015.11.25-14.44.26:612][412]LogModuleManager: Shutting down and abandoning module AssetTools (70)
[2015.11.25-14.44.26:614][412]LogModuleManager: Shutting down and abandoning module UMGEditor (69)
[2015.11.25-14.44.26:614][412]LogModuleManager: Shutting down and abandoning module UMG (68)
[2015.11.25-14.44.26:614][412]LogModuleManager: Shutting down and abandoning module Slate (67)
[2015.11.25-14.44.26:614][412]LogModuleManager: Shutting down and abandoning module EditorStyle (66)
[2015.11.25-14.44.26:618][412]LogModuleManager: Shutting down and abandoning module SessionServices (65)
[2015.11.25-14.44.26:618][412]LogModuleManager: Shutting down and abandoning module SourceCodeAccess (64)
[2015.11.25-14.44.26:618][412]LogModuleManager: Shutting down and abandoning module HeadMountedDisplay (63)
[2015.11.25-14.44.26:618][412]LogModuleManager: Shutting down and abandoning module XAudio2 (62)
[2015.11.25-14.44.26:618][412]LogModuleManager: Shutting down and abandoning module Networking (60)
[2015.11.25-14.44.26:618][412]LogModuleManager: Shutting down and abandoning module Core (59)
[2015.11.25-14.44.26:618][412]LogModuleManager: Shutting down and abandoning module KismetCompiler (58)
[2015.11.25-14.44.26:619][412]LogModuleManager: Shutting down and abandoning module PhysXFormats (57)
[2015.11.25-14.44.26:619][412]LogModuleManager: Shutting down and abandoning module MeshUtilities (56)
[2015.11.25-14.44.26:619][412]LogModuleManager: Shutting down and abandoning module CookingStats (55)
[2015.11.25-14.44.26:622][412]LogModuleManager: Shutting down and abandoning module DerivedDataCache (54)
[2015.11.25-14.44.26:761][412]LogDerivedDataCache: Shutdown
[2015.11.25-14.44.26:762][412]LogModuleManager: Shutting down and abandoning module ShaderFormatOpenGL (53)
[2015.11.25-14.44.26:762][412]LogModuleManager: Shutting down and abandoning module ShaderFormatD3D (52)
[2015.11.25-14.44.26:762][412]LogModuleManager: Shutting down and abandoning module MetalShaderFormat (51)
[2015.11.25-14.44.26:762][412]LogModuleManager: Shutting down and abandoning module TextureFormatUncompressed (50)
[2015.11.25-14.44.26:762][412]LogModuleManager: Shutting down and abandoning module TextureFormatPVR (49)
[2015.11.25-14.44.26:762][412]LogModuleManager: Shutting down and abandoning module TextureFormatIntelISPCTexComp (48)
[2015.11.25-14.44.26:762][412]LogModuleManager: Shutting down and abandoning module TextureFormatDXT (47)
[2015.11.25-14.44.26:762][412]LogModuleManager: Shutting down and abandoning module ImageWrapper (46)
[2015.11.25-14.44.26:762][412]LogModuleManager: Shutting down and abandoning module TextureFormatASTC (45)
[2015.11.25-14.44.26:762][412]LogModuleManager: Shutting down and abandoning module TextureFormatAndroid (44)
[2015.11.25-14.44.26:762][412]LogModuleManager: Shutting down and abandoning module AudioFormatOpus (43)
[2015.11.25-14.44.26:762][412]LogModuleManager: Shutting down and abandoning module AudioFormatOgg (42)
[2015.11.25-14.44.26:762][412]LogModuleManager: Shutting down and abandoning module AudioFormatADPCM (41)
[2015.11.25-14.44.26:762][412]LogModuleManager: Shutting down and abandoning module LinuxTargetPlatform (40)
[2015.11.25-14.44.26:762][412]LogModuleManager: Shutting down and abandoning module LinuxServerTargetPlatform (39)
[2015.11.25-14.44.26:762][412]LogModuleManager: Shutting down and abandoning module LinuxNoEditorTargetPlatform (38)
[2015.11.25-14.44.26:762][412]LogModuleManager: Shutting down and abandoning module Messaging (37)
[2015.11.25-14.44.26:762][412]LogModuleManager: Shutting down and abandoning module IOSTargetPlatform (36)
[2015.11.25-14.44.26:762][412]LogModuleManager: Shutting down and abandoning module HTML5TargetPlatform (35)
[2015.11.25-14.44.26:762][412]LogModuleManager: Shutting down and abandoning module Android_PVRTCTargetPlatform (34)
[2015.11.25-14.44.26:762][412]LogModuleManager: Shutting down and abandoning module Android_ETC2TargetPlatform (33)
[2015.11.25-14.44.26:763][412]LogModuleManager: Shutting down and abandoning module Android_ETC1TargetPlatform (32)
[2015.11.25-14.44.26:763][412]LogModuleManager: Shutting down and abandoning module Android_DXTTargetPlatform (31)
[2015.11.25-14.44.26:763][412]LogModuleManager: Shutting down and abandoning module Android_ATCTargetPlatform (30)
[2015.11.25-14.44.26:763][412]LogModuleManager: Shutting down and abandoning module Android_ASTCTargetPlatform (29)
[2015.11.25-14.44.26:763][412]LogModuleManager: Shutting down and abandoning module AndroidTargetPlatform (28)
[2015.11.25-14.44.26:763][412]LogModuleManager: Shutting down and abandoning module WindowsTargetPlatform (27)
[2015.11.25-14.44.26:763][412]LogModuleManager: Shutting down and abandoning module WindowsServerTargetPlatform (26)
[2015.11.25-14.44.26:763][412]LogModuleManager: Shutting down and abandoning module WindowsNoEditorTargetPlatform (25)
[2015.11.25-14.44.26:763][412]LogModuleManager: Shutting down and abandoning module WindowsClientTargetPlatform (24)
[2015.11.25-14.44.26:763][412]LogModuleManager: Shutting down and abandoning module AllDesktopTargetPlatform (23)
[2015.11.25-14.44.26:763][412]LogModuleManager: Shutting down and abandoning module TargetPlatform (22)
[2015.11.25-14.44.26:763][412]LogModuleManager: Shutting down and abandoning module InputCore (21)
[2015.11.25-14.44.26:763][412]LogModuleManager: Shutting down and abandoning module Settings (20)
[2015.11.25-14.44.26:763][412]LogModuleManager: Shutting down and abandoning module OnlineSubsystem (18)
[2015.11.25-14.44.26:763][412]LogModuleManager: Shutting down and abandoning module HTTP (17)
[2015.11.25-14.44.28:765][412]LogModuleManager: Shutting down and abandoning module XMPP (16)
[2015.11.25-14.44.28:768][412]LogModuleManager: Shutting down and abandoning module ExampleDeviceProfileSelector (15)
[2015.11.25-14.44.28:768][412]LogModuleManager: Shutting down and abandoning module TextureCompressor (14)
[2015.11.25-14.44.28:768][412]LogModuleManager: Shutting down and abandoning module ShaderCore (13)
[2015.11.25-14.44.28:768][412]LogModuleManager: Shutting down and abandoning module Landscape (12)
[2015.11.25-14.44.28:768][412]LogModuleManager: Shutting down and abandoning module SlateRHIRenderer (11)
[2015.11.25-14.44.28:769][412]LogModuleManager: Shutting down and abandoning module OpenGLDrv (10)
[2015.11.25-14.44.28:769][412]LogModuleManager: Shutting down and abandoning module D3D11RHI (9)
[2015.11.25-14.44.28:769][412]LogModuleManager: Shutting down and abandoning module AnimGraphRuntime (8)
[2015.11.25-14.44.28:769][412]LogModuleManager: Shutting down and abandoning module Renderer (7)
[2015.11.25-14.44.28:769][412]LogModuleManager: Shutting down and abandoning module Engine (6)
[2015.11.25-14.44.28:769][412]LogModuleManager: Shutting down and abandoning module CoreUObject (5)
[2015.11.25-14.44.28:769][412]LogModuleManager: Shutting down and abandoning module NetworkFile (4)
[2015.11.25-14.44.28:769][412]LogModuleManager: Shutting down and abandoning module StreamingFile (3)
[2015.11.25-14.44.28:769][412]LogModuleManager: Shutting down and abandoning module SandboxFile (2)
[2015.11.25-14.44.28:769][412]LogModuleManager: Shutting down and abandoning module PakFile (1)
[2015.11.25-14.44.28:771][412]LogExit: Exiting.
[2015.11.25-14.44.28:773][412]Log file closed, 11/25/15 09:44:28
