[2015.11.25-04.44.29:541][  0]Log file open, 11/24/15 23:44:29
[2015.11.25-04.44.29:541][  0]LogInit:Display: Running engine for game: SantaSearch
[2015.11.25-04.44.29:541][  0]LogInit:Display: RandInit(-1656288933) SRandInit(-1656288933).
[2015.11.25-04.44.29:541][  0]LogTaskGraph: Started task graph with 4 named threads and 7 total threads.
[2015.11.25-04.44.29:541][  0]LogStats: Stats thread started at 0.072989
[2015.11.25-04.44.29:541][  0]LogInit: Version: 4.9.2-2707645+++depot+UE4-Releases+4.9
[2015.11.25-04.44.29:541][  0]LogInit: API Version: 2672455
[2015.11.25-04.44.29:541][  0]LogInit: Compiled (64-bit): Sep 28 2015 10:25:44
[2015.11.25-04.44.29:541][  0]LogInit: Compiled with Visual C++: 18.00.21005.01
[2015.11.25-04.44.29:541][  0]LogInit: Build Configuration: Development
[2015.11.25-04.44.29:541][  0]LogInit: Branch Name: ++depot+UE4-Releases+4.9
[2015.11.25-04.44.29:541][  0]LogInit: Command line:  
[2015.11.25-04.44.29:541][  0]LogInit: Base directory: C:/Program Files/Epic Games/4.9/Engine/Binaries/Win64/
[2015.11.25-04.44.29:541][  0]LogInit: Rocket: 1
[2015.11.25-04.44.29:551][  0]LogInit: Using libcurl 7.41.0
[2015.11.25-04.44.29:551][  0]LogInit:  - built for x86_64-pc-win32
[2015.11.25-04.44.29:551][  0]LogInit:  - supports SSL with WinSSL
[2015.11.25-04.44.29:551][  0]LogInit:  - other features:
[2015.11.25-04.44.29:551][  0]LogInit:      CURL_VERSION_SSL
[2015.11.25-04.44.29:551][  0]LogInit:      CURL_VERSION_IPV6
[2015.11.25-04.44.29:551][  0]LogInit:      CURL_VERSION_ASYNCHDNS
[2015.11.25-04.44.29:551][  0]LogInit:      CURL_VERSION_LARGEFILE
[2015.11.25-04.44.29:551][  0]LogInit:      CURL_VERSION_IDN
[2015.11.25-04.44.29:551][  0]LogInit:  CurlRequestOptions (configurable via config and command line):
[2015.11.25-04.44.29:551][  0]LogInit:  - bVerifyPeer = true  - Libcurl will verify peer certificate
[2015.11.25-04.44.29:551][  0]LogInit:  - bUseHttpProxy = false  - Libcurl will NOT use HTTP proxy
[2015.11.25-04.44.29:551][  0]LogInit:  - bDontReuseConnections = false  - Libcurl will reuse connections
[2015.11.25-04.44.29:551][  0]LogInit:  - CertBundlePath = nullptr  - Libcurl will use whatever was configured at build time.
[2015.11.25-04.44.29:557][  0]LogInit: Presizing for 0 objects not considered by GC, pre-allocating 0 bytes.
[2015.11.25-04.44.29:562][  0]LogInit: Object subsystem initialized
[2015.11.25-04.44.29:563][  0]LogConsoleManager:Warning: Console variable 'r.MSAA.CompositingSampleCount' wasn't set ('Scalability' has a lower priority than 'ProjectSetting')
[2015.11.25-04.44.29:563][  0]LogInit: Selected Device Profile: [Windows]
[2015.11.25-04.44.29:563][  0]LogInit: Applying CVar settings loaded from the selected device profile: [Windows]
[2015.11.25-04.44.29:569][  0]LogInit: Computer: ISSTVAN
[2015.11.25-04.44.29:569][  0]LogInit: User: RudeyPunk
[2015.11.25-04.44.29:569][  0]LogInit: CPU Page size=4096, Cores=4
[2015.11.25-04.44.29:569][  0]LogInit: High frequency timer resolution =3.906247 MHz
[2015.11.25-04.44.29:569][  0]LogMemory: Memory total: Physical=8.0GB (8GB approx)
[2015.11.25-04.44.29:569][  0]LogMemory: Platform Memory Stats for Windows
[2015.11.25-04.44.29:569][  0]LogMemory: Process Physical Memory: 54.22 MB used, 54.22 MB peak
[2015.11.25-04.44.29:569][  0]LogMemory: Process Virtual Memory: 56.37 MB used, 56.37 MB peak
[2015.11.25-04.44.29:569][  0]LogMemory: Physical Memory: 2928.39 MB used, 8141.15 MB total
[2015.11.25-04.44.29:569][  0]LogMemory: Virtual Memory: 366.57 MB used, 134217728.00 MB total
[2015.11.25-04.44.29:603][  0]LogTextLocalizationManager: No specific translations for ('en-US') exist, so ('en') translations will be used.
[2015.11.25-04.44.30:166][  0]LogD3D11RHI: Found D3D11 adapter 0: NVIDIA GeForce GTX 980 (Feature Level 11_0)
[2015.11.25-04.44.30:166][  0]LogD3D11RHI: Adapter has 4009MB of dedicated video memory, 0MB of dedicated system memory, and 4070MB of shared system memory, 2 output[s]
[2015.11.25-04.44.30:167][  0]LogD3D11RHI: Found D3D11 adapter 1: Microsoft Basic Render Driver (Feature Level 11_0)
[2015.11.25-04.44.30:167][  0]LogD3D11RHI: Adapter has 0MB of dedicated video memory, 0MB of dedicated system memory, and 4070MB of shared system memory, 0 output[s]
[2015.11.25-04.44.30:167][  0]LogD3D11RHI: Chosen D3D11 Adapter Id = 0
[2015.11.25-04.44.30:170][  0]LogD3D11RHI: !Direct3DDevice
[2015.11.25-04.44.30:170][  0]LogRHI: Texture pool is 1361 MB (70% of 1945 MB)
[2015.11.25-04.44.30:179][  0]LogD3D11RHI: Async texture creation enabled
[2015.11.25-04.44.30:194][  0]LogShaderCompilers: Guid format shader working directory is 14 characters bigger than the processId version (D:/IMyTH/xRooms/MVP/SantaSearch/Intermediate/Shaders/WorkingDirectory/12244/).
[2015.11.25-04.44.30:194][  0]LogShaderCompilers: Cleaned the shader compiler working directory 'D:/IMyTH/xRooms/MVP/SantaSearch/Intermediate/Shaders/tmp/5066A6D047967BA0297BB7BE7F53DB3E/'.
[2015.11.25-04.44.30:194][  0]LogShaderCompilers:Display: Using Local Shader Compiler.
[2015.11.25-04.44.31:114][  0]LogTemp:Display: Loaded TP AllDesktopTargetPlatform
[2015.11.25-04.44.31:118][  0]LogTemp:Display: Loaded TP WindowsClientTargetPlatform
[2015.11.25-04.44.31:123][  0]LogTemp:Display: Loaded TP WindowsNoEditorTargetPlatform
[2015.11.25-04.44.31:127][  0]LogTemp:Display: Loaded TP WindowsServerTargetPlatform
[2015.11.25-04.44.31:132][  0]LogTemp:Display: Loaded TP WindowsTargetPlatform
[2015.11.25-04.44.31:135][  0]LogTemp:Display: Loaded TP AndroidTargetPlatform
[2015.11.25-04.44.31:137][  0]LogTemp:Display: Loaded TP Android_ASTCTargetPlatform
[2015.11.25-04.44.31:140][  0]LogTemp:Display: Loaded TP Android_ATCTargetPlatform
[2015.11.25-04.44.31:142][  0]LogTemp:Display: Loaded TP Android_DXTTargetPlatform
[2015.11.25-04.44.31:145][  0]LogTemp:Display: Loaded TP Android_ETC1TargetPlatform
[2015.11.25-04.44.31:148][  0]LogTemp:Display: Loaded TP Android_ETC2TargetPlatform
[2015.11.25-04.44.31:151][  0]LogTemp:Display: Loaded TP Android_PVRTCTargetPlatform
[2015.11.25-04.44.31:152][  0]LogTemp:Display: Loaded TP HTML5TargetPlatform
[2015.11.25-04.44.31:170][  0]LogTemp:Display: Loaded TP IOSTargetPlatform
[2015.11.25-04.44.31:172][  0]LogTemp:Display: Loaded TP LinuxNoEditorTargetPlatform
[2015.11.25-04.44.31:175][  0]LogTemp:Display: Loaded TP LinuxServerTargetPlatform
[2015.11.25-04.44.31:179][  0]LogTemp:Display: Loaded TP LinuxTargetPlatform
[2015.11.25-04.44.31:179][  0]LogTargetPlatformManager:Display: Building Assets For Windows
[2015.11.25-04.44.31:257][  0]LogDerivedDataCache:Display: Max Cache Size: 512 MB
[2015.11.25-04.44.31:289][  0]LogDerivedDataCache: Loaded boot cache 0.03s 42MB C:/Users/RudeyPunk/AppData/Local/UnrealEngine/4.9/DerivedDataCache/Boot.ddc.
[2015.11.25-04.44.31:289][  0]LogDerivedDataCache:Display: Loaded Boot cache: C:/Users/RudeyPunk/AppData/Local/UnrealEngine/4.9/DerivedDataCache/Boot.ddc
[2015.11.25-04.44.31:289][  0]LogDerivedDataCache: FDerivedDataBackendGraph:  Pak pak cache file D:/IMyTH/xRooms/MVP/SantaSearch/DerivedDataCache/DDC.ddp not found, will not use a pak cache.
[2015.11.25-04.44.31:289][  0]LogDerivedDataCache: Unable to find inner node Pak for hierarchical cache Hierarchy.
[2015.11.25-04.44.31:289][  0]LogDerivedDataCache: FDerivedDataBackendGraph:  CompressedPak pak cache file D:/IMyTH/xRooms/MVP/SantaSearch/DerivedDataCache/Compressed.ddp not found, will not use a pak cache.
[2015.11.25-04.44.31:289][  0]LogDerivedDataCache: Unable to find inner node CompressedPak for hierarchical cache Hierarchy.
[2015.11.25-04.44.31:400][  0]LogDerivedDataCache:Display: Pak cache opened for reading ../../../Engine/DerivedDataCache/Compressed.ddp.
[2015.11.25-04.44.31:411][  0]LogDerivedDataCache: Using Local data cache path C:/Users/RudeyPunk/AppData/Local/UnrealEngine/Common/DerivedDataCache: Writable
[2015.11.25-04.44.31:742][  0]LogInit: Selected Device Profile: [Windows]
[2015.11.25-04.44.31:744][  0]LogContentStreaming: Texture pool size is 0.000000MB
[2015.11.25-04.44.31:829][  0]LogMeshUtilities: No automatic mesh reduction module available
[2015.11.25-04.44.31:829][  0]LogMeshUtilities: No automatic mesh merging module available
[2015.11.25-04.44.32:001][  0]LogInit: WinSock: version 1.1 (2.2), MaxSocks=32767, MaxUdp=65467
[2015.11.25-04.44.32:966][  0]UdpMessaging: Initializing bridge on interface 0.0.0.0:0 to multicast group 230.0.0.1:6666.
[2015.11.25-04.44.33:067][  0]LogAssetRegistry: FAssetRegistry took 0.0108 seconds to start up
[2015.11.25-04.44.33:193][  0]SourceControl: Info Source control is disabled
[2015.11.25-04.44.33:209][  0]SourceControl: Info Source control is disabled
[2015.11.25-04.44.33:218][  0]SourceControl: Info Source control is disabled
[2015.11.25-04.44.33:229][  0]SourceControl: Info Source control is disabled
[2015.11.25-04.44.33:362][  0]LogHoudiniEngine: Starting the Houdini Engine module.
[2015.11.25-04.44.33:364][  0]LogHoudiniEngine: Loaded libHAPIL.dll from HFS environment path C:/PROGRA~1/SIDEEF~1/HOUDIN~1.16/bin
[2015.11.25-04.44.33:364][  0]LogLinker:Warning: Asset '../../../Engine/Plugins/Runtime/HoudiniEngine/Content/houdini_logo.uasset' has been saved with empty engine version. The asset will be loaded but may be incompatible.
[2015.11.25-04.44.33:366][  0]LogLinker:Warning: Asset '../../../Engine/Plugins/Runtime/HoudiniEngine/Content/houdini_default_material.uasset' has been saved with empty engine version. The asset will be loaded but may be incompatible.
[2015.11.25-04.44.33:938][  0]LogHoudiniEngine: Successfully intialized the Houdini Engine API module.
[2015.11.25-04.44.33:963][  0]LogLinker:Warning: Asset '../../../Engine/Plugins/Runtime/LeapMotionController/Content/LM_PassthroughMaterial.uasset' has been saved with empty engine version. The asset will be loaded but may be incompatible.
[2015.11.25-04.44.34:039][  0]LeapPluginLog: Using LeapPlugin version 0.9.6
[2015.11.25-04.44.34:043][  0]LogObj: 29100 objects as part of root set at end of initial load.
[2015.11.25-04.44.34:043][  0]LogUObjectAllocator: 6175176 out of 0 bytes used by permanent object pool.
[2015.11.25-04.44.34:091][  0]LogEngine: Initializing Engine...
[2015.11.25-04.44.34:093][  0]LogHMD: Can't find Oculus library dev build: is proper Runtime installed? Version: 0.7.0.0
[2015.11.25-04.44.34:095][  0]LogHMD: SteamVR failed to initialize.  Err: 110
[2015.11.25-04.44.34:184][  0]LogAIModule: Creating AISystem for world NewWorld
[2015.11.25-04.44.34:190][  0]LogInit: XAudio2 using 'Speakers (Realtek High Definition Audio)' : 2 channels at 48 kHz using 32 bits per sample (channel mask 0x3)
[2015.11.25-04.44.34:212][  0]LogInit: FAudioDevice initialized.
[2015.11.25-04.44.34:231][  0]LogDerivedDataCache: Saved boot cache 0.02s 42MB C:/Users/RudeyPunk/AppData/Local/UnrealEngine/4.9/DerivedDataCache/Boot.ddc.
[2015.11.25-04.44.34:234][  0]LogInit: Texture streaming: Enabled
[2015.11.25-04.44.34:240][  0]LogAnalytics: Creating configured Analytics provider AnalyticsET
[2015.11.25-04.44.34:240][  0]LogAnalytics: [UEEditor.Rocket.Release] APIServer = http://et2.epicgames.com/ET2/. AppVersion = 4.9.2-2707645+++depot+UE4-Releases+4.9
[2015.11.25-04.44.34:240][  0]LogAnalytics: [UEEditor.Rocket.Release] SetUserId 616fff054fd338fe95b7b89cc34538a1|6dee01914e174258b8c89718799d58e5|1462898c-ea64-4062-b7c1-32114cb7f44a
[2015.11.25-04.44.34:240][  0]LogAnalytics: [UEEditor.Rocket.Release] AnalyticsET::StartSession
[2015.11.25-04.44.34:275][  0]LogInit: Transaction tracking system initialized
[2015.11.25-04.44.34:302][  0]BlueprintLog: New page: Editor Load
[2015.11.25-04.44.34:380][  0]LocalizationService: Info Localization service is disabled
[2015.11.25-04.44.34:440][  0]LogLinker:Warning: Can't find file '/Game/FirstPersonBP/FirstPersonOverview'
[2015.11.25-04.44.34:440][  0]LogLinker:Warning: Can't find file '/Game/FirstPersonBP/FirstPersonOverview'
[2015.11.25-04.44.34:440][  0]LogUObjectGlobals:Warning: Failed to find object 'Class /Game/FirstPersonBP/FirstPersonOverview.FirstPersonOverview_C'
[2015.11.25-04.44.34:456][  0]LogConsoleResponse:Display: 
[2015.11.25-04.44.34:554][  0]LogCook:Display: Done creating registry. It took  0.00s.
[2015.11.25-04.44.34:580][  0]LogFileCache: Scanning file cache for directory 'D:/IMyTH/xRooms/MVP/SantaSearch/Content/' took 0.01s
[2015.11.25-04.44.34:580][  0]LogHoudiniEngineEditor: Starting the Houdini Engine Editor module.
[2015.11.25-04.44.34:609][  0]SourceControl: Info Source control is disabled
[2015.11.25-04.44.34:609][  0]Cmd: MAP LOAD FILE="D:/IMyTH/xRooms/MVP/SantaSearch/Content/Maps/MemoryCardEntry.umap" TEMPLATE=0 SHOWPROGRESS=1 FEATURELEVEL=3
[2015.11.25-04.44.34:609][  0]LightingResults: New page: Lighting Build
[2015.11.25-04.44.34:611][  0]MapCheck: New page: Map Check
[2015.11.25-04.44.34:611][  0]LightingResults: New page: Lighting Build
[2015.11.25-04.44.34:621][  0]LogParticles: Destroying 0 GPU particle simulations for FXSystem 0x00000045CE6E36A0
[2015.11.25-04.44.34:753][  0]LogBlueprint:Warning: [compiler Ue4ASP_Character] Warning InputAction Event references unknown Action 'Crouch' for  InputAction Crouch 
[2015.11.25-04.44.34:753][  0]LogBlueprint:Warning: [compiler Ue4ASP_Character] Warning InputAction Event references unknown Action 'Jump' for  InputAction Jump 
[2015.11.25-04.44.34:753][  0]LogBlueprint:Warning: [compiler Ue4ASP_Character] Warning Input Axis Event references unknown Axis 'LookUp' for  InputAxis LookUp 
[2015.11.25-04.44.34:753][  0]LogBlueprint:Warning: [compiler Ue4ASP_Character] Warning Input Axis Event references unknown Axis 'Turn' for  InputAxis Turn 
[2015.11.25-04.44.34:754][  0]LogBlueprint:Warning: [compiler Ue4ASP_Character] Warning Input Axis Event references unknown Axis 'MoveRight' for  InputAxis MoveRight 
[2015.11.25-04.44.34:754][  0]LogBlueprint:Warning: [compiler Ue4ASP_Character] Warning Input Axis Event references unknown Axis 'MoveForward' for  InputAxis MoveForward 
[2015.11.25-04.44.34:756][  0]LogBlueprint:Warning: [compiler Ue4ASP_Character] Warning [0005.63] Compile of Ue4ASP_Character successful, but with 6 Warning(s) [in 7 ms]
[2015.11.25-04.44.34:756][  0]LogBlueprint:Warning: [compiler Ue4ASP_Character] Warning [0005.63] Compile of Ue4ASP_Character successful, but with 7 Warning(s) [in 0 ms]
[2015.11.25-04.44.34:757][  0]LogBlueprint:Warning: [compiler Ue4ASP_Character] Warning [0005.63] Compile of Ue4ASP_Character successful, but with 8 Warning(s) [in 0 ms]
[2015.11.25-04.44.34:793][  0]LogBlueprint:Warning: [compiler Ue4ASP_Character] Warning InputAction Event references unknown Action 'Crouch' for  InputAction Crouch 
[2015.11.25-04.44.34:793][  0]LogBlueprint:Warning: [compiler Ue4ASP_Character] Warning InputAction Event references unknown Action 'Jump' for  InputAction Jump 
[2015.11.25-04.44.34:793][  0]LogBlueprint:Warning: [compiler Ue4ASP_Character] Warning Input Axis Event references unknown Axis 'LookUp' for  InputAxis LookUp 
[2015.11.25-04.44.34:793][  0]LogBlueprint:Warning: [compiler Ue4ASP_Character] Warning Input Axis Event references unknown Axis 'Turn' for  InputAxis Turn 
[2015.11.25-04.44.34:793][  0]LogBlueprint:Warning: [compiler Ue4ASP_Character] Warning Input Axis Event references unknown Axis 'MoveRight' for  InputAxis MoveRight 
[2015.11.25-04.44.34:794][  0]LogBlueprint:Warning: [compiler Ue4ASP_Character] Warning Input Axis Event references unknown Axis 'MoveForward' for  InputAxis MoveForward 
[2015.11.25-04.44.34:796][  0]LogBlueprint:Warning: [compiler Ue4ASP_Character] Warning [0005.67] Compile of Ue4ASP_Character successful, but with 6 Warning(s) [in 8 ms]
[2015.11.25-04.44.34:796][  0]LogBlueprint:Warning: [compiler Ue4ASP_Character] Warning [0005.67] Compile of Ue4ASP_Character successful, but with 7 Warning(s) [in 0 ms]
[2015.11.25-04.44.34:796][  0]LogBlueprint:Warning: [compiler Ue4ASP_Character] Warning [0005.67] Compile of Ue4ASP_Character successful, but with 8 Warning(s) [in 0 ms]
[2015.11.25-04.44.35:154][  0]LogBlueprint:Warning: ExposeOnSpawn ambiguity. Property 'IntProperty /Game/Blueprints/BP_CardMem.BP_CardMem_C:CardIType', MetaData 'True', Flag 'False'
[2015.11.25-04.44.35:337][  0]LogProperty:Error: UStructProperty::Serialize Loading: Property 'StructProperty /LeapMotion/Character/Basic/BasicCharacter_AnimBlueprint.BasicCharacter_AnimBlueprint_C:AnimGraphNode_Fabrik_8C904C7A415FB588652E8A91FDC811AE'. Unknown structure.
[2015.11.25-04.44.35:338][  0]LogProperty:Error: UStructProperty::Serialize Loading: Property 'StructProperty /LeapMotion/Character/Basic/BasicCharacter_AnimBlueprint.BasicCharacter_AnimBlueprint_C:AnimGraphNode_Fabrik_416EC86F435836563C4E49AD6D016C3C'. Unknown structure.
[2015.11.25-04.44.35:338][  0]LogProperty:Error: UStructProperty::Serialize Loading: Property 'StructProperty /LeapMotion/Character/Basic/BasicCharacter_AnimBlueprint.BasicCharacter_AnimBlueprint_C:AnimGraphNode_Fabrik_9FF4326C4CAD2373B92D6F9E3AC3F57A'. Unknown structure.
[2015.11.25-04.44.35:339][  0]LogAnimation:Warning: Invalid animation root node index 54 on '/LeapMotion/Character/Basic/BasicCharacter_AnimBlueprint.BasicCharacter_AnimBlueprint_C' (only 52 nodes)
[2015.11.25-04.44.38:351][  0]LogOutputDevice: === Handled error: ===

Ensure condition failed: bValidRootIndex [File:D:\BuildFarm\buildmachine_++depot+UE4-Releases+4.9\Engine\Source\Runtime\Engine\Private\Animation\AnimBlueprintGeneratedClass.cpp] [Line: 234]

Stack: 
UE4Editor-Core.dll!FWindowsPlatformStackWalk::StackWalkAndDump() [d:\buildfarm\buildmachine_++depot+ue4-releases+4.9\engine\source\runtime\core\private\windows\windowsplatformstackwalk.cpp:175]
UE4Editor-Core.dll!FDebug::EnsureFailed() [d:\buildfarm\buildmachine_++depot+ue4-releases+4.9\engine\source\runtime\core\private\misc\outputdevice.cpp:258]
UE4Editor-Core.dll!FDebug::OptionallyLogFormattedEnsureMessageReturningFalse() [d:\buildfarm\buildmachine_++depot+ue4-releases+4.9\engine\source\runtime\core\private\misc\outputdevice.cpp:368]
UE4Editor-Engine.dll!UAnimBlueprintGeneratedClass::Link() [d:\buildfarm\buildmachine_++depot+ue4-releases+4.9\engine\source\runtime\engine\private\animation\animblueprintgeneratedclass.cpp:234]
UE4Editor-CoreUObject.dll!UClass::Serialize() [d:\buildfarm\buildmachine_++depot+ue4-releases+4.9\engine\source\runtime\coreuobject\private\uobject\class.cpp:3393]
UE4Editor-Engine.dll!UBlueprintGeneratedClass::Serialize() [d:\buildfarm\buildmachine_++depot+ue4-releases+4.9\engine\source\runtime\engine\private\blueprintgeneratedclass.cpp:757]
UE4Editor-CoreUObject.dll!FLinkerLoad::Preload() [d:\buildfarm\buildmachine_++depot+ue4-releases+4.9\engine\source\runtime\coreuobject\private\uobject\linkerload.cpp:3143]
UE4Editor-CoreUObject.dll!FLinkerLoad::CreateExport() [d:\buildfarm\buildmachine_++depot+ue4-releases+4.9\engine\source\runtime\coreuobject\private\uobject\linkerload.cpp:3792]
UE4Editor-CoreUObject.dll!FLinkerLoad::IndexToObject() [d:\buildfarm\buildmachine_++depot+ue4-releases+4.9\engine\source\runtime\coreuobject\private\uobject\linkerload.cpp:3982]
UE4Editor-CoreUObject.dll!FLinkerLoad::CreateExport() [d:\buildfarm\buildmachine_++depot+ue4-releases+4.9\engine\source\runtime\coreuobject\private\uobject\linkerload.cpp:3505]
UE4Editor-CoreUObject.dll!FLinkerLoad::CreateExportAndPreload() [d:\buildfarm\buildmachine_++depot+ue4-releases+4.9\engine\source\runtime\coreuobject\private\uobject\linkerload.cpp:2661]
UE4Editor-CoreUObject.dll!FLinkerLoad::LoadAllObjects() [d:\buildfarm\buildmachine_++depot+ue4-releases+4.9\engine\source\runtime\coreuobject\private\uobject\linkerload.cpp:2769]
UE4Editor-CoreUObject.dll!LoadPackageInternal() [d:\buildfarm\buildmachine_++depot+ue4-releases+4.9\engine\source\runtime\coreuobject\private\uobject\uobjectglobals.cpp:1032]
UE4Editor-CoreUObject.dll!FLinkerLoad::VerifyImportInner() [d:\buildfarm\buildmachine_++depot+ue4-releases+4.9\engine\source\runtime\coreuobject\private\uobject\linkerload.cpp:2354]
UE4Editor-CoreUObject.dll!FLinkerLoad::VerifyImport() [d:\buildfarm\buildmachine_++depot+ue4-releases+4.9\engine\source\runtime\coreuobject\private\uobject\linkerload.cpp:2115]
UE4Editor-CoreUObject.dll!FLinkerLoad::VerifyImportInner() [d:\buildfarm\buildmachine_++depot+ue4-releases+4.9\engine\source\runtime\coreuobject\private\uobject\linkerload.cpp:2402]
UE4Editor-CoreUObject.dll!FLinkerLoad::VerifyImport() [d:\buildfarm\buildmachine_++depot+ue4-releases+4.9\engine\source\runtime\coreuobject\private\uobject\linkerload.cpp:2115]
UE4Editor-CoreUObject.dll!FLinkerLoad::Verify() [d:\buildfarm\buildmachine_++depot+ue4-releases+4.9\engine\source\runtime\coreuobject\private\uobject\linkerload.cpp:1905]
UE4Editor-CoreUObject.dll!FLinkerLoad::FinalizeCreation() [d:\buildfarm\buildmachine_++depot+ue4-releases+4.9\engine\source\runtime\coreuobject\private\uobject\linkerload.cpp:1815]
UE4Editor-CoreUObject.dll!FLinkerLoad::Tick() [d:\buildfarm\buildmachine_++depot+ue4-releases+4.9\engine\source\runtime\coreuobject\private\uobject\linkerload.cpp:666]
UE4Editor-CoreUObject.dll!FLinkerLoad::CreateLinker() [d:\buildfarm\buildmachine_++depot+ue4-releases+4.9\engine\source\runtime\coreuobject\private\uobject\linkerload.cpp:404]
UE4Editor-CoreUObject.dll!GetPackageLinker() [d:\buildfarm\buildmachine_++depot+ue4-releases+4.9\engine\source\runtime\coreuobject\private\uobject\linker.cpp:570]
UE4Editor-CoreUObject.dll!LoadPackageInternal() [d:\buildfarm\buildmachine_++depot+ue4-releases+4.9\engine\source\runtime\coreuobject\private\uobject\uobjectglobals.cpp:936]
UE4Editor-CoreUObject.dll!FLinkerLoad::VerifyImportInner() [d:\buildfarm\buildmachine_++depot+ue4-releases+4.9\engine\source\runtime\coreuobject\private\uobject\linkerload.cpp:2354]
UE4Editor-CoreUObject.dll!FLinkerLoad::VerifyImport() [d:\buildfarm\buildmachine_++depot+ue4-releases+4.9\engine\source\runtime\coreuobject\private\uobject\linkerload.cpp:2115]
UE4Editor-CoreUObject.dll!FLinkerLoad::VerifyImportInner() [d:\buildfarm\buildmachine_++depot+ue4-releases+4.9\engine\source\runtime\coreuobject\private\uobject\linkerload.cpp:2402]
UE4Editor-CoreUObject.dll!FLinkerLoad::VerifyImport() [d:\buildfarm\buildmachine_++depot+ue4-releases+4.9\engine\source\runtime\coreuobject\private\uobject\linkerload.cpp:2115]
UE4Editor-CoreUObject.dll!FLinkerLoad::CreateImport() [d:\buildfarm\buildmachine_++depot+ue4-releases+4.9\engine\source\runtime\coreuobject\private\uobject\linkerload.cpp:3926]
UE4Editor-CoreUObject.dll!FLinkerLoad::ResolveAllImports() [d:\buildfarm\buildmachine_++depot+ue4-releases+4.9\engine\source\runtime\coreuobject\private\blueprint\blueprintsupport.cpp:1026]
UE4Editor-CoreUObject.dll!FLinkerLoad::FinalizeBlueprint() [d:\buildfarm\buildmachine_++depot+ue4-releases+4.9\engine\source\runtime\coreuobject\private\blueprint\blueprintsupport.cpp:1103]
UE4Editor-CoreUObject.dll!FLinkerLoad::Preload() [d:\buildfarm\buildmachine_++depot+ue4-releases+4.9\engine\source\runtime\coreuobject\private\uobject\linkerload.cpp:3190]
UE4Editor-CoreUObject.dll!FLinkerLoad::CreateExport() [d:\buildfarm\buildmachine_++depot+ue4-releases+4.9\engine\source\runtime\coreuobject\private\uobject\linkerload.cpp:3792]
UE4Editor-CoreUObject.dll!FLinkerLoad::IndexToObject() [d:\buildfarm\buildmachine_++depot+ue4-releases+4.9\engine\source\runtime\coreuobject\private\uobject\linkerload.cpp:3982]
UE4Editor-CoreUObject.dll!FLinkerLoad::CreateExport() [d:\buildfarm\buildmachine_++depot+ue4-releases+4.9\engine\source\runtime\coreuobject\private\uobject\linkerload.cpp:3505]
UE4Editor-CoreUObject.dll!FLinkerLoad::IndexToObject() [d:\buildfarm\buildmachine_++depot+ue4-releases+4.9\engine\source\runtime\coreuobject\private\uobject\linkerload.cpp:3982]
UE4Editor-CoreUObject.dll!FLinkerLoad::CreateExport() [d:\buildfarm\buildmachine_++depot+ue4-releases+4.9\engine\source\runtime\coreuobject\private\uobject\linkerload.cpp:3505]
UE4Editor-CoreUObject.dll!FLinkerLoad::CreateExportAndPreload() [d:\buildfarm\buildmachine_++depot+ue4-releases+4.9\engine\source\runtime\coreuobject\private\uobject\linkerload.cpp:2661]
UE4Editor-CoreUObject.dll!FLinkerLoad::LoadAllObjects() [d:\buildfarm\buildmachine_++depot+ue4-releases+4.9\engine\source\runtime\coreuobject\private\uobject\linkerload.cpp:2769]
UE4Editor-CoreUObject.dll!LoadPackageInternal() [d:\buildfarm\buildmachine_++depot+ue4-releases+4.9\engine\source\runtime\coreuobject\private\uobject\uobjectglobals.cpp:1032]
UE4Editor-CoreUObject.dll!FLinkerLoad::VerifyImportInner() [d:\buildfarm\buildmachine_++depot+ue4-releases+4.9\engine\source\runtime\coreuobject\private\uobject\linkerload.cpp:2354]
UE4Editor-CoreUObject.dll!FLinkerLoad::VerifyImport() [d:\buildfarm\buildmachine_++depot+ue4-releases+4.9\engine\source\runtime\coreuobject\private\uobject\linkerload.cpp:2115]
UE4Editor-CoreUObject.dll!FLinkerLoad::VerifyImportInner() [d:\buildfarm\buildmachine_++depot+ue4-releases+4.9\engine\source\runtime\coreuobject\private\uobject\linkerload.cpp:2402]
UE4Editor-CoreUObject.dll!FLinkerLoad::VerifyImport() [d:\buildfarm\buildmachine_++depot+ue4-releases+4.9\engine\source\runtime\coreuobject\private\uobject\linkerload.cpp:2115]
UE4Editor-CoreUObject.dll!FLinkerLoad::Verify() [d:\buildfarm\buildmachine_++depot+ue4-releases+4.9\engine\source\runtime\coreuobject\private\uobject\linkerload.cpp:1905]
UE4Editor-CoreUObject.dll!FLinkerLoad::FinalizeCreation() [d:\buildfarm\buildmachine_++depot+ue4-releases+4.9\engine\source\runtime\coreuobject\private\uobject\linkerload.cpp:1815]
UE4Editor-CoreUObject.dll!FLinkerLoad::Tick() [d:\buildfarm\buildmachine_++depot+ue4-releases+4.9\engine\source\runtime\coreuobject\private\uobject\linkerload.cpp:666]
UE4Editor-CoreUObject.dll!FLinkerLoad::CreateLinker() [d:\buildfarm\buildmachine_++depot+ue4-releases+4.9\engine\source\runtime\coreuobject\private\uobject\linkerload.cpp:404]
UE4Editor-CoreUObject.dll!GetPackageLinker() [d:\buildfarm\buildmachine_++depot+ue4-releases+4.9\engine\source\runtime\coreuobject\private\uobject\linker.cpp:570]
UE4Editor-CoreUObject.dll!LoadPackageInternal() [d:\buildfarm\buildmachine_++depot+ue4-releases+4.9\engine\source\runtime\coreuobject\private\uobject\uobjectglobals.cpp:936]
UE4Editor-CoreUObject.dll!FLinkerLoad::VerifyImportInner() [d:\buildfarm\buildmachine_++depot+ue4-releases+4.9\engine\source\runtime\coreuobject\private\uobject\linkerload.cpp:2354]
UE4Editor-CoreUObject.dll!FLinkerLoad::VerifyImport() [d:\buildfarm\buildmachine_++depot+ue4-releases+4.9\engine\source\runtime\coreuobject\private\uobject\linkerload.cpp:2115]
UE4Editor-CoreUObject.dll!FLinkerLoad::VerifyImportInner() [d:\buildfarm\buildmachine_++depot+ue4-releases+4.9\engine\source\runtime\coreuobject\private\uobject\linkerload.cpp:2402]
UE4Editor-CoreUObject.dll!FLinkerLoad::VerifyImport() [d:\buildfarm\buildmachine_++depot+ue4-releases+4.9\engine\source\runtime\coreuobject\private\uobject\linkerload.cpp:2115]
UE4Editor-CoreUObject.dll!FLinkerLoad::Verify() [d:\buildfarm\buildmachine_++depot+ue4-releases+4.9\engine\source\runtime\coreuobject\private\uobject\linkerload.cpp:1905]
UE4Editor-CoreUObject.dll!FLinkerLoad::FinalizeCreation() [d:\buildfarm\buildmachine_++depot+ue4-releases+4.9\engine\source\runtime\coreuobject\private\uobject\linkerload.cpp:1815]
UE4Editor-CoreUObject.dll!FLinkerLoad::Tick() [d:\buildfarm\buildmachine_++depot+ue4-releases+4.9\engine\source\runtime\coreuobject\private\uobject\linkerload.cpp:666]
UE4Editor-CoreUObject.dll!FLinkerLoad::CreateLinker() [d:\buildfarm\buildmachine_++depot+ue4-releases+4.9\engine\source\runtime\coreuobject\private\uobject\linkerload.cpp:404]
UE4Editor-CoreUObject.dll!GetPackageLinker() [d:\buildfarm\buildmachine_++depot+ue4-releases+4.9\engine\source\runtime\coreuobject\private\uobject\linker.cpp:570]
UE4Editor-CoreUObject.dll!LoadPackageInternal() [d:\buildfarm\buildmachine_++depot+ue4-releases+4.9\engine\source\runtime\coreuobject\private\uobject\uobjectglobals.cpp:936]
UE4Editor-CoreUObject.dll!FLinkerLoad::VerifyImportInner() [d:\buildfarm\buildmachine_++depot+ue4-releases+4.9\engine\source\runtime\coreuobject\private\uobject\linkerload.cpp:2354]
UE4Editor-CoreUObject.dll!FLinkerLoad::VerifyImport() [d:\buildfarm\buildmachine_++depot+ue4-releases+4.9\engine\source\runtime\coreuobject\private\uobject\linkerload.cpp:2115]
UE4Editor-CoreUObject.dll!FLinkerLoad::VerifyImportInner() [d:\buildfarm\buildmachine_++depot+ue4-releases+4.9\engine\source\runtime\coreuobject\private\uobject\linkerload.cpp:2402]
UE4Editor-CoreUObject.dll!FLinkerLoad::VerifyImport() [d:\buildfarm\buildmachine_++depot+ue4-releases+4.9\engine\source\runtime\coreuobject\private\uobject\linkerload.cpp:2115]
UE4Editor-CoreUObject.dll!FLinkerLoad::Verify() [d:\buildfarm\buildmachine_++depot+ue4-releases+4.9\engine\source\runtime\coreuobject\private\uobject\linkerload.cpp:1905]
UE4Editor-CoreUObject.dll!FLinkerLoad::FinalizeCreation() [d:\buildfarm\buildmachine_++depot+ue4-releases+4.9\engine\source\runtime\coreuobject\private\uobject\linkerload.cpp:1815]
UE4Editor-CoreUObject.dll!FLinkerLoad::Tick() [d:\buildfarm\buildmachine_++depot+ue4-releases+4.9\engine\source\runtime\coreuobject\private\uobject\linkerload.cpp:666]
UE4Editor-CoreUObject.dll!FLinkerLoad::CreateLinker() [d:\buildfarm\buildmachine_++depot+ue4-releases+4.9\engine\source\runtime\coreuobject\private\uobject\linkerload.cpp:404]
UE4Editor-CoreUObject.dll!GetPackageLinker() [d:\buildfarm\buildmachine_++depot+ue4-releases+4.9\engine\source\runtime\coreuobject\private\uobject\linker.cpp:570]
UE4Editor-CoreUObject.dll!LoadPackageInternal() [d:\buildfarm\buildmachine_++depot+ue4-releases+4.9\engine\source\runtime\coreuobject\private\uobject\uobjectglobals.cpp:936]
UE4Editor-CoreUObject.dll!FLinkerLoad::VerifyImportInner() [d:\buildfarm\buildmachine_++depot+ue4-releases+4.9\engine\source\runtime\coreuobject\private\uobject\linkerload.cpp:2354]
UE4Editor-CoreUObject.dll!FLinkerLoad::VerifyImport() [d:\buildfarm\buildmachine_++depot+ue4-releases+4.9\engine\source\runtime\coreuobject\private\uobject\linkerload.cpp:2115]
UE4Editor-CoreUObject.dll!FLinkerLoad::VerifyImportInner() [d:\buildfarm\buildmachine_++depot+ue4-releases+4.9\engine\source\runtime\coreuobject\private\uobject\linkerload.cpp:2402]
UE4Editor-CoreUObject.dll!FLinkerLoad::VerifyImport() [d:\buildfarm\buildmachine_++depot+ue4-releases+4.9\engine\source\runtime\coreuobject\private\uobject\linkerload.cpp:2115]
UE4Editor-CoreUObject.dll!FLinkerLoad::Verify() [d:\buildfarm\buildmachine_++depot+ue4-releases+4.9\engine\source\runtime\coreuobject\private\uobject\linkerload.cpp:1905]
UE4Editor-CoreUObject.dll!FLinkerLoad::FinalizeCreation() [d:\buildfarm\buildmachine_++depot+ue4-releases+4.9\engine\source\runtime\coreuobject\private\uobject\linkerload.cpp:1815]
UE4Editor-CoreUObject.dll!FLinkerLoad::Tick() [d:\buildfarm\buildmachine_++depot+ue4-releases+4.9\engine\source\runtime\coreuobject\private\uobject\linkerload.cpp:666]
UE4Editor-CoreUObject.dll!FLinkerLoad::CreateLinker() [d:\buildfarm\buildmachine_++depot+ue4-releases+4.9\engine\source\runtime\coreuobject\private\uobject\linkerload.cpp:404]
UE4Editor-CoreUObject.dll!GetPackageLinker() [d:\buildfarm\buildmachine_++depot+ue4-releases+4.9\engine\source\runtime\coreuobject\private\uobject\linker.cpp:570]
UE4Editor-CoreUObject.dll!LoadPackageInternal() [d:\buildfarm\buildmachine_++depot+ue4-releases+4.9\engine\source\runtime\coreuobject\private\uobject\uobjectglobals.cpp:936]
UE4Editor-CoreUObject.dll!FLinkerLoad::VerifyImportInner() [d:\buildfarm\buildmachine_++depot+ue4-releases+4.9\engine\source\runtime\coreuobject\private\uobject\linkerload.cpp:2354]
UE4Editor-CoreUObject.dll!FLinkerLoad::VerifyImport() [d:\buildfarm\buildmachine_++depot+ue4-releases+4.9\engine\source\runtime\coreuobject\private\uobject\linkerload.cpp:2115]
UE4Editor-CoreUObject.dll!FLinkerLoad::VerifyImportInner() [d:\buildfarm\buildmachine_++depot+ue4-releases+4.9\engine\source\runtime\coreuobject\private\uobject\linkerload.cpp:2402]
UE4Editor-CoreUObject.dll!FLinkerLoad::VerifyImport() [d:\buildfarm\buildmachine_++depot+ue4-releases+4.9\engine\source\runtime\coreuobject\private\uobject\linkerload.cpp:2115]
UE4Editor-CoreUObject.dll!FLinkerLoad::VerifyImportInner() [d:\buildfarm\buildmachine_++depot+ue4-releases+4.9\engine\source\runtime\coreuobject\private\uobject\linkerload.cpp:2402]
UE4Editor-CoreUObject.dll!FLinkerLoad::VerifyImport() [d:\buildfarm\buildmachine_++depot+ue4-releases+4.9\engine\source\runtime\coreuobject\private\uobject\linkerload.cpp:2115]
UE4Editor-CoreUObject.dll!FLinkerLoad::Verify() [d:\buildfarm\buildmachine_++depot+ue4-releases+4.9\engine\source\runtime\coreuobject\private\uobject\linkerload.cpp:1905]
UE4Editor-CoreUObject.dll!FLinkerLoad::FinalizeCreation() [d:\buildfarm\buildmachine_++depot+ue4-releases+4.9\engine\source\runtime\coreuobject\private\uobject\linkerload.cpp:1815]
UE4Editor-CoreUObject.dll!FLinkerLoad::Tick() [d:\buildfarm\buildmachine_++depot+ue4-releases+4.9\engine\source\runtime\coreuobject\private\uobject\linkerload.cpp:666]
UE4Editor-CoreUObject.dll!FLinkerLoad::CreateLinker() [d:\buildfarm\buildmachine_++depot+ue4-releases+4.9\engine\source\runtime\coreuobject\private\uobject\linkerload.cpp:404]
UE4Editor-CoreUObject.dll!GetPackageLinker() [d:\buildfarm\buildmachine_++depot+ue4-releases+4.9\engine\source\runtime\coreuobject\private\uobject\linker.cpp:570]
UE4Editor-CoreUObject.dll!LoadPackageInternal() [d:\buildfarm\buildmachine_++depot+ue4-releases+4.9\engine\source\runtime\coreuobject\private\uobject\uobjectglobals.cpp:936]
UE4Editor-UnrealEd.dll
[2015.11.25-04.44.38:662][  0]LogAnimation:Warning: Invalid animation root node index 54 on '/LeapMotion/Character/Basic/BasicCharacter_AnimBlueprint.BasicCharacter_AnimBlueprint_C' (only 52 nodes)
[2015.11.25-04.44.38:866][  0]LogAnimation:Warning: Invalid animation root node index 54 on '/Engine/Transient.REINST_BasicCharacter_AnimBlueprint_C_2' (only 52 nodes)
[2015.11.25-04.44.38:963][  0]LogClass:Warning: Property AnimGraphNode_Fabrik_8C904C7A415FB588652E8A91FDC811AE of BasicCharacter_AnimBlueprint_C has a struct type mismatch (tag FallbackStruct != prop AnimNode_Fabrik) in package:  FObjectReader. If that struct got renamed, add an entry to ActiveStructRedirects.
[2015.11.25-04.44.38:963][  0]LogClass:Warning: Property AnimGraphNode_Fabrik_416EC86F435836563C4E49AD6D016C3C of BasicCharacter_AnimBlueprint_C has a struct type mismatch (tag FallbackStruct != prop AnimNode_Fabrik) in package:  FObjectReader. If that struct got renamed, add an entry to ActiveStructRedirects.
[2015.11.25-04.44.38:964][  0]LogClass:Warning: Property AnimGraphNode_Fabrik_9FF4326C4CAD2373B92D6F9E3AC3F57A of BasicCharacter_AnimBlueprint_C has a struct type mismatch (tag FallbackStruct != prop AnimNode_Fabrik) in package:  FObjectReader. If that struct got renamed, add an entry to ActiveStructRedirects.
[2015.11.25-04.44.39:149][  0]LogBlueprint:Warning: [compiler LeapBasicRiggedCharacter] Warning InputAction Event references unknown Action 'Jump' for  InputAction Jump 
[2015.11.25-04.44.39:149][  0]LogBlueprint:Warning: [compiler LeapBasicRiggedCharacter] Warning Input Axis Event references unknown Axis 'LookUpRate' for  InputAxis LookUpRate 
[2015.11.25-04.44.39:150][  0]LogBlueprint:Warning: [compiler LeapBasicRiggedCharacter] Warning Input Axis Event references unknown Axis 'TurnRate' for  InputAxis TurnRate 
[2015.11.25-04.44.39:150][  0]LogBlueprint:Warning: [compiler LeapBasicRiggedCharacter] Warning Input Axis Event references unknown Axis 'Turn' for  InputAxis Turn 
[2015.11.25-04.44.39:150][  0]LogBlueprint:Warning: [compiler LeapBasicRiggedCharacter] Warning Input Axis Event references unknown Axis 'LookUp' for  InputAxis LookUp 
[2015.11.25-04.44.39:150][  0]LogBlueprint:Warning: [compiler LeapBasicRiggedCharacter] Warning Input Axis Event references unknown Axis 'MoveRight' for  InputAxis MoveRight 
[2015.11.25-04.44.39:150][  0]LogBlueprint:Warning: [compiler LeapBasicRiggedCharacter] Warning Input Axis Event references unknown Axis 'MoveForward' for  InputAxis MoveForward 
[2015.11.25-04.44.39:152][  0]LogBlueprint:Warning: [compiler LeapBasicRiggedCharacter] Warning [0010.02] Compile of LeapBasicRiggedCharacter successful, but with 7 Warning(s) [in 8 ms]
[2015.11.25-04.44.39:152][  0]LogBlueprint:Warning: [compiler LeapBasicRiggedCharacter] Warning [0010.02] Compile of LeapBasicRiggedCharacter successful, but with 8 Warning(s) [in 0 ms]
[2015.11.25-04.44.39:152][  0]LogBlueprint:Warning: [compiler LeapBasicRiggedCharacter] Warning [0010.02] Compile of LeapBasicRiggedCharacter successful, but with 9 Warning(s) [in 0 ms]
[2015.11.25-04.44.39:571][  0]LogBlueprint:Warning: [compiler LeapBasicRiggedCharacter] Warning InputAction Event references unknown Action 'Jump' for  InputAction Jump 
[2015.11.25-04.44.39:571][  0]LogBlueprint:Warning: [compiler LeapBasicRiggedCharacter] Warning Input Axis Event references unknown Axis 'LookUpRate' for  InputAxis LookUpRate 
[2015.11.25-04.44.39:572][  0]LogBlueprint:Warning: [compiler LeapBasicRiggedCharacter] Warning Input Axis Event references unknown Axis 'TurnRate' for  InputAxis TurnRate 
[2015.11.25-04.44.39:572][  0]LogBlueprint:Warning: [compiler LeapBasicRiggedCharacter] Warning Input Axis Event references unknown Axis 'Turn' for  InputAxis Turn 
[2015.11.25-04.44.39:572][  0]LogBlueprint:Warning: [compiler LeapBasicRiggedCharacter] Warning Input Axis Event references unknown Axis 'LookUp' for  InputAxis LookUp 
[2015.11.25-04.44.39:572][  0]LogBlueprint:Warning: [compiler LeapBasicRiggedCharacter] Warning Input Axis Event references unknown Axis 'MoveRight' for  InputAxis MoveRight 
[2015.11.25-04.44.39:572][  0]LogBlueprint:Warning: [compiler LeapBasicRiggedCharacter] Warning Input Axis Event references unknown Axis 'MoveForward' for  InputAxis MoveForward 
[2015.11.25-04.44.39:575][  0]LogBlueprint:Warning: [compiler LeapBasicRiggedCharacter] Warning [0010.45] Compile of LeapBasicRiggedCharacter successful, but with 7 Warning(s) [in 9 ms]
[2015.11.25-04.44.39:575][  0]LogBlueprint:Warning: [compiler LeapBasicRiggedCharacter] Warning [0010.45] Compile of LeapBasicRiggedCharacter successful, but with 8 Warning(s) [in 0 ms]
[2015.11.25-04.44.39:575][  0]LogBlueprint:Warning: [compiler LeapBasicRiggedCharacter] Warning [0010.45] Compile of LeapBasicRiggedCharacter successful, but with 9 Warning(s) [in 0 ms]
[2015.11.25-04.44.40:350][  0]LogAIModule: Creating AISystem for world MemoryCardEntry
[2015.11.25-04.44.40:363][  0]LogEditorServer: Finished looking for orphan Actors (0.000 secs)
[2015.11.25-04.44.40:364][  0]Cmd: MAP CHECKDEP NOCLEARLOG
[2015.11.25-04.44.40:439][  0]MapCheck: Info Map check complete: 0 Error(s), 0 Warning(s), took 74.474ms to complete.
[2015.11.25-04.44.40:439][  0]LogFileHelpers: Loading map 'MemoryCardEntry' took 5.830
[2015.11.25-04.44.40:610][  0]LogCollectionManager: Loaded 0 collections in 0.001802 seconds
[2015.11.25-04.44.40:649][  0]LogFileCache: Scanning file cache for directory 'D:/IMyTH/xRooms/MVP/SantaSearch/Saved/Collections/' took 0.01s
[2015.11.25-04.44.40:649][  0]LogFileCache: Scanning file cache for directory 'D:/IMyTH/xRooms/MVP/SantaSearch/Content/Developers/RudeyPunk/Collections/' took 0.01s
[2015.11.25-04.44.40:649][  0]LogFileCache: Scanning file cache for directory 'D:/IMyTH/xRooms/MVP/SantaSearch/Content/Collections/' took 0.01s
[2015.11.25-04.44.40:649][  0]LogContentBrowser: Native class hierarchy populated in 0.0061 seconds. Added 1919 classes and 342 folders.
[2015.11.25-04.44.40:657][  0]LogCollectionManager: Rebuilt the GUID cache for 0 collections in 0.000002 seconds
[2015.11.25-04.44.40:662][  0]LogContentBrowser: Native class hierarchy updated for 'WidgetCarousel' in 0.0003 seconds. Added 0 classes and 0 folders.
[2015.11.25-04.44.40:697][  0]LogContentBrowser: Native class hierarchy updated for 'AddContentDialog' in 0.0003 seconds. Added 0 classes and 0 folders.
[2015.11.25-04.44.40:704][  0]LogContentBrowser: Native class hierarchy updated for 'SceneOutliner' in 0.0003 seconds. Added 1 classes and 2 folders.
[2015.11.25-04.44.40:764][  0]LogCrashTracker: Crashtracker disabled due to settings.
[2015.11.25-04.44.40:767][  0]LogUObjectGlobals:Warning: Failed to find object 'Class None.'
[2015.11.25-04.44.40:789][  0]LogLoad: Full Startup: 11.66 seconds (BP compile: 0.95 seconds)
[2015.11.25-04.44.40:871][  0]LogContentStreaming: Texture pool size now 1000 MB
[2015.11.25-04.44.40:989][  0]LogRenderer: Reallocating scene render targets to support 860x572 (Frame:2).
[2015.11.25-04.44.41:036][  1]LogFileCache: Retrieving MD5 hashes for directory 'D:/IMyTH/xRooms/MVP/SantaSearch/Content/' took 0.23s
[2015.11.25-04.44.41:604][ 13]LogAssetRegistry: Asset discovery search completed in 8.5481 seconds
[2015.11.25-04.44.41:605][ 13]LogCollectionManager: Rebuilt the object cache for 0 collections in 0.000002 seconds (found 0 objects)
[2015.11.25-04.44.41:605][ 13]LogCollectionManager: Fixed up redirectors for 0 collections in 0.000047 seconds (updated 0 objects)
[2015.11.25-04.44.51:471][184]Cmd: UpdateLandscapeSetup
[2015.11.25-04.44.56:302][758]MapCheck: New page: Map Check
[2015.11.25-04.44.56:342][758]Cmd: MAP REBUILD ALLVISIBLE
[2015.11.25-04.44.56:343][758]LogEditorServer: Rebuildmap Clear paths rebuilt
[2015.11.25-04.44.56:445][758]LogActorComponent: UnregisterComponent: (/Engine/Transient.CharMoveComp) Not registered. Aborting.
[2015.11.25-04.44.56:521][758]LeapPluginLog: LeapController::CleanupEventData Delete Called
[2015.11.25-04.44.56:601][758]LeapPluginLog: LeapController::CleanupEventData Delete Called
[2015.11.25-04.44.56:632][758]MapCheck:Warning: Warning WorldInfo_0 Hierarchical LOD System is disabled or no HLOD level settings available, unable to build LOD actors. 
[2015.11.25-04.44.56:632][758]LogStats:          STAT_HLOD_BuildClusters - 187.590 ms
[2015.11.25-04.44.56:634][758]LightingResults: New page: Lighting Build - Nov 24, 2015, 6:44:56 PM
[2015.11.25-04.45.00:283][758]LogStaticLightingSystem: Running Lightmass w/ ImmediateImport mode ENABLED
[2015.11.25-04.45.00:283][758]LogStaticLightingSystem: Running Lightmass w/ ImmediateProcess mode ENABLED
[2015.11.25-04.45.00:283][758]LogStaticLightingSystem: Running Lightmass w/ Sorting mode ENABLED
[2015.11.25-04.45.00:283][758]LogStaticLightingSystem: Running Lightmass w/ Mapping paddings ENABLED
[2015.11.25-04.45.00:283][758]LogStaticLightingSystem: Running Lightmass w/ Mapping debug paddings DISABLED
[2015.11.25-04.45.00:425][758]LogEditorBuildUtils: Build time 0:00:04
[2015.11.25-04.45.02:250][930]Job is a success!
[2015.11.25-04.45.02:372][931]LogMaterial:Warning: Material /Game/Assets/Materials/M_GameBoard.M_GameBoard needed to have new flag set bUsedWithStaticLighting !
[2015.11.25-04.45.02:374][931]LogMaterial: Missing cached shader map for material M_GameBoard, compiling. 
[2015.11.25-04.45.02:389][931]LogMaterial: 0.000380 seconds spent updating 1 materials, 1 interfaces, 0 instances, 0 with static permutations.
[2015.11.25-04.45.02:499][931]LogTexture:Display: Building textures: HQ_Lightmap0_1 (AutoDXT)
[2015.11.25-04.45.02:502][931]LogTexture:Display: Building textures: LQ_Lightmap_0_1 (DXT1)
[2015.11.25-04.45.02:560][931]Lightmass on ISSTVAN: 1.54 sec total, 72 ms importing, 0 ms setup, 272 ms photons, 1.16 sec processing, 0 ms extra exporting [3/3 mappings]. Threads: 8.01 sec total, 53 ms processing.
[2015.11.25-04.45.02:609][931]LogStaticLightingSystem: Illumination: 5.94 sec (110 ms encoding lightmaps)
[2015.11.25-04.45.02:609][931]LogStaticLightingSystem: Lightmap texture memory:  0.0 MB (0.0 MB streaming, 0.0 MB non-streaming), 2 textures
[2015.11.25-04.45.02:609][931]LogStaticLightingSystem: Shadowmap texture memory: 0.0 MB (0.0 MB streaming, 0.0 MB non-streaming), 0 textures
[2015.11.25-04.45.03:297][932]Cmd: MAP CHECK NOTIFYRESULTS
[2015.11.25-04.45.03:297][932]MapCheck: New page: MemoryCardEntry - Nov 24, 2015, 6:45:03 PM
[2015.11.25-04.45.03:376][932]MapCheck: Info Map check complete: 0 Error(s), 0 Warning(s), took 78.635ms to complete.
[2015.11.25-04.46.46:970][878]LogEditorActor: Deleted Actor: StaticMeshActor
[2015.11.25-04.46.46:986][878]LogEditorActor: Deleted 1 Actors (0.017 secs)
[2015.11.25-04.46.54:848][817]Cmd: OBJ SAVEPACKAGE PACKAGE="/Game/Maps/MemoryCardEntry" FILE="D:/IMyTH/xRooms/MVP/SantaSearch/Content/Maps/MemoryCardEntry.umap" SILENT=true AUTOSAVING=false KEEPDIRTY=false
[2015.11.25-04.46.55:495][817]LogSavePackage: Save=120.641884ms
[2015.11.25-04.46.55:495][817]LogSavePackage: Moving 'D:/IMyTH/xRooms/MVP/SantaSearch/Saved/MemoryCardEntry25B91257488CA13B656A7D95EBCB2921.tmp' to 'D:/IMyTH/xRooms/MVP/SantaSearch/Content/Maps/MemoryCardEntry.umap'
[2015.11.25-04.46.55:496][817]LogSavePackage: Total save time: 630.496997ms
[2015.11.25-04.46.55:496][817]LogSavePackage:Warning: Finished SavePackage D:/IMyTH/xRooms/MVP/SantaSearch/Content/Maps/MemoryCardEntry.umap
[2015.11.25-04.47.41:845][593]LogWindowsTextInputMethodSystem:Display: IME system now deactivated.
[2015.11.25-04.47.42:080][594]Cmd: QUIT_EDITOR
[2015.11.25-04.47.42:294][594]LogExit: Preparing to exit.
[2015.11.25-04.47.43:137][594]LogExit: Editor shut down
[2015.11.25-04.47.43:137][594]LogExit: Transaction tracking system shut down
[2015.11.25-04.47.43:147][594]LogParticles: Destroying 0 GPU particle simulations for FXSystem 0x00000046712B4F40
[2015.11.25-04.47.43:147][594]LogParticles: Destroying 0 GPU particle simulations for FXSystem 0x000000467D9BF880
[2015.11.25-04.47.43:147][594]LogParticles: Destroying 0 GPU particle simulations for FXSystem 0x0000004674086C00
[2015.11.25-04.47.43:147][594]LogParticles: Destroying 0 GPU particle simulations for FXSystem 0x000000467D388900
[2015.11.25-04.47.43:147][594]LogParticles: Destroying 0 GPU particle simulations for FXSystem 0x000000467D388EA0
[2015.11.25-04.47.43:194][594]LeapPluginLog: LeapController::CleanupEventData Delete Called
[2015.11.25-04.47.43:230][594]LeapPluginLog: LeapController::CleanupEventData Delete Called
[2015.11.25-04.47.43:352][594]LogExit: Object subsystem successfully closed.
[2015.11.25-04.47.43:385][594]LogD3D11RHI: Shutdown
[2015.11.25-04.47.43:385][594]LogD3D11RHI: CleanupD3DDevice
[2015.11.25-04.47.43:424][594]LogD3D11RHI: ~FD3D11DynamicRHI
[2015.11.25-04.47.43:463][594]LogModuleManager: Shutting down and abandoning module CrashTracker (200)
[2015.11.25-04.47.43:463][594]LogModuleManager: Shutting down and abandoning module SceneOutliner (199)
[2015.11.25-04.47.43:463][594]LogModuleManager: Shutting down and abandoning module SuperSearch (198)
[2015.11.25-04.47.43:463][594]LogModuleManager: Shutting down and abandoning module WidgetCarousel (197)
[2015.11.25-04.47.43:463][594]LogModuleManager: Shutting down and abandoning module AddContentDialog (196)
[2015.11.25-04.47.43:464][594]LogModuleManager: Shutting down and abandoning module EditorWidgets (195)
[2015.11.25-04.47.43:464][594]LogModuleManager: Shutting down and abandoning module CollectionManager (194)
[2015.11.25-04.47.43:465][594]LogModuleManager: Shutting down and abandoning module StatsViewer (193)
[2015.11.25-04.47.43:466][594]LogModuleManager: Shutting down and abandoning module FoliageEdit (192)
[2015.11.25-04.47.43:466][594]LogModuleManager: Shutting down and abandoning module LandscapeEditor (191)
[2015.11.25-04.47.43:468][594]LogModuleManager: Shutting down and abandoning module ActorPickerMode (190)
[2015.11.25-04.47.43:468][594]LogModuleManager: Shutting down and abandoning module GeometryMode (189)
[2015.11.25-04.47.43:468][594]LogModuleManager: Shutting down and abandoning module TextureAlignMode (188)
[2015.11.25-04.47.43:468][594]LogModuleManager: Shutting down and abandoning module BspMode (187)
[2015.11.25-04.47.43:468][594]LogModuleManager: Shutting down and abandoning module PlacementMode (186)
[2015.11.25-04.47.43:468][594]LogModuleManager: Shutting down and abandoning module AutomationWorker (185)
[2015.11.25-04.47.43:468][594]LogModuleManager: Shutting down and abandoning module HoudiniEngineEditor (184)
[2015.11.25-04.47.43:468][594]LogHoudiniEngineEditor: Shutting down the Houdini Engine Editor module.
[2015.11.25-04.47.43:470][594]LogModuleManager: Shutting down and abandoning module CharacterAI (183)
[2015.11.25-04.47.43:470][594]LogModuleManager: Shutting down and abandoning module SmartSnapping (182)
[2015.11.25-04.47.43:470][594]LogModuleManager: Shutting down and abandoning module ViewportSnapping (181)
[2015.11.25-04.47.43:470][594]LogModuleManager: Shutting down and abandoning module LogVisualizer (180)
[2015.11.25-04.47.43:471][594]LogModuleManager: Shutting down and abandoning module GameProjectGeneration (179)
[2015.11.25-04.47.43:472][594]LogModuleManager: Shutting down and abandoning module IntroTutorials (178)
[2015.11.25-04.47.43:472][594]LogModuleManager: Shutting down and abandoning module EditorLiveStreaming (177)
[2015.11.25-04.47.43:472][594]LogModuleManager: Shutting down and abandoning module IOSPlatformEditor (176)
[2015.11.25-04.47.43:473][594]LogModuleManager: Shutting down and abandoning module HTML5PlatformEditor (175)
[2015.11.25-04.47.43:473][594]LogModuleManager: Shutting down and abandoning module AndroidDeviceDetection (174)
[2015.11.25-04.47.43:593][594]LogModuleManager: Shutting down and abandoning module AndroidPlatformEditor (173)
[2015.11.25-04.47.43:593][594]LogModuleManager: Shutting down and abandoning module IOSRuntimeSettings (172)
[2015.11.25-04.47.43:593][594]LogModuleManager: Shutting down and abandoning module AndroidRuntimeSettings (171)
[2015.11.25-04.47.43:593][594]LogModuleManager: Shutting down and abandoning module MergeActors (170)
[2015.11.25-04.47.43:594][594]LogModuleManager: Shutting down and abandoning module SizeMap (169)
[2015.11.25-04.47.43:594][594]LogModuleManager: Shutting down and abandoning module TreeMap (168)
[2015.11.25-04.47.43:594][594]LogModuleManager: Shutting down and abandoning module ReferenceViewer (167)
[2015.11.25-04.47.43:594][594]LogModuleManager: Shutting down and abandoning module LocalizationService (166)
[2015.11.25-04.47.43:594][594]LogModuleManager: Shutting down and abandoning module LocalizationDashboard (165)
[2015.11.25-04.47.43:595][594]LogModuleManager: Shutting down and abandoning module HardwareTargeting (164)
[2015.11.25-04.47.43:595][594]LogModuleManager: Shutting down and abandoning module DeviceProfileEditor (163)
[2015.11.25-04.47.43:595][594]LogModuleManager: Shutting down and abandoning module UndoHistory (162)
[2015.11.25-04.47.43:595][594]LogModuleManager: Shutting down and abandoning module GameplayTagsEditor (161)
[2015.11.25-04.47.43:595][594]LogModuleManager: Shutting down and abandoning module UserFeedback (160)
[2015.11.25-04.47.43:595][594]LogModuleManager: Shutting down and abandoning module XmlParser (159)
[2015.11.25-04.47.43:595][594]LogModuleManager: Shutting down and abandoning module Blutility (158)
[2015.11.25-04.47.43:595][594]LogModuleManager: Shutting down and abandoning module ProjectTargetPlatformEditor (157)
[2015.11.25-04.47.43:596][594]LogModuleManager: Shutting down and abandoning module ProjectSettingsViewer (156)
[2015.11.25-04.47.43:596][594]LogModuleManager: Shutting down and abandoning module InputBindingEditor (155)
[2015.11.25-04.47.43:596][594]LogModuleManager: Shutting down and abandoning module EditorSettingsViewer (154)
[2015.11.25-04.47.43:596][594]LogModuleManager: Shutting down and abandoning module SettingsEditor (153)
[2015.11.25-04.47.43:597][594]LogModuleManager: Shutting down and abandoning module ProjectLauncher (152)
[2015.11.25-04.47.43:598][594]LogModuleManager: Shutting down and abandoning module SessionFrontend (151)
[2015.11.25-04.47.43:598][594]LogModuleManager: Shutting down and abandoning module ProfilerClient (150)
[2015.11.25-04.47.43:599][594]LogModuleManager: Shutting down and abandoning module TargetDeviceServices (149)
[2015.11.25-04.47.43:599][594]LogModuleManager: Shutting down and abandoning module DeviceManager (148)
[2015.11.25-04.47.43:599][594]LogModuleManager: Shutting down and abandoning module AutomationController (147)
[2015.11.25-04.47.43:600][594]LogModuleManager: Shutting down and abandoning module AutomationWindow (146)
[2015.11.25-04.47.43:600][594]LogModuleManager: Shutting down and abandoning module Layers (145)
[2015.11.25-04.47.43:602][594]LogModuleManager: Shutting down and abandoning module ComponentVisualizers (144)
[2015.11.25-04.47.43:602][594]LogModuleManager: Shutting down and abandoning module DetailCustomizations (143)
[2015.11.25-04.47.43:602][594]LogModuleManager: Shutting down and abandoning module PackagesDialog (142)
[2015.11.25-04.47.43:602][594]LogModuleManager: Shutting down and abandoning module Persona (141)
[2015.11.25-04.47.43:603][594]LogModuleManager: Shutting down and abandoning module Kismet (140)
[2015.11.25-04.47.43:604][594]LogModuleManager: Shutting down and abandoning module GraphEditor (139)
[2015.11.25-04.47.43:606][594]LogModuleManager: Shutting down and abandoning module ClassViewer (138)
[2015.11.25-04.47.43:606][594]LogModuleManager: Shutting down and abandoning module Toolbox (137)
[2015.11.25-04.47.43:606][594]LogModuleManager: Shutting down and abandoning module ModuleUI (136)
[2015.11.25-04.47.43:606][594]LogModuleManager: Shutting down and abandoning module MovieSceneTools (135)
[2015.11.25-04.47.43:606][594]LogModuleManager: Shutting down and abandoning module OutputLog (134)
[2015.11.25-04.47.43:606][594]LogModuleManager: Shutting down and abandoning module GammaUI (133)
[2015.11.25-04.47.43:607][594]LogModuleManager: Shutting down and abandoning module Documentation (132)
[2015.11.25-04.47.43:607][594]LogModuleManager: Shutting down and abandoning module GameLiveStreaming (131)
[2015.11.25-04.47.43:607][594]LogModuleManager: Shutting down and abandoning module StreamingPauseRendering (130)
[2015.11.25-04.47.43:607][594]LogModuleManager: Shutting down and abandoning module AnalyticsET (129)
[2015.11.25-04.47.43:607][594]LogModuleManager: Shutting down and abandoning module Analytics (128)
[2015.11.25-04.47.43:607][594]LogModuleManager: Shutting down and abandoning module AITestSuite (127)
[2015.11.25-04.47.43:607][594]LogModuleManager: Shutting down and abandoning module GameplayDebugger (126)
[2015.11.25-04.47.43:607][594]LogModuleManager: Shutting down and abandoning module AIModule (125)
[2015.11.25-04.47.43:608][594]LogModuleManager: Shutting down and abandoning module ProfilerService (124)
[2015.11.25-04.47.43:801][594]LogModuleManager: Shutting down and abandoning module TaskGraph (123)
[2015.11.25-04.47.43:802][594]LogModuleManager: Shutting down and abandoning module LeapMotion (122)
[2015.11.25-04.47.43:816][594]LogModuleManager: Shutting down and abandoning module SlateRemote (121)
[2015.11.25-04.47.43:816][594]LogModuleManager: Shutting down and abandoning module SteamVRController (120)
[2015.11.25-04.47.43:816][594]LogModuleManager: Shutting down and abandoning module SteamVR (119)
[2015.11.25-04.47.43:816][594]LogModuleManager: Shutting down and abandoning module ProceduralMeshComponent (118)
[2015.11.25-04.47.43:817][594]LogModuleManager: Shutting down and abandoning module OculusRift (117)
[2015.11.25-04.47.43:817][594]LogModuleManager: Shutting down and abandoning module OculusLibrary (116)
[2015.11.25-04.47.43:817][594]LogModuleManager: Shutting down and abandoning module LeapMotionController (115)
[2015.11.25-04.47.43:831][594]LogModuleManager: Shutting down and abandoning module HoudiniEngineRuntime (114)
[2015.11.25-04.47.43:831][594]LogHoudiniEngine: Shutting down the Houdini Engine module.
[2015.11.25-04.47.43:840][594]LogModuleManager: Shutting down and abandoning module CustomMeshComponent (113)
[2015.11.25-04.47.43:840][594]LogModuleManager: Shutting down and abandoning module CableComponent (112)
[2015.11.25-04.47.43:840][594]LogModuleManager: Shutting down and abandoning module ArchVisCharacter (111)
[2015.11.25-04.47.43:840][594]LogModuleManager: Shutting down and abandoning module MessagingDebugger (110)
[2015.11.25-04.47.43:841][594]LogModuleManager: Shutting down and abandoning module MediaPlayerEditor (109)
[2015.11.25-04.47.43:843][594]LogModuleManager: Shutting down and abandoning module HTML5Networking (108)
[2015.11.25-04.47.43:843][594]LogModuleManager: Shutting down and abandoning module SpeedTreeImporter (107)
[2015.11.25-04.47.43:843][594]LogModuleManager: Shutting down and abandoning module PluginBrowser (106)
[2015.11.25-04.47.43:844][594]LogModuleManager: Shutting down and abandoning module EpicSurvey (105)
[2015.11.25-04.47.43:844][594]LogModuleManager: Shutting down and abandoning module DesktopPlatform (104)
[2015.11.25-04.47.43:844][594]LogModuleManager: Shutting down and abandoning module VisualStudioSourceCodeAccess (103)
[2015.11.25-04.47.43:844][594]LogModuleManager: Shutting down and abandoning module UObjectPlugin (102)
[2015.11.25-04.47.43:844][594]LogModuleManager: Shutting down and abandoning module SubversionSourceControl (101)
[2015.11.25-04.47.43:845][594]LogModuleManager: Shutting down and abandoning module PerforceSourceControl (100)
[2015.11.25-04.47.43:846][594]LogModuleManager: Shutting down and abandoning module SourceControl (99)
[2015.11.25-04.47.43:846][594]LogModuleManager: Shutting down and abandoning module GitSourceControl (98)
[2015.11.25-04.47.43:847][594]LogModuleManager: Shutting down and abandoning module LightPropagationVolumeEditor (97)
[2015.11.25-04.47.43:847][594]LogModuleManager: Shutting down and abandoning module PaperTiledImporter (96)
[2015.11.25-04.47.43:847][594]LogModuleManager: Shutting down and abandoning module PaperSpriteSheetImporter (95)
[2015.11.25-04.47.43:847][594]LogModuleManager: Shutting down and abandoning module MeshPaint (94)
[2015.11.25-04.47.43:848][594]LogModuleManager: Shutting down and abandoning module SlateReflector (93)
[2015.11.25-04.47.43:848][594]LogModuleManager: Shutting down and abandoning module HotReload (92)
[2015.11.25-04.47.43:849][594]LogModuleManager: Shutting down and abandoning module MainFrame (91)
[2015.11.25-04.47.43:849][594]LogModuleManager: Shutting down and abandoning module LevelEditor (90)
[2015.11.25-04.47.43:850][594]LogModuleManager: Shutting down and abandoning module DirectoryWatcher (89)
[2015.11.25-04.47.43:851][594]LogModuleManager: Shutting down and abandoning module AssetRegistry (88)
[2015.11.25-04.47.43:981][594]LogModuleManager: Shutting down and abandoning module ContentBrowser (87)
[2015.11.25-04.47.43:982][594]LogModuleManager: Shutting down and abandoning module Paper2DEditor (86)
[2015.11.25-04.47.43:983][594]LogModuleManager: Shutting down and abandoning module UdpMessaging (85)
[2015.11.25-04.47.44:084][594]LogModuleManager: Shutting down and abandoning module LightPropagationVolumeRuntime (84)
[2015.11.25-04.47.44:084][594]LogModuleManager: Shutting down and abandoning module Paper2D (83)
[2015.11.25-04.47.44:084][594]LogModuleManager: Shutting down and abandoning module WindowsMoviePlayer (82)
[2015.11.25-04.47.44:087][594]LogModuleManager: Shutting down and abandoning module Media (81)
[2015.11.25-04.47.44:087][594]LogModuleManager: Shutting down and abandoning module WmfMedia (80)
[2015.11.25-04.47.44:087][594]LogModuleManager: Shutting down and abandoning module OnlineBlueprintSupport (79)
[2015.11.25-04.47.44:087][594]LogModuleManager: Shutting down and abandoning module GameplayTasksEditor (78)
[2015.11.25-04.47.44:087][594]LogModuleManager: Shutting down and abandoning module PropertyEditor (77)
[2015.11.25-04.47.44:087][594]LogModuleManager: Shutting down and abandoning module BehaviorTreeEditor (76)
[2015.11.25-04.47.44:089][594]LogModuleManager: Shutting down and abandoning module FunctionalTesting (75)
[2015.11.25-04.47.44:089][594]LogModuleManager: Shutting down and abandoning module CollisionAnalyzer (74)
[2015.11.25-04.47.44:090][594]LogModuleManager: Shutting down and abandoning module WorkspaceMenuStructure (73)
[2015.11.25-04.47.44:090][594]LogModuleManager: Shutting down and abandoning module MessageLog (72)
[2015.11.25-04.47.44:090][594]LogModuleManager: Shutting down and abandoning module Sequencer (71)
[2015.11.25-04.47.44:091][594]LogModuleManager: Shutting down and abandoning module AssetTools (70)
[2015.11.25-04.47.44:093][594]LogModuleManager: Shutting down and abandoning module UMGEditor (69)
[2015.11.25-04.47.44:094][594]LogModuleManager: Shutting down and abandoning module UMG (68)
[2015.11.25-04.47.44:095][594]LogModuleManager: Shutting down and abandoning module Slate (67)
[2015.11.25-04.47.44:095][594]LogModuleManager: Shutting down and abandoning module EditorStyle (66)
[2015.11.25-04.47.44:096][594]LogModuleManager: Shutting down and abandoning module SessionServices (65)
[2015.11.25-04.47.44:096][594]LogModuleManager: Shutting down and abandoning module SourceCodeAccess (64)
[2015.11.25-04.47.44:096][594]LogModuleManager: Shutting down and abandoning module HeadMountedDisplay (63)
[2015.11.25-04.47.44:096][594]LogModuleManager: Shutting down and abandoning module XAudio2 (62)
[2015.11.25-04.47.44:096][594]LogModuleManager: Shutting down and abandoning module Networking (60)
[2015.11.25-04.47.44:096][594]LogModuleManager: Shutting down and abandoning module Core (59)
[2015.11.25-04.47.44:096][594]LogModuleManager: Shutting down and abandoning module KismetCompiler (58)
[2015.11.25-04.47.44:097][594]LogModuleManager: Shutting down and abandoning module PhysXFormats (57)
[2015.11.25-04.47.44:097][594]LogModuleManager: Shutting down and abandoning module MeshUtilities (56)
[2015.11.25-04.47.44:097][594]LogModuleManager: Shutting down and abandoning module CookingStats (55)
[2015.11.25-04.47.44:098][594]LogModuleManager: Shutting down and abandoning module DerivedDataCache (54)
[2015.11.25-04.47.44:168][594]LogDerivedDataCache: Shutdown
[2015.11.25-04.47.44:168][594]LogModuleManager: Shutting down and abandoning module ShaderFormatOpenGL (53)
[2015.11.25-04.47.44:169][594]LogModuleManager: Shutting down and abandoning module ShaderFormatD3D (52)
[2015.11.25-04.47.44:169][594]LogModuleManager: Shutting down and abandoning module MetalShaderFormat (51)
[2015.11.25-04.47.44:170][594]LogModuleManager: Shutting down and abandoning module TextureFormatUncompressed (50)
[2015.11.25-04.47.44:170][594]LogModuleManager: Shutting down and abandoning module TextureFormatPVR (49)
[2015.11.25-04.47.44:170][594]LogModuleManager: Shutting down and abandoning module TextureFormatIntelISPCTexComp (48)
[2015.11.25-04.47.44:170][594]LogModuleManager: Shutting down and abandoning module TextureFormatDXT (47)
[2015.11.25-04.47.44:170][594]LogModuleManager: Shutting down and abandoning module ImageWrapper (46)
[2015.11.25-04.47.44:170][594]LogModuleManager: Shutting down and abandoning module TextureFormatASTC (45)
[2015.11.25-04.47.44:170][594]LogModuleManager: Shutting down and abandoning module TextureFormatAndroid (44)
[2015.11.25-04.47.44:170][594]LogModuleManager: Shutting down and abandoning module AudioFormatOpus (43)
[2015.11.25-04.47.44:170][594]LogModuleManager: Shutting down and abandoning module AudioFormatOgg (42)
[2015.11.25-04.47.44:170][594]LogModuleManager: Shutting down and abandoning module AudioFormatADPCM (41)
[2015.11.25-04.47.44:170][594]LogModuleManager: Shutting down and abandoning module LinuxTargetPlatform (40)
[2015.11.25-04.47.44:170][594]LogModuleManager: Shutting down and abandoning module LinuxServerTargetPlatform (39)
[2015.11.25-04.47.44:171][594]LogModuleManager: Shutting down and abandoning module LinuxNoEditorTargetPlatform (38)
[2015.11.25-04.47.44:171][594]LogModuleManager: Shutting down and abandoning module Messaging (37)
[2015.11.25-04.47.44:171][594]LogModuleManager: Shutting down and abandoning module IOSTargetPlatform (36)
[2015.11.25-04.47.44:171][594]LogModuleManager: Shutting down and abandoning module HTML5TargetPlatform (35)
[2015.11.25-04.47.44:171][594]LogModuleManager: Shutting down and abandoning module Android_PVRTCTargetPlatform (34)
[2015.11.25-04.47.44:171][594]LogModuleManager: Shutting down and abandoning module Android_ETC2TargetPlatform (33)
[2015.11.25-04.47.44:172][594]LogModuleManager: Shutting down and abandoning module Android_ETC1TargetPlatform (32)
[2015.11.25-04.47.44:172][594]LogModuleManager: Shutting down and abandoning module Android_DXTTargetPlatform (31)
[2015.11.25-04.47.44:172][594]LogModuleManager: Shutting down and abandoning module Android_ATCTargetPlatform (30)
[2015.11.25-04.47.44:173][594]LogModuleManager: Shutting down and abandoning module Android_ASTCTargetPlatform (29)
[2015.11.25-04.47.44:173][594]LogModuleManager: Shutting down and abandoning module AndroidTargetPlatform (28)
[2015.11.25-04.47.44:174][594]LogModuleManager: Shutting down and abandoning module WindowsTargetPlatform (27)
[2015.11.25-04.47.44:174][594]LogModuleManager: Shutting down and abandoning module WindowsServerTargetPlatform (26)
[2015.11.25-04.47.44:174][594]LogModuleManager: Shutting down and abandoning module WindowsNoEditorTargetPlatform (25)
[2015.11.25-04.47.44:174][594]LogModuleManager: Shutting down and abandoning module WindowsClientTargetPlatform (24)
[2015.11.25-04.47.44:174][594]LogModuleManager: Shutting down and abandoning module AllDesktopTargetPlatform (23)
[2015.11.25-04.47.44:175][594]LogModuleManager: Shutting down and abandoning module TargetPlatform (22)
[2015.11.25-04.47.44:175][594]LogModuleManager: Shutting down and abandoning module InputCore (21)
[2015.11.25-04.47.44:175][594]LogModuleManager: Shutting down and abandoning module Settings (20)
[2015.11.25-04.47.44:175][594]LogModuleManager: Shutting down and abandoning module OnlineSubsystem (18)
[2015.11.25-04.47.44:175][594]LogModuleManager: Shutting down and abandoning module HTTP (17)
[2015.11.25-04.47.46:177][594]LogModuleManager: Shutting down and abandoning module XMPP (16)
[2015.11.25-04.47.46:181][594]LogModuleManager: Shutting down and abandoning module ExampleDeviceProfileSelector (15)
[2015.11.25-04.47.46:181][594]LogModuleManager: Shutting down and abandoning module TextureCompressor (14)
[2015.11.25-04.47.46:181][594]LogModuleManager: Shutting down and abandoning module ShaderCore (13)
[2015.11.25-04.47.46:181][594]LogModuleManager: Shutting down and abandoning module Landscape (12)
[2015.11.25-04.47.46:181][594]LogModuleManager: Shutting down and abandoning module SlateRHIRenderer (11)
[2015.11.25-04.47.46:182][594]LogModuleManager: Shutting down and abandoning module OpenGLDrv (10)
[2015.11.25-04.47.46:183][594]LogModuleManager: Shutting down and abandoning module D3D11RHI (9)
[2015.11.25-04.47.46:183][594]LogModuleManager: Shutting down and abandoning module AnimGraphRuntime (8)
[2015.11.25-04.47.46:183][594]LogModuleManager: Shutting down and abandoning module Renderer (7)
[2015.11.25-04.47.46:183][594]LogModuleManager: Shutting down and abandoning module Engine (6)
[2015.11.25-04.47.46:183][594]LogModuleManager: Shutting down and abandoning module CoreUObject (5)
[2015.11.25-04.47.46:183][594]LogModuleManager: Shutting down and abandoning module NetworkFile (4)
[2015.11.25-04.47.46:184][594]LogModuleManager: Shutting down and abandoning module StreamingFile (3)
[2015.11.25-04.47.46:184][594]LogModuleManager: Shutting down and abandoning module SandboxFile (2)
[2015.11.25-04.47.46:184][594]LogModuleManager: Shutting down and abandoning module PakFile (1)
[2015.11.25-04.47.46:185][594]LogExit: Exiting.
[2015.11.25-04.47.46:215][594]Log file closed, 11/24/15 23:47:46
