[2015.11.17-00.36.56:072][  0]Log file open, 11/16/15 19:36:56
[2015.11.17-00.36.56:072][  0]LogInit:Display: Running engine for game: SantaSearch
[2015.11.17-00.36.56:072][  0]LogInit:Display: RandInit(-1930154180) SRandInit(-1930154180).
[2015.11.17-00.36.56:072][  0]LogTaskGraph: Started task graph with 4 named threads and 7 total threads.
[2015.11.17-00.36.56:072][  0]LogStats: Stats thread started at 0.078457
[2015.11.17-00.36.56:072][  0]LogInit: Version: 4.9.2-2707645+++depot+UE4-Releases+4.9
[2015.11.17-00.36.56:072][  0]LogInit: API Version: 2672455
[2015.11.17-00.36.56:072][  0]LogInit: Compiled (64-bit): Sep 28 2015 10:25:44
[2015.11.17-00.36.56:072][  0]LogInit: Compiled with Visual C++: 18.00.21005.01
[2015.11.17-00.36.56:072][  0]LogInit: Build Configuration: Development
[2015.11.17-00.36.56:072][  0]LogInit: Branch Name: ++depot+UE4-Releases+4.9
[2015.11.17-00.36.56:072][  0]LogInit: Command line:  
[2015.11.17-00.36.56:072][  0]LogInit: Base directory: C:/Program Files/Epic Games/4.9/Engine/Binaries/Win64/
[2015.11.17-00.36.56:072][  0]LogInit: Rocket: 1
[2015.11.17-00.36.56:083][  0]LogInit: Using libcurl 7.41.0
[2015.11.17-00.36.56:083][  0]LogInit:  - built for x86_64-pc-win32
[2015.11.17-00.36.56:083][  0]LogInit:  - supports SSL with WinSSL
[2015.11.17-00.36.56:083][  0]LogInit:  - other features:
[2015.11.17-00.36.56:083][  0]LogInit:      CURL_VERSION_SSL
[2015.11.17-00.36.56:083][  0]LogInit:      CURL_VERSION_IPV6
[2015.11.17-00.36.56:083][  0]LogInit:      CURL_VERSION_ASYNCHDNS
[2015.11.17-00.36.56:083][  0]LogInit:      CURL_VERSION_LARGEFILE
[2015.11.17-00.36.56:083][  0]LogInit:      CURL_VERSION_IDN
[2015.11.17-00.36.56:084][  0]LogInit:  CurlRequestOptions (configurable via config and command line):
[2015.11.17-00.36.56:084][  0]LogInit:  - bVerifyPeer = true  - Libcurl will verify peer certificate
[2015.11.17-00.36.56:084][  0]LogInit:  - bUseHttpProxy = false  - Libcurl will NOT use HTTP proxy
[2015.11.17-00.36.56:084][  0]LogInit:  - bDontReuseConnections = false  - Libcurl will reuse connections
[2015.11.17-00.36.56:084][  0]LogInit:  - CertBundlePath = nullptr  - Libcurl will use whatever was configured at build time.
[2015.11.17-00.36.56:092][  0]LogInit: Presizing for 0 objects not considered by GC, pre-allocating 0 bytes.
[2015.11.17-00.36.56:098][  0]LogInit: Object subsystem initialized
[2015.11.17-00.36.56:099][  0]LogConsoleManager:Warning: Console variable 'r.MSAA.CompositingSampleCount' wasn't set ('Scalability' has a lower priority than 'ProjectSetting')
[2015.11.17-00.36.56:099][  0]LogInit: Selected Device Profile: [Windows]
[2015.11.17-00.36.56:100][  0]LogInit: Applying CVar settings loaded from the selected device profile: [Windows]
[2015.11.17-00.36.56:107][  0]LogInit: Computer: CRODAWIN10
[2015.11.17-00.36.56:107][  0]LogInit: User: croda
[2015.11.17-00.36.56:107][  0]LogInit: CPU Page size=4096, Cores=4
[2015.11.17-00.36.56:107][  0]LogInit: High frequency timer resolution =2.630639 MHz
[2015.11.17-00.36.56:108][  0]LogMemory: Memory total: Physical=15.9GB (16GB approx)
[2015.11.17-00.36.56:108][  0]LogMemory: Platform Memory Stats for Windows
[2015.11.17-00.36.56:108][  0]LogMemory: Process Physical Memory: 53.97 MB used, 53.97 MB peak
[2015.11.17-00.36.56:108][  0]LogMemory: Process Virtual Memory: 55.27 MB used, 55.27 MB peak
[2015.11.17-00.36.56:108][  0]LogMemory: Physical Memory: 4988.83 MB used, 16323.13 MB total
[2015.11.17-00.36.56:108][  0]LogMemory: Virtual Memory: 364.64 MB used, 134217728.00 MB total
[2015.11.17-00.36.56:142][  0]LogTextLocalizationManager: No specific translations for ('en-US') exist, so ('en') translations will be used.
[2015.11.17-00.36.56:904][  0]LogD3D11RHI: Found D3D11 adapter 0: NVIDIA Quadro K5100M (Feature Level 11_0)
[2015.11.17-00.36.56:904][  0]LogD3D11RHI: Adapter has 8100MB of dedicated video memory, 0MB of dedicated system memory, and 8161MB of shared system memory, 3 output[s]
[2015.11.17-00.36.56:906][  0]LogD3D11RHI: Found D3D11 adapter 1: Microsoft Basic Render Driver (Feature Level 11_0)
[2015.11.17-00.36.56:906][  0]LogD3D11RHI: Adapter has 0MB of dedicated video memory, 0MB of dedicated system memory, and 8161MB of shared system memory, 0 output[s]
[2015.11.17-00.36.56:906][  0]LogD3D11RHI: Chosen D3D11 Adapter Id = 0
[2015.11.17-00.36.56:911][  0]LogD3D11RHI: !Direct3DDevice
[2015.11.17-00.36.56:911][  0]LogRHI: Texture pool is 1361 MB (70% of 1945 MB)
[2015.11.17-00.36.56:928][  0]LogD3D11RHI: Async texture creation enabled
[2015.11.17-00.36.56:940][  0]LogShaderCompilers: Guid format shader working directory is 15 characters bigger than the processId version (../../../../../../Users/croda/Documents/Unreal Projects/SantaSearch/Intermediate/Shaders/WorkingDirectory/5812/).
[2015.11.17-00.36.56:940][  0]LogShaderCompilers: Cleaned the shader compiler working directory '../../../../../../Users/croda/Documents/Unreal Projects/SantaSearch/Intermediate/Shaders/tmp/29F26638424C12F033C053B2AA01299D/'.
[2015.11.17-00.36.56:940][  0]LogShaderCompilers:Display: Using Local Shader Compiler.
[2015.11.17-00.36.57:951][  0]LogTemp:Display: Loaded TP AllDesktopTargetPlatform
[2015.11.17-00.36.57:956][  0]LogTemp:Display: Loaded TP WindowsClientTargetPlatform
[2015.11.17-00.36.57:961][  0]LogTemp:Display: Loaded TP WindowsNoEditorTargetPlatform
[2015.11.17-00.36.57:967][  0]LogTemp:Display: Loaded TP WindowsServerTargetPlatform
[2015.11.17-00.36.57:972][  0]LogTemp:Display: Loaded TP WindowsTargetPlatform
[2015.11.17-00.36.57:976][  0]LogTemp:Display: Loaded TP AndroidTargetPlatform
[2015.11.17-00.36.57:979][  0]LogTemp:Display: Loaded TP Android_ASTCTargetPlatform
[2015.11.17-00.36.57:982][  0]LogTemp:Display: Loaded TP Android_ATCTargetPlatform
[2015.11.17-00.36.57:985][  0]LogTemp:Display: Loaded TP Android_DXTTargetPlatform
[2015.11.17-00.36.57:989][  0]LogTemp:Display: Loaded TP Android_ETC1TargetPlatform
[2015.11.17-00.36.57:992][  0]LogTemp:Display: Loaded TP Android_ETC2TargetPlatform
[2015.11.17-00.36.57:996][  0]LogTemp:Display: Loaded TP Android_PVRTCTargetPlatform
[2015.11.17-00.36.57:996][  0]LogTemp:Display: Loaded TP HTML5TargetPlatform
[2015.11.17-00.36.58:014][  0]LogTemp:Display: Loaded TP IOSTargetPlatform
[2015.11.17-00.36.58:017][  0]LogTemp:Display: Loaded TP LinuxNoEditorTargetPlatform
[2015.11.17-00.36.58:021][  0]LogTemp:Display: Loaded TP LinuxServerTargetPlatform
[2015.11.17-00.36.58:025][  0]LogTemp:Display: Loaded TP LinuxTargetPlatform
[2015.11.17-00.36.58:025][  0]LogTargetPlatformManager:Display: Building Assets For Windows
[2015.11.17-00.36.58:110][  0]LogDerivedDataCache:Display: Max Cache Size: 512 MB
[2015.11.17-00.36.58:151][  0]LogDerivedDataCache: Loaded boot cache 0.04s 42MB C:/Users/croda/AppData/Local/UnrealEngine/4.9/DerivedDataCache/Boot.ddc.
[2015.11.17-00.36.58:151][  0]LogDerivedDataCache:Display: Loaded Boot cache: C:/Users/croda/AppData/Local/UnrealEngine/4.9/DerivedDataCache/Boot.ddc
[2015.11.17-00.36.58:151][  0]LogDerivedDataCache: FDerivedDataBackendGraph:  Pak pak cache file ../../../../../../Users/croda/Documents/Unreal Projects/SantaSearch/DerivedDataCache/DDC.ddp not found, will not use a pak cache.
[2015.11.17-00.36.58:151][  0]LogDerivedDataCache: Unable to find inner node Pak for hierarchical cache Hierarchy.
[2015.11.17-00.36.58:151][  0]LogDerivedDataCache: FDerivedDataBackendGraph:  CompressedPak pak cache file ../../../../../../Users/croda/Documents/Unreal Projects/SantaSearch/DerivedDataCache/Compressed.ddp not found, will not use a pak cache.
[2015.11.17-00.36.58:151][  0]LogDerivedDataCache: Unable to find inner node CompressedPak for hierarchical cache Hierarchy.
[2015.11.17-00.36.58:283][  0]LogDerivedDataCache:Display: Pak cache opened for reading ../../../Engine/DerivedDataCache/Compressed.ddp.
[2015.11.17-00.36.58:295][  0]LogDerivedDataCache: Using Local data cache path C:/Users/croda/AppData/Local/UnrealEngine/Common/DerivedDataCache: Writable
[2015.11.17-00.36.58:465][  0]LogInit: Selected Device Profile: [Windows]
[2015.11.17-00.36.58:467][  0]LogContentStreaming: Texture pool size is 0.000000MB
[2015.11.17-00.36.58:600][  0]LogMeshUtilities: No automatic mesh reduction module available
[2015.11.17-00.36.58:600][  0]LogMeshUtilities: No automatic mesh merging module available
[2015.11.17-00.36.58:844][  0]LogInit: WinSock: version 1.1 (2.2), MaxSocks=32767, MaxUdp=65467
[2015.11.17-00.36.59:652][  0]UdpMessaging: Initializing bridge on interface 0.0.0.0:0 to multicast group 230.0.0.1:6666.
[2015.11.17-00.36.59:768][  0]LogAssetRegistry: FAssetRegistry took 0.0105 seconds to start up
[2015.11.17-00.36.59:961][  0]SourceControl: Info Source control is disabled
[2015.11.17-00.36.59:973][  0]SourceControl: Info Source control is disabled
[2015.11.17-00.36.59:984][  0]SourceControl: Info Source control is disabled
[2015.11.17-00.36.59:995][  0]SourceControl: Info Source control is disabled
[2015.11.17-00.37.00:091][  0]LogHoudiniEngine: Starting the Houdini Engine module.
[2015.11.17-00.37.00:093][  0]LogHoudiniEngine: Loaded libHAPIL.dll from Registry path C:\Program Files\Side Effects Software\Houdini 15.0.244.16/bin
[2015.11.17-00.37.00:093][  0]LogLinker:Warning: Asset '../../../Engine/Plugins/Runtime/HoudiniEngine/Content/houdini_logo.uasset' has been saved with empty engine version. The asset will be loaded but may be incompatible.
[2015.11.17-00.37.00:096][  0]LogLinker:Warning: Asset '../../../Engine/Plugins/Runtime/HoudiniEngine/Content/houdini_default_material.uasset' has been saved with empty engine version. The asset will be loaded but may be incompatible.
[2015.11.17-00.37.00:716][  0]LogHoudiniEngine: Successfully intialized the Houdini Engine API module.
[2015.11.17-00.37.00:816][  0]LogLinker:Warning: Asset '../../../Engine/Plugins/Runtime/LeapMotionController/Content/LM_PassthroughMaterial.uasset' has been saved with empty engine version. The asset will be loaded but may be incompatible.
[2015.11.17-00.37.00:913][  0]LeapPluginLog: Using LeapPlugin version 0.9.6
[2015.11.17-00.37.00:918][  0]LogObj: 29100 objects as part of root set at end of initial load.
[2015.11.17-00.37.00:918][  0]LogUObjectAllocator: 6175176 out of 0 bytes used by permanent object pool.
[2015.11.17-00.37.00:978][  0]LogEngine: Initializing Engine...
[2015.11.17-00.37.00:980][  0]OCULUS: Info: 11/17/15 00:37:00: [CAPI] LibOVR module is located at C:\Windows\SYSTEM32\LibOVRRT64_0_7.dll

[2015.11.17-00.37.01:580][  0]OCULUS: Error: 11/17/15 00:37:01: [CAPI] ovr_Create failed to complete within the timeout period.
[2015.11.17-00.37.01:683][  0]LogHMD: SteamVR failed to initialize.  Err: 110
[2015.11.17-00.37.01:805][  0]LogAIModule: Creating AISystem for world NewWorld
[2015.11.17-00.37.01:812][  0]LogInit: XAudio2 using 'Headphone (Realtek High Definition Audio)' : 2 channels at 48 kHz using 32 bits per sample (channel mask 0x3)
[2015.11.17-00.37.01:948][  0]LogInit: FAudioDevice initialized.
[2015.11.17-00.37.02:080][  0]LogDerivedDataCache: Saved boot cache 0.13s 42MB C:/Users/croda/AppData/Local/UnrealEngine/4.9/DerivedDataCache/Boot.ddc.
[2015.11.17-00.37.02:082][  0]LogInit: Texture streaming: Enabled
[2015.11.17-00.37.02:089][  0]LogAnalytics: Creating configured Analytics provider AnalyticsET
[2015.11.17-00.37.02:089][  0]LogAnalytics: [UEEditor.Rocket.Release] APIServer = http://et2.epicgames.com/ET2/. AppVersion = 4.9.2-2707645+++depot+UE4-Releases+4.9
[2015.11.17-00.37.02:089][  0]LogAnalytics: [UEEditor.Rocket.Release] SetUserId 38384f7f4fe22369eef2c4908fb1257c|6dee01914e174258b8c89718799d58e5|4a372342-4369-4fb5-aabc-8ff6b2bfbeff
[2015.11.17-00.37.02:089][  0]LogAnalytics: [UEEditor.Rocket.Release] AnalyticsET::StartSession
[2015.11.17-00.37.02:103][  0]LogWindowsTextInputMethodSystem:Display: IME system now deactivated.
[2015.11.17-00.37.02:103][  0]LogWindowsTextInputMethodSystem:Display: IME system now deactivated.
[2015.11.17-00.37.02:126][  0]LogInit: Transaction tracking system initialized
[2015.11.17-00.37.02:172][  0]BlueprintLog: New page: Editor Load
[2015.11.17-00.37.02:277][  0]LocalizationService: Info Localization service is disabled
[2015.11.17-00.37.02:377][  0]LogConsoleResponse:Display: 
[2015.11.17-00.37.02:536][  0]LogCook:Display: Done creating registry. It took  0.00s.
[2015.11.17-00.37.02:576][  0]LogFileCache: Scanning file cache for directory 'C:/Users/croda/Documents/Unreal Projects/SantaSearch/Content/' took 0.02s
[2015.11.17-00.37.02:576][  0]LogHoudiniEngineEditor: Starting the Houdini Engine Editor module.
[2015.11.17-00.37.02:620][  0]SourceControl: Info Source control is disabled
[2015.11.17-00.37.02:620][  0]Cmd: MAP LOAD FILE="../../../../../../Users/croda/Documents/Unreal Projects/SantaSearch/Content/Maps/MemoryCardEntry.umap" TEMPLATE=0 SHOWPROGRESS=1 FEATURELEVEL=3
[2015.11.17-00.37.02:621][  0]LightingResults: New page: Lighting Build
[2015.11.17-00.37.02:625][  0]MapCheck: New page: Map Check
[2015.11.17-00.37.02:625][  0]LightingResults: New page: Lighting Build
[2015.11.17-00.37.02:636][  0]LogParticles: Destroying 0 GPU particle simulations for FXSystem 0x0000004C444642C0
[2015.11.17-00.37.02:807][  0]LogBlueprint:Warning: [compiler Ue4ASP_Character] Warning InputAction Event references unknown Action 'Crouch' for  InputAction Crouch 
[2015.11.17-00.37.02:807][  0]LogBlueprint:Warning: [compiler Ue4ASP_Character] Warning InputAction Event references unknown Action 'Jump' for  InputAction Jump 
[2015.11.17-00.37.02:807][  0]LogBlueprint:Warning: [compiler Ue4ASP_Character] Warning Input Axis Event references unknown Axis 'LookUp' for  InputAxis LookUp 
[2015.11.17-00.37.02:807][  0]LogBlueprint:Warning: [compiler Ue4ASP_Character] Warning Input Axis Event references unknown Axis 'Turn' for  InputAxis Turn 
[2015.11.17-00.37.02:808][  0]LogBlueprint:Warning: [compiler Ue4ASP_Character] Warning Input Axis Event references unknown Axis 'MoveRight' for  InputAxis MoveRight 
[2015.11.17-00.37.02:808][  0]LogBlueprint:Warning: [compiler Ue4ASP_Character] Warning Input Axis Event references unknown Axis 'MoveForward' for  InputAxis MoveForward 
[2015.11.17-00.37.02:811][  0]LogBlueprint:Warning: [compiler Ue4ASP_Character] Warning [0007.27] Compile of Ue4ASP_Character successful, but with 6 Warning(s) [in 8 ms]
[2015.11.17-00.37.02:811][  0]LogBlueprint:Warning: [compiler Ue4ASP_Character] Warning [0007.27] Compile of Ue4ASP_Character successful, but with 7 Warning(s) [in 0 ms]
[2015.11.17-00.37.02:811][  0]LogBlueprint:Warning: [compiler Ue4ASP_Character] Warning [0007.27] Compile of Ue4ASP_Character successful, but with 8 Warning(s) [in 0 ms]
[2015.11.17-00.37.02:851][  0]LogBlueprint:Warning: [compiler Ue4ASP_Character] Warning InputAction Event references unknown Action 'Crouch' for  InputAction Crouch 
[2015.11.17-00.37.02:851][  0]LogBlueprint:Warning: [compiler Ue4ASP_Character] Warning InputAction Event references unknown Action 'Jump' for  InputAction Jump 
[2015.11.17-00.37.02:851][  0]LogBlueprint:Warning: [compiler Ue4ASP_Character] Warning Input Axis Event references unknown Axis 'LookUp' for  InputAxis LookUp 
[2015.11.17-00.37.02:852][  0]LogBlueprint:Warning: [compiler Ue4ASP_Character] Warning Input Axis Event references unknown Axis 'Turn' for  InputAxis Turn 
[2015.11.17-00.37.02:852][  0]LogBlueprint:Warning: [compiler Ue4ASP_Character] Warning Input Axis Event references unknown Axis 'MoveRight' for  InputAxis MoveRight 
[2015.11.17-00.37.02:852][  0]LogBlueprint:Warning: [compiler Ue4ASP_Character] Warning Input Axis Event references unknown Axis 'MoveForward' for  InputAxis MoveForward 
[2015.11.17-00.37.02:855][  0]LogBlueprint:Warning: [compiler Ue4ASP_Character] Warning [0007.32] Compile of Ue4ASP_Character successful, but with 6 Warning(s) [in 10 ms]
[2015.11.17-00.37.02:855][  0]LogBlueprint:Warning: [compiler Ue4ASP_Character] Warning [0007.32] Compile of Ue4ASP_Character successful, but with 7 Warning(s) [in 0 ms]
[2015.11.17-00.37.02:856][  0]LogBlueprint:Warning: [compiler Ue4ASP_Character] Warning [0007.32] Compile of Ue4ASP_Character successful, but with 8 Warning(s) [in 0 ms]
[2015.11.17-00.37.03:419][  0]LogBlueprint:Warning: ExposeOnSpawn ambiguity. Property 'IntProperty /Game/Blueprints/BP_CardMem.BP_CardMem_C:CardIType', MetaData 'True', Flag 'False'
[2015.11.17-00.37.03:654][  0]LogProperty:Error: UStructProperty::Serialize Loading: Property 'StructProperty /LeapMotion/Character/Basic/BasicCharacter_AnimBlueprint.BasicCharacter_AnimBlueprint_C:AnimGraphNode_Fabrik_8C904C7A415FB588652E8A91FDC811AE'. Unknown structure.
[2015.11.17-00.37.03:654][  0]LogProperty:Error: UStructProperty::Serialize Loading: Property 'StructProperty /LeapMotion/Character/Basic/BasicCharacter_AnimBlueprint.BasicCharacter_AnimBlueprint_C:AnimGraphNode_Fabrik_416EC86F435836563C4E49AD6D016C3C'. Unknown structure.
[2015.11.17-00.37.03:655][  0]LogProperty:Error: UStructProperty::Serialize Loading: Property 'StructProperty /LeapMotion/Character/Basic/BasicCharacter_AnimBlueprint.BasicCharacter_AnimBlueprint_C:AnimGraphNode_Fabrik_9FF4326C4CAD2373B92D6F9E3AC3F57A'. Unknown structure.
[2015.11.17-00.37.03:656][  0]LogAnimation:Warning: Invalid animation root node index 54 on '/LeapMotion/Character/Basic/BasicCharacter_AnimBlueprint.BasicCharacter_AnimBlueprint_C' (only 52 nodes)
[2015.11.17-00.37.07:747][  0]LogOutputDevice: === Handled error: ===

Ensure condition failed: bValidRootIndex [File:D:\BuildFarm\buildmachine_++depot+UE4-Releases+4.9\Engine\Source\Runtime\Engine\Private\Animation\AnimBlueprintGeneratedClass.cpp] [Line: 234]

Stack: 
UE4Editor-Core.dll!FWindowsPlatformStackWalk::StackWalkAndDump() [d:\buildfarm\buildmachine_++depot+ue4-releases+4.9\engine\source\runtime\core\private\windows\windowsplatformstackwalk.cpp:175]
UE4Editor-Core.dll!FDebug::EnsureFailed() [d:\buildfarm\buildmachine_++depot+ue4-releases+4.9\engine\source\runtime\core\private\misc\outputdevice.cpp:258]
UE4Editor-Core.dll!FDebug::OptionallyLogFormattedEnsureMessageReturningFalse() [d:\buildfarm\buildmachine_++depot+ue4-releases+4.9\engine\source\runtime\core\private\misc\outputdevice.cpp:368]
UE4Editor-Engine.dll!UAnimBlueprintGeneratedClass::Link() [d:\buildfarm\buildmachine_++depot+ue4-releases+4.9\engine\source\runtime\engine\private\animation\animblueprintgeneratedclass.cpp:234]
UE4Editor-CoreUObject.dll!UClass::Serialize() [d:\buildfarm\buildmachine_++depot+ue4-releases+4.9\engine\source\runtime\coreuobject\private\uobject\class.cpp:3393]
UE4Editor-Engine.dll!UBlueprintGeneratedClass::Serialize() [d:\buildfarm\buildmachine_++depot+ue4-releases+4.9\engine\source\runtime\engine\private\blueprintgeneratedclass.cpp:757]
UE4Editor-CoreUObject.dll!FLinkerLoad::Preload() [d:\buildfarm\buildmachine_++depot+ue4-releases+4.9\engine\source\runtime\coreuobject\private\uobject\linkerload.cpp:3143]
UE4Editor-CoreUObject.dll!FLinkerLoad::CreateExport() [d:\buildfarm\buildmachine_++depot+ue4-releases+4.9\engine\source\runtime\coreuobject\private\uobject\linkerload.cpp:3792]
UE4Editor-CoreUObject.dll!FLinkerLoad::IndexToObject() [d:\buildfarm\buildmachine_++depot+ue4-releases+4.9\engine\source\runtime\coreuobject\private\uobject\linkerload.cpp:3982]
UE4Editor-CoreUObject.dll!FLinkerLoad::CreateExport() [d:\buildfarm\buildmachine_++depot+ue4-releases+4.9\engine\source\runtime\coreuobject\private\uobject\linkerload.cpp:3505]
UE4Editor-CoreUObject.dll!FLinkerLoad::CreateExportAndPreload() [d:\buildfarm\buildmachine_++depot+ue4-releases+4.9\engine\source\runtime\coreuobject\private\uobject\linkerload.cpp:2661]
UE4Editor-CoreUObject.dll!FLinkerLoad::LoadAllObjects() [d:\buildfarm\buildmachine_++depot+ue4-releases+4.9\engine\source\runtime\coreuobject\private\uobject\linkerload.cpp:2769]
UE4Editor-CoreUObject.dll!LoadPackageInternal() [d:\buildfarm\buildmachine_++depot+ue4-releases+4.9\engine\source\runtime\coreuobject\private\uobject\uobjectglobals.cpp:1032]
UE4Editor-CoreUObject.dll!FLinkerLoad::VerifyImportInner() [d:\buildfarm\buildmachine_++depot+ue4-releases+4.9\engine\source\runtime\coreuobject\private\uobject\linkerload.cpp:2354]
UE4Editor-CoreUObject.dll!FLinkerLoad::VerifyImport() [d:\buildfarm\buildmachine_++depot+ue4-releases+4.9\engine\source\runtime\coreuobject\private\uobject\linkerload.cpp:2115]
UE4Editor-CoreUObject.dll!FLinkerLoad::VerifyImportInner() [d:\buildfarm\buildmachine_++depot+ue4-releases+4.9\engine\source\runtime\coreuobject\private\uobject\linkerload.cpp:2402]
UE4Editor-CoreUObject.dll!FLinkerLoad::VerifyImport() [d:\buildfarm\buildmachine_++depot+ue4-releases+4.9\engine\source\runtime\coreuobject\private\uobject\linkerload.cpp:2115]
UE4Editor-CoreUObject.dll!FLinkerLoad::Verify() [d:\buildfarm\buildmachine_++depot+ue4-releases+4.9\engine\source\runtime\coreuobject\private\uobject\linkerload.cpp:1905]
UE4Editor-CoreUObject.dll!FLinkerLoad::FinalizeCreation() [d:\buildfarm\buildmachine_++depot+ue4-releases+4.9\engine\source\runtime\coreuobject\private\uobject\linkerload.cpp:1815]
UE4Editor-CoreUObject.dll!FLinkerLoad::Tick() [d:\buildfarm\buildmachine_++depot+ue4-releases+4.9\engine\source\runtime\coreuobject\private\uobject\linkerload.cpp:666]
UE4Editor-CoreUObject.dll!FLinkerLoad::CreateLinker() [d:\buildfarm\buildmachine_++depot+ue4-releases+4.9\engine\source\runtime\coreuobject\private\uobject\linkerload.cpp:404]
UE4Editor-CoreUObject.dll!GetPackageLinker() [d:\buildfarm\buildmachine_++depot+ue4-releases+4.9\engine\source\runtime\coreuobject\private\uobject\linker.cpp:570]
UE4Editor-CoreUObject.dll!LoadPackageInternal() [d:\buildfarm\buildmachine_++depot+ue4-releases+4.9\engine\source\runtime\coreuobject\private\uobject\uobjectglobals.cpp:936]
UE4Editor-CoreUObject.dll!FLinkerLoad::VerifyImportInner() [d:\buildfarm\buildmachine_++depot+ue4-releases+4.9\engine\source\runtime\coreuobject\private\uobject\linkerload.cpp:2354]
UE4Editor-CoreUObject.dll!FLinkerLoad::VerifyImport() [d:\buildfarm\buildmachine_++depot+ue4-releases+4.9\engine\source\runtime\coreuobject\private\uobject\linkerload.cpp:2115]
UE4Editor-CoreUObject.dll!FLinkerLoad::VerifyImportInner() [d:\buildfarm\buildmachine_++depot+ue4-releases+4.9\engine\source\runtime\coreuobject\private\uobject\linkerload.cpp:2402]
UE4Editor-CoreUObject.dll!FLinkerLoad::VerifyImport() [d:\buildfarm\buildmachine_++depot+ue4-releases+4.9\engine\source\runtime\coreuobject\private\uobject\linkerload.cpp:2115]
UE4Editor-CoreUObject.dll!FLinkerLoad::CreateImport() [d:\buildfarm\buildmachine_++depot+ue4-releases+4.9\engine\source\runtime\coreuobject\private\uobject\linkerload.cpp:3926]
UE4Editor-CoreUObject.dll!FLinkerLoad::ResolveAllImports() [d:\buildfarm\buildmachine_++depot+ue4-releases+4.9\engine\source\runtime\coreuobject\private\blueprint\blueprintsupport.cpp:1026]
UE4Editor-CoreUObject.dll!FLinkerLoad::FinalizeBlueprint() [d:\buildfarm\buildmachine_++depot+ue4-releases+4.9\engine\source\runtime\coreuobject\private\blueprint\blueprintsupport.cpp:1103]
UE4Editor-CoreUObject.dll!FLinkerLoad::Preload() [d:\buildfarm\buildmachine_++depot+ue4-releases+4.9\engine\source\runtime\coreuobject\private\uobject\linkerload.cpp:3190]
UE4Editor-CoreUObject.dll!FLinkerLoad::CreateExport() [d:\buildfarm\buildmachine_++depot+ue4-releases+4.9\engine\source\runtime\coreuobject\private\uobject\linkerload.cpp:3792]
UE4Editor-CoreUObject.dll!FLinkerLoad::IndexToObject() [d:\buildfarm\buildmachine_++depot+ue4-releases+4.9\engine\source\runtime\coreuobject\private\uobject\linkerload.cpp:3982]
UE4Editor-CoreUObject.dll!FLinkerLoad::CreateExport() [d:\buildfarm\buildmachine_++depot+ue4-releases+4.9\engine\source\runtime\coreuobject\private\uobject\linkerload.cpp:3505]
UE4Editor-CoreUObject.dll!FLinkerLoad::IndexToObject() [d:\buildfarm\buildmachine_++depot+ue4-releases+4.9\engine\source\runtime\coreuobject\private\uobject\linkerload.cpp:3982]
UE4Editor-CoreUObject.dll!FLinkerLoad::CreateExport() [d:\buildfarm\buildmachine_++depot+ue4-releases+4.9\engine\source\runtime\coreuobject\private\uobject\linkerload.cpp:3505]
UE4Editor-CoreUObject.dll!FLinkerLoad::CreateExportAndPreload() [d:\buildfarm\buildmachine_++depot+ue4-releases+4.9\engine\source\runtime\coreuobject\private\uobject\linkerload.cpp:2661]
UE4Editor-CoreUObject.dll!FLinkerLoad::LoadAllObjects() [d:\buildfarm\buildmachine_++depot+ue4-releases+4.9\engine\source\runtime\coreuobject\private\uobject\linkerload.cpp:2769]
UE4Editor-CoreUObject.dll!LoadPackageInternal() [d:\buildfarm\buildmachine_++depot+ue4-releases+4.9\engine\source\runtime\coreuobject\private\uobject\uobjectglobals.cpp:1032]
UE4Editor-CoreUObject.dll!FLinkerLoad::VerifyImportInner() [d:\buildfarm\buildmachine_++depot+ue4-releases+4.9\engine\source\runtime\coreuobject\private\uobject\linkerload.cpp:2354]
UE4Editor-CoreUObject.dll!FLinkerLoad::VerifyImport() [d:\buildfarm\buildmachine_++depot+ue4-releases+4.9\engine\source\runtime\coreuobject\private\uobject\linkerload.cpp:2115]
UE4Editor-CoreUObject.dll!FLinkerLoad::VerifyImportInner() [d:\buildfarm\buildmachine_++depot+ue4-releases+4.9\engine\source\runtime\coreuobject\private\uobject\linkerload.cpp:2402]
UE4Editor-CoreUObject.dll!FLinkerLoad::VerifyImport() [d:\buildfarm\buildmachine_++depot+ue4-releases+4.9\engine\source\runtime\coreuobject\private\uobject\linkerload.cpp:2115]
UE4Editor-CoreUObject.dll!FLinkerLoad::Verify() [d:\buildfarm\buildmachine_++depot+ue4-releases+4.9\engine\source\runtime\coreuobject\private\uobject\linkerload.cpp:1905]
UE4Editor-CoreUObject.dll!FLinkerLoad::FinalizeCreation() [d:\buildfarm\buildmachine_++depot+ue4-releases+4.9\engine\source\runtime\coreuobject\private\uobject\linkerload.cpp:1815]
UE4Editor-CoreUObject.dll!FLinkerLoad::Tick() [d:\buildfarm\buildmachine_++depot+ue4-releases+4.9\engine\source\runtime\coreuobject\private\uobject\linkerload.cpp:666]
UE4Editor-CoreUObject.dll!FLinkerLoad::CreateLinker() [d:\buildfarm\buildmachine_++depot+ue4-releases+4.9\engine\source\runtime\coreuobject\private\uobject\linkerload.cpp:404]
UE4Editor-CoreUObject.dll!GetPackageLinker() [d:\buildfarm\buildmachine_++depot+ue4-releases+4.9\engine\source\runtime\coreuobject\private\uobject\linker.cpp:570]
UE4Editor-CoreUObject.dll!LoadPackageInternal() [d:\buildfarm\buildmachine_++depot+ue4-releases+4.9\engine\source\runtime\coreuobject\private\uobject\uobjectglobals.cpp:936]
UE4Editor-CoreUObject.dll!FLinkerLoad::VerifyImportInner() [d:\buildfarm\buildmachine_++depot+ue4-releases+4.9\engine\source\runtime\coreuobject\private\uobject\linkerload.cpp:2354]
UE4Editor-CoreUObject.dll!FLinkerLoad::VerifyImport() [d:\buildfarm\buildmachine_++depot+ue4-releases+4.9\engine\source\runtime\coreuobject\private\uobject\linkerload.cpp:2115]
UE4Editor-CoreUObject.dll!FLinkerLoad::VerifyImportInner() [d:\buildfarm\buildmachine_++depot+ue4-releases+4.9\engine\source\runtime\coreuobject\private\uobject\linkerload.cpp:2402]
UE4Editor-CoreUObject.dll!FLinkerLoad::VerifyImport() [d:\buildfarm\buildmachine_++depot+ue4-releases+4.9\engine\source\runtime\coreuobject\private\uobject\linkerload.cpp:2115]
UE4Editor-CoreUObject.dll!FLinkerLoad::Verify() [d:\buildfarm\buildmachine_++depot+ue4-releases+4.9\engine\source\runtime\coreuobject\private\uobject\linkerload.cpp:1905]
UE4Editor-CoreUObject.dll!FLinkerLoad::FinalizeCreation() [d:\buildfarm\buildmachine_++depot+ue4-releases+4.9\engine\source\runtime\coreuobject\private\uobject\linkerload.cpp:1815]
UE4Editor-CoreUObject.dll!FLinkerLoad::Tick() [d:\buildfarm\buildmachine_++depot+ue4-releases+4.9\engine\source\runtime\coreuobject\private\uobject\linkerload.cpp:666]
UE4Editor-CoreUObject.dll!FLinkerLoad::CreateLinker() [d:\buildfarm\buildmachine_++depot+ue4-releases+4.9\engine\source\runtime\coreuobject\private\uobject\linkerload.cpp:404]
UE4Editor-CoreUObject.dll!GetPackageLinker() [d:\buildfarm\buildmachine_++depot+ue4-releases+4.9\engine\source\runtime\coreuobject\private\uobject\linker.cpp:570]
UE4Editor-CoreUObject.dll!LoadPackageInternal() [d:\buildfarm\buildmachine_++depot+ue4-releases+4.9\engine\source\runtime\coreuobject\private\uobject\uobjectglobals.cpp:936]
UE4Editor-CoreUObject.dll!FLinkerLoad::VerifyImportInner() [d:\buildfarm\buildmachine_++depot+ue4-releases+4.9\engine\source\runtime\coreuobject\private\uobject\linkerload.cpp:2354]
UE4Editor-CoreUObject.dll!FLinkerLoad::VerifyImport() [d:\buildfarm\buildmachine_++depot+ue4-releases+4.9\engine\source\runtime\coreuobject\private\uobject\linkerload.cpp:2115]
UE4Editor-CoreUObject.dll!FLinkerLoad::VerifyImportInner() [d:\buildfarm\buildmachine_++depot+ue4-releases+4.9\engine\source\runtime\coreuobject\private\uobject\linkerload.cpp:2402]
UE4Editor-CoreUObject.dll!FLinkerLoad::VerifyImport() [d:\buildfarm\buildmachine_++depot+ue4-releases+4.9\engine\source\runtime\coreuobject\private\uobject\linkerload.cpp:2115]
UE4Editor-CoreUObject.dll!FLinkerLoad::Verify() [d:\buildfarm\buildmachine_++depot+ue4-releases+4.9\engine\source\runtime\coreuobject\private\uobject\linkerload.cpp:1905]
UE4Editor-CoreUObject.dll!FLinkerLoad::FinalizeCreation() [d:\buildfarm\buildmachine_++depot+ue4-releases+4.9\engine\source\runtime\coreuobject\private\uobject\linkerload.cpp:1815]
UE4Editor-CoreUObject.dll!FLinkerLoad::Tick() [d:\buildfarm\buildmachine_++depot+ue4-releases+4.9\engine\source\runtime\coreuobject\private\uobject\linkerload.cpp:666]
UE4Editor-CoreUObject.dll!FLinkerLoad::CreateLinker() [d:\buildfarm\buildmachine_++depot+ue4-releases+4.9\engine\source\runtime\coreuobject\private\uobject\linkerload.cpp:404]
UE4Editor-CoreUObject.dll!GetPackageLinker() [d:\buildfarm\buildmachine_++depot+ue4-releases+4.9\engine\source\runtime\coreuobject\private\uobject\linker.cpp:570]
UE4Editor-CoreUObject.dll!LoadPackageInternal() [d:\buildfarm\buildmachine_++depot+ue4-releases+4.9\engine\source\runtime\coreuobject\private\uobject\uobjectglobals.cpp:936]
UE4Editor-CoreUObject.dll!FLinkerLoad::VerifyImportInner() [d:\buildfarm\buildmachine_++depot+ue4-releases+4.9\engine\source\runtime\coreuobject\private\uobject\linkerload.cpp:2354]
UE4Editor-CoreUObject.dll!FLinkerLoad::VerifyImport() [d:\buildfarm\buildmachine_++depot+ue4-releases+4.9\engine\source\runtime\coreuobject\private\uobject\linkerload.cpp:2115]
UE4Editor-CoreUObject.dll!FLinkerLoad::VerifyImportInner() [d:\buildfarm\buildmachine_++depot+ue4-releases+4.9\engine\source\runtime\coreuobject\private\uobject\linkerload.cpp:2402]
UE4Editor-CoreUObject.dll!FLinkerLoad::VerifyImport() [d:\buildfarm\buildmachine_++depot+ue4-releases+4.9\engine\source\runtime\coreuobject\private\uobject\linkerload.cpp:2115]
UE4Editor-CoreUObject.dll!FLinkerLoad::Verify() [d:\buildfarm\buildmachine_++depot+ue4-releases+4.9\engine\source\runtime\coreuobject\private\uobject\linkerload.cpp:1905]
UE4Editor-CoreUObject.dll!FLinkerLoad::FinalizeCreation() [d:\buildfarm\buildmachine_++depot+ue4-releases+4.9\engine\source\runtime\coreuobject\private\uobject\linkerload.cpp:1815]
UE4Editor-CoreUObject.dll!FLinkerLoad::Tick() [d:\buildfarm\buildmachine_++depot+ue4-releases+4.9\engine\source\runtime\coreuobject\private\uobject\linkerload.cpp:666]
UE4Editor-CoreUObject.dll!FLinkerLoad::CreateLinker() [d:\buildfarm\buildmachine_++depot+ue4-releases+4.9\engine\source\runtime\coreuobject\private\uobject\linkerload.cpp:404]
UE4Editor-CoreUObject.dll!GetPackageLinker() [d:\buildfarm\buildmachine_++depot+ue4-releases+4.9\engine\source\runtime\coreuobject\private\uobject\linker.cpp:570]
UE4Editor-CoreUObject.dll!LoadPackageInternal() [d:\buildfarm\buildmachine_++depot+ue4-releases+4.9\engine\source\runtime\coreuobject\private\uobject\uobjectglobals.cpp:936]
UE4Editor-CoreUObject.dll!FLinkerLoad::VerifyImportInner() [d:\buildfarm\buildmachine_++depot+ue4-releases+4.9\engine\source\runtime\coreuobject\private\uobject\linkerload.cpp:2354]
UE4Editor-CoreUObject.dll!FLinkerLoad::VerifyImport() [d:\buildfarm\buildmachine_++depot+ue4-releases+4.9\engine\source\runtime\coreuobject\private\uobject\linkerload.cpp:2115]
UE4Editor-CoreUObject.dll!FLinkerLoad::VerifyImportInner() [d:\buildfarm\buildmachine_++depot+ue4-releases+4.9\engine\source\runtime\coreuobject\private\uobject\linkerload.cpp:2402]
UE4Editor-CoreUObject.dll!FLinkerLoad::VerifyImport() [d:\buildfarm\buildmachine_++depot+ue4-releases+4.9\engine\source\runtime\coreuobject\private\uobject\linkerload.cpp:2115]
UE4Editor-CoreUObject.dll!FLinkerLoad::VerifyImportInner() [d:\buildfarm\buildmachine_++depot+ue4-releases+4.9\engine\source\runtime\coreuobject\private\uobject\linkerload.cpp:2402]
UE4Editor-CoreUObject.dll!FLinkerLoad::VerifyImport() [d:\buildfarm\buildmachine_++depot+ue4-releases+4.9\engine\source\runtime\coreuobject\private\uobject\linkerload.cpp:2115]
UE4Editor-CoreUObject.dll!FLinkerLoad::Verify() [d:\buildfarm\buildmachine_++depot+ue4-releases+4.9\engine\source\runtime\coreuobject\private\uobject\linkerload.cpp:1905]
UE4Editor-CoreUObject.dll!FLinkerLoad::FinalizeCreation() [d:\buildfarm\buildmachine_++depot+ue4-releases+4.9\engine\source\runtime\coreuobject\private\uobject\linkerload.cpp:1815]
UE4Editor-CoreUObject.dll!FLinkerLoad::Tick() [d:\buildfarm\buildmachine_++depot+ue4-releases+4.9\engine\source\runtime\coreuobject\private\uobject\linkerload.cpp:666]
UE4Editor-CoreUObject.dll!FLinkerLoad::CreateLinker() [d:\buildfarm\buildmachine_++depot+ue4-releases+4.9\engine\source\runtime\coreuobject\private\uobject\linkerload.cpp:404]
UE4Editor-CoreUObject.dll!GetPackageLinker() [d:\buildfarm\buildmachine_++depot+ue4-releases+4.9\engine\source\runtime\coreuobject\private\uobject\linker.cpp:570]
UE4Editor-CoreUObject.dll!LoadPackageInternal() [d:\buildfarm\buildmachine_++depot+ue4-releases+4.9\engine\source\runtime\coreuobject\private\uobject\uobjectglobals.cpp:936]
UE4Editor-UnrealEd.dll
[2015.11.17-00.37.08:049][  0]LogAnimation:Warning: Invalid animation root node index 54 on '/LeapMotion/Character/Basic/BasicCharacter_AnimBlueprint.BasicCharacter_AnimBlueprint_C' (only 52 nodes)
[2015.11.17-00.37.08:376][  0]LogAnimation:Warning: Invalid animation root node index 54 on '/Engine/Transient.REINST_BasicCharacter_AnimBlueprint_C_2' (only 52 nodes)
[2015.11.17-00.37.08:511][  0]LogClass:Warning: Property AnimGraphNode_Fabrik_8C904C7A415FB588652E8A91FDC811AE of BasicCharacter_AnimBlueprint_C has a struct type mismatch (tag FallbackStruct != prop AnimNode_Fabrik) in package:  FObjectReader. If that struct got renamed, add an entry to ActiveStructRedirects.
[2015.11.17-00.37.08:511][  0]LogClass:Warning: Property AnimGraphNode_Fabrik_416EC86F435836563C4E49AD6D016C3C of BasicCharacter_AnimBlueprint_C has a struct type mismatch (tag FallbackStruct != prop AnimNode_Fabrik) in package:  FObjectReader. If that struct got renamed, add an entry to ActiveStructRedirects.
[2015.11.17-00.37.08:511][  0]LogClass:Warning: Property AnimGraphNode_Fabrik_9FF4326C4CAD2373B92D6F9E3AC3F57A of BasicCharacter_AnimBlueprint_C has a struct type mismatch (tag FallbackStruct != prop AnimNode_Fabrik) in package:  FObjectReader. If that struct got renamed, add an entry to ActiveStructRedirects.
[2015.11.17-00.37.08:743][  0]LogBlueprint:Warning: [compiler LeapBasicRiggedCharacter] Warning InputAction Event references unknown Action 'Jump' for  InputAction Jump 
[2015.11.17-00.37.08:743][  0]LogBlueprint:Warning: [compiler LeapBasicRiggedCharacter] Warning Input Axis Event references unknown Axis 'LookUpRate' for  InputAxis LookUpRate 
[2015.11.17-00.37.08:743][  0]LogBlueprint:Warning: [compiler LeapBasicRiggedCharacter] Warning Input Axis Event references unknown Axis 'TurnRate' for  InputAxis TurnRate 
[2015.11.17-00.37.08:743][  0]LogBlueprint:Warning: [compiler LeapBasicRiggedCharacter] Warning Input Axis Event references unknown Axis 'Turn' for  InputAxis Turn 
[2015.11.17-00.37.08:744][  0]LogBlueprint:Warning: [compiler LeapBasicRiggedCharacter] Warning Input Axis Event references unknown Axis 'LookUp' for  InputAxis LookUp 
[2015.11.17-00.37.08:744][  0]LogBlueprint:Warning: [compiler LeapBasicRiggedCharacter] Warning Input Axis Event references unknown Axis 'MoveRight' for  InputAxis MoveRight 
[2015.11.17-00.37.08:744][  0]LogBlueprint:Warning: [compiler LeapBasicRiggedCharacter] Warning Input Axis Event references unknown Axis 'MoveForward' for  InputAxis MoveForward 
[2015.11.17-00.37.08:748][  0]LogBlueprint:Warning: [compiler LeapBasicRiggedCharacter] Warning [0013.21] Compile of LeapBasicRiggedCharacter successful, but with 7 Warning(s) [in 14 ms]
[2015.11.17-00.37.08:749][  0]LogBlueprint:Warning: [compiler LeapBasicRiggedCharacter] Warning [0013.21] Compile of LeapBasicRiggedCharacter successful, but with 8 Warning(s) [in 0 ms]
[2015.11.17-00.37.08:749][  0]LogBlueprint:Warning: [compiler LeapBasicRiggedCharacter] Warning [0013.21] Compile of LeapBasicRiggedCharacter successful, but with 9 Warning(s) [in 0 ms]
[2015.11.17-00.37.09:198][  0]LogBlueprint:Warning: [compiler LeapBasicRiggedCharacter] Warning InputAction Event references unknown Action 'Jump' for  InputAction Jump 
[2015.11.17-00.37.09:198][  0]LogBlueprint:Warning: [compiler LeapBasicRiggedCharacter] Warning Input Axis Event references unknown Axis 'LookUpRate' for  InputAxis LookUpRate 
[2015.11.17-00.37.09:198][  0]LogBlueprint:Warning: [compiler LeapBasicRiggedCharacter] Warning Input Axis Event references unknown Axis 'TurnRate' for  InputAxis TurnRate 
[2015.11.17-00.37.09:199][  0]LogBlueprint:Warning: [compiler LeapBasicRiggedCharacter] Warning Input Axis Event references unknown Axis 'Turn' for  InputAxis Turn 
[2015.11.17-00.37.09:199][  0]LogBlueprint:Warning: [compiler LeapBasicRiggedCharacter] Warning Input Axis Event references unknown Axis 'LookUp' for  InputAxis LookUp 
[2015.11.17-00.37.09:199][  0]LogBlueprint:Warning: [compiler LeapBasicRiggedCharacter] Warning Input Axis Event references unknown Axis 'MoveRight' for 