[2015.11.26-14.33.31:379][  0]Log file open, 11/26/15 09:33:31
[2015.11.26-14.33.31:379][  0]LogInit:Display: Running engine for game: SantaSearch
[2015.11.26-14.33.31:379][  0]LogInit:Display: RandInit(-545461960) SRandInit(-545461960).
[2015.11.26-14.33.31:379][  0]LogTaskGraph: Started task graph with 4 named threads and 7 total threads.
[2015.11.26-14.33.31:379][  0]LogStats: Stats thread started at 0.082810
[2015.11.26-14.33.31:379][  0]LogInit: Version: 4.9.2-2707645+++depot+UE4-Releases+4.9
[2015.11.26-14.33.31:379][  0]LogInit: API Version: 2672455
[2015.11.26-14.33.31:379][  0]LogInit: Compiled (64-bit): Sep 28 2015 10:25:44
[2015.11.26-14.33.31:379][  0]LogInit: Compiled with Visual C++: 18.00.21005.01
[2015.11.26-14.33.31:379][  0]LogInit: Build Configuration: Development
[2015.11.26-14.33.31:379][  0]LogInit: Branch Name: ++depot+UE4-Releases+4.9
[2015.11.26-14.33.31:379][  0]LogInit: Command line:  
[2015.11.26-14.33.31:379][  0]LogInit: Base directory: C:/Program Files/Epic Games/4.9/Engine/Binaries/Win64/
[2015.11.26-14.33.31:379][  0]LogInit: Rocket: 1
[2015.11.26-14.33.31:389][  0]LogInit: Using libcurl 7.41.0
[2015.11.26-14.33.31:389][  0]LogInit:  - built for x86_64-pc-win32
[2015.11.26-14.33.31:389][  0]LogInit:  - supports SSL with WinSSL
[2015.11.26-14.33.31:389][  0]LogInit:  - other features:
[2015.11.26-14.33.31:389][  0]LogInit:      CURL_VERSION_SSL
[2015.11.26-14.33.31:389][  0]LogInit:      CURL_VERSION_IPV6
[2015.11.26-14.33.31:389][  0]LogInit:      CURL_VERSION_ASYNCHDNS
[2015.11.26-14.33.31:389][  0]LogInit:      CURL_VERSION_LARGEFILE
[2015.11.26-14.33.31:389][  0]LogInit:      CURL_VERSION_IDN
[2015.11.26-14.33.31:389][  0]LogInit:  CurlRequestOptions (configurable via config and command line):
[2015.11.26-14.33.31:389][  0]LogInit:  - bVerifyPeer = true  - Libcurl will verify peer certificate
[2015.11.26-14.33.31:389][  0]LogInit:  - bUseHttpProxy = false  - Libcurl will NOT use HTTP proxy
[2015.11.26-14.33.31:389][  0]LogInit:  - bDontReuseConnections = false  - Libcurl will reuse connections
[2015.11.26-14.33.31:389][  0]LogInit:  - CertBundlePath = nullptr  - Libcurl will use whatever was configured at build time.
[2015.11.26-14.33.31:397][  0]LogInit: Presizing for 0 objects not considered by GC, pre-allocating 0 bytes.
[2015.11.26-14.33.31:404][  0]LogInit: Object subsystem initialized
[2015.11.26-14.33.31:405][  0]LogConsoleManager:Warning: Console variable 'r.MSAA.CompositingSampleCount' wasn't set ('Scalability' has a lower priority than 'ProjectSetting')
[2015.11.26-14.33.31:405][  0]LogInit: Selected Device Profile: [Windows]
[2015.11.26-14.33.31:405][  0]LogInit: Applying CVar settings loaded from the selected device profile: [Windows]
[2015.11.26-14.33.31:414][  0]LogInit: Computer: CRODAWIN10
[2015.11.26-14.33.31:414][  0]LogInit: User: croda
[2015.11.26-14.33.31:414][  0]LogInit: CPU Page size=4096, Cores=4
[2015.11.26-14.33.31:414][  0]LogInit: High frequency timer resolution =2.630640 MHz
[2015.11.26-14.33.31:414][  0]LogMemory: Memory total: Physical=15.9GB (16GB approx)
[2015.11.26-14.33.31:414][  0]LogMemory: Platform Memory Stats for Windows
[2015.11.26-14.33.31:414][  0]LogMemory: Process Physical Memory: 54.18 MB used, 54.18 MB peak
[2015.11.26-14.33.31:414][  0]LogMemory: Process Virtual Memory: 55.39 MB used, 55.39 MB peak
[2015.11.26-14.33.31:414][  0]LogMemory: Physical Memory: 8637.72 MB used, 16323.13 MB total
[2015.11.26-14.33.31:414][  0]LogMemory: Virtual Memory: 364.64 MB used, 134217728.00 MB total
[2015.11.26-14.33.31:445][  0]LogTextLocalizationManager: No specific translations for ('en-US') exist, so ('en') translations will be used.
[2015.11.26-14.33.32:209][  0]LogD3D11RHI: Found D3D11 adapter 0: NVIDIA Quadro K5100M (Feature Level 11_0)
[2015.11.26-14.33.32:209][  0]LogD3D11RHI: Adapter has 8100MB of dedicated video memory, 0MB of dedicated system memory, and 8161MB of shared system memory, 1 output[s]
[2015.11.26-14.33.32:211][  0]LogD3D11RHI: Found D3D11 adapter 1: Microsoft Basic Render Driver (Feature Level 11_0)
[2015.11.26-14.33.32:211][  0]LogD3D11RHI: Adapter has 0MB of dedicated video memory, 0MB of dedicated system memory, and 8161MB of shared system memory, 0 output[s]
[2015.11.26-14.33.32:211][  0]LogD3D11RHI: Chosen D3D11 Adapter Id = 0
[2015.11.26-14.33.32:216][  0]LogD3D11RHI: !Direct3DDevice
[2015.11.26-14.33.32:216][  0]LogRHI: Texture pool is 1361 MB (70% of 1945 MB)
[2015.11.26-14.33.32:233][  0]LogD3D11RHI: Async texture creation enabled
[2015.11.26-14.33.32:245][  0]LogShaderCompilers: Guid format shader working directory is 15 characters bigger than the processId version (../../../../../../Users/croda/Documents/Unreal Projects/SantaSearch/Intermediate/Shaders/WorkingDirectory/4484/).
[2015.11.26-14.33.32:246][  0]LogShaderCompilers: Cleaned the shader compiler working directory '../../../../../../Users/croda/Documents/Unreal Projects/SantaSearch/Intermediate/Shaders/tmp/A2DC4BCA4835900E70864DAC9D4AF479/'.
[2015.11.26-14.33.32:246][  0]LogShaderCompilers:Display: Using Local Shader Compiler.
[2015.11.26-14.33.33:328][  0]LogTemp:Display: Loaded TP AllDesktopTargetPlatform
[2015.11.26-14.33.33:333][  0]LogTemp:Display: Loaded TP WindowsClientTargetPlatform
[2015.11.26-14.33.33:338][  0]LogTemp:Display: Loaded TP WindowsNoEditorTargetPlatform
[2015.11.26-14.33.33:344][  0]LogTemp:Display: Loaded TP WindowsServerTargetPlatform
[2015.11.26-14.33.33:349][  0]LogTemp:Display: Loaded TP WindowsTargetPlatform
[2015.11.26-14.33.33:353][  0]LogTemp:Display: Loaded TP AndroidTargetPlatform
[2015.11.26-14.33.33:356][  0]LogTemp:Display: Loaded TP Android_ASTCTargetPlatform
[2015.11.26-14.33.33:360][  0]LogTemp:Display: Loaded TP Android_ATCTargetPlatform
[2015.11.26-14.33.33:363][  0]LogTemp:Display: Loaded TP Android_DXTTargetPlatform
[2015.11.26-14.33.33:366][  0]LogTemp:Display: Loaded TP Android_ETC1TargetPlatform
[2015.11.26-14.33.33:369][  0]LogTemp:Display: Loaded TP Android_ETC2TargetPlatform
[2015.11.26-14.33.33:373][  0]LogTemp:Display: Loaded TP Android_PVRTCTargetPlatform
[2015.11.26-14.33.33:373][  0]LogTemp:Display: Loaded TP HTML5TargetPlatform
[2015.11.26-14.33.33:391][  0]LogTemp:Display: Loaded TP IOSTargetPlatform
[2015.11.26-14.33.33:394][  0]LogTemp:Display: Loaded TP LinuxNoEditorTargetPlatform
[2015.11.26-14.33.33:397][  0]LogTemp:Display: Loaded TP LinuxServerTargetPlatform
[2015.11.26-14.33.33:401][  0]LogTemp:Display: Loaded TP LinuxTargetPlatform
[2015.11.26-14.33.33:401][  0]LogTargetPlatformManager:Display: Building Assets For Windows
[2015.11.26-14.33.33:491][  0]LogDerivedDataCache:Display: Max Cache Size: 512 MB
[2015.11.26-14.33.33:533][  0]LogDerivedDataCache: Loaded boot cache 0.04s 42MB C:/Users/croda/AppData/Local/UnrealEngine/4.9/DerivedDataCache/Boot.ddc.
[2015.11.26-14.33.33:533][  0]LogDerivedDataCache:Display: Loaded Boot cache: C:/Users/croda/AppData/Local/UnrealEngine/4.9/DerivedDataCache/Boot.ddc
[2015.11.26-14.33.33:533][  0]LogDerivedDataCache: FDerivedDataBackendGraph:  Pak pak cache file ../../../../../../Users/croda/Documents/Unreal Projects/SantaSearch/DerivedDataCache/DDC.ddp not found, will not use a pak cache.
[2015.11.26-14.33.33:533][  0]LogDerivedDataCache: Unable to find inner node Pak for hierarchical cache Hierarchy.
[2015.11.26-14.33.33:533][  0]LogDerivedDataCache: FDerivedDataBackendGraph:  CompressedPak pak cache file ../../../../../../Users/croda/Documents/Unreal Projects/SantaSearch/DerivedDataCache/Compressed.ddp not found, will not use a pak cache.
[2015.11.26-14.33.33:533][  0]LogDerivedDataCache: Unable to find inner node CompressedPak for hierarchical cache Hierarchy.
[2015.11.26-14.33.33:671][  0]LogDerivedDataCache:Display: Pak cache opened for reading ../../../Engine/DerivedDataCache/Compressed.ddp.
[2015.11.26-14.33.33:684][  0]LogDerivedDataCache: Using Local data cache path C:/Users/croda/AppData/Local/UnrealEngine/Common/DerivedDataCache: Writable
[2015.11.26-14.33.33:882][  0]LogInit: Selected Device Profile: [Windows]
[2015.11.26-14.33.33:886][  0]LogContentStreaming: Texture pool size is 0.000000MB
[2015.11.26-14.33.34:014][  0]LogMeshUtilities: No automatic mesh reduction module available
[2015.11.26-14.33.34:014][  0]LogMeshUtilities: No automatic mesh merging module available
[2015.11.26-14.33.34:265][  0]LogInit: WinSock: version 1.1 (2.2), MaxSocks=32767, MaxUdp=65467
[2015.11.26-14.33.35:130][  0]UdpMessaging: Initializing bridge on interface 0.0.0.0:0 to multicast group 230.0.0.1:6666.
[2015.11.26-14.33.35:227][  0]LogAssetRegistry: FAssetRegistry took 0.0109 seconds to start up
[2015.11.26-14.33.35:403][  0]SourceControl: Info Source control is disabled
[2015.11.26-14.33.35:404][  0]SourceControl: Info Source control is disabled
[2015.11.26-14.33.35:417][  0]SourceControl: Info Source control is disabled
[2015.11.26-14.33.35:430][  0]SourceControl: Info Source control is disabled
[2015.11.26-14.33.35:517][  0]LogHoudiniEngine: Starting the Houdini Engine module.
[2015.11.26-14.33.35:518][  0]LogHoudiniEngine: Loaded libHAPIL.dll from Registry path C:\Program Files\Side Effects Software\Houdini 15.0.244.16/bin
[2015.11.26-14.33.35:518][  0]LogLinker:Warning: Asset '../../../Engine/Plugins/Runtime/HoudiniEngine/Content/houdini_logo.uasset' has been saved with empty engine version. The asset will be loaded but may be incompatible.
[2015.11.26-14.33.35:521][  0]LogLinker:Warning: Asset '../../../Engine/Plugins/Runtime/HoudiniEngine/Content/houdini_default_material.uasset' has been saved with empty engine version. The asset will be loaded but may be incompatible.
[2015.11.26-14.33.36:128][  0]LogHoudiniEngine: Successfully intialized the Houdini Engine API module.
[2015.11.26-14.33.36:221][  0]LogLinker:Warning: Asset '../../../Engine/Plugins/Runtime/LeapMotionController/Content/LM_PassthroughMaterial.uasset' has been saved with empty engine version. The asset will be loaded but may be incompatible.
[2015.11.26-14.33.36:321][  0]LeapPluginLog: Using LeapPlugin version 0.9.6
[2015.11.26-14.33.36:329][  0]LogObj: 29100 objects as part of root set at end of initial load.
[2015.11.26-14.33.36:329][  0]LogUObjectAllocator: 6175168 out of 0 bytes used by permanent object pool.
[2015.11.26-14.33.36:398][  0]LogEngine: Initializing Engine...
[2015.11.26-14.33.36:399][  0]OCULUS: Info: 11/26/15 14:33:36: [CAPI] LibOVR module is located at C:\Windows\SYSTEM32\LibOVRRT64_0_7.dll

[2015.11.26-14.33.36:999][  0]OCULUS: Error: 11/26/15 14:33:36: [CAPI] ovr_Create failed to complete within the timeout period.
[2015.11.26-14.33.37:100][  0]LogHMD: SteamVR failed to initialize.  Err: 110
[2015.11.26-14.33.37:241][  0]LogAIModule: Creating AISystem for world NewWorld
[2015.11.26-14.33.37:246][  0]LogInit: XAudio2 using 'Speakers / Headphones (Realtek High Definition Audio)' : 2 channels at 48 kHz using 32 bits per sample (channel mask 0x3)
[2015.11.26-14.33.37:261][  0]LogInit: FAudioDevice initialized.
[2015.11.26-14.33.37:381][  0]LogDerivedDataCache: Saved boot cache 0.12s 42MB C:/Users/croda/AppData/Local/UnrealEngine/4.9/DerivedDataCache/Boot.ddc.
[2015.11.26-14.33.37:384][  0]LogInit: Texture streaming: Enabled
[2015.11.26-14.33.37:390][  0]LogAnalytics: Creating configured Analytics provider AnalyticsET
[2015.11.26-14.33.37:390][  0]LogAnalytics: [UEEditor.Rocket.Release] APIServer = http://et2.epicgames.com/ET2/. AppVersion = 4.9.2-2707645+++depot+UE4-Releases+4.9
[2015.11.26-14.33.37:390][  0]LogAnalytics: [UEEditor.Rocket.Release] SetUserId 38384f7f4fe22369eef2c4908fb1257c|6dee01914e174258b8c89718799d58e5|4a372342-4369-4fb5-aabc-8ff6b2bfbeff
[2015.11.26-14.33.37:390][  0]LogAnalytics: [UEEditor.Rocket.Release] AnalyticsET::StartSession
[2015.11.26-14.33.37:428][  0]LogInit: Transaction tracking system initialized
[2015.11.26-14.33.37:473][  0]BlueprintLog: New page: Editor Load
[2015.11.26-14.33.37:584][  0]LocalizationService: Info Localization service is disabled
[2015.11.26-14.33.37:671][  0]LogConsoleResponse:Display: 
[2015.11.26-14.33.37:805][  0]LogCook:Display: Done creating registry. It took  0.00s.
[2015.11.26-14.33.37:846][  0]LogFileCache: Scanning file cache for directory 'C:/Users/croda/Documents/Unreal Projects/SantaSearch/Content/' took 0.02s
[2015.11.26-14.33.37:846][  0]LogHoudiniEngineEditor: Starting the Houdini Engine Editor module.
[2015.11.26-14.33.37:889][  0]SourceControl: Info Source control is disabled
[2015.11.26-14.33.37:890][  0]Cmd: MAP LOAD FILE="../../../../../../Users/croda/Documents/Unreal Projects/SantaSearch/Content/Maps/MemoryCardEntry.umap" TEMPLATE=0 SHOWPROGRESS=1 FEATURELEVEL=3
[2015.11.26-14.33.37:899][  0]LightingResults: New page: Lighting Build
[2015.11.26-14.33.37:902][  0]MapCheck: New page: Map Check
[2015.11.26-14.33.37:903][  0]LightingResults: New page: Lighting Build
[2015.11.26-14.33.37:913][  0]LogParticles: Destroying 0 GPU particle simulations for FXSystem 0x0000001E977942C0
[2015.11.26-14.33.38:190][  0]LogBlueprint:Warning: [compiler Ue4ASP_Character] Warning InputAction Event references unknown Action 'Crouch' for  InputAction Crouch 
[2015.11.26-14.33.38:190][  0]LogBlueprint:Warning: [compiler Ue4ASP_Character] Warning InputAction Event references unknown Action 'Jump' for  InputAction Jump 
[2015.11.26-14.33.38:191][  0]LogBlueprint:Warning: [compiler Ue4ASP_Character] Warning Input Axis Event references unknown Axis 'LookUp' for  InputAxis LookUp 
[2015.11.26-14.33.38:191][  0]LogBlueprint:Warning: [compiler Ue4ASP_Character] Warning Input Axis Event references unknown Axis 'Turn' for  InputAxis Turn 
[2015.11.26-14.33.38:191][  0]LogBlueprint:Warning: [compiler Ue4ASP_Character] Warning Input Axis Event references unknown Axis 'MoveRight' for  InputAxis MoveRight 
[2015.11.26-14.33.38:191][  0]LogBlueprint:Warning: [compiler Ue4ASP_Character] Warning Input Axis Event references unknown Axis 'MoveForward' for  InputAxis MoveForward 
[2015.11.26-14.33.38:194][  0]LogBlueprint:Warning: [compiler Ue4ASP_Character] Warning [0007.38] Compile of Ue4ASP_Character successful, but with 6 Warning(s) [in 9 ms]
[2015.11.26-14.33.38:194][  0]LogBlueprint:Warning: [compiler Ue4ASP_Character] Warning [0007.38] Compile of Ue4ASP_Character successful, but with 7 Warning(s) [in 0 ms]
[2015.11.26-14.33.38:195][  0]LogBlueprint:Warning: [compiler Ue4ASP_Character] Warning [0007.38] Compile of Ue4ASP_Character successful, but with 8 Warning(s) [in 0 ms]
[2015.11.26-14.33.38:234][  0]LogBlueprint:Warning: [compiler Ue4ASP_Character] Warning InputAction Event references unknown Action 'Crouch' for  InputAction Crouch 
[2015.11.26-14.33.38:234][  0]LogBlueprint:Warning: [compiler Ue4ASP_Character] Warning InputAction Event references unknown Action 'Jump' for  InputAction Jump 
[2015.11.26-14.33.38:234][  0]LogBlueprint:Warning: [compiler Ue4ASP_Character] Warning Input Axis Event references unknown Axis 'LookUp' for  InputAxis LookUp 
[2015.11.26-14.33.38:235][  0]LogBlueprint:Warning: [compiler Ue4ASP_Character] Warning Input Axis Event references unknown Axis 'Turn' for  InputAxis Turn 
[2015.11.26-14.33.38:235][  0]LogBlueprint:Warning: [compiler Ue4ASP_Character] Warning Input Axis Event references unknown Axis 'MoveRight' for  InputAxis MoveRight 
[2015.11.26-14.33.38:235][  0]LogBlueprint:Warning: [compiler Ue4ASP_Character] Warning Input Axis Event references unknown Axis 'MoveForward' for  InputAxis MoveForward 
[2015.11.26-14.33.38:238][  0]LogBlueprint:Warning: [compiler Ue4ASP_Character] Warning [0007.42] Compile of Ue4ASP_Character successful, but with 6 Warning(s) [in 7 ms]
[2015.11.26-14.33.38:238][  0]LogBlueprint:Warning: [compiler Ue4ASP_Character] Warning [0007.42] Compile of Ue4ASP_Character successful, but with 7 Warning(s) [in 0 ms]
[2015.11.26-14.33.38:239][  0]LogBlueprint:Warning: [compiler Ue4ASP_Character] Warning [0007.42] Compile of Ue4ASP_Character successful, but with 8 Warning(s) [in 0 ms]
[2015.11.26-14.33.38:938][  0]LogBlueprint:Warning: ExposeOnSpawn ambiguity. Property 'IntProperty /Game/Blueprints/BP_CardMem.BP_CardMem_C:CardIType', MetaData 'True', Flag 'False'
[2015.11.26-14.33.39:298][  0]LogProperty:Error: UStructProperty::Serialize Loading: Property 'StructProperty /LeapMotion/Character/Basic/BasicCharacter_AnimBlueprint.BasicCharacter_AnimBlueprint_C:AnimGraphNode_Fabrik_8C904C7A415FB588652E8A91FDC811AE'. Unknown structure.
[2015.11.26-14.33.39:298][  0]LogProperty:Error: UStructProperty::Serialize Loading: Property 'StructProperty /LeapMotion/Character/Basic/BasicCharacter_AnimBlueprint.BasicCharacter_AnimBlueprint_C:AnimGraphNode_Fabrik_416EC86F435836563C4E49AD6D016C3C'. Unknown structure.
[2015.11.26-14.33.39:299][  0]LogProperty:Error: UStructProperty::Serialize Loading: Property 'StructProperty /LeapMotion/Character/Basic/BasicCharacter_AnimBlueprint.BasicCharacter_AnimBlueprint_C:AnimGraphNode_Fabrik_9FF4326C4CAD2373B92D6F9E3AC3F57A'. Unknown structure.
[2015.11.26-14.33.39:300][  0]LogAnimation:Warning: Invalid animation root node index 54 on '/LeapMotion/Character/Basic/BasicCharacter_AnimBlueprint.BasicCharacter_AnimBlueprint_C' (only 52 nodes)
[2015.11.26-14.33.43:489][  0]LogOutputDevice: === Handled error: ===

Ensure condition failed: bValidRootIndex [File:D:\BuildFarm\buildmachine_++depot+UE4-Releases+4.9\Engine\Source\Runtime\Engine\Private\Animation\AnimBlueprintGeneratedClass.cpp] [Line: 234]

Stack: 
UE4Editor-Core.dll!FWindowsPlatformStackWalk::StackWalkAndDump() [d:\buildfarm\buildmachine_++depot+ue4-releases+4.9\engine\source\runtime\core\private\windows\windowsplatformstackwalk.cpp:175]
UE4Editor-Core.dll!FDebug::EnsureFailed() [d:\buildfarm\buildmachine_++depot+ue4-releases+4.9\engine\source\runtime\core\private\misc\outputdevice.cpp:258]
UE4Editor-Core.dll!FDebug::OptionallyLogFormattedEnsureMessageReturningFalse() [d:\buildfarm\buildmachine_++depot+ue4-releases+4.9\engine\source\runtime\core\private\misc\outputdevice.cpp:368]
UE4Editor-Engine.dll!UAnimBlueprintGeneratedClass::Link() [d:\buildfarm\buildmachine_++depot+ue4-releases+4.9\engine\source\runtime\engine\private\animation\animblueprintgeneratedclass.cpp:234]
UE4Editor-CoreUObject.dll!UClass::Serialize() [d:\buildfarm\buildmachine_++depot+ue4-releases+4.9\engine\source\runtime\coreuobject\private\uobject\class.cpp:3393]
UE4Editor-Engine.dll!UBlueprintGeneratedClass::Serialize() [d:\buildfarm\buildmachine_++depot+ue4-releases+4.9\engine\source\runtime\engine\private\blueprintgeneratedclass.cpp:757]
UE4Editor-CoreUObject.dll!FLinkerLoad::Preload() [d:\buildfarm\buildmachine_++depot+ue4-releases+4.9\engine\source\runtime\coreuobject\private\uobject\linkerload.cpp:3143]
UE4Editor-CoreUObject.dll!FLinkerLoad::CreateExport() [d:\buildfarm\buildmachine_++depot+ue4-releases+4.9\engine\source\runtime\coreuobject\private\uobject\linkerload.cpp:3792]
UE4Editor-CoreUObject.dll!FLinkerLoad::IndexToObject() [d:\buildfarm\buildmachine_++depot+ue4-releases+4.9\engine\source\runtime\coreuobject\private\uobject\linkerload.cpp:3982]
UE4Editor-CoreUObject.dll!FLinkerLoad::CreateExport() [d:\buildfarm\buildmachine_++depot+ue4-releases+4.9\engine\source\runtime\coreuobject\private\uobject\linkerload.cpp:3505]
UE4Editor-CoreUObject.dll!FLinkerLoad::CreateExportAndPreload() [d:\buildfarm\buildmachine_++depot+ue4-releases+4.9\engine\source\runtime\coreuobject\private\uobject\linkerload.cpp:2661]
UE4Editor-CoreUObject.dll!FLinkerLoad::LoadAllObjects() [d:\buildfarm\buildmachine_++depot+ue4-releases+4.9\engine\source\runtime\coreuobject\private\uobject\linkerload.cpp:2769]
UE4Editor-CoreUObject.dll!LoadPackageInternal() [d:\buildfarm\buildmachine_++depot+ue4-releases+4.9\engine\source\runtime\coreuobject\private\uobject\uobjectglobals.cpp:1032]
UE4Editor-CoreUObject.dll!FLinkerLoad::VerifyImportInner() [d:\buildfarm\buildmachine_++depot+ue4-releases+4.9\engine\source\runtime\coreuobject\private\uobject\linkerload.cpp:2354]
UE4Editor-CoreUObject.dll!FLinkerLoad::VerifyImport() [d:\buildfarm\buildmachine_++depot+ue4-releases+4.9\engine\source\runtime\coreuobject\private\uobject\linkerload.cpp:2115]
UE4Editor-CoreUObject.dll!FLinkerLoad::VerifyImportInner() [d:\buildfarm\buildmachine_++depot+ue4-releases+4.9\engine\source\runtime\coreuobject\private\uobject\linkerload.cpp:2402]
UE4Editor-CoreUObject.dll!FLinkerLoad::VerifyImport() [d:\buildfarm\buildmachine_++depot+ue4-releases+4.9\engine\source\runtime\coreuobject\private\uobject\linkerload.cpp:2115]
UE4Editor-CoreUObject.dll!FLinkerLoad::Verify() [d:\buildfarm\buildmachine_++depot+ue4-releases+4.9\engine\source\runtime\coreuobject\private\uobject\linkerload.cpp:1905]
UE4Editor-CoreUObject.dll!FLinkerLoad::FinalizeCreation() [d:\buildfarm\buildmachine_++depot+ue4-releases+4.9\engine\source\runtime\coreuobject\private\uobject\linkerload.cpp:1815]
UE4Editor-CoreUObject.dll!FLinkerLoad::Tick() [d:\buildfarm\buildmachine_++depot+ue4-releases+4.9\engine\source\runtime\coreuobject\private\uobject\linkerload.cpp:666]
UE4Editor-CoreUObject.dll!FLinkerLoad::CreateLinker() [d:\buildfarm\buildmachine_++depot+ue4-releases+4.9\engine\source\runtime\coreuobject\private\uobject\linkerload.cpp:404]
UE4Editor-CoreUObject.dll!GetPackageLinker() [d:\buildfarm\buildmachine_++depot+ue4-releases+4.9\engine\source\runtime\coreuobject\private\uobject\linker.cpp:570]
UE4Editor-CoreUObject.dll!LoadPackageInternal() [d:\buildfarm\buildmachine_++depot+ue4-releases+4.9\engine\source\runtime\coreuobject\private\uobject\uobjectglobals.cpp:936]
UE4Editor-CoreUObject.dll!FLinkerLoad::VerifyImportInner() [d:\buildfarm\buildmachine_++depot+ue4-releases+4.9\engine\source\runtime\coreuobject\private\uobject\linkerload.cpp:2354]
UE4Editor-CoreUObject.dll!FLinkerLoad::VerifyImport() [d:\buildfarm\buildmachine_++depot+ue4-releases+4.9\engine\source\runtime\coreuobject\private\uobject\linkerload.cpp:2115]
UE4Editor-CoreUObject.dll!FLinkerLoad::VerifyImportInner() [d:\buildfarm\buildmachine_++depot+ue4-releases+4.9\engine\source\runtime\coreuobject\private\uobject\linkerload.cpp:2402]
UE4Editor-CoreUObject.dll!FLinkerLoad::VerifyImport() [d:\buildfarm\buildmachine_++depot+ue4-releases+4.9\engine\source\runtime\coreuobject\private\uobject\linkerload.cpp:2115]
UE4Editor-CoreUObject.dll!FLinkerLoad::CreateImport() [d:\buildfarm\buildmachine_++depot+ue4-releases+4.9\engine\source\runtime\coreuobject\private\uobject\linkerload.cpp:3926]
UE4Editor-CoreUObject.dll!FLinkerLoad::ResolveAllImports() [d:\buildfarm\buildmachine_++depot+ue4-releases+4.9\engine\source\runtime\coreuobject\private\blueprint\blueprintsupport.cpp:1026]
UE4Editor-CoreUObject.dll!FLinkerLoad::FinalizeBlueprint() [d:\buildfarm\buildmachine_++depot+ue4-releases+4.9\engine\source\runtime\coreuobject\private\blueprint\blueprintsupport.cpp:1103]
UE4Editor-CoreUObject.dll!FLinkerLoad::Preload() [d:\buildfarm\buildmachine_++depot+ue4-releases+4.9\engine\source\runtime\coreuobject\private\uobject\linkerload.cpp:3190]
UE4Editor-CoreUObject.dll!FLinkerLoad::CreateExport() [d:\buildfarm\buildmachine_++depot+ue4-releases+4.9\engine\source\runtime\coreuobject\private\uobject\linkerload.cpp:3792]
UE4Editor-CoreUObject.dll!FLinkerLoad::IndexToObject() [d:\buildfarm\buildmachine_++depot+ue4-releases+4.9\engine\source\runtime\coreuobject\private\uobject\linkerload.cpp:3982]
UE4Editor-CoreUObject.dll!FLinkerLoad::CreateExport() [d:\buildfarm\buildmachine_++depot+ue4-releases+4.9\engine\source\runtime\coreuobject\private\uobject\linkerload.cpp:3505]
UE4Editor-CoreUObject.dll!FLinkerLoad::IndexToObject() [d:\buildfarm\buildmachine_++depot+ue4-releases+4.9\engine\source\runtime\coreuobject\private\uobject\linkerload.cpp:3982]
UE4Editor-CoreUObject.dll!FLinkerLoad::CreateExport() [d:\buildfarm\buildmachine_++depot+ue4-releases+4.9\engine\source\runtime\coreuobject\private\uobject\linkerload.cpp:3505]
UE4Editor-CoreUObject.dll!FLinkerLoad::CreateExportAndPreload() [d:\buildfarm\buildmachine_++depot+ue4-releases+4.9\engine\source\runtime\coreuobject\private\uobject\linkerload.cpp:2661]
UE4Editor-CoreUObject.dll!FLinkerLoad::LoadAllObjects() [d:\buildfarm\buildmachine_++depot+ue4-releases+4.9\engine\source\runtime\coreuobject\private\uobject\linkerload.cpp:2769]
UE4Editor-CoreUObject.dll!LoadPackageInternal() [d:\buildfarm\buildmachine_++depot+ue4-releases+4.9\engine\source\runtime\coreuobject\private\uobject\uobjectglobals.cpp:1032]
UE4Editor-CoreUObject.dll!FLinkerLoad::VerifyImportInner() [d:\buildfarm\buildmachine_++depot+ue4-releases+4.9\engine\source\runtime\coreuobject\private\uobject\linkerload.cpp:2354]
UE4Editor-CoreUObject.dll!FLinkerLoad::VerifyImport() [d:\buildfarm\buildmachine_++depot+ue4-releases+4.9\engine\source\runtime\coreuobject\private\uobject\linkerload.cpp:2115]
UE4Editor-CoreUObject.dll!FLinkerLoad::VerifyImportInner() [d:\buildfarm\buildmachine_++depot+ue4-releases+4.9\engine\source\runtime\coreuobject\private\uobject\linkerload.cpp:2402]
UE4Editor-CoreUObject.dll!FLinkerLoad::VerifyImport() [d:\buildfarm\buildmachine_++depot+ue4-releases+4.9\engine\source\runtime\coreuobject\private\uobject\linkerload.cpp:2115]
UE4Editor-CoreUObject.dll!FLinkerLoad::Verify() [d:\buildfarm\buildmachine_++depot+ue4-releases+4.9\engine\source\runtime\coreuobject\private\uobject\linkerload.cpp:1905]
UE4Editor-CoreUObject.dll!FLinkerLoad::FinalizeCreation() [d:\buildfarm\buildmachine_++depot+ue4-releases+4.9\engine\source\runtime\coreuobject\private\uobject\linkerload.cpp:1815]
UE4Editor-CoreUObject.dll!FLinkerLoad::Tick() [d:\buildfarm\buildmachine_++depot+ue4-releases+4.9\engine\source\runtime\coreuobject\private\uobject\linkerload.cpp:666]
UE4Editor-CoreUObject.dll!FLinkerLoad::CreateLinker() [d:\buildfarm\buildmachine_++depot+ue4-releases+4.9\engine\source\runtime\coreuobject\private\uobject\linkerload.cpp:404]
UE4Editor-CoreUObject.dll!GetPackageLinker() [d:\buildfarm\buildmachine_++depot+ue4-releases+4.9\engine\source\runtime\coreuobject\private\uobject\linker.cpp:570]
UE4Editor-CoreUObject.dll!LoadPackageInternal() [d:\buildfarm\buildmachine_++depot+ue4-releases+4.9\engine\source\runtime\coreuobject\private\uobject\uobjectglobals.cpp:936]
UE4Editor-CoreUObject.dll!FLinkerLoad::VerifyImportInner() [d:\buildfarm\buildmachine_++depot+ue4-releases+4.9\engine\source\runtime\coreuobject\private\uobject\linkerload.cpp:2354]
UE4Editor-CoreUObject.dll!FLinkerLoad::VerifyImport() [d:\buildfarm\buildmachine_++depot+ue4-releases+4.9\engine\source\runtime\coreuobject\private\uobject\linkerload.cpp:2115]
UE4Editor-CoreUObject.dll!FLinkerLoad::VerifyImportInner() [d:\buildfarm\buildmachine_++depot+ue4-releases+4.9\engine\source\runtime\coreuobject\private\uobject\linkerload.cpp:2402]
UE4Editor-CoreUObject.dll!FLinkerLoad::VerifyImport() [d:\buildfarm\buildmachine_++depot+ue4-releases+4.9\engine\source\runtime\coreuobject\private\uobject\linkerload.cpp:2115]
UE4Editor-CoreUObject.dll!FLinkerLoad::Verify() [d:\buildfarm\buildmachine_++depot+ue4-releases+4.9\engine\source\runtime\coreuobject\private\uobject\linkerload.cpp:1905]
UE4Editor-CoreUObject.dll!FLinkerLoad::FinalizeCreation() [d:\buildfarm\buildmachine_++depot+ue4-releases+4.9\engine\source\runtime\coreuobject\private\uobject\linkerload.cpp:1815]
UE4Editor-CoreUObject.dll!FLinkerLoad::Tick() [d:\buildfarm\buildmachine_++depot+ue4-releases+4.9\engine\source\runtime\coreuobject\private\uobject\linkerload.cpp:666]
UE4Editor-CoreUObject.dll!FLinkerLoad::CreateLinker() [d:\buildfarm\buildmachine_++depot+ue4-releases+4.9\engine\source\runtime\coreuobject\private\uobject\linkerload.cpp:404]
UE4Editor-CoreUObject.dll!GetPackageLinker() [d:\buildfarm\buildmachine_++depot+ue4-releases+4.9\engine\source\runtime\coreuobject\private\uobject\linker.cpp:570]
UE4Editor-CoreUObject.dll!LoadPackageInternal() [d:\buildfarm\buildmachine_++depot+ue4-releases+4.9\engine\source\runtime\coreuobject\private\uobject\uobjectglobals.cpp:936]
UE4Editor-CoreUObject.dll!FLinkerLoad::VerifyImportInner() [d:\buildfarm\buildmachine_++depot+ue4-releases+4.9\engine\source\runtime\coreuobject\private\uobject\linkerload.cpp:2354]
UE4Editor-CoreUObject.dll!FLinkerLoad::VerifyImport() [d:\buildfarm\buildmachine_++depot+ue4-releases+4.9\engine\source\runtime\coreuobject\private\uobject\linkerload.cpp:2115]
UE4Editor-CoreUObject.dll!FLinkerLoad::VerifyImportInner() [d:\buildfarm\buildmachine_++depot+ue4-releases+4.9\engine\source\runtime\coreuobject\private\uobject\linkerload.cpp:2402]
UE4Editor-CoreUObject.dll!FLinkerLoad::VerifyImport() [d:\buildfarm\buildmachine_++depot+ue4-releases+4.9\engine\source\runtime\coreuobject\private\uobject\linkerload.cpp:2115]
UE4Editor-CoreUObject.dll!FLinkerLoad::Verify() [d:\buildfarm\buildmachine_++depot+ue4-releases+4.9\engine\source\runtime\coreuobject\private\uobject\linkerload.cpp:1905]
UE4Editor-CoreUObject.dll!FLinkerLoad::FinalizeCreation() [d:\buildfarm\buildmachine_++depot+ue4-releases+4.9\engine\source\runtime\coreuobject\private\uobject\linkerload.cpp:1815]
UE4Editor-CoreUObject.dll!FLinkerLoad::Tick() [d:\buildfarm\buildmachine_++depot+ue4-releases+4.9\engine\source\runtime\coreuobject\private\uobject\linkerload.cpp:666]
UE4Editor-CoreUObject.dll!FLinkerLoad::CreateLinker() [d:\buildfarm\buildmachine_++depot+ue4-releases+4.9\engine\source\runtime\coreuobject\private\uobject\linkerload.cpp:404]
UE4Editor-CoreUObject.dll!GetPackageLinker() [d:\buildfarm\buildmachine_++depot+ue4-releases+4.9\engine\source\runtime\coreuobject\private\uobject\linker.cpp:570]
UE4Editor-CoreUObject.dll!LoadPackageInternal() [d:\buildfarm\buildmachine_++depot+ue4-releases+4.9\engine\source\runtime\coreuobject\private\uobject\uobjectglobals.cpp:936]
UE4Editor-CoreUObject.dll!FLinkerLoad::VerifyImportInner() [d:\buildfarm\buildmachine_++depot+ue4-releases+4.9\engine\source\runtime\coreuobject\private\uobject\linkerload.cpp:2354]
UE4Editor-CoreUObject.dll!FLinkerLoad::VerifyImport() [d:\buildfarm\buildmachine_++depot+ue4-releases+4.9\engine\source\runtime\coreuobject\private\uobject\linkerload.cpp:2115]
UE4Editor-CoreUObject.dll!FLinkerLoad::VerifyImportInner() [d:\buildfarm\buildmachine_++depot+ue4-releases+4.9\engine\source\runtime\coreuobject\private\uobject\linkerload.cpp:2402]
UE4Editor-CoreUObject.dll!FLinkerLoad::VerifyImport() [d:\buildfarm\buildmachine_++depot+ue4-releases+4.9\engine\source\runtime\coreuobject\private\uobject\linkerload.cpp:2115]
UE4Editor-CoreUObject.dll!FLinkerLoad::Verify() [d:\buildfarm\buildmachine_++depot+ue4-releases+4.9\engine\source\runtime\coreuobject\private\uobject\linkerload.cpp:1905]
UE4Editor-CoreUObject.dll!FLinkerLoad::FinalizeCreation() [d:\buildfarm\buildmachine_++depot+ue4-releases+4.9\engine\source\runtime\coreuobject\private\uobject\linkerload.cpp:1815]
UE4Editor-CoreUObject.dll!FLinkerLoad::Tick() [d:\buildfarm\buildmachine_++depot+ue4-releases+4.9\engine\source\runtime\coreuobject\private\uobject\linkerload.cpp:666]
UE4Editor-CoreUObject.dll!FLinkerLoad::CreateLinker() [d:\buildfarm\buildmachine_++depot+ue4-releases+4.9\engine\source\runtime\coreuobject\private\uobject\linkerload.cpp:404]
UE4Editor-CoreUObject.dll!GetPackageLinker() [d:\buildfarm\buildmachine_++depot+ue4-releases+4.9\engine\source\runtime\coreuobject\private\uobject\linker.cpp:570]
UE4Editor-CoreUObject.dll!LoadPackageInternal() [d:\buildfarm\buildmachine_++depot+ue4-releases+4.9\engine\source\runtime\coreuobject\private\uobject\uobjectglobals.cpp:936]
UE4Editor-CoreUObject.dll!FLinkerLoad::VerifyImportInner() [d:\buildfarm\buildmachine_++depot+ue4-releases+4.9\engine\source\runtime\coreuobject\private\uobject\linkerload.cpp:2354]
UE4Editor-CoreUObject.dll!FLinkerLoad::VerifyImport() [d:\buildfarm\buildmachine_++depot+ue4-releases+4.9\engine\source\runtime\coreuobject\private\uobject\linkerload.cpp:2115]
UE4Editor-CoreUObject.dll!FLinkerLoad::VerifyImportInner() [d:\buildfarm\buildmachine_++depot+ue4-releases+4.9\engine\source\runtime\coreuobject\private\uobject\linkerload.cpp:2402]
UE4Editor-CoreUObject.dll!FLinkerLoad::VerifyImport() [d:\buildfarm\buildmachine_++depot+ue4-releases+4.9\engine\source\runtime\coreuobject\private\uobject\linkerload.cpp:2115]
UE4Editor-CoreUObject.dll!FLinkerLoad::VerifyImportInner() [d:\buildfarm\buildmachine_++depot+ue4-releases+4.9\engine\source\runtime\coreuobject\private\uobject\linkerload.cpp:2402]
UE4Editor-CoreUObject.dll!FLinkerLoad::VerifyImport() [d:\buildfarm\buildmachine_++depot+ue4-releases+4.9\engine\source\runtime\coreuobject\private\uobject\linkerload.cpp:2115]
UE4Editor-CoreUObject.dll!FLinkerLoad::Verify() [d:\buildfarm\buildmachine_++depot+ue4-releases+4.9\engine\source\runtime\coreuobject\private\uobject\linkerload.cpp:1905]
UE4Editor-CoreUObject.dll!FLinkerLoad::FinalizeCreation() [d:\buildfarm\buildmachine_++depot+ue4-releases+4.9\engine\source\runtime\coreuobject\private\uobject\linkerload.cpp:1815]
UE4Editor-CoreUObject.dll!FLinkerLoad::Tick() [d:\buildfarm\buildmachine_++depot+ue4-releases+4.9\engine\source\runtime\coreuobject\private\uobject\linkerload.cpp:666]
UE4Editor-CoreUObject.dll!FLinkerLoad::CreateLinker() [d:\buildfarm\buildmachine_++depot+ue4-releases+4.9\engine\source\runtime\coreuobject\private\uobject\linkerload.cpp:404]
UE4Editor-CoreUObject.dll!GetPackageLinker() [d:\buildfarm\buildmachine_++depot+ue4-releases+4.9\engine\source\runtime\coreuobject\private\uobject\linker.cpp:570]
UE4Editor-CoreUObject.dll!LoadPackageInternal() [d:\buildfarm\buildmachine_++depot+ue4-releases+4.9\engine\source\runtime\coreuobject\private\uobject\uobjectglobals.cpp:936]
UE4Editor-UnrealEd.dll
[2015.11.26-14.33.43:791][  0]LogAnimation:Warning: Invalid animation root node index 54 on '/LeapMotion/Character/Basic/BasicCharacter_AnimBlueprint.BasicCharacter_AnimBlueprint_C' (only 52 nodes)
[2015.11.26-14.33.44:092][  0]LogAnimation:Warning: Invalid animation root node index 54 on '/Engine/Transient.REINST_BasicCharacter_AnimBlueprint_C_2' (only 52 nodes)
[2015.11.26-14.33.44:293][  0]LogClass:Warning: Property AnimGraphNode_Fabrik_8C904C7A415FB588652E8A91FDC811AE of BasicCharacter_AnimBlueprint_C has a struct type mismatch (tag FallbackStruct != prop AnimNode_Fabrik) in package:  FObjectReader. If that struct got renamed, add an entry to ActiveStructRedirects.
[2015.11.26-14.33.44:293][  0]LogClass:Warning: Property AnimGraphNode_Fabrik_416EC86F435836563C4E49AD6D016C3C of BasicCharacter_AnimBlueprint_C has a struct type mismatch (tag FallbackStruct != prop AnimNode_Fabrik) in package:  FObjectReader. If that struct got renamed, add an entry to ActiveStructRedirects.
[2015.11.26-14.33.44:293][  0]LogClass:Warning: Property AnimGraphNode_Fabrik_9FF4326C4CAD2373B92D6F9E3AC3F57A of BasicCharacter_AnimBlueprint_C has a struct type mismatch (tag FallbackStruct != prop AnimNode_Fabrik) in package:  FObjectReader. If that struct got renamed, add an entry to ActiveStructRedirects.
[2015.11.26-14.33.44:557][  0]LogBlueprint:Warning: [compiler LeapBasicRiggedCharacter] Warning InputAction Event references unknown Action 'Jump' for  InputAction Jump 
[2015.11.26-14.33.44:558][  0]LogBlueprint:Warning: [compiler LeapBasicRiggedCharacter] Warning Input Axis Event references unknown Axis 'LookUpRate' for  InputAxis LookUpRate 
[2015.11.26-14.33.44:558][  0]LogBlueprint:Warning: [compiler LeapBasicRiggedCharacter] Warning Input Axis Event references unknown Axis 'TurnRate' for  InputAxis TurnRate 
[2015.11.26-14.33.44:558][  0]LogBlueprint:Warning: [compiler LeapBasicRiggedCharacter] Warning Input Axis Event references unknown Axis 'Turn' for  InputAxis Turn 
[2015.11.26-14.33.44:558][  0]LogBlueprint:Warning: [compiler LeapBasicRiggedCharacter] Warning Input Axis Event references unknown Axis 'LookUp' for  InputAxis LookUp 
[2015.11.26-14.33.44:558][  0]LogBlueprint:Warning: [compiler LeapBasicRiggedCharacter] Warning Input Axis Event references unknown Axis 'MoveRight' for  InputAxis MoveRight 
[2015.11.26-14.33.44:559][  0]LogBlueprint:Warning: [compiler LeapBasicRiggedCharacter] Warning Input Axis Event references unknown Axis 'MoveForward' for  InputAxis MoveForward 
[2015.11.26-14.33.44:563][  0]LogBlueprint:Warning: [compiler LeapBasicRiggedCharacter] Warning [0013.74] Compile of LeapBasicRiggedCharacter successful, but with 7 Warning(s) [in 11 ms]
[2015.11.26-14.33.44:563][  0]LogBlueprint:Warning: [compiler LeapBasicRiggedCharacter] Warning [0013.74] Compile of LeapBasicRiggedCharacter successful, but with 8 Warning(s) [in 0 ms]
[2015.11.26-14.33.44:563][  0]LogBlueprint:Warning: [compiler LeapBasicRiggedCharacter] Warning [0013.74] Compile of LeapBasicRiggedCharacter successful, but with 9 Warning(s) [in 0 ms]
[2015.11.26-14.33.45:095][  0]LogBlueprint:Warning: [compiler LeapBasicRiggedCharacter] Warning InputAction Event references unknown Action 'Jump' for  InputAction Jump 
[2015.11.26-14.33.45:095][  0]LogBlueprint:Warning: [compiler LeapBasicRiggedCharacter] Warning Input Axis Event references unknown Axis 'LookUpRate' for  InputAxis LookUpRate 
[2015.11.26-14.33.45:095][  0]LogBlueprint:Warning: [compiler LeapBasicRiggedCharacter] Warning Input Axis Event references unknown Axis 'TurnRate' for  InputAxis TurnRate 
[2015.11.26-14.33.45:095][  0]LogBlueprint:Warning: [compiler LeapBasicRiggedCharacter] Warning Input Axis Event references unknown Axis 'Turn' for  InputAxis Turn 
[2015.11.26-14.33.45:096][  0]LogBlueprint:Warning: [compiler LeapBasicRiggedCharacter] Warning Input Axis Event references unknown Axis 'LookUp' for  InputAxis LookUp 
[2015.11.26-14.33.45:096][  0]LogBlueprint:Warning: [compiler LeapBasicRiggedCharacter] Warning Input Axis Event references unknown Axis 'MoveRight' for  InputAxis MoveRight 
[2015.11.26-14.33.45:096][  0]LogBlueprint:Warning: [compiler LeapBasicRiggedCharacter] Warning Input Axis Event references unknown Axis 'MoveForward' for  InputAxis MoveForward 
[2015.11.26-14.33.45:101][  0]LogBlueprint:Warning: [compiler LeapBasicRiggedCharacter] Warning [0014.28] Compile of LeapBasicRiggedCharacter successful, but with 7 Warning(s) [in 14 ms]
[2015.11.26-14.33.45:101][  0]LogBlueprint:Warning: [compiler LeapBasicRiggedCharacter] Warning [0014.28] Compile of LeapBasicRiggedCharacter successful, but with 8 Warning(s) [in 0 ms]
[2015.11.26-14.33.45:101][  0]LogBlueprint:Warning: [compiler LeapBasicRiggedCharacter] Warning [0014.28] Compile of LeapBasicRiggedCharacter successful, but with 9 Warning(s) [in 0 ms]
[2015.11.26-14.33.46:277][  0]LogAIModule: Creating AISystem for world MemoryCardEntry
[2015.11.26-14.33.46:279][  0]LogMaterial:Warning: Material /Game/Assets/Materials/M_GameBoard.M_GameBoard needed to have new flag set bUsedWithStaticLighting !
[2015.11.26-14.33.46:281][  0]LogMaterial: Missing cached shader map for material M_GameBoard, compiling. 
[2015.11.26-14.33.46:299][  0]MapCheck:Warning: Warning M_GameBoard Material /Game/Assets/Materials/M_GameBoard.M_GameBoard was missing the usage flag bUsedWithStaticLighting. If the material asset is not re-saved, it may not render correctly when run outside the editor. Fix
[2015.11.26-14.33.46:299][  0]LogMaterial: 0.000273 seconds spent updating 1 materials, 1 interfaces, 0 instances, 0 with static permutations.
[2015.11.26-14.33.46:300][  0]LogMaterial:Warning: Material /Game/Assets/Materials/M_Background.M_Background needed to have new flag set bUsedWithStaticLighting !
[2015.11.26-14.33.46:303][  0]LogMaterial: Missing cached shader map for material M_Background, compiling. 
[2015.11.26-14.33.46:307][  0]MapCheck:Warning: Warning M_Background Material /Game/Assets/Materials/M_Background.M_Background was missing the usage flag bUsedWithStaticLighting. If the material asset is not re-saved, it may not render correctly when run outside the editor. Fix
[2015.11.26-14.33.46:307][  0]LogMaterial: 0.000073 seconds spent updating 1 materials, 1 interfaces, 0 instances, 0 with static permutations.
[2015.11.26-14.33.46:392][  0]LogEditorServer: Finished looking for orphan Actors (0.000 secs)
[2015.11.26-14.33.46:393][  0]Cmd: MAP CHECKDEP NOCLEARLOG
[2015.11.26-14.33.46:599][  0]MapCheck: Info Map check complete: 0 Error(s), 2 Warning(s), took 206.823ms to complete.
[2015.11.26-14.33.46:611][  0]LogFileHelpers: Loading map 'MemoryCardEntry' took 8.722
[2015.11.26-14.33.46:733][  0]LogCollectionManager: Loaded 0 collections in 0.003086 seconds
[2015.11.26-14.33.46:782][  0]LogFileCache: Scanning file cache for directory 'C:/Users/croda/Documents/Unreal Projects/SantaSearch/Saved/Collections/' took 0.01s
[2015.11.26-14.33.46:782][  0]LogFileCache: Scanning file cache for directory 'C:/Users/croda/Documents/Unreal Projects/SantaSearch/Content/Developers/croda/Collections/' took 0.01s
[2015.11.26-14.33.46:782][  0]LogFileCache: Scanning file cache for directory 'C:/Users/croda/Documents/Unreal Projects/SantaSearch/Content/Collections/' took 0.01s
[2015.11.26-14.33.46:782][  0]LogContentBrowser: Native class hierarchy populated in 0.0121 seconds. Added 1919 classes and 342 folders.
[2015.11.26-14.33.46:789][  0]LogCollectionManager: Rebuilt the GUID cache for 0 collections in 0.000003 seconds
[2015.11.26-14.33.46:800][  0]LogContentBrowser: Native class hierarchy updated for 'WidgetCarousel' in 0.0005 seconds. Added 0 classes and 0 folders.
[2015.11.26-14.33.46:874][  0]LogContentBrowser: Native class hierarchy updated for 'AddContentDialog' in 0.0005 seconds. Added 0 classes and 0 folders.
[2015.11.26-14.33.46:888][  0]LogContentBrowser: Native class hierarchy updated for 'SceneOutliner' in 0.0005 seconds. Added 1 classes and 2 folders.
[2015.11.26-14.33.46:993][  0]LogCrashTracker: Crashtracker disabled due to settings.
[2015.11.26-14.33.46:998][  0]LogUObjectGlobals:Warning: Failed to find object 'Class None.'
[2015.11.26-14.33.47:020][  0]LogLoad: Full Startup: 16.20 seconds (BP compile: 1.35 seconds)
[2015.11.26-14.33.47:138][  0]LogContentStreaming: Texture pool size now 1000 MB
[2015.11.26-14.33.47:371][  0]LogRenderer: Reallocating scene render targets to support 576x440 (Frame:2).
[2015.11.26-14.33.47:454][  1]Cmd: UpdateLandscapeEditorData -warnings
[2015.11.26-14.33.48:079][ 12]LogAssetRegistry: Asset discovery search completed in 12.8629 seconds
[2015.11.26-14.33.48:079][ 12]LogCollectionManager: Rebuilt the object cache for 0 collections in 0.000001 seconds (found 0 objects)
[2015.11.26-14.33.48:079][ 12]LogCollectionManager: Fixed up redirectors for 0 collections in 0.000042 seconds (updated 0 objects)
[2015.11.26-14.33.50:058][126]AssetReimport: New page: Outstanding source content changes 4:33:50 AM
[2015.11.26-14.33.52:504][273]LogFileCache: Retrieving MD5 hashes for directory 'C:/Users/croda/Documents/Unreal Projects/SantaSearch/Content/' took 5.45s
[2015.11.26-14.33.53:351][294]AssetReimport: Info Ignoring new file SantaSearchDome_back6.png as it's already imported by SantaSearchDome_back6.
[2015.11.26-14.33.53:351][294]AssetReimport: Info Ignoring new file SantaSearchDome_bottom4.png as it's already imported by SantaSearchDome_bottom4.
[2015.11.26-14.33.53:351][294]AssetReimport: Info Ignoring new file SantaSearchDome_front5.png as it's already imported by SantaSearchDome_front5.
[2015.11.26-14.33.53:351][294]AssetReimport: Info Ignoring new file SantaSearchDome_left2.png as it's already imported by SantaSearchDome_left2.
[2015.11.26-14.33.53:351][294]AssetReimport: Info Ignoring new file SantaSearchDome_right1.png as it's already imported by SantaSearchDome_right1.
[2015.11.26-14.33.53:351][294]AssetReimport: Info Ignoring new file SantaSearchDome_top3.png as it's already imported by SantaSearchDome_top3.
[2015.11.26-14.33.58:250][531]LogRenderer: Reallocating scene render targets to support 652x440 (Frame:655).
[2015.11.26-14.34.22:700][990]LogMaterial: 0.000890 seconds spent updating 1 materials, 1 interfaces, 0 instances, 0 with static permutations.
[2015.11.26-14.34.22:718][991]Cmd: UpdateLandscapeEditorData
[2015.11.26-14.34.22:719][991]Cmd: UpdateLandscapeMIC
[2015.11.26-14.34.32:921][603]MapCheck: New page: Map Check
[2015.11.26-14.34.32:941][603]Cmd: MAP REBUILD ALLVISIBLE
[2015.11.26-14.34.32:941][603]LogEditorServer: Rebuildmap Clear paths rebuilt
[2015.11.26-14.34.33:081][603]LogActorComponent: UnregisterComponent: (/Engine/Transient.CharMoveComp) Not registered. Aborting.
[2015.11.26-14.34.33:176][603]LeapPluginLog: LeapController::CleanupEventData Delete Called
[2015.11.26-14.34.33:199][603]LeapPluginLog: LeapController::CleanupEventData Delete Called
[2015.11.26-14.34.33:221][603]MapCheck:Warning: Warning WorldInfo_0 Hierarchical LOD System is disabled or no HLOD level settings available, unable to build LOD actors. 
[2015.11.26-14.34.33:221][603]LogStats:          STAT_HLOD_BuildClusters - 140.686 ms
[2015.11.26-14.34.33:222][603]LightingResults: New page: Lighting Build - Nov 26, 2015, 4:34:33 AM
[2015.11.26-14.34.36:556][603]LogStaticLightingSystem: Running Lightmass w/ ImmediateImport mode ENABLED
[2015.11.26-14.34.36:556][603]LogStaticLightingSystem: Running Lightmass w/ ImmediateProcess mode ENABLED
[2015.11.26-14.34.36:556][603]LogStaticLightingSystem: Running Lightmass w/ Sorting mode ENABLED
[2015.11.26-14.34.36:556][603]LogStaticLightingSystem: Running Lightmass w/ Mapping paddings ENABLED
[2015.11.26-14.34.36:556][603]LogStaticLightingSystem: Running Lightmass w/ Mapping debug paddings DISABLED
[2015.11.26-14.34.36:724][603]LogEditorBuildUtils: Build time 0:00:03
[2015.11.26-14.34.36:738][603]LogMaterial: Missing cached shader map for material FLightmassMaterialRenderer LandscapeMaterialInstanceConstant_1, compiling. 
[2015.11.26-14.34.36:743][603]LogMaterial: Missing cached shader map for material FLightmassMaterialRenderer LandscapeMaterialInstanceConstant_1, compiling. 
[2015.11.26-14.34.36:760][604]Cmd: UpdateLandscapeEditorData
[2015.11.26-14.34.43:317][881]Job is a success!
[2015.11.26-14.34.43:563][882]LogTexture:Display: Building textures: HQ_Lightmap0_1 (AutoDXT)
[2015.11.26-14.34.43:575][882]LogTexture:Display: Building textures: LQ_Lightmap_1_17 (DXT1)
[2015.11.26-14.34.43:576][882]LogTexture:Display: Building textures: HQ_Lightmap1_17 (AutoDXT)
[2015.11.26-14.34.43:583][882]LogTexture:Display: Building textures: LQ_Lightmap_1_16 (DXT1)
[2015.11.26-14.34.43:592][882]LogTexture:Display: Building textures: HQ_Lightmap1_16 (AutoDXT)
[2015.11.26-14.34.43:602][882]LogTexture:Display: Building textures: LQ_Lightmap_1_15 (DXT1)
[2015.11.26-14.34.43:614][882]LogTexture:Display: Building textures: HQ_Lightmap1_15 (AutoDXT)
[2015.11.26-14.34.43:628][882]LogTexture:Display: Building textures: LQ_Lightmap_1_14 (DXT1)
[2015.11.26-14.34.43:641][882]LogTexture:Display: Building textures: HQ_Lightmap1_14 (AutoDXT)
[2015.11.26-14.34.43:655][882]LogTexture:Display: Building textures: LQ_Lightmap_1_13 (DXT1)
[2015.11.26-14.34.43:662][882]LogTexture:Display: Building textures: HQ_Lightmap1_13 (AutoDXT)
[2015.11.26-14.34.43:668][882]LogTexture:Display: Building textures: LQ_Lightmap_1_12 (DXT1)
[2015.11.26-14.34.43:674][882]LogTexture:Display: Building textures: HQ_Lightmap1_12 (AutoDXT)
[2015.11.26-14.34.43:680][882]LogTexture:Display: Building textures: LQ_Lightmap_1_11 (DXT1)
[2015.11.26-14.34.43:690][882]LogTexture:Display: Building textures: HQ_Lightmap1_11 (AutoDXT)
[2015.11.26-14.34.43:698][882]LogTexture:Display: Building textures: LQ_Lightmap_1_10 (DXT1)
[2015.11.26-14.34.43:709][882]LogTexture:Display: Building textures: HQ_Lightmap1_10 (AutoDXT)
[2015.11.26-14.34.43:724][882]LogTexture:Display: Building textures: LQ_Lightmap_1_9 (DXT1)
[2015.11.26-14.34.43:730][882]LogTexture:Display: Building textures: HQ_Lightmap1_9 (AutoDXT)
[2015.11.26-14.34.43:742][882]LogTexture:Display: Building textures: LQ_Lightmap_1_8 (DXT1)
[2015.11.26-14.34.43:752][882]LogTexture:Display: Building textures: HQ_Lightmap1_8 (AutoDXT)
[2015.11.26-14.34.43:761][882]LogTexture:Display: Building textures: LQ_Lightmap_1_7 (DXT1)
[2015.11.26-14.34.43:770][882]LogTexture:Display: Building textures: HQ_Lightmap1_7 (AutoDXT)
[2015.11.26-14.34.43:778][882]LogTexture:Display: Building textures: LQ_Lightmap_1_6 (DXT1)
[2015.11.26-14.34.43:787][882]LogTexture:Display: Building textures: HQ_Lightmap1_6 (AutoDXT)
[2015.11.26-14.34.43:795][882]LogTexture:Display: Building textures: LQ_Lightmap_1_5 (DXT1)
[2015.11.26-14.34.43:807][882]LogTexture:Display: Building textures: HQ_Lightmap1_5 (AutoDXT)
[2015.11.26-14.34.43:822][882]LogTexture:Display: Building textures: LQ_Lightmap_1_4 (DXT1)
[2015.11.26-14.34.43:830][882]LogTexture:Display: Building textures: HQ_Lightmap1_4 (AutoDXT)
[2015.11.26-14.34.43:838][882]LogTexture:Display: Building textures: LQ_Lightmap_1_3 (DXT1)
[2015.11.26-14.34.43:839][882]LogTexture:Display: Building textures: HQ_Lightmap1_3 (AutoDXT)
[2015.11.26-14.34.43:841][882]LogTexture:Display: Building textures: LQ_Lightmap_1_2 (DXT1)
[2015.11.26-14.34.43:855][882]LogTexture:Display: Building textures: HQ_Lightmap1_2 (AutoDXT)
[2015.11.26-14.34.43:864][882]LogTexture:Display: Building textures: LQ_Lightmap_0_1 (DXT1)
[2015.11.26-14.34.43:879][882]LogTexture:Display: Building textures: ShadowMapTexture2D_17 (G8)
[2015.11.26-14.34.43:883][882]LogTexture:Display: Building textures: ShadowMapTexture2D_18 (G8)
[2015.11.26-14.34.43:886][882]LogTexture:Display: Building textures: ShadowMapTexture2D_19 (G8)
[2015.11.26-14.34.43:890][882]LogTexture:Display: Building textures: ShadowMapTexture2D_20 (G8)
[2015.11.26-14.34.43:893][882]LogTexture:Display: Building textures: ShadowMapTexture2D_21 (G8)
[2015.11.26-14.34.43:897][882]LogTexture:Display: Building textures: ShadowMapTexture2D_22 (G8)
[2015.11.26-14.34.43:900][882]LogTexture:Display: Building textures: ShadowMapTexture2D_23 (G8)
[2015.11.26-14.34.43:904][882]LogTexture:Display: Building textures: ShadowMapTexture2D_24 (G8)
[2015.11.26-14.34.43:908][882]LogTexture:Display: Building textures: ShadowMapTexture2D_25 (G8)
[2015.11.26-14.34.43:911][882]LogTexture:Display: Building textures: ShadowMapTexture2D_26 (G8)
[2015.11.26-14.34.43:914][882]LogTexture:Display: Building textures: ShadowMapTexture2D_27 (G8)
[2015.11.26-14.34.43:918][882]LogTexture:Display: Building textures: ShadowMapTexture2D_28 (G8)
[2015.11.26-14.34.43:922][882]LogTexture:Display: Building textures: ShadowMapTexture2D_29 (G8)
[2015.11.26-14.34.43:926][882]LogTexture:Display: Building textures: ShadowMapTexture2D_30 (G8)
[2015.11.26-14.34.43:930][882]LogTexture:Display: Building textures: ShadowMapTexture2D_31 (G8)
[2015.11.26-14.34.43:933][882]LogTexture:Display: Building textures: ShadowMapTexture2D_32 (G8)
[2015.11.26-14.34.43:935][882]LogTexture:Display: Building textures: ShadowMapTexture2D_33 (G8)
[2015.11.26-14.34.44:000][882]Lightmass on CRODAWIN10: 4.73 sec total, 175 ms importing, 227 ms setup, 367 ms photons, 3.92 sec processing, 0 ms extra exporting [18/18 mappings]. Threads: 27.3 sec total, 14.2 sec processing.
[2015.11.26-14.34.44:029][882]LogStaticLightingSystem: Illumination: 10.7 sec (398 ms encoding lightmaps)
[2015.11.26-14.34.44:029][882]LogStaticLightingSystem: Lightmap texture memory:  0.3 MB (0.3 MB streaming, 0.0 MB non-streaming), 34 textures
[2015.11.26-14.34.44:029][882]LogStaticLightingSystem: Shadowmap texture memory: 0.2 MB (0.2 MB streaming, 0.0 MB non-streaming), 17 textures
[2015.11.26-14.34.44:564][883]Cmd: UpdateLandscapeEditorData
[2015.11.26-14.34.44:565][883]Cmd: MAP CHECK NOTIFYRESULTS
[2015.11.26-14.34.44:565][883]MapCheck: New page: MemoryCardEntry - Nov 26, 2015, 4:34:44 AM
[2015.11.26-14.34.44:749][883]MapCheck: Info Map check complete: 0 Error(s), 0 Warning(s), took 184.384ms to complete.
[2015.11.26-14.34.51:157][241]LogSavePackage: Save=371.199402ms
[2015.11.26-14.34.51:157][241]LogSavePackage: Moving '../../../../../../Users/croda/Documents/Unreal Projects/SantaSearch/Saved/MemoryCardEntry4A5D9CAB4DF7D206EF61D990EB476737.tmp' to '../../../../../../Users/croda/Documents/Unreal Projects/SantaSearch/Content/Maps/MemoryCardEntry.umap'
[2015.11.26-14.34.51:163][241]LogSavePackage: Total save time: 398.345269ms
[2015.11.26-14.34.51:163][241]LogSavePackage:Warning: Finished SavePackage ../../../../../../Users/croda/Documents/Unreal Projects/SantaSearch/Content/Maps/MemoryCardEntry.umap
[2015.11.26-14.34.51:562][263]LogTexture:Warning: Failed to stream mip data from the derived data cache for /Game/Maps/MemoryCardEntry.HQ_Lightmap0_10. Streaming mips will be recached.
[2015.11.26-14.34.51:564][263]LogTexture:Display: Building textures: HQ_Lightmap0_10 (AutoDXT)
[2015.11.26-14.34.51:579][263]LogTexture:Warning: Failed to stream mip data from the derived data cache for /Game/Maps/MemoryCardEntry.HQ_Lightmap0_14. Streaming mips will be recached.
[2015.11.26-14.34.51:579][263]LogTexture:Display: Building textures: HQ_Lightmap0_14 (AutoDXT)
[2015.11.26-14.34.51:592][263]LogTexture:Warning: Failed to stream mip data from the derived data cache for /Game/Maps/MemoryCardEntry.HQ_Lightmap0_15. Streaming mips will be recached.
[2015.11.26-14.34.51:592][263]LogTexture:Display: Building textures: HQ_Lightmap0_15 (AutoDXT)
[2015.11.26-14.34.51:606][263]LogTexture:Warning: Failed to stream mip data from the derived data cache for /Game/Maps/MemoryCardEntry.HQ_Lightmap0_16. Streaming mips will be recached.
[2015.11.26-14.34.51:606][263]LogTexture:Display: Building textures: HQ_Lightmap0_16 (AutoDXT)
[2015.11.26-14.34.51:620][263]LogTexture:Warning: Failed to stream mip data from the derived data cache for /Game/Maps/MemoryCardEntry.HQ_Lightmap0_2. Streaming mips will be recached.
[2015.11.26-14.34.51:620][263]LogTexture:Display: Building textures: HQ_Lightmap0_2 (AutoDXT)
[2015.11.26-14.34.51:633][263]LogTexture:Warning: Failed to stream mip data from the derived data cache for /Game/Maps/MemoryCardEntry.HQ_Lightmap0_5. Streaming mips will be recached.
[2015.11.26-14.34.51:633][263]LogTexture:Display: Building textures: HQ_Lightmap0_5 (AutoDXT)
[2015.11.26-14.34.51:648][263]LogTexture:Warning: Failed to stream mip data from the derived data cache for /Game/Maps/MemoryCardEntry.HQ_Lightmap0_6. Streaming mips will be recached.
[2015.11.26-14.34.51:648][263]LogTexture:Display: Building textures: HQ_Lightmap0_6 (AutoDXT)
[2015.11.26-14.34.51:660][263]LogTexture:Warning: Failed to stream mip data from the derived data cache for /Game/Maps/MemoryCardEntry.HQ_Lightmap0_8. Streaming mips will be recached.
[2015.11.26-14.34.51:660][263]LogTexture:Display: Building textures: HQ_Lightmap0_8 (AutoDXT)
[2015.11.26-14.34.51:674][263]LogTexture:Warning: Failed to stream mip data from the derived data cache for /Game/Maps/MemoryCardEntry.HQ_Lightmap1_1. Streaming mips will be recached.
[2015.11.26-14.34.51:674][263]LogTexture:Display: Building textures: HQ_Lightmap1_1 (AutoDXT)
[2015.11.26-14.35.56:602][ 65]Cmd: EDIT PASTE
[2015.11.26-14.36.54:388][520]MapCheck: New page: Map Check
[2015.11.26-14.36.54:408][520]Cmd: MAP REBUILD ALLVISIBLE
[2015.11.26-14.36.54:408][520]LogEditorServer: Rebuildmap Clear paths rebuilt
[2015.11.26-14.36.54:559][520]MapCheck:Warning: Warning WorldInfo_0 Hierarchical LOD System is disabled or no HLOD level settings available, unable to build LOD actors. 
[2015.11.26-14.36.54:559][520]LogStats:          STAT_HLOD_BuildClusters - 19.704 ms
[2015.11.26-14.36.54:559][520]LightingResults: New page: Lighting Build - Nov 26, 2015, 4:36:54 AM
[2015.11.26-14.36.54:567][520]LightingResults:Warning: Warning InstancedFoliageActor_0 Instanced meshes don't yet support unique static lighting for each LOD, lighting on LOD 1+ may be incorrect
[2015.11.26-14.36.59:124][520]LogStaticLightingSystem: Running Lightmass w/ ImmediateImport mode ENABLED
[2015.11.26-14.36.59:124][520]LogStaticLightingSystem: Running Lightmass w/ ImmediateProcess mode ENABLED
[2015.11.26-14.36.59:124][520]LogStaticLightingSystem: Running Lightmass w/ Sorting mode ENABLED
[2015.11.26-14.36.59:124][520]LogStaticLightingSystem: Running Lightmass w/ Mapping paddings ENABLED
[2015.11.26-14.36.59:124][520]LogStaticLightingSystem: Running Lightmass w/ Mapping debug paddings DISABLED
[2015.11.26-14.36.59:242][520]LogEditorBuildUtils: Build time 0:00:04
[2015.11.26-14.36.59:257][521]Cmd: UpdateLandscapeEditorData
[2015.11.26-14.37.04:392][805]Job is a success!
[2015.11.26-14.37.04:645][806]LogTexture:Display: Building textures: HQ_Lightmap1_1 (AutoDXT)
[2015.11.26-14.37.04:655][806]LogTexture:Display: Building textures: LQ_Lightmap_0_17 (DXT1)
[2015.11.26-14.37.04:658][806]LogTexture:Display: Building textures: HQ_Lightmap0_17 (AutoDXT)
[2015.11.26-14.37.04:671][806]LogTexture:Display: Building textures: LQ_Lightmap_0_16 (DXT1)
[2015.11.26-14.37.04:672][806]LogTexture:Display: Building textures: HQ_Lightmap0_16 (AutoDXT)
[2015.11.26-14.37.04:674][806]LogTexture:Display: Building textures: LQ_Lightmap_0_15 (DXT1)
[2015.11.26-14.37.04:685][806]LogTexture:Display: Building textures: HQ_Lightmap0_15 (AutoDXT)
[2015.11.26-14.37.04:693][806]LogTexture:Display: Building textures: LQ_Lightmap_0_14 (DXT1)
[2015.11.26-14.37.04:703][806]LogTexture:Display: Building textures: HQ_Lightmap0_14 (AutoDXT)
[2015.11.26-14.37.04:716][806]LogTexture:Display: Building textures: LQ_Lightmap_0_13 (DXT1)
[2015.11.26-14.37.04:725][806]LogTexture:Display: Building textures: HQ_Lightmap0_13 (AutoDXT)
[2015.11.26-14.37.04:732][806]LogTexture:Display: Building textures: LQ_Lightmap_0_12 (DXT1)
[2015.11.26-14.37.04:741][806]LogTexture:Display: Building textures: HQ_Lightmap0_12 (AutoDXT)
[2015.11.26-14.37.04:749][806]LogTexture:Display: Building textures: LQ_Lightmap_0_11 (DXT1)
[2015.11.26-14.37.04:758][806]LogTexture:Display: Building textures: HQ_Lightmap0_11 (AutoDXT)
[2015.11.26-14.37.04:767][806]LogTexture:Display: Building textures: LQ_Lightmap_0_10 (DXT1)
[2015.11.26-14.37.04:776][806]LogTexture:Display: Building textures: HQ_Lightmap0_10 (AutoDXT)
[2015.11.26-14.37.04:790][806]LogTexture:Display: Building textures: LQ_Lightmap_0_9 (DXT1)
[2015.11.26-14.37.04:800][806]LogTexture:Display: Building textures: HQ_Lightmap0_9 (AutoDXT)
[2015.11.26-14.37.04:818][806]LogTexture:Display: Building textures: LQ_Lightmap_0_8 (DXT1)
[2015.11.26-14.37.04:828][806]LogTexture:Display: Building textures: HQ_Lightmap0_8 (AutoDXT)
[2015.11.26-14.37.04:837][806]LogTexture:Display: Building textures: LQ_Lightmap_0_7 (DXT1)
[2015.11.26-14.37.04:842][806]LogTexture:Display: Building textures: HQ_Lightmap0_7 (AutoDXT)
[2015.11.26-14.37.04:849][806]LogTexture:Display: Building textures: LQ_Lightmap_0_6 (DXT1)
[2015.11.26-14.37.04:855][806]LogTexture:Display: Building textures: HQ_Lightmap0_6 (AutoDXT)
[2015.11.26-14.37.04:861][806]LogTexture:Display: Building textures: LQ_Lightmap_0_5 (DXT1)
[2015.11.26-14.37.04:873][806]LogTexture:Display: Building textures: HQ_Lightmap0_5 (AutoDXT)
[2015.11.26-14.37.04:886][806]LogTexture:Display: Building textures: LQ_Lightmap_0_4 (DXT1)
[2015.11.26-14.37.04:897][806]LogTexture:Display: Building textures: HQ_Lightmap0_4 (AutoDXT)
[2015.11.26-14.37.04:911][806]LogTexture:Display: Building textures: LQ_Lightmap_0_3 (DXT1)
[2015.11.26-14.37.04:920][806]LogTexture:Display: Building textures: HQ_Lightmap0_3 (AutoDXT)
[2015.11.26-14.37.04:930][806]LogTexture:Display: Building textures: LQ_Lightmap_0_2 (DXT1)
[2015.11.26-14.37.04:936][806]LogTexture:Display: Building textures: HQ_Lightmap0_2 (AutoDXT)
[2015.11.26-14.37.04:943][806]LogTexture:Display: Building textures: LQ_Lightmap_1_1 (DXT1)
[2015.11.26-14.37.04:955][806]LogTexture:Display: Building textures: ShadowMapTexture2D_34 (G8)
[2015.11.26-14.37.04:959][806]LogTexture:Display: Building textures: ShadowMapTexture2D_35 (G8)
[2015.11.26-14.37.04:962][806]LogTexture:Display: Building textures: ShadowMapTexture2D_36 (G8)
[2015.11.26-14.37.04:966][806]LogTexture:Display: Building textures: ShadowMapTexture2D_37 (G8)
[2015.11.26-14.37.04:969][806]LogTexture:Display: Building textures: ShadowMapTexture2D_38 (G8)
[2015.11.26-14.37.04:972][806]LogTexture:Display: Building textures: ShadowMapTexture2D_39 (G8)
[2015.11.26-14.37.04:975][806]LogTexture:Display: Building textures: ShadowMapTexture2D_40 (G8)
[2015.11.26-14.37.04:978][806]LogTexture:Display: Building textures: ShadowMapTexture2D_41 (G8)
[2015.11.26-14.37.04:981][806]LogTexture:Display: Building textures: ShadowMapTexture2D_42 (G8)
[2015.11.26-14.37.04:984][806]LogTexture:Display: Building textures: ShadowMapTexture2D_43 (G8)
[2015.11.26-14.37.04:988][806]LogTexture:Display: Building textures: ShadowMapTexture2D_44 (G8)
[2015.11.26-14.37.04:991][806]LogTexture:Display: Building textures: ShadowMapTexture2D_45 (G8)
[2015.11.26-14.37.04:994][806]LogTexture:Display: Building textures: ShadowMapTexture2D_46 (G8)
[2015.11.26-14.37.04:998][806]LogTexture:Display: Building textures: ShadowMapTexture2D_47 (G8)
[2015.11.26-14.37.05:001][806]LogTexture:Display: Building textures: ShadowMapTexture2D_48 (G8)
[2015.11.26-14.37.05:004][806]LogTexture:Display: Building textures: ShadowMapTexture2D_49 (G8)
[2015.11.26-14.37.05:008][806]LogTexture:Display: Building textures: ShadowMapTexture2D_50 (G8)
[2015.11.26-14.37.05:041][806]Lightmass on CRODAWIN10: 5.34 sec total, 243 ms importing, 240 ms setup, 538 ms photons, 4.29 sec processing, 0 ms extra exporting [46/46 mappings]. Threads: 29.9 sec total, 18.2 sec processing.
[2015.11.26-14.37.05:070][806]LogStaticLightingSystem: Illumination: 10.4 sec (386 ms encoding lightmaps)
[2015.11.26-14.37.05:070][806]LogStaticLightingSystem: Lightmap texture memory:  0.4 MB (0.4 MB streaming, 0.0 MB non-streaming), 34 textures
[2015.11.26-14.37.05:070][806]LogStaticLightingSystem: Shadowmap texture memory: 0.3 MB (0.3 MB streaming, 0.0 MB non-streaming), 34 textures
[2015.11.26-14.37.06:135][807]Cmd: UpdateLandscapeEditorData
[2015.11.26-14.37.06:136][807]Cmd: MAP CHECK NOTIFYRESULTS
[2015.11.26-14.37.06:136][807]MapCheck: New page: MemoryCardEntry - Nov 26, 2015, 4:37:06 AM
[2015.11.26-14.37.06:343][807]MapCheck: Info Map check complete: 0 Error(s), 0 Warning(s), took 207.412ms to complete.
[2015.11.26-14.38.16:441][364]LogRenderer: Reallocating scene render targets to support 876x576 (Frame:13417).
[2015.11.26-14.38.16:725][381]LogTexture:Warning: Failed to stream mip data from the derived data cache for /Game/Maps/MemoryCardEntry.HQ_Lightmap1_7. Streaming mips will be recached.
[2015.11.26-14.38.16:727][381]LogTexture:Display: Building textures: HQ_Lightmap1_7 (AutoDXT)
[2015.11.26-14.39.06:102][655]Cmd: OBJ SAVEPACKAGE PACKAGE="/Game/Assets/Landscape/TreeSpawner" FILE="../../../../../../Users/croda/Documents/Unreal Projects/SantaSearch/Content/Assets/Landscape/TreeSpawner.uasset" SILENT=true
[2015.11.26-14.39.06:115][655]LogSavePackage: Save=3.213286ms
[2015.11.26-14.39.06:115][655]LogSavePackage: Moving '../../../../../../Users/croda/Documents/Unreal Projects/SantaSearch/Saved/TreeSpawner781EA27E4DA692AF4A6B839B2EB49223.tmp' to '../../../../../../Users/croda/Documents/Unreal Projects/SantaSearch/Content/Assets/Landscape/TreeSpawner.uasset'
[2015.11.26-14.39.06:120][655]LogSavePackage: Total save time: 16.453791ms
[2015.11.26-14.39.06:120][655]LogSavePackage:Warning: Finished SavePackage ../../../../../../Users/croda/Documents/Unreal Projects/SantaSearch/Content/Assets/Landscape/TreeSpawner.uasset
[2015.11.26-14.39.09:001][827]LogQuadTree:Warning: Adding element (bIsValid=true, Min=(X=15277.322 Y=6904.697), Max=(X=15477.322 Y=7104.697)) that is outside the bounds of the quadtree root (bIsValid=true, Min=(X=-5000.000 Y=-5000.000), Max=(X=15000.000 Y=15000.000)). Consider resizing.
[2015.11.26-14.39.09:001][827]LogQuadTree:Warning: Adding element (bIsValid=true, Min=(X=15547.324 Y=1055.438), Max=(X=15747.324 Y=1255.438)) that is outside the bounds of the quadtree root (bIsValid=true, Min=(X=-5000.000 Y=-5000.000), Max=(X=15000.000 Y=15000.000)). Consider resizing.
[2015.11.26-14.39.09:001][827]LogQuadTree:Warning: Adding element (bIsValid=true, Min=(X=15626.307 Y=1064.661), Max=(X=15826.307 Y=1264.661)) that is outside the bounds of the quadtree root (bIsValid=true, Min=(X=-5000.000 Y=-5000.000), Max=(X=15000.000 Y=15000.000)). Consider resizing.
[2015.11.26-14.39.09:038][827]LogStaticMesh:Display: Discarded foliage hierarchy of 27 elements build due to concurrent removal (0.0s)
[2015.11.26-14.39.17:495][256]MapCheck: New page: Map Check
[2015.11.26-14.39.17:509][256]Cmd: MAP REBUILD ALLVISIBLE
[2015.11.26-14.39.17:509][256]LogEditorServer: Rebuildmap Clear paths rebuilt
[2015.11.26-14.39.17:679][256]MapCheck:Warning: Warning WorldInfo_0 Hierarchical LOD System is disabled or no HLOD level settings available, unable to build LOD actors. 
[2015.11.26-14.39.17:679][256]LogStats:          STAT_HLOD_BuildClusters - 20.481 ms
[2015.11.26-14.39.17:680][256]LightingResults: New page: Lighting Build - Nov 26, 2015, 4:39:17 AM
[2015.11.26-14.39.17:687][256]LightingResults:Warning: Warning InstancedFoliageActor_0 Instanced meshes don't yet support unique static lighting for each LOD, lighting on LOD 1+ may be incorrect
[2015.11.26-14.39.17:687][256]LightingResults:Warning: Warning InstancedFoliageActor_0 The total lightmap size for this InstancedStaticMeshComponent was too big and it was automatically reduced. Consider reducing the component's lightmap resolution or number of mesh instances in this component
[2015.11.26-14.39.17:687][256]LightingResults:Warning: Warning InstancedFoliageActor_0 The total lightmap size for this InstancedStaticMeshComponent is large, consider reducing the component's lightmap resolution or number of mesh instances in this component
[2015.11.26-14.39.17:687][256]LightingResults:Warning: Warning InstancedFoliageActor_0 Instanced meshes don't yet support unique static lighting for each LOD, lighting on LOD 1+ may be incorrect
[2015.11.26-14.39.17:687][256]LightingResults:Warning: Warning InstancedFoliageActor_0 The total lightmap size for this InstancedStaticMeshComponent is large, consider reducing the component's lightmap resolution or number of mesh instances in this component
[2015.11.26-14.39.17:687][256]LightingResults:Warning: Warning InstancedFoliageActor_0 Instanced meshes don't yet support unique static lighting for each LOD, lighting on LOD 1+ may be incorrect
[2015.11.26-14.39.17:687][256]LightingResults:Warning: Warning InstancedFoliageActor_0 Instanced meshes don't yet support unique static lighting for each LOD, lighting on LOD 1+ may be incorrect
[2015.11.26-14.39.17:687][256]LightingResults:Warning: Warning InstancedFoliageActor_0 The total lightmap size for this InstancedStaticMeshComponent is large, consider reducing the component's lightmap resolution or number of mesh instances in this component
[2015.11.26-14.39.17:687][256]LightingResults:Warning: Warning InstancedFoliageActor_0 Instanced meshes don't yet support unique static lighting for each LOD, lighting on LOD 1+ may be incorrect
[2015.11.26-14.39.17:688][256]LightingResults:Warning: Warning InstancedFoliageActor_0 The total lightmap size for this InstancedStaticMeshComponent is large, consider reducing the component's lightmap resolution or number of mesh instances in this component
[2015.11.26-14.39.17:688][256]LightingResults:Warning: Warning InstancedFoliageActor_0 Instanced meshes don't yet support unique static lighting for each LOD, lighting on LOD 1+ may be incorrect
[2015.11.26-14.39.17:688][256]LightingResults:Warning: Warning InstancedFoliageActor_0 The total lightmap size for this InstancedStaticMeshComponent is large, consider reducing the component's lightmap resolution or number of mesh instances in this component
[2015.11.26-14.39.17:688][256]LightingResults:Warning: Warning InstancedFoliageActor_0 Instanced meshes don't yet support unique static lighting for each LOD, lighting on LOD 1+ may be incorrect
[2015.11.26-14.39.17:688][256]LightingResults:Warning: Warning InstancedFoliageActor_0 The total lightmap size for this InstancedStaticMeshComponent is large, consider reducing the component's lightmap resolution or number of mesh instances in this component
[2015.11.26-14.39.17:688][256]LightingResults:Warning: Warning InstancedFoliageActor_0 Instanced meshes don't yet support unique static lighting for each LOD, lighting on LOD 1+ may be incorrect
[2015.11.26-14.39.17:688][256]LightingResults:Warning: Warning InstancedFoliageActor_0 The total lightmap size for this InstancedStaticMeshComponent is large, consider reducing the component's lightmap resolution or number of mesh instances in this component
[2015.11.26-14.39.17:688][256]LightingResults:Warning: Warning InstancedFoliageActor_0 Instanced meshes don't yet support unique static lighting for each LOD, lighting on LOD 1+ may be incorrect
[2015.11.26-14.39.17:688][256]LightingResults:Warning: Warning InstancedFoliageActor_0 The total lightmap size for this InstancedStaticMeshComponent is large, consider reducing the component's lightmap resolution or number of mesh instances in this component
[2015.11.26-14.39.17:688][256]LightingResults:Warning: Warning InstancedFoliageActor_0 Instanced meshes don't yet support unique static lighting for each LOD, lighting on LOD 1+ may be incorrect
[2015.11.26-14.39.17:688][256]LightingResults:Warning: Warning InstancedFoliageActor_0 The total lightmap size for this InstancedStaticMeshComponent is large, consider reducing the component's lightmap resolution or number of mesh instances in this component
[2015.11.26-14.39.17:688][256]LightingResults:Warning: Warning InstancedFoliageActor_0 Instanced meshes don't yet support unique static lighting for each LOD, lighting on LOD 1+ may be incorrect
[2015.11.26-14.39.22:201][256]LogStaticLightingSystem: Running Lightmass w/ ImmediateImport mode ENABLED
[2015.11.26-14.39.22:201][256]LogStaticLightingSystem: Running Lightmass w/ ImmediateProcess mode ENABLED
[2015.11.26-14.39.22:201][256]LogStaticLightingSystem: Running Lightmass w/ Sorting mode ENABLED
[2015.11.26-14.39.22:201][256]LogStaticLightingSystem: Running Lightmass w/ Mapping paddings ENABLED
[2015.11.26-14.39.22:201][256]LogStaticLightingSystem: Running Lightmass w/ Mapping debug paddings DISABLED
[2015.11.26-14.39.22:313][256]LogEditorBuildUtils: Build time 0:00:04
[2015.11.26-14.39.22:331][257]Cmd: UpdateLandscapeEditorData
[2015.11.26-14.39.41:335][132]Cmd: CAMERA ALIGN ACTIVEVIEWPORTONLY
[2015.11.26-14.40.58:239][453]Job has failed! Job is closed while Tasks are still PENDING
[2015.11.26-14.41.06:521][781]LogWindowsTextInputMethodSystem:Display: IME system now deactivated.
[2015.11.26-14.41.06:785][782]Cmd: QUIT_EDITOR
[2015.11.26-14.41.07:073][782]LogExit: Preparing to exit.
[2015.11.26-14.41.07:708][782]LogExit: Editor shut down
[2015.11.26-14.41.07:709][782]LogExit: Transaction tracking system shut down
[2015.11.26-14.41.07:714][782]LogParticles: Destroying 0 GPU particle simulations for FXSystem 0x0000001F713BB9C0
[2015.11.26-14.41.07:714][782]LogParticles: Destroying 0 GPU particle simulations for FXSystem 0x0000001F6B953600
[2015.11.26-14.41.07:716][782]LogParticles: Destroying 0 GPU particle simulations for FXSystem 0x0000001F763DF920
[2015.11.26-14.41.07:716][782]LogParticles: Destroying 0 GPU particle simulations for FXSystem 0x0000001F76859F80
[2015.11.26-14.41.07:716][782]LogParticles: Destroying 0 GPU particle simulations for FXSystem 0x0000001F7D825120
[2015.11.26-14.41.07:716][782]LogParticles: Destroying 0 GPU particle simulations for FXSystem 0x0000001F7D824F40
[2015.11.26-14.41.07:760][782]LeapPluginLog: LeapController::CleanupEventData Delete Called
[2015.11.26-14.41.07:787][782]LeapPluginLog: LeapController::CleanupEventData Delete Called
[2015.11.26-14.41.07:943][782]LogExit: Object subsystem successfully closed.
[2015.11.26-14.41.07:966][782]LogD3D11RHI: Shutdown
[2015.11.26-14.41.07:966][782]LogD3D11RHI: CleanupD3DDevice
[2015.11.26-14.41.08:046][782]LogD3D11RHI: ~FD3D11DynamicRHI
[2015.11.26-14.41.08:073][782]LogModuleManager: Shutting down and abandoning module CrashTracker (200)
[2015.11.26-14.41.08:073][782]LogModuleManager: Shutting down and abandoning module SceneOutliner (199)
[2015.11.26-14.41.08:073][782]LogModuleManager: Shutting down and abandoning module SuperSearch (198)
[2015.11.26-14.41.08:073][782]LogModuleManager: Shutting down and abandoning module WidgetCarousel (197)
[2015.11.26-14.41.08:073][782]LogModuleManager: Shutting down and abandoning module AddContentDialog (196)
[2015.11.26-14.41.08:074][782]LogModuleManager: Shutting down and abandoning module EditorWidgets (195)
[2015.11.26-14.41.08:074][782]LogModuleManager: Shutting down and abandoning module CollectionManager (194)
[2015.11.26-14.41.08:075][782]LogModuleManager: Shutting down and abandoning module StatsViewer (193)
[2015.11.26-14.41.08:075][782]LogModuleManager: Shutting down and abandoning module FoliageEdit (192)
[2015.11.26-14.41.08:075][782]LogModuleManager: Shutting down and abandoning module LandscapeEditor (191)
[2015.11.26-14.41.08:075][782]LogModuleManager: Shutting down and abandoning module ActorPickerMode (190)
[2015.11.26-14.41.08:075][782]LogModuleManager: Shutting down and abandoning module GeometryMode (189)
[2015.11.26-14.41.08:075][782]LogModuleManager: Shutting down and abandoning module TextureAlignMode (188)
[2015.11.26-14.41.08:075][782]LogModuleManager: Shutting down and abandoning module BspMode (187)
[2015.11.26-14.41.08:075][782]LogModuleManager: Shutting down and abandoning module PlacementMode (186)
[2015.11.26-14.41.08:075][782]LogModuleManager: Shutting down and abandoning module AutomationWorker (185)
[2015.11.26-14.41.08:076][782]LogModuleManager: Shutting down and abandoning module HoudiniEngineEditor (184)
[2015.11.26-14.41.08:076][782]LogHoudiniEngineEditor: Shutting down the Houdini Engine Editor module.
[2015.11.26-14.41.08:077][782]LogModuleManager: Shutting down and abandoning module CharacterAI (183)
[2015.11.26-14.41.08:077][782]LogModuleManager: Shutting down and abandoning module SmartSnapping (182)
[2015.11.26-14.41.08:077][782]LogModuleManager: Shutting down and abandoning module ViewportSnapping (181)
[2015.11.26-14.41.08:077][782]LogModuleManager: Shutting down and abandoning module LogVisualizer (180)
[2015.11.26-14.41.08:077][782]LogModuleManager: Shutting down and abandoning module GameProjectGeneration (179)
[2015.11.26-14.41.08:077][782]LogModuleManager: Shutting down and abandoning module IntroTutorials (178)
[2015.11.26-14.41.08:078][782]LogModuleManager: Shutting down and abandoning module EditorLiveStreaming (177)
[2015.11.26-14.41.08:078][782]LogModuleManager: Shutting down and abandoning module IOSPlatformEditor (176)
[2015.11.26-14.41.08:078][782]LogModuleManager: Shutting down and abandoning module HTML5PlatformEditor (175)
[2015.11.26-14.41.08:078][782]LogModuleManager: Shutting down and abandoning module AndroidDeviceDetection (174)
[2015.11.26-14.41.08:849][782]LogModuleManager: Shutting down and abandoning module AndroidPlatformEditor (173)
[2015.11.26-14.41.08:849][782]LogModuleManager: Shutting down and abandoning module IOSRuntimeSettings (172)
[2015.11.26-14.41.08:849][782]LogModuleManager: Shutting down and abandoning module AndroidRuntimeSettings (171)
[2015.11.26-14.41.08:849][782]LogModuleManager: Shutting down and abandoning module MergeActors (170)
[2015.11.26-14.41.08:849][782]LogModuleManager: Shutting down and abandoning module SizeMap (169)
[2015.11.26-14.41.08:849][782]LogModuleManager: Shutting down and abandoning module TreeMap (168)
[2015.11.26-14.41.08:849][782]LogModuleManager: Shutting down and abandoning module ReferenceViewer (167)
[2015.11.26-14.41.08:849][782]LogModuleManager: Shutting down and abandoning module LocalizationService (166)
[2015.11.26-14.41.08:849][782]LogModuleManager: Shutting down and abandoning module LocalizationDashboard (165)
[2015.11.26-14.41.08:849][782]LogModuleManager: Shutting down and abandoning module HardwareTargeting (164)
[2015.11.26-14.41.08:849][782]LogModuleManager: Shutting down and abandoning module DeviceProfileEditor (163)
[2015.11.26-14.41.08:849][782]LogModuleManager: Shutting down and abandoning module UndoHistory (162)
[2015.11.26-14.41.08:849][782]LogModuleManager: Shutting down and abandoning module GameplayTagsEditor (161)
[2015.11.26-14.41.08:850][782]LogModuleManager: Shutting down and abandoning module UserFeedback (160)
[2015.11.26-14.41.08:850][782]LogModuleManager: Shutting down and abandoning module XmlParser (159)
[2015.11.26-14.41.08:850][782]LogModuleManager: Shutting down and abandoning module Blutility (158)
[2015.11.26-14.41.08:850][782]LogModuleManager: Shutting down and abandoning module ProjectTargetPlatformEditor (157)
[2015.11.26-14.41.08:850][782]LogModuleManager: Shutting down and abandoning module ProjectSettingsViewer (156)
[2015.11.26-14.41.08:850][782]LogModuleManager: Shutting down and abandoning module InputBindingEditor (155)
[2015.11.26-14.41.08:850][782]LogModuleManager: Shutting down and abandoning module EditorSettingsViewer (154)
[2015.11.26-14.41.08:850][782]LogModuleManager: Shutting down and abandoning module SettingsEditor (153)
[2015.11.26-14.41.08:850][782]LogModuleManager: Shutting down and abandoning module ProjectLauncher (152)
[2015.11.26-14.41.08:850][782]LogModuleManager: Shutting down and abandoning module SessionFrontend (151)
[2015.11.26-14.41.08:851][782]LogModuleManager: Shutting down and abandoning module ProfilerClient (150)
[2015.11.26-14.41.08:851][782]LogModuleManager: Shutting down and abandoning module TargetDeviceServices (149)
[2015.11.26-14.41.08:851][782]LogModuleManager: Shutting down and abandoning module DeviceManager (148)
[2015.11.26-14.41.08:851][782]LogModuleManager: Shutting down and abandoning module AutomationController (147)
[2015.11.26-14.41.08:851][782]LogModuleManager: Shutting down and abandoning module AutomationWindow (146)
[2015.11.26-14.41.08:852][782]LogModuleManager: Shutting down and abandoning module Layers (145)
[2015.11.26-14.41.08:852][782]LogModuleManager: Shutting down and abandoning module ComponentVisualizers (144)
[2015.11.26-14.41.08:852][782]LogModuleManager: Shutting down and abandoning module DetailCustomizations (143)
[2015.11.26-14.41.08:852][782]LogModuleManager: Shutting down and abandoning module PackagesDialog (142)
[2015.11.26-14.41.08:852][782]LogModuleManager: Shutting down and abandoning module Persona (141)
[2015.11.26-14.41.08:853][782]LogModuleManager: Shutting down and abandoning module Kismet (140)
[2015.11.26-14.41.08:853][782]LogModuleManager: Shutting down and abandoning module GraphEditor (139)
[2015.11.26-14.41.08:854][782]LogModuleManager: Shutting down and abandoning module ClassViewer (138)
[2015.11.26-14.41.08:855][782]LogModuleManager: Shutting down and abandoning module Toolbox (137)
[2015.11.26-14.41.08:855][782]LogModuleManager: Shutting down and abandoning module ModuleUI (136)
[2015.11.26-14.41.08:855][782]LogModuleManager: Shutting down and abandoning module MovieSceneTools (135)
[2015.11.26-14.41.08:855][782]LogModuleManager: Shutting down and abandoning module OutputLog (134)
[2015.11.26-14.41.08:855][782]LogModuleManager: Shutting down and abandoning module GammaUI (133)
[2015.11.26-14.41.08:855][782]LogModuleManager: Shutting down and abandoning module Documentation (132)
[2015.11.26-14.41.08:855][782]LogModuleManager: Shutting down and abandoning module GameLiveStreaming (131)
[2015.11.26-14.41.08:855][782]LogModuleManager: Shutting down and abandoning module StreamingPauseRendering (130)
[2015.11.26-14.41.08:855][782]LogModuleManager: Shutting down and abandoning module AnalyticsET (129)
[2015.11.26-14.41.08:855][782]LogModuleManager: Shutting down and abandoning module Analytics (128)
[2015.11.26-14.41.08:855][782]LogModuleManager: Shutting down and abandoning module AITestSuite (127)
[2015.11.26-14.41.08:855][782]LogModuleManager: Shutting down and abandoning module GameplayDebugger (126)
[2015.11.26-14.41.08:855][782]LogModuleManager: Shutting down and abandoning module AIModule (125)
[2015.11.26-14.41.08:855][782]LogModuleManager: Shutting down and abandoning module ProfilerService (124)
[2015.11.26-14.41.08:869][782]LogModuleManager: Shutting down and abandoning module TaskGraph (123)
[2015.11.26-14.41.08:870][782]LogModuleManager: Shutting down and abandoning module LeapMotion (122)
[2015.11.26-14.41.08:881][782]LogModuleManager: Shutting down and abandoning module SlateRemote (121)
[2015.11.26-14.41.08:881][782]LogModuleManager: Shutting down and abandoning module SteamVRController (120)
[2015.11.26-14.41.08:881][782]LogModuleManager: Shutting down and abandoning module SteamVR (119)
[2015.11.26-14.41.08:881][782]LogModuleManager: Shutting down and abandoning module ProceduralMeshComponent (118)
[2015.11.26-14.41.08:881][782]LogModuleManager: Shutting down and abandoning module OculusRift (117)
[2015.11.26-14.41.08:881][782]LogModuleManager: Shutting down and abandoning module OculusLibrary (116)
[2015.11.26-14.41.08:881][782]LogModuleManager: Shutting down and abandoning module LeapMotionController (115)
[2015.11.26-14.41.08:897][782]LogModuleManager: Shutting down and abandoning module CustomMeshComponent (114)
[2015.11.26-14.41.08:897][782]LogModuleManager: Shutting down and abandoning module CableComponent (113)
[2015.11.26-14.41.08:897][782]LogModuleManager: Shutting down and abandoning module ArchVisCharacter (112)
[2015.11.26-14.41.08:897][782]LogModuleManager: Shutting down and abandoning module MessagingDebugger (111)
[2015.11.26-14.41.08:897][782]LogModuleManager: Shutting down and abandoning module MediaPlayerEditor (110)
[2015.11.26-14.41.08:897][782]LogModuleManager: Shutting down and abandoning module HoudiniEngineRuntime (109)
[2015.11.26-14.41.08:898][782]LogHoudiniEngine: Shutting down the Houdini Engine module.
[2015.11.26-14.41.08:905][782]LogModuleManager: Shutting down and abandoning module HTML5Networking (108)
[2015.11.26-14.41.08:905][782]LogModuleManager: Shutting down and abandoning module SpeedTreeImporter (107)
[2015.11.26-14.41.08:905][782]LogModuleManager: Shutting down and abandoning module PluginBrowser (106)
[2015.11.26-14.41.08:905][782]LogModuleManager: Shutting down and abandoning module EpicSurvey (105)
[2015.11.26-14.41.08:905][782]LogModuleManager: Shutting down and abandoning module DesktopPlatform (104)
[2015.11.26-14.41.08:905][782]LogModuleManager: Shutting down and abandoning module VisualStudioSourceCodeAccess (103)
[2015.11.26-14.41.08:905][782]LogModuleManager: Shutting down and abandoning module UObjectPlugin (102)
[2015.11.26-14.41.08:905][782]LogModuleManager: Shutting down and abandoning module SubversionSourceControl (101)
[2015.11.26-14.41.08:907][782]LogModuleManager: Shutting down and abandoning module PerforceSourceControl (100)
[2015.11.26-14.41.08:907][782]LogModuleManager: Shutting down and abandoning module SourceControl (99)
[2015.11.26-14.41.08:907][782]LogModuleManager: Shutting down and abandoning module GitSourceControl (98)
[2015.11.26-14.41.08:907][782]LogModuleManager: Shutting down and abandoning module LightPropagationVolumeEditor (97)
[2015.11.26-14.41.08:907][782]LogModuleManager: Shutting down and abandoning module PaperTiledImporter (96)
[2015.11.26-14.41.08:907][782]LogModuleManager: Shutting down and abandoning module PaperSpriteSheetImporter (95)
[2015.11.26-14.41.08:907][782]LogModuleManager: Shutting down and abandoning module MeshPaint (94)
[2015.11.26-14.41.08:907][782]LogModuleManager: Shutting down and abandoning module SlateReflector (93)
[2015.11.26-14.41.08:909][782]LogModuleManager: Shutting down and abandoning module HotReload (92)
[2015.11.26-14.41.08:909][782]LogModuleManager: Shutting down and abandoning module MainFrame (91)
[2015.11.26-14.41.08:909][782]LogModuleManager: Shutting down and abandoning module LevelEditor (90)
[2015.11.26-14.41.08:910][782]LogModuleManager: Shutting down and abandoning module DirectoryWatcher (89)
[2015.11.26-14.41.08:914][782]LogModuleManager: Shutting down and abandoning module AssetRegistry (88)
[2015.11.26-14.41.09:108][782]LogModuleManager: Shutting down and abandoning module ContentBrowser (87)
[2015.11.26-14.41.09:108][782]LogModuleManager: Shutting down and abandoning module Paper2DEditor (86)
[2015.11.26-14.41.09:109][782]LogModuleManager: Shutting down and abandoning module UdpMessaging (85)
[2015.11.26-14.41.09:210][782]LogModuleManager: Shutting down and abandoning module LightPropagationVolumeRuntime (84)
[2015.11.26-14.41.09:210][782]LogModuleManager: Shutting down and abandoning module Paper2D (83)
[2015.11.26-14.41.09:210][782]LogModuleManager: Shutting down and abandoning module WindowsMoviePlayer (82)
[2015.11.26-14.41.09:214][782]LogModuleManager: Shutting down and abandoning module Media (81)
[2015.11.26-14.41.09:214][782]LogModuleManager: Shutting down and abandoning module WmfMedia (80)
[2015.11.26-14.41.09:214][782]LogModuleManager: Shutting down and abandoning module OnlineBlueprintSupport (79)
[2015.11.26-14.41.09:214][782]LogModuleManager: Shutting down and abandoning module GameplayTasksEditor (78)
[2015.11.26-14.41.09:214][782]LogModuleManager: Shutting down and abandoning module PropertyEditor (77)
[2015.11.26-14.41.09:214][782]LogModuleManager: Shutting down and abandoning module BehaviorTreeEditor (76)
[2015.11.26-14.41.09:215][782]LogModuleManager: Shutting down and abandoning module FunctionalTesting (75)
[2015.11.26-14.41.09:215][782]LogModuleManager: Shutting down and abandoning module CollisionAnalyzer (74)
[2015.11.26-14.41.09:216][782]LogModuleManager: Shutting down and abandoning module WorkspaceMenuStructure (73)
[2015.11.26-14.41.09:216][782]LogModuleManager: Shutting down and abandoning module MessageLog (72)
[2015.11.26-14.41.09:216][782]LogModuleManager: Shutting down and abandoning module Sequencer (71)
[2015.11.26-14.41.09:217][782]LogModuleManager: Shutting down and abandoning module AssetTools (70)
[2015.11.26-14.41.09:218][782]LogModuleManager: Shutting down and abandoning module UMGEditor (69)
[2015.11.26-14.41.09:219][782]LogModuleManager: Shutting down and abandoning module UMG (68)
[2015.11.26-14.41.09:219][782]LogModuleManager: Shutting down and abandoning module Slate (67)
[2015.11.26-14.41.09:219][782]LogModuleManager: Shutting down and abandoning module EditorStyle (66)
[2015.11.26-14.41.09:221][782]LogModuleManager: Shutting down and abandoning module SessionServices (65)
[2015.11.26-14.41.09:221][782]LogModuleManager: Shutting down and abandoning module SourceCodeAccess (64)
[2015.11.26-14.41.09:221][782]LogModuleManager: Shutting down and abandoning module HeadMountedDisplay (63)
[2015.11.26-14.41.09:221][782]LogModuleManager: Shutting down and abandoning module XAudio2 (62)
[2015.11.26-14.41.09:221][782]LogModuleManager: Shutting down and abandoning module Networking (60)
[2015.11.26-14.41.09:221][782]LogModuleManager: Shutting down and abandoning module Core (59)
[2015.11.26-14.41.09:221][782]LogModuleManager: Shutting down and abandoning module KismetCompiler (58)
[2015.11.26-14.41.09:221][782]LogModuleManager: Shutting down and abandoning module PhysXFormats (57)
[2015.11.26-14.41.09:221][782]LogModuleManager: Shutting down and abandoning module MeshUtilities (56)
[2015.11.26-14.41.09:222][782]LogModuleManager: Shutting down and abandoning module CookingStats (55)
[2015.11.26-14.41.09:225][782]LogModuleManager: Shutting down and abandoning module DerivedDataCache (54)
[2015.11.26-14.41.09:267][782]LogDerivedDataCache: Shutdown
[2015.11.26-14.41.09:267][782]LogModuleManager: Shutting down and abandoning module ShaderFormatOpenGL (53)
[2015.11.26-14.41.09:267][782]LogModuleManager: Shutting down and abandoning module ShaderFormatD3D (52)
[2015.11.26-14.41.09:267][782]LogModuleManager: Shutting down and abandoning module MetalShaderFormat (51)
[2015.11.26-14.41.09:267][782]LogModuleManager: Shutting down and abandoning module TextureFormatUncompressed (50)
[2015.11.26-14.41.09:267][782]LogModuleManager: Shutting down and abandoning module TextureFormatPVR (49)
[2015.11.26-14.41.09:267][782]LogModuleManager: Shutting down and abandoning module TextureFormatIntelISPCTexComp (48)
[2015.11.26-14.41.09:267][782]LogModuleManager: Shutting down and abandoning module TextureFormatDXT (47)
[2015.11.26-14.41.09:267][782]LogModuleManager: Shutting down and abandoning module ImageWrapper (46)
[2015.11.26-14.41.09:267][782]LogModuleManager: Shutting down and abandoning module TextureFormatASTC (45)
[2015.11.26-14.41.09:267][782]LogModuleManager: Shutting down and abandoning module TextureFormatAndroid (44)
[2015.11.26-14.41.09:267][782]LogModuleManager: Shutting down and abandoning module AudioFormatOpus (43)
[2015.11.26-14.41.09:267][782]LogModuleManager: Shutting down and abandoning module AudioFormatOgg (42)
[2015.11.26-14.41.09:267][782]LogModuleManager: Shutting down and abandoning module AudioFormatADPCM (41)
[2015.11.26-14.41.09:267][782]LogModuleManager: Shutting down and abandoning module LinuxTargetPlatform (40)
[2015.11.26-14.41.09:268][782]LogModuleManager: Shutting down and abandoning module LinuxServerTargetPlatform (39)
[2015.11.26-14.41.09:268][782]LogModuleManager: Shutting down and abandoning module LinuxNoEditorTargetPlatform (38)
[2015.11.26-14.41.09:268][782]LogModuleManager: Shutting down and abandoning module Messaging (37)
[2015.11.26-14.41.09:268][782]LogModuleManager: Shutting down and abandoning module IOSTargetPlatform (36)
[2015.11.26-14.41.09:268][782]LogModuleManager: Shutting down and abandoning module HTML5TargetPlatform (35)
[2015.11.26-14.41.09:268][782]LogModuleManager: Shutting down and abandoning module Android_PVRTCTargetPlatform (34)
[2015.11.26-14.41.09:268][782]LogModuleManager: Shutting down and abandoning module Android_ETC2TargetPlatform (33)
[2015.11.26-14.41.09:268][782]LogModuleManager: Shutting down and abandoning module Android_ETC1TargetPlatform (32)
[2015.11.26-14.41.09:268][782]LogModuleManager: Shutting down and abandoning module Android_DXTTargetPlatform (31)
[2015.11.26-14.41.09:268][782]LogModuleManager: Shutting down and abandoning module Android_ATCTargetPlatform (30)
[2015.11.26-14.41.09:268][782]LogModuleManager: Shutting down and abandoning module Android_ASTCTargetPlatform (29)
[2015.11.26-14.41.09:268][782]LogModuleManager: Shutting down and abandoning module AndroidTargetPlatform (28)
[2015.11.26-14.41.09:268][782]LogModuleManager: Shutting down and abandoning module WindowsTargetPlatform (27)
[2015.11.26-14.41.09:268][782]LogModuleManager: Shutting down and abandoning module WindowsServerTargetPlatform (26)
[2015.11.26-14.41.09:268][782]LogModuleManager: Shutting down and abandoning module WindowsNoEditorTargetPlatform (25)
[2015.11.26-14.41.09:268][782]LogModuleManager: Shutting down and abandoning module WindowsClientTargetPlatform (24)
[2015.11.26-14.41.09:268][782]LogModuleManager: Shutting down and abandoning module AllDesktopTargetPlatform (23)
[2015.11.26-14.41.09:268][782]LogModuleManager: Shutting down and abandoning module TargetPlatform (22)
[2015.11.26-14.41.09:268][782]LogModuleManager: Shutting down and abandoning module InputCore (21)
[2015.11.26-14.41.09:268][782]LogModuleManager: Shutting down and abandoning module Settings (20)
[2015.11.26-14.41.09:268][782]LogModuleManager: Shutting down and abandoning module OnlineSubsystem (18)
[2015.11.26-14.41.09:268][782]LogModuleManager: Shutting down and abandoning module HTTP (17)
[2015.11.26-14.41.11:270][782]LogModuleManager: Shutting down and abandoning module XMPP (16)
[2015.11.26-14.41.11:272][782]LogModuleManager: Shutting down and abandoning module ExampleDeviceProfileSelector (15)
[2015.11.26-14.41.11:272][782]LogModuleManager: Shutting down and abandoning module TextureCompressor (14)
[2015.11.26-14.41.11:272][782]LogModuleManager: Shutting down and abandoning module ShaderCore (13)
[2015.11.26-14.41.11:272][782]LogModuleManager: Shutting down and abandoning module Landscape (12)
[2015.11.26-14.41.11:272][782]LogModuleManager: Shutting down and abandoning module SlateRHIRenderer (11)
[2015.11.26-14.41.11:273][782]LogModuleManager: Shutting down and abandoning module OpenGLDrv (10)
[2015.11.26-14.41.11:274][782]LogModuleManager: Shutting down and abandoning module D3D11RHI (9)
[2015.11.26-14.41.11:274][782]LogModuleManager: Shutting down and abandoning module AnimGraphRuntime (8)
[2015.11.26-14.41.11:274][782]LogModuleManager: Shutting down and abandoning module Renderer (7)
[2015.11.26-14.41.11:274][782]LogModuleManager: Shutting down and abandoning module Engine (6)
[2015.11.26-14.41.11:274][782]LogModuleManager: Shutting down and abandoning module CoreUObject (5)
[2015.11.26-14.41.11:274][782]LogModuleManager: Shutting down and abandoning module NetworkFile (4)
[2015.11.26-14.41.11:274][782]LogModuleManager: Shutting down and abandoning module StreamingFile (3)
[2015.11.26-14.41.11:274][782]LogModuleManager: Shutting down and abandoning module SandboxFile (2)
[2015.11.26-14.41.11:274][782]LogModuleManager: Shutting down and abandoning module PakFile (1)
[2015.11.26-14.41.11:275][782]LogExit: Exiting.
[2015.11.26-14.41.11:291][782]Log file closed, 11/26/15 09:41:11
