[2015.11.13-23.20.03:834][  0]Log file open, 11/13/15 18:20:03
[2015.11.13-23.20.03:834][  0]LogInit:Display: Running engine for game: SantaSearch
[2015.11.13-23.20.03:834][  0]LogInit:Display: RandInit(1636939144) SRandInit(1636939145).
[2015.11.13-23.20.03:834][  0]LogTaskGraph: Started task graph with 4 named threads and 7 total threads.
[2015.11.13-23.20.03:834][  0]LogStats: Stats thread started at 0.106569
[2015.11.13-23.20.03:834][  0]LogInit: Version: 4.9.2-2707645+++depot+UE4-Releases+4.9
[2015.11.13-23.20.03:834][  0]LogInit: API Version: 2672455
[2015.11.13-23.20.03:834][  0]LogInit: Compiled (64-bit): Sep 28 2015 10:25:44
[2015.11.13-23.20.03:834][  0]LogInit: Compiled with Visual C++: 18.00.21005.01
[2015.11.13-23.20.03:834][  0]LogInit: Build Configuration: Development
[2015.11.13-23.20.03:834][  0]LogInit: Branch Name: ++depot+UE4-Releases+4.9
[2015.11.13-23.20.03:834][  0]LogInit: Command line:  
[2015.11.13-23.20.03:834][  0]LogInit: Base directory: C:/Program Files/Unreal Engine/4.9/Engine/Binaries/Win64/
[2015.11.13-23.20.03:834][  0]LogInit: Rocket: 1
[2015.11.13-23.20.03:842][  0]LogInit: Using libcurl 7.41.0
[2015.11.13-23.20.03:842][  0]LogInit:  - built for x86_64-pc-win32
[2015.11.13-23.20.03:842][  0]LogInit:  - supports SSL with WinSSL
[2015.11.13-23.20.03:842][  0]LogInit:  - other features:
[2015.11.13-23.20.03:842][  0]LogInit:      CURL_VERSION_SSL
[2015.11.13-23.20.03:842][  0]LogInit:      CURL_VERSION_IPV6
[2015.11.13-23.20.03:842][  0]LogInit:      CURL_VERSION_ASYNCHDNS
[2015.11.13-23.20.03:842][  0]LogInit:      CURL_VERSION_LARGEFILE
[2015.11.13-23.20.03:842][  0]LogInit:      CURL_VERSION_IDN
[2015.11.13-23.20.03:842][  0]LogInit:  CurlRequestOptions (configurable via config and command line):
[2015.11.13-23.20.03:842][  0]LogInit:  - bVerifyPeer = true  - Libcurl will verify peer certificate
[2015.11.13-23.20.03:842][  0]LogInit:  - bUseHttpProxy = false  - Libcurl will NOT use HTTP proxy
[2015.11.13-23.20.03:842][  0]LogInit:  - bDontReuseConnections = false  - Libcurl will reuse connections
[2015.11.13-23.20.03:842][  0]LogInit:  - CertBundlePath = nullptr  - Libcurl will use whatever was configured at build time.
[2015.11.13-23.20.03:848][  0]LogInit: Presizing for 0 objects not considered by GC, pre-allocating 0 bytes.
[2015.11.13-23.20.03:854][  0]LogInit: Object subsystem initialized
[2015.11.13-23.20.03:855][  0]LogConsoleManager:Warning: Console variable 'r.MSAA.CompositingSampleCount' wasn't set ('Scalability' has a lower priority than 'ProjectSetting')
[2015.11.13-23.20.03:855][  0]LogInit: Selected Device Profile: [Windows]
[2015.11.13-23.20.03:855][  0]LogInit: Applying CVar settings loaded from the selected device profile: [Windows]
[2015.11.13-23.20.03:862][  0]LogInit: Computer: CWILMOT
[2015.11.13-23.20.03:862][  0]LogInit: User: cwilmot
[2015.11.13-23.20.03:862][  0]LogInit: CPU Page size=4096, Cores=4
[2015.11.13-23.20.03:862][  0]LogInit: High frequency timer resolution =2.630641 MHz
[2015.11.13-23.20.03:862][  0]LogMemory: Memory total: Physical=15.9GB (16GB approx)
[2015.11.13-23.20.03:862][  0]LogMemory: Platform Memory Stats for Windows
[2015.11.13-23.20.03:862][  0]LogMemory: Process Physical Memory: 52.16 MB used, 52.16 MB peak
[2015.11.13-23.20.03:862][  0]LogMemory: Process Virtual Memory: 57.04 MB used, 57.04 MB peak
[2015.11.13-23.20.03:862][  0]LogMemory: Physical Memory: 2699.13 MB used, 16323.21 MB total
[2015.11.13-23.20.03:862][  0]LogMemory: Virtual Memory: 348.40 MB used, 134217728.00 MB total
[2015.11.13-23.20.03:891][  0]LogTextLocalizationManager: No specific translations for ('en-US') exist, so ('en') translations will be used.
[2015.11.13-23.20.04:531][  0]LogD3D11RHI: Found D3D11 adapter 0: NVIDIA Quadro K4100M (Feature Level 11_0)
[2015.11.13-23.20.04:531][  0]LogD3D11RHI: Adapter has 3995MB of dedicated video memory, 0MB of dedicated system memory, and 8161MB of shared system memory, 1 output[s]
[2015.11.13-23.20.04:532][  0]LogD3D11RHI: Found D3D11 adapter 1: Microsoft Basic Render Driver (Feature Level 11_0)
[2015.11.13-23.20.04:532][  0]LogD3D11RHI: Adapter has 0MB of dedicated video memory, 0MB of dedicated system memory, and 256MB of shared system memory, 0 output[s]
[2015.11.13-23.20.04:532][  0]LogD3D11RHI: Chosen D3D11 Adapter Id = 0
[2015.11.13-23.20.04:535][  0]LogD3D11RHI: !Direct3DDevice
[2015.11.13-23.20.04:535][  0]LogRHI: Texture pool is 1361 MB (70% of 1945 MB)
[2015.11.13-23.20.04:546][  0]LogD3D11RHI: Async texture creation enabled
[2015.11.13-23.20.04:562][  0]LogShaderCompilers: Guid format shader working directory is 15 characters bigger than the processId version (../../../../../../Users/cwilmot/Documents/Unreal Projects/SantaSearch/Intermediate/Shaders/WorkingDirectory/4680/).
[2015.11.13-23.20.04:562][  0]LogShaderCompilers: Cleaned the shader compiler working directory '../../../../../../Users/cwilmot/Documents/Unreal Projects/SantaSearch/Intermediate/Shaders/tmp/D2C07A844A712B0E2D3E4CA7664F76AD/'.
[2015.11.13-23.20.04:562][  0]LogShaderCompilers:Display: Using Local Shader Compiler.
[2015.11.13-23.20.07:114][  0]LogTemp:Display: Loaded TP AllDesktopTargetPlatform
[2015.11.13-23.20.07:119][  0]LogTemp:Display: Loaded TP WindowsClientTargetPlatform
[2015.11.13-23.20.07:123][  0]LogTemp:Display: Loaded TP WindowsNoEditorTargetPlatform
[2015.11.13-23.20.07:128][  0]LogTemp:Display: Loaded TP WindowsServerTargetPlatform
[2015.11.13-23.20.07:133][  0]LogTemp:Display: Loaded TP WindowsTargetPlatform
[2015.11.13-23.20.07:136][  0]LogTemp:Display: Loaded TP AndroidTargetPlatform
[2015.11.13-23.20.07:138][  0]LogTemp:Display: Loaded TP Android_ASTCTargetPlatform
[2015.11.13-23.20.07:141][  0]LogTemp:Display: Loaded TP Android_ATCTargetPlatform
[2015.11.13-23.20.07:144][  0]LogTemp:Display: Loaded TP Android_DXTTargetPlatform
[2015.11.13-23.20.07:147][  0]LogTemp:Display: Loaded TP Android_ETC1TargetPlatform
[2015.11.13-23.20.07:149][  0]LogTemp:Display: Loaded TP Android_ETC2TargetPlatform
[2015.11.13-23.20.07:153][  0]LogTemp:Display: Loaded TP Android_PVRTCTargetPlatform
[2015.11.13-23.20.07:153][  0]LogTemp:Display: Loaded TP HTML5TargetPlatform
[2015.11.13-23.20.07:172][  0]LogTemp:Display: Loaded TP IOSTargetPlatform
[2015.11.13-23.20.07:175][  0]LogTemp:Display: Loaded TP LinuxNoEditorTargetPlatform
[2015.11.13-23.20.07:178][  0]LogTemp:Display: Loaded TP LinuxServerTargetPlatform
[2015.11.13-23.20.07:181][  0]LogTemp:Display: Loaded TP LinuxTargetPlatform
[2015.11.13-23.20.07:181][  0]LogTargetPlatformManager:Display: Building Assets For Windows
[2015.11.13-23.20.07:282][  0]LogDerivedDataCache:Display: Max Cache Size: 512 MB
[2015.11.13-23.20.10:174][  0]LogDerivedDataCache: Loaded boot cache 2.89s 41MB C:/Users/cwilmot/AppData/Local/UnrealEngine/4.9/DerivedDataCache/Boot.ddc.
[2015.11.13-23.20.10:174][  0]LogDerivedDataCache:Display: Loaded Boot cache: C:/Users/cwilmot/AppData/Local/UnrealEngine/4.9/DerivedDataCache/Boot.ddc
[2015.11.13-23.20.10:175][  0]LogDerivedDataCache: FDerivedDataBackendGraph:  Pak pak cache file ../../../../../../Users/cwilmot/Documents/Unreal Projects/SantaSearch/DerivedDataCache/DDC.ddp not found, will not use a pak cache.
[2015.11.13-23.20.10:175][  0]LogDerivedDataCache: Unable to find inner node Pak for hierarchical cache Hierarchy.
[2015.11.13-23.20.10:271][  0]LogDerivedDataCache:Display: Pak cache opened for reading ../../../../../../Users/cwilmot/Documents/Unreal Projects/SantaSearch/DerivedDataCache/Compressed.ddp.
[2015.11.13-23.20.10:927][  0]LogDerivedDataCache:Display: Pak cache opened for reading ../../../Engine/DerivedDataCache/Compressed.ddp.
[2015.11.13-23.20.10:964][  0]LogDerivedDataCache: Using Local data cache path C:/Users/cwilmot/AppData/Local/UnrealEngine/Common/DerivedDataCache: Writable
[2015.11.13-23.20.48:010][  0]LogInit: Selected Device Profile: [Windows]
[2015.11.13-23.20.48:151][  0]LogContentStreaming: Texture pool size is 0.000000MB
[2015.11.13-23.20.52:883][  0]LogMeshUtilities: No automatic mesh reduction module available
[2015.11.13-23.20.52:883][  0]LogMeshUtilities: No automatic mesh merging module available
[2015.11.13-23.21.01:728][  0]LogInit: WinSock: version 1.1 (2.2), MaxSocks=32767, MaxUdp=65467
[2015.11.13-23.22.03:316][  0]UdpMessaging: Initializing bridge on interface 0.0.0.0:0 to multicast group 230.0.0.1:6666.
[2015.11.13-23.22.04:645][  0]LogAssetRegistry: FAssetRegistry took 0.0145 seconds to start up
[2015.11.13-23.22.10:370][  0]SourceControl: Info Source control is disabled
[2015.11.13-23.22.11:941][  0]SourceControl: Info Source control is disabled
[2015.11.13-23.22.12:109][  0]SourceControl: Info Source control is disabled
[2015.11.13-23.22.12:226][  0]SourceControl: Info Source control is disabled
[2015.11.13-23.22.15:595][  0]LogLinker:Warning: Asset '../../../Engine/Plugins/Runtime/LeapMotionController/Content/LM_PassthroughMaterial.uasset' has been saved with empty engine version. The asset will be loaded but may be incompatible.
[2015.11.13-23.22.16:316][  0]LogObj: 28361 objects as part of root set at end of initial load.
[2015.11.13-23.22.16:316][  0]LogUObjectAllocator: 6038872 out of 0 bytes used by permanent object pool.
[2015.11.13-23.22.18:190][  0]LogEngine: Initializing Engine...
[2015.11.13-23.22.18:213][  0]OCULUS: Info: 11/13/15 23:22:18: [CAPI] LibOVR module is located at C:\Windows\SYSTEM32\LibOVRRT64_0_7.dll

[2015.11.13-23.22.18:814][  0]OCULUS: Error: 11/13/15 23:22:18: [CAPI] ovr_Create failed to complete within the timeout period.
[2015.11.13-23.22.19:076][  0]LogHMD: SteamVR failed to initialize.  Err: 110
[2015.11.13-23.22.21:900][  0]LogAIModule: Creating AISystem for world NewWorld
[2015.11.13-23.22.22:586][  0]LogInit: XAudio2 using 'Speakers / Headphones (Realtek High Definition Audio)' : 2 channels at 48 kHz using 32 bits per sample (channel mask 0x3)
[2015.11.13-23.22.22:732][  0]LogInit: FAudioDevice initialized.
[2015.11.13-23.22.22:843][  0]LogDerivedDataCache: Saved boot cache 0.11s 41MB C:/Users/cwilmot/AppData/Local/UnrealEngine/4.9/DerivedDataCache/Boot.ddc.
[2015.11.13-23.22.23:338][  0]LogInit: Texture streaming: Enabled
[2015.11.13-23.22.23:527][  0]LogAnalytics: Creating configured Analytics provider AnalyticsET
[2015.11.13-23.22.23:527][  0]LogAnalytics: [UEEditor.Rocket.Release] APIServer = http://et2.epicgames.com/ET2/. AppVersion = 4.9.2-2707645+++depot+UE4-Releases+4.9
[2015.11.13-23.22.23:527][  0]LogAnalytics: [UEEditor.Rocket.Release] SetUserId 7389daf94bb5f8dfe6ac9da11227c7bf|ee7d999fcd17472387c1981553515367|26e75362-53cb-42cd-9931-205d365b6ca0
[2015.11.13-23.22.23:527][  0]LogAnalytics: [UEEditor.Rocket.Release] AnalyticsET::StartSession
[2015.11.13-23.22.25:772][  0]LogInit: Transaction tracking system initialized
[2015.11.13-23.22.26:671][  0]BlueprintLog: New page: Editor Load
[2015.11.13-23.22.30:968][  0]LocalizationService: Info Localization service is disabled
[2015.11.13-23.22.32:425][  0]LogUObjectGlobals:Warning: Failed to find object 'Class /Engine/Tutorial/Mobile/InstallingiTunesTutorial.InstallingiTunesTutorial_C'
[2015.11.13-23.22.34:922][  0]LogConsoleResponse:Display: 
[2015.11.13-23.22.39:633][  0]LogFileCache: Scanning file cache for directory 'C:/Users/cwilmot/Documents/Unreal Projects/SantaSearch/Content/' took 0.02s
[2015.11.13-23.22.39:633][  0]LogCook:Display: Done creating registry. It took  0.00s.
[2015.11.13-23.22.42:544][  0]SourceControl: Info Source control is disabled
[2015.11.13-23.22.42:840][  0]Cmd: MAP LOAD FILE="../../../../../../Users/cwilmot/Documents/Unreal Projects/SantaSearch/Content/Maps/MemoryCardEntry.umap" TEMPLATE=0 SHOWPROGRESS=1 FEATURELEVEL=3
[2015.11.13-23.22.42:921][  0]LightingResults: New page: Lighting Build
[2015.11.13-23.22.43:209][  0]MapCheck: New page: Map Check
[2015.11.13-23.22.43:209][  0]LightingResults: New page: Lighting Build
[2015.11.13-23.22.43:658][  0]LogParticles: Destroying 0 GPU particle simulations for FXSystem 0x00000014F73804A0
[2015.11.13-23.22.45:958][  0]LogBlueprint:Warning: [compiler Ue4ASP_Character] Warning InputAction Event references unknown Action 'Crouch' for  InputAction Crouch 
[2015.11.13-23.22.45:958][  0]LogBlueprint:Warning: [compiler Ue4ASP_Character] Warning InputAction Event references unknown Action 'Jump' for  InputAction Jump 
[2015.11.13-23.22.45:958][  0]LogBlueprint:Warning: [compiler Ue4ASP_Character] Warning Input Axis Event references unknown Axis 'LookUp' for  InputAxis LookUp 
[2015.11.13-23.22.45:959][  0]LogBlueprint:Warning: [compiler Ue4ASP_Character] Warning Input Axis Event references unknown Axis 'Turn' for  InputAxis Turn 
[2015.11.13-23.22.45:959][  0]LogBlueprint:Warning: [compiler Ue4ASP_Character] Warning Input Axis Event references unknown Axis 'MoveRight' for  InputAxis MoveRight 
[2015.11.13-23.22.45:959][  0]LogBlueprint:Warning: [compiler Ue4ASP_Character] Warning Input Axis Event references unknown Axis 'MoveForward' for  InputAxis MoveForward 
[2015.11.13-23.22.45:963][  0]LogBlueprint:Warning: [compiler Ue4ASP_Character] Warning [0163.08] Compile of Ue4ASP_Character successful, but with 6 Warning(s) [in 11 ms]
[2015.11.13-23.22.45:965][  0]LogBlueprint:Warning: [compiler Ue4ASP_Character] Warning [0163.08] Compile of Ue4ASP_Character successful, but with 7 Warning(s) [in 1 ms]
[2015.11.13-23.22.45:965][  0]LogBlueprint:Warning: [compiler Ue4ASP_Character] Warning [0163.09] Compile of Ue4ASP_Character successful, but with 8 Warning(s) [in 0 ms]
[2015.11.13-23.22.45:998][  0]LogBlueprint:Warning: [compiler Ue4ASP_Character] Warning InputAction Event references unknown Action 'Crouch' for  InputAction Crouch 
[2015.11.13-23.22.45:998][  0]LogBlueprint:Warning: [compiler Ue4ASP_Character] Warning InputAction Event references unknown Action 'Jump' for  InputAction Jump 
[2015.11.13-23.22.45:998][  0]LogBlueprint:Warning: [compiler Ue4ASP_Character] Warning Input Axis Event references unknown Axis 'LookUp' for  InputAxis LookUp 
[2015.11.13-23.22.45:998][  0]LogBlueprint:Warning: [compiler Ue4ASP_Character] Warning Input Axis Event references unknown Axis 'Turn' for  InputAxis Turn 
[2015.11.13-23.22.45:998][  0]LogBlueprint:Warning: [compiler Ue4ASP_Character] Warning Input Axis Event references unknown Axis 'MoveRight' for  InputAxis MoveRight 
[2015.11.13-23.22.45:998][  0]LogBlueprint:Warning: [compiler Ue4ASP_Character] Warning Input Axis Event references unknown Axis 'MoveForward' for  InputAxis MoveForward 
[2015.11.13-23.22.46:001][  0]LogBlueprint:Warning: [compiler Ue4ASP_Character] Warning [0163.12] Compile of Ue4ASP_Character successful, but with 6 Warning(s) [in 6 ms]
[2015.11.13-23.22.46:001][  0]LogBlueprint:Warning: [compiler Ue4ASP_Character] Warning [0163.12] Compile of Ue4ASP_Character successful, but with 7 Warning(s) [in 0 ms]
[2015.11.13-23.22.46:001][  0]LogBlueprint:Warning: [compiler Ue4ASP_Character] Warning [0163.12] Compile of Ue4ASP_Character successful, but with 8 Warning(s) [in 0 ms]
[2015.11.13-23.22.46:467][  0]LogBlueprint:Warning: ExposeOnSpawn ambiguity. Property 'IntProperty /Game/Blueprints/BP_CardMem.BP_CardMem_C:CardIType', MetaData 'True', Flag 'False'
[2015.11.13-23.22.52:326][  0]LogTexture:Display: Building textures: T_ML_Rubber_Blue_01_D (DXT1)
[2015.11.13-23.22.52:598][  0]LogTexture:Display: Building textures: T_ML_Rubber_Blue_01_N (BC5)
[2015.11.13-23.22.52:659][  0]LogTexture:Display: Building textures: T_ML_Aluminum01 (DXT1)
[2015.11.13-23.22.52:932][  0]LogTexture:Display: Building textures: T_ML_Aluminum01_N (BC5)
[2015.11.13-23.22.52:990][  0]LogTexture:Display: Building textures: UE4_Mannequin_MAT_MASKA (AutoDXT)
[2015.11.13-23.22.53:237][  0]LogTexture:Display: Building textures: UE4_Mannequin__normals (BC5)
[2015.11.13-23.22.53:902][  0]LogTexture:Display: Building textures: UE4_Mannequin_occlusion_Mobile (DXT1)
[2015.11.13-23.22.54:275][  0]LogMaterial: Missing cached shader map for material M_UE4Man_Body, compiling. 
[2015.11.13-23.22.56:157][  0]LogTexture:Display: Building textures: UE4Man_Logo_N (BC5)
[2015.11.13-23.22.56:278][  0]LogMaterial: Missing cached shader map for material M_UE4Man_Body, compiling. 
[2015.11.13-23.23.03:931][  0]LogTexture:Display: Building textures: Blitzen (AutoDXT)
[2015.11.13-23.23.04:051][  0]LogMaterial: Missing cached shader map for material T_Animal_01_D_Mat, compiling. 
[2015.11.13-23.23.07:296][  0]LogTexture:Display: Building textures: HeatMiser (AutoDXT)
[2015.11.13-23.23.07:571][  0]LogMaterial: Missing cached shader map for material T_Animal_10_D_Mat, compiling. 
[2015.11.13-23.23.07:589][  0]LogTexture:Display: Building textures: SnowMiser (AutoDXT)
[2015.11.13-23.23.07:928][  0]LogMaterial: Missing cached shader map for material T_Animal_09_D_Mat, compiling. 
[2015.11.13-23.23.07:945][  0]LogTexture:Display: Building textures: Dasher (AutoDXT)
[2015.11.13-23.23.08:129][  0]LogTexture:Display: Building textures: Prancer (AutoDXT)
[2015.11.13-23.23.08:377][  0]LogMaterial: Missing cached shader map for material T_Animal_06_D_Mat, compiling. 
[2015.11.13-23.23.08:394][  0]LogTexture:Display: Building textures: Vixen (AutoDXT)
[2015.11.13-23.23.08:583][  0]LogMaterial: Missing cached shader map for material T_Animal_05_D_Mat, compiling. 
[2015.11.13-23.23.08:600][  0]LogTexture:Display: Building textures: Comet (AutoDXT)
[2015.11.13-23.23.09:210][  0]LogMaterial: Missing cached shader map for material T_Animal_04_D_Mat, compiling. 
[2015.11.13-23.23.09:227][  0]LogTexture:Display: Building textures: Bumbles (AutoDXT)
[2015.11.13-23.23.09:645][  0]LogMaterial: Missing cached shader map for material M_Animal_11_D_Mat, compiling. 
[2015.11.13-23.23.09:661][  0]LogTexture:Display: Building textures: Cupid (AutoDXT)
[2015.11.13-23.23.10:037][  0]LogMaterial: Missing cached shader map for material T_Animal_03_D_Mat, compiling. 
[2015.11.13-23.23.10:054][  0]LogTexture:Display: Building textures: Donner (AutoDXT)
[2015.11.13-23.23.10:219][  0]LogMaterial: Missing cached shader map for material T_Animal_02_D_Mat, compiling. 
[2015.11.13-23.23.10:264][  0]LogMaterial: Missing cached shader map for material T_Animal_08_D_Mat, compiling. 
[2015.11.13-23.23.10:280][  0]LogTexture:Display: Building textures: Dancer (AutoDXT)
[2015.11.13-23.23.10:477][  0]LogMaterial: Missing cached shader map for material T_Animal_07_D_Mat, compiling. 
[2015.11.13-23.23.10:990][  0]LogAIModule: Creating AISystem for world MemoryCardEntry
[2015.11.13-23.23.12:318][  0]LogEditorServer: Finished looking for orphan Actors (0.000 secs)
[2015.11.13-23.23.12:468][  0]Cmd: MAP CHECKDEP NOCLEARLOG
[2015.11.13-23.23.12:746][  0]MapCheck: Info Map check complete: 0 Error(s), 0 Warning(s), took 278.188ms to complete.
[2015.11.13-23.23.12:857][  0]LogFileHelpers: Loading map 'MemoryCardEntry' took 30.221
[2015.11.13-23.23.16:767][  0]LogCollectionManager: Loaded 0 collections in 0.002102 seconds
[2015.11.13-23.23.17:020][  0]LogFileCache: Scanning file cache for directory 'C:/Users/cwilmot/Documents/Unreal Projects/SantaSearch/Saved/Collections/' took 0.01s
[2015.11.13-23.23.17:020][  0]LogFileCache: Scanning file cache for directory 'C:/Users/cwilmot/Documents/Unreal Projects/SantaSearch/Content/Developers/cwilmot/Collections/' took 0.01s
[2015.11.13-23.23.17:020][  0]LogFileCache: Scanning file cache for directory 'C:/Users/cwilmot/Documents/Unreal Projects/SantaSearch/Content/Collections/' took 0.01s
[2015.11.13-23.23.17:020][  0]LogContentBrowser: Native class hierarchy populated in 0.0568 seconds. Added 1867 classes and 333 folders.
[2015.11.13-23.23.17:197][  0]LogCollectionManager: Rebuilt the GUID cache for 0 collections in 0.000006 seconds
[2015.11.13-23.23.17:467][  0]LogContentBrowser: Native class hierarchy updated for 'WidgetCarousel' in 0.0006 seconds. Added 0 classes and 0 folders.
[2015.11.13-23.23.23:304][  0]LogContentBrowser: Native class hierarchy updated for 'AddContentDialog' in 0.0003 seconds. Added 0 classes and 0 folders.
[2015.11.13-23.23.23:547][  0]LogContentBrowser: Native class hierarchy updated for 'SceneOutliner' in 0.0003 seconds. Added 1 classes and 2 folders.
[2015.11.13-23.23.26:132][  0]LogCrashTracker: Crashtracker disabled due to settings.
[2015.11.13-23.23.26:227][  0]LogUObjectGlobals:Warning: Failed to find object 'Class None.'
[2015.11.13-23.23.26:300][  0]LogLoad: Full Startup: 203.44 seconds (BP compile: 1.71 seconds)
[2015.11.13-23.23.27:967][  0]LogContentStreaming: Texture pool size now 1000 MB
[2015.11.13-23.23.29:117][  0]LogRenderer: Reallocating scene render targets to support 1292x576 (Frame:2).
[2015.11.13-23.23.29:440][  1]LogFileCache: Retrieving MD5 hashes for directory 'C:/Users/cwilmot/Documents/Unreal Projects/SantaSearch/Content/' took 3.08s
[2015.11.13-23.23.29:703][  1]LogCollectionManager: Rebuilt the object cache for 0 collections in 0.000001 seconds (found 0 objects)
[2015.11.13-23.23.30:739][ 10]LogAssetRegistry: Asset discovery search completed in 86.1412 seconds
[2015.11.13-23.23.30:739][ 10]LogCollectionManager: Fixed up redirectors for 0 collections in 0.000011 seconds (updated 0 objects)
[2015.11.13-23.23.35:086][453]LogBlueprintUserMessages: Early PlayInEditor Detection: Level '/Game/Maps/MemoryCardEntry.MemoryCardEntry:PersistentLevel' has LevelScriptBlueprint '/Game/Maps/MemoryCardEntry.MemoryCardEntry:PersistentLevel.MemoryCardEntry' with GeneratedClass '/Game/Maps/MemoryCardEntry.MemoryCardEntry_C' with ClassGeneratedBy '/Game/Maps/MemoryCardEntry.MemoryCardEntry:PersistentLevel.MemoryCardEntry'
[2015.11.13-23.23.35:086][453]LogPlayLevel: PlayLevel: No blueprints needed recompiling
[2015.11.13-23.23.35:086][453]PIE: New page: PIE session: MemoryCardEntry (Nov 13, 2015, 1:23:35 PM)
[2015.11.13-23.23.35:086][453]LogPlayLevel: Creating play world package: /Game/Maps/UEDPIE_0_MemoryCardEntry
[2015.11.13-23.23.35:096][453]LogPlayLevel: PIE: StaticDuplicateObject took: (0.010332s)
[2015.11.13-23.23.35:097][453]LogAIModule: Creating AISystem for world MemoryCardEntry
[2015.11.13-23.23.35:097][453]LogPlayLevel: PIE: World Init took: (0.000699s)
[2015.11.13-23.23.35:098][453]LogPlayLevel: PIE: Created PIE world by copying editor world from /Game/Maps/MemoryCardEntry.MemoryCardEntry to /Game/Maps/UEDPIE_0_MemoryCardEntry.MemoryCardEntry (0.011855s)
[2015.11.13-23.23.35:098][453]LogActorComponent: UnregisterComponent: (/Engine/Transient.CharMoveComp) Not registered. Aborting.
[2015.11.13-23.23.35:344][453]LogInit: XAudio2 using 'Speakers / Headphones (Realtek High Definition Audio)' : 2 channels at 48 kHz using 32 bits per sample (channel mask 0x3)
[2015.11.13-23.23.35:378][453]LogInit: FAudioDevice initialized.
[2015.11.13-23.23.35:497][453]LogWorld: Game class is 'BP_LogicMem_C'
[2015.11.13-23.23.35:513][453]LogWorld: Bringing World /Game/Maps/UEDPIE_0_MemoryCardEntry.MemoryCardEntry up for play (max tick rate 0) at 2015.11.13-18.23.35
[2015.11.13-23.23.35:513][453]LogActor:Warning: GameSession /Game/Maps/UEDPIE_0_MemoryCardEntry.MemoryCardEntry:PersistentLevel.GameSession_0 has natively added scene component(s), but none of them were set as the actor's RootComponent - picking one arbitrarily
[2015.11.13-23.23.35:513][453]LogActor:Warning: GameNetworkManager /Game/Maps/UEDPIE_0_MemoryCardEntry.MemoryCardEntry:PersistentLevel.GameNetworkManager_0 has natively added scene component(s), but none of them were set as the actor's RootComponent - picking one arbitrarily
[2015.11.13-23.23.35:549][453]LogWorld: Bringing up level for play took: 0.047513
[2015.11.13-23.23.35:787][453]PIE: Info Play in editor start time for /Game/Maps/UEDPIE_0_MemoryCardEntry 1.091
[2015.11.13-23.23.35:788][453]LogBlueprintUserMessages: Late PlayInEditor Detection: Level '/Game/Maps/MemoryCardEntry.MemoryCardEntry:PersistentLevel' has LevelScriptBlueprint '/Game/Maps/MemoryCardEntry.MemoryCardEntry:PersistentLevel.MemoryCardEntry' with GeneratedClass '/Game/Maps/MemoryCardEntry.MemoryCardEntry_C' with ClassGeneratedBy '/Game/Maps/MemoryCardEntry.MemoryCardEntry:PersistentLevel.MemoryCardEntry'
[2015.11.13-23.23.54:919][590]Cmd: CAMERA ALIGN ACTIVEVIEWPORTONLY
[2015.11.13-23.23.54:919][590]Can't find target actor or component.
[2015.11.13-23.23.58:219][858]LogBlueprintUserMessages: Early EndPlayMap Detection: Level '/Game/Maps/MemoryCardEntry.MemoryCardEntry:PersistentLevel' has LevelScriptBlueprint '/Game/Maps/MemoryCardEntry.MemoryCardEntry:PersistentLevel.MemoryCardEntry' with GeneratedClass '/Game/Maps/MemoryCardEntry.MemoryCardEntry_C' with ClassGeneratedBy '/Game/Maps/MemoryCardEntry.MemoryCardEntry:PersistentLevel.MemoryCardEntry'
[2015.11.13-23.23.58:255][858]LogBlueprintUserMessages: Late EndPlayMap Detection: Level '/Game/Maps/MemoryCardEntry.MemoryCardEntry:PersistentLevel' has LevelScriptBlueprint '/Game/Maps/MemoryCardEntry.MemoryCardEntry:PersistentLevel.MemoryCardEntry' with GeneratedClass '/Game/Maps/MemoryCardEntry.MemoryCardEntry_C' with ClassGeneratedBy '/Game/Maps/MemoryCardEntry.MemoryCardEntry:PersistentLevel.MemoryCardEntry'
[2015.11.13-23.23.58:323][858]LogParticles: Destroying 0 GPU particle simulations for FXSystem 0x0000001480779B20
[2015.11.13-23.24.09:628][187]LogEditorViewport: Clicking on Actor (LMB): Ue4ASP_Character_C (Ue4ASP_Character)
[2015.11.13-23.24.11:583][294]Cmd: CAMERA ALIGN ACTIVEVIEWPORTONLY
[2015.11.13-23.24.31:010][171]LogEditorViewport: Clicking on Actor (LMB): PlayerStart (PlayerStart)
[2015.11.13-23.24.51:102][558]LogEditorViewport: Clicking on Actor (LMB): CameraActor (CameraMenu)
[2015.11.13-23.24.52:409][663]LogEditorViewport: Clicking on Actor (LMB): CameraActor (CameraGame)
[2015.11.13-23.29.51:870][105]LogWindowsTextInputMethodSystem:Display: IME system now deactivated.
[2015.11.13-23.29.52:198][106]Cmd: QUIT_EDITOR
[2015.11.13-23.29.52:811][106]LogExit: Preparing to exit.
[2015.11.13-23.29.53:639][106]LogExit: Editor shut down
[2015.11.13-23.29.53:639][106]LogExit: Transaction tracking system shut down
[2015.11.13-23.29.53:643][106]LogParticles: Destroying 0 GPU particle simulations for FXSystem 0x0000001484EAE3E0
[2015.11.13-23.29.53:643][106]LogParticles: Destroying 0 GPU particle simulations for FXSystem 0x000000148B484540
[2015.11.13-23.29.53:643][106]LogParticles: Destroying 0 GPU particle simulations for FXSystem 0x00000014866513A0
[2015.11.13-23.29.53:643][106]LogParticles: Destroying 0 GPU particle simulations for FXSystem 0x000000149862F6A0
[2015.11.13-23.29.53:900][106]LogExit: Object subsystem successfully closed.
[2015.11.13-23.29.53:921][106]LogD3D11RHI: Shutdown
[2015.11.13-23.29.53:921][106]LogD3D11RHI: CleanupD3DDevice
[2015.11.13-23.29.53:995][106]LogD3D11RHI: ~FD3D11DynamicRHI
[2015.11.13-23.29.54:203][106]LogModuleManager: Shutting down and abandoning module CrashTracker (197)
[2015.11.13-23.29.54:203][106]LogModuleManager: Shutting down and abandoning module SceneOutliner (196)
[2015.11.13-23.29.54:203][106]LogModuleManager: Shutting down and abandoning module SuperSearch (195)
[2015.11.13-23.29.54:203][106]LogModuleManager: Shutting down and abandoning module WidgetCarousel (194)
[2015.11.13-23.29.54:203][106]LogModuleManager: Shutting down and abandoning module AddContentDialog (193)
[2015.11.13-23.29.54:204][106]LogModuleManager: Shutting down and abandoning module EditorWidgets (192)
[2015.11.13-23.29.54:204][106]LogModuleManager: Shutting down and abandoning module CollectionManager (191)
[2015.11.13-23.29.54:204][106]LogModuleManager: Shutting down and abandoning module StatsViewer (190)
[2015.11.13-23.29.54:204][106]LogModuleManager: Shutting down and abandoning module FoliageEdit (189)
[2015.11.13-23.29.54:204][106]LogModuleManager: Shutting down and abandoning module LandscapeEditor (188)
[2015.11.13-23.29.54:222][106]LogModuleManager: Shutting down and abandoning module ActorPickerMode (187)
[2015.11.13-23.29.54:222][106]LogModuleManager: Shutting down and abandoning module GeometryMode (186)
[2015.11.13-23.29.54:222][106]LogModuleManager: Shutting down and abandoning module TextureAlignMode (185)
[2015.11.13-23.29.54:222][106]LogModuleManager: Shutting down and abandoning module BspMode (184)
[2015.11.13-23.29.54:222][106]LogModuleManager: Shutting down and abandoning module PlacementMode (183)
[2015.11.13-23.29.54:222][106]LogModuleManager: Shutting down and abandoning module AutomationWorker (182)
[2015.11.13-23.29.54:222][106]LogModuleManager: Shutting down and abandoning module CharacterAI (181)
[2015.11.13-23.29.54:222][106]LogModuleManager: Shutting down and abandoning module SmartSnapping (180)
[2015.11.13-23.29.54:223][106]LogModuleManager: Shutting down and abandoning module ViewportSnapping (179)
[2015.11.13-23.29.54:223][106]LogModuleManager: Shutting down and abandoning module LogVisualizer (178)
[2015.11.13-23.29.54:223][106]LogModuleManager: Shutting down and abandoning module GameProjectGeneration (177)
[2015.11.13-23.29.54:223][106]LogModuleManager: Shutting down and abandoning module IntroTutorials (176)
[2015.11.13-23.29.54:230][106]LogModuleManager: Shutting down and abandoning module EditorLiveStreaming (175)
[2015.11.13-23.29.54:230][106]LogModuleManager: Shutting down and abandoning module IOSPlatformEditor (174)
[2015.11.13-23.29.54:230][106]LogModuleManager: Shutting down and abandoning module HTML5PlatformEditor (173)
[2015.11.13-23.29.54:230][106]LogModuleManager: Shutting down and abandoning module AndroidDeviceDetection (172)
[2015.11.13-23.29.54:244][106]LogModuleManager: Shutting down and abandoning module AndroidPlatformEditor (171)
[2015.11.13-23.29.54:244][106]LogModuleManager: Shutting down and abandoning module IOSRuntimeSettings (170)
[2015.11.13-23.29.54:244][106]LogModuleManager: Shutting down and abandoning module AndroidRuntimeSettings (169)
[2015.11.13-23.29.54:244][106]LogModuleManager: Shutting down and abandoning module MergeActors (168)
[2015.11.13-23.29.54:244][106]LogModuleManager: Shutting down and abandoning module SizeMap (167)
[2015.11.13-23.29.54:244][106]LogModuleManager: Shutting down and abandoning module TreeMap (166)
[2015.11.13-23.29.54:244][106]LogModuleManager: Shutting down and abandoning module ReferenceViewer (165)
[2015.11.13-23.29.54:244][106]LogModuleManager: Shutting down and abandoning module LocalizationService (164)
[2015.11.13-23.29.54:244][106]LogModuleManager: Shutting down and abandoning module LocalizationDashboard (163)
[2015.11.13-23.29.54:244][106]LogModuleManager: Shutting down and abandoning module HardwareTargeting (162)
[2015.11.13-23.29.54:244][106]LogModuleManager: Shutting down and abandoning module DeviceProfileEditor (161)
[2015.11.13-23.29.54:244][106]LogModuleManager: Shutting down and abandoning module UndoHistory (160)
[2015.11.13-23.29.54:244][106]LogModuleManager: Shutting down and abandoning module GameplayTagsEditor (159)
[2015.11.13-23.29.54:244][106]LogModuleManager: Shutting down and abandoning module UserFeedback (158)
[2015.11.13-23.29.54:244][106]LogModuleManager: Shutting down and abandoning module XmlParser (157)
[2015.11.13-23.29.54:244][106]LogModuleManager: Shutting down and abandoning module Blutility (156)
[2015.11.13-23.29.54:244][106]LogModuleManager: Shutting down and abandoning module ProjectTargetPlatformEditor (155)
[2015.11.13-23.29.54:244][106]LogModuleManager: Shutting down and abandoning module ProjectSettingsViewer (154)
[2015.11.13-23.29.54:244][106]LogModuleManager: Shutting down and abandoning module InputBindingEditor (153)
[2015.11.13-23.29.54:244][106]LogModuleManager: Shutting down and abandoning module EditorSettingsViewer (152)
[2015.11.13-23.29.54:244][106]LogModuleManager: Shutting down and abandoning module SettingsEditor (151)
[2015.11.13-23.29.54:244][106]LogModuleManager: Shutting down and abandoning module ProjectLauncher (150)
[2015.11.13-23.29.54:244][106]LogModuleManager: Shutting down and abandoning module SessionFrontend (149)
[2015.11.13-23.29.54:244][106]LogModuleManager: Shutting down and abandoning module ProfilerClient (148)
[2015.11.13-23.29.54:244][106]LogModuleManager: Shutting down and abandoning module TargetDeviceServices (147)
[2015.11.13-23.29.54:244][106]LogModuleManager: Shutting down and abandoning module DeviceManager (146)
[2015.11.13-23.29.54:244][106]LogModuleManager: Shutting down and abandoning module AutomationController (145)
[2015.11.13-23.29.54:244][106]LogModuleManager: Shutting down and abandoning module AutomationWindow (144)
[2015.11.13-23.29.54:256][106]LogModuleManager: Shutting down and abandoning module Layers (143)
[2015.11.13-23.29.54:256][106]LogModuleManager: Shutting down and abandoning module ComponentVisualizers (142)
[2015.11.13-23.29.54:256][106]LogModuleManager: Shutting down and abandoning module DetailCustomizations (141)
[2015.11.13-23.29.54:256][106]LogModuleManager: Shutting down and abandoning module PackagesDialog (140)
[2015.11.13-23.29.54:256][106]LogModuleManager: Shutting down and abandoning module Persona (139)
[2015.11.13-23.29.54:275][106]LogModuleManager: Shutting down and abandoning module Kismet (138)
[2015.11.13-23.29.54:288][106]LogModuleManager: Shutting down and abandoning module GraphEditor (137)
[2015.11.13-23.29.54:308][106]LogModuleManager: Shutting down and abandoning module ClassViewer (136)
[2015.11.13-23.29.54:308][106]LogModuleManager: Shutting down and abandoning module Toolbox (135)
[2015.11.13-23.29.54:308][106]LogModuleManager: Shutting down and abandoning module ModuleUI (134)
[2015.11.13-23.29.54:308][106]LogModuleManager: Shutting down and abandoning module MovieSceneTools (133)
[2015.11.13-23.29.54:308][106]LogModuleManager: Shutting down and abandoning module OutputLog (132)
[2015.11.13-23.29.54:308][106]LogModuleManager: Shutting down and abandoning module GammaUI (131)
[2015.11.13-23.29.54:308][106]LogModuleManager: Shutting down and abandoning module Documentation (130)
[2015.11.13-23.29.54:308][106]LogModuleManager: Shutting down and abandoning module GameLiveStreaming (129)
[2015.11.13-23.29.54:308][106]LogModuleManager: Shutting down and abandoning module StreamingPauseRendering (128)
[2015.11.13-23.29.54:308][106]LogModuleManager: Shutting down and abandoning module AnalyticsET (127)
[2015.11.13-23.29.54:308][106]LogModuleManager: Shutting down and abandoning module Analytics (126)
[2015.11.13-23.29.54:308][106]LogModuleManager: Shutting down and abandoning module AITestSuite (125)
[2015.11.13-23.29.54:308][106]LogModuleManager: Shutting down and abandoning module GameplayDebugger (124)
[2015.11.13-23.29.54:308][106]LogModuleManager: Shutting down and abandoning module AIModule (123)
[2015.11.13-23.29.54:308][106]LogModuleManager: Shutting down and abandoning module ProfilerService (122)
[2015.11.13-23.29.54:382][106]LogModuleManager: Shutting down and abandoning module TaskGraph (121)
[2015.11.13-23.29.54:382][106]LogModuleManager: Shutting down and abandoning module SlateRemote (120)
[2015.11.13-23.29.54:382][106]LogModuleManager: Shutting down and abandoning module SteamVRController (119)
[2015.11.13-23.29.54:382][106]LogModuleManager: Shutting down and abandoning module SteamVR (118)
[2015.11.13-23.29.54:382][106]LogModuleManager: Shutting down and abandoning module ProceduralMeshComponent (117)
[2015.11.13-23.29.54:382][106]LogModuleManager: Shutting down and abandoning module OculusRift (116)
[2015.11.13-23.29.54:382][106]LogModuleManager: Shutting down and abandoning module OculusLibrary (115)
[2015.11.13-23.29.54:382][106]LogModuleManager: Shutting down and abandoning module LeapMotionController (114)
[2015.11.13-23.29.54:416][106]LogModuleManager: Shutting down and abandoning module CustomMeshComponent (113)
[2015.11.13-23.29.54:416][106]LogModuleManager: Shutting down and abandoning module CableComponent (112)
[2015.11.13-23.29.54:416][106]LogModuleManager: Shutting down and abandoning module ArchVisCharacter (111)
[2015.11.13-23.29.54:416][106]LogModuleManager: Shutting down and abandoning module MessagingDebugger (110)
[2015.11.13-23.29.54:416][106]LogModuleManager: Shutting down and abandoning module MediaPlayerEditor (109)
[2015.11.13-23.29.54:416][106]LogModuleManager: Shutting down and abandoning module HTML5Networking (108)
[2015.11.13-23.29.54:416][106]LogModuleManager: Shutting down and abandoning module SpeedTreeImporter (107)
[2015.11.13-23.29.54:416][106]LogModuleManager: Shutting down and abandoning module PluginBrowser (106)
[2015.11.13-23.29.54:416][106]LogModuleManager: Shutting down and abandoning module EpicSurvey (105)
[2015.11.13-23.29.54:416][106]LogModuleManager: Shutting down and abandoning module DesktopPlatform (104)
[2015.11.13-23.29.54:416][106]LogModuleManager: Shutting down and abandoning module VisualStudioSourceCodeAccess (103)
[2015.11.13-23.29.54:417][106]LogModuleManager: Shutting down and abandoning module UObjectPlugin (102)
[2015.11.13-23.29.54:417][106]LogModuleManager: Shutting down and abandoning module SubversionSourceControl (101)
[2015.11.13-23.29.54:417][106]LogModuleManager: Shutting down and abandoning module PerforceSourceControl (100)
[2015.11.13-23.29.54:417][106]LogModuleManager: Shutting down and abandoning module SourceControl (99)
[2015.11.13-23.29.54:417][106]LogModuleManager: Shutting down and abandoning module GitSourceControl (98)
[2015.11.13-23.29.54:417][106]LogModuleManager: Shutting down and abandoning module LightPropagationVolumeEditor (97)
[2015.11.13-23.29.54:417][106]LogModuleManager: Shutting down and abandoning module PaperTiledImporter (96)
[2015.11.13-23.29.54:417][106]LogModuleManager: Shutting down and abandoning module PaperSpriteSheetImporter (95)
[2015.11.13-23.29.54:417][106]LogModuleManager: Shutting down and abandoning module MeshPaint (94)
[2015.11.13-23.29.54:417][106]LogModuleManager: Shutting down and abandoning module SlateReflector (93)
[2015.11.13-23.29.54:436][106]LogModuleManager: Shutting down and abandoning module HotReload (92)
[2015.11.13-23.29.54:436][106]LogModuleManager: Shutting down and abandoning module MainFrame (91)
[2015.11.13-23.29.54:436][106]LogModuleManager: Shutting down and abandoning module LevelEditor (90)
[2015.11.13-23.29.54:455][106]LogModuleManager: Shutting down and abandoning module DirectoryWatcher (89)
[2015.11.13-23.29.54:455][106]LogModuleManager: Shutting down and abandoning module AssetRegistry (88)
[2015.11.13-23.29.54:577][106]LogModuleManager: Shutting down and abandoning module ContentBrowser (87)
[2015.11.13-23.29.54:578][106]LogModuleManager: Shutting down and abandoning module Paper2DEditor (86)
[2015.11.13-23.29.54:592][106]LogModuleManager: Shutting down and abandoning module UdpMessaging (85)
[2015.11.13-23.29.54:693][106]LogModuleManager: Shutting down and abandoning module LightPropagationVolumeRuntime (84)
[2015.11.13-23.29.54:693][106]LogModuleManager: Shutting down and abandoning module Paper2D (83)
[2015.11.13-23.29.54:693][106]LogModuleManager: Shutting down and abandoning module WindowsMoviePlayer (82)
[2015.11.13-23.29.54:695][106]LogModuleManager: Shutting down and abandoning module Media (81)
[2015.11.13-23.29.54:695][106]LogModuleManager: Shutting down and abandoning module WmfMedia (80)
[2015.11.13-23.29.54:696][106]LogModuleManager: Shutting down and abandoning module OnlineBlueprintSupport (79)
[2015.11.13-23.29.54:696][106]LogModuleManager: Shutting down and abandoning module GameplayTasksEditor (78)
[2015.11.13-23.29.54:696][106]LogModuleManager: Shutting down and abandoning module PropertyEditor (77)
[2015.11.13-23.29.54:696][106]LogModuleManager: Shutting down and abandoning module BehaviorTreeEditor (76)
[2015.11.13-23.29.54:696][106]LogModuleManager: Shutting down and abandoning module FunctionalTesting (75)
[2015.11.13-23.29.54:696][106]LogModuleManager: Shutting down and abandoning module CollisionAnalyzer (74)
[2015.11.13-23.29.54:696][106]LogModuleManager: Shutting down and abandoning module WorkspaceMenuStructure (73)
[2015.11.13-23.29.54:696][106]LogModuleManager: Shutting down and abandoning module MessageLog (72)
[2015.11.13-23.29.54:696][106]LogModuleManager: Shutting down and abandoning module Sequencer (71)
[2015.11.13-23.29.54:696][106]LogModuleManager: Shutting down and abandoning module AssetTools (70)
[2015.11.13-23.29.54:698][106]LogModuleManager: Shutting down and abandoning module UMGEditor (69)
[2015.11.13-23.29.54:698][106]LogModuleManager: Shutting down and abandoning module UMG (68)
[2015.11.13-23.29.54:698][106]LogModuleManager: Shutting down and abandoning module Slate (67)
[2015.11.13-23.29.54:698][106]LogModuleManager: Shutting down and abandoning module EditorStyle (66)
[2015.11.13-23.29.54:700][106]LogModuleManager: Shutting down and abandoning module SessionServices (65)
[2015.11.13-23.29.54:700][106]LogModuleManager: Shutting down and abandoning module SourceCodeAccess (64)
[2015.11.13-23.29.54:700][106]LogModuleManager: Shutting down and abandoning module HeadMountedDisplay (63)
[2015.11.13-23.29.54:700][106]LogModuleManager: Shutting down and abandoning module XAudio2 (62)
[2015.11.13-23.29.54:700][106]LogModuleManager: Shutting down and abandoning module Networking (60)
[2015.11.13-23.29.54:700][106]LogModuleManager: Shutting down and abandoning module Core (59)
[2015.11.13-23.29.54:700][106]LogModuleManager: Shutting down and abandoning module KismetCompiler (58)
[2015.11.13-23.29.54:700][106]LogModuleManager: Shutting down and abandoning module PhysXFormats (57)
[2015.11.13-23.29.54:700][106]LogModuleManager: Shutting down and abandoning module MeshUtilities (56)
[2015.11.13-23.29.54:716][106]LogModuleManager: Shutting down and abandoning module CookingStats (55)
[2015.11.13-23.29.54:717][106]LogModuleManager: Shutting down and abandoning module DerivedDataCache (54)
[2015.11.13-23.29.54:756][106]LogDerivedDataCache: Shutdown
[2015.11.13-23.29.54:756][106]LogModuleManager: Shutting down and abandoning module ShaderFormatOpenGL (53)
[2015.11.13-23.29.54:756][106]LogModuleManager: Shutting down and abandoning module ShaderFormatD3D (52)
[2015.11.13-23.29.54:756][106]LogModuleManager: Shutting down and abandoning module MetalShaderFormat (51)
[2015.11.13-23.29.54:767][106]LogModuleManager: Shutting down and abandoning module TextureFormatUncompressed (50)
[2015.11.13-23.29.54:767][106]LogModuleManager: Shutting down and abandoning module TextureFormatPVR (49)
[2015.11.13-23.29.54:767][106]LogModuleManager: Shutting down and abandoning module TextureFormatIntelISPCTexComp (48)
[2015.11.13-23.29.54:767][106]LogModuleManager: Shutting down and abandoning module TextureFormatDXT (47)
[2015.11.13-23.29.54:767][106]LogModuleManager: Shutting down and abandoning module ImageWrapper (46)
[2015.11.13-23.29.54:767][106]LogModuleManager: Shutting down and abandoning module TextureFormatASTC (45)
[2015.11.13-23.29.54:767][106]LogModuleManager: Shutting down and abandoning module TextureFormatAndroid (44)
[2015.11.13-23.29.54:767][106]LogModuleManager: Shutting down and abandoning module AudioFormatOpus (43)
[2015.11.13-23.29.54:767][106]LogModuleManager: Shutting down and abandoning module AudioFormatOgg (42)
[2015.11.13-23.29.54:767][106]LogModuleManager: Shutting down and abandoning module AudioFormatADPCM (41)
[2015.11.13-23.29.54:767][106]LogModuleManager: Shutting down and abandoning module LinuxTargetPlatform (40)
[2015.11.13-23.29.54:767][106]LogModuleManager: Shutting down and abandoning module LinuxServerTargetPlatform (39)
[2015.11.13-23.29.54:767][106]LogModuleManager: Shutting down and abandoning module LinuxNoEditorTargetPlatform (38)
[2015.11.13-23.29.54:767][106]LogModuleManager: Shutting down and abandoning module Messaging (37)
[2015.11.13-23.29.54:767][106]LogModuleManager: Shutting down and abandoning module IOSTargetPlatform (36)
[2015.11.13-23.29.54:767][106]LogModuleManager: Shutting down and abandoning module HTML5TargetPlatform (35)
[2015.11.13-23.29.54:767][106]LogModuleManager: Shutting down and abandoning module Android_PVRTCTargetPlatform (34)
[2015.11.13-23.29.54:767][106]LogModuleManager: Shutting down and abandoning module Android_ETC2TargetPlatform (33)
[2015.11.13-23.29.54:767][106]LogModuleManager: Shutting down and abandoning module Android_ETC1TargetPlatform (32)
[2015.11.13-23.29.54:767][106]LogModuleManager: Shutting down and abandoning module Android_DXTTargetPlatform (31)
[2015.11.13-23.29.54:767][106]LogModuleManager: Shutting down and abandoning module Android_ATCTargetPlatform (30)
[2015.11.13-23.29.54:767][106]LogModuleManager: Shutting down and abandoning module Android_ASTCTargetPlatform (29)
[2015.11.13-23.29.54:767][106]LogModuleManager: Shutting down and abandoning module AndroidTargetPlatform (28)
[2015.11.13-23.29.54:767][106]LogModuleManager: Shutting down and abandoning module WindowsTargetPlatform (27)
[2015.11.13-23.29.54:767][106]LogModuleManager: Shutting down and abandoning module WindowsServerTargetPlatform (26)
[2015.11.13-23.29.54:767][106]LogModuleManager: Shutting down and abandoning module WindowsNoEditorTargetPlatform (25)
[2015.11.13-23.29.54:767][106]LogModuleManager: Shutting down and abandoning module WindowsClientTargetPlatform (24)
[2015.11.13-23.29.54:767][106]LogModuleManager: Shutting down and abandoning module AllDesktopTargetPlatform (23)
[2015.11.13-23.29.54:767][106]LogModuleManager: Shutting down and abandoning module TargetPlatform (22)
[2015.11.13-23.29.54:767][106]LogModuleManager: Shutting down and abandoning module InputCore (21)
[2015.11.13-23.29.54:767][106]LogModuleManager: Shutting down and abandoning module Settings (20)
[2015.11.13-23.29.54:767][106]LogModuleManager: Shutting down and abandoning module OnlineSubsystem (18)
[2015.11.13-23.29.54:767][106]LogModuleManager: Shutting down and abandoning module HTTP (17)
[2015.11.13-23.29.55:768][106]LogModuleManager: Shutting down and abandoning module XMPP (16)
[2015.11.13-23.29.55:825][106]LogModuleManager: Shutting down and abandoning module ExampleDeviceProfileSelector (15)
[2015.11.13-23.29.55:825][106]LogModuleManager: Shutting down and abandoning module TextureCompressor (14)
[2015.11.13-23.29.55:825][106]LogModuleManager: Shutting down and abandoning module ShaderCore (13)
[2015.11.13-23.29.55:825][106]LogModuleManager: Shutting down and abandoning module Landscape (12)
[2015.11.13-23.29.55:825][106]LogModuleManager: Shutting down and abandoning module SlateRHIRenderer (11)
[2015.11.13-23.29.55:826][106]LogModuleManager: Shutting down and abandoning module OpenGLDrv (10)
[2015.11.13-23.29.55:842][106]LogModuleManager: Shutting down and abandoning module D3D11RHI (9)
[2015.11.13-23.29.55:842][106]LogModuleManager: Shutting down and abandoning module AnimGraphRuntime (8)
[2015.11.13-23.29.55:842][106]LogModuleManager: Shutting down and abandoning module Renderer (7)
[2015.11.13-23.29.55:842][106]LogModuleManager: Shutting down and abandoning module Engine (6)
[2015.11.13-23.29.55:842][106]LogModuleManager: Shutting down and abandoning module CoreUObject (5)
[2015.11.13-23.29.55:842][106]LogModuleManager: Shutting down and abandoning module NetworkFile (4)
[2015.11.13-23.29.55:842][106]LogModuleManager: Shutting down and abandoning module StreamingFile (3)
[2015.11.13-23.29.55:842][106]LogModuleManager: Shutting down and abandoning module SandboxFile (2)
[2015.11.13-23.29.55:842][106]LogModuleManager: Shutting down and abandoning module PakFile (1)
[2015.11.13-23.29.55:864][106]LogExit: Exiting.
[2015.11.13-23.29.55:888][106]Log file closed, 11/13/15 18:29:55
