[2015.11.13-04.24.11:700][  0]Log file open, 11/12/15 23:24:11
[2015.11.13-04.24.11:700][  0]LogInit:Display: Running engine for game: SantaSearch
[2015.11.13-04.24.11:700][  0]LogInit:Display: RandInit(1521212773) SRandInit(1521212774).
[2015.11.13-04.24.11:700][  0]LogTaskGraph: Started task graph with 4 named threads and 7 total threads.
[2015.11.13-04.24.11:700][  0]LogStats: Stats thread started at 0.070859
[2015.11.13-04.24.11:700][  0]LogInit: Version: 4.9.2-2707645+++depot+UE4-Releases+4.9
[2015.11.13-04.24.11:700][  0]LogInit: API Version: 2672455
[2015.11.13-04.24.11:700][  0]LogInit: Compiled (64-bit): Sep 28 2015 10:25:44
[2015.11.13-04.24.11:700][  0]LogInit: Compiled with Visual C++: 18.00.21005.01
[2015.11.13-04.24.11:700][  0]LogInit: Build Configuration: Development
[2015.11.13-04.24.11:700][  0]LogInit: Branch Name: ++depot+UE4-Releases+4.9
[2015.11.13-04.24.11:700][  0]LogInit: Command line:  
[2015.11.13-04.24.11:700][  0]LogInit: Base directory: C:/Program Files/Epic Games/4.9/Engine/Binaries/Win64/
[2015.11.13-04.24.11:700][  0]LogInit: Rocket: 1
[2015.11.13-04.24.11:707][  0]LogInit: Using libcurl 7.41.0
[2015.11.13-04.24.11:707][  0]LogInit:  - built for x86_64-pc-win32
[2015.11.13-04.24.11:707][  0]LogInit:  - supports SSL with WinSSL
[2015.11.13-04.24.11:707][  0]LogInit:  - other features:
[2015.11.13-04.24.11:707][  0]LogInit:      CURL_VERSION_SSL
[2015.11.13-04.24.11:707][  0]LogInit:      CURL_VERSION_IPV6
[2015.11.13-04.24.11:707][  0]LogInit:      CURL_VERSION_ASYNCHDNS
[2015.11.13-04.24.11:707][  0]LogInit:      CURL_VERSION_LARGEFILE
[2015.11.13-04.24.11:707][  0]LogInit:      CURL_VERSION_IDN
[2015.11.13-04.24.11:707][  0]LogInit:  CurlRequestOptions (configurable via config and command line):
[2015.11.13-04.24.11:707][  0]LogInit:  - bVerifyPeer = true  - Libcurl will verify peer certificate
[2015.11.13-04.24.11:707][  0]LogInit:  - bUseHttpProxy = false  - Libcurl will NOT use HTTP proxy
[2015.11.13-04.24.11:707][  0]LogInit:  - bDontReuseConnections = false  - Libcurl will reuse connections
[2015.11.13-04.24.11:707][  0]LogInit:  - CertBundlePath = nullptr  - Libcurl will use whatever was configured at build time.
[2015.11.13-04.24.11:712][  0]LogInit: Presizing for 0 objects not considered by GC, pre-allocating 0 bytes.
[2015.11.13-04.24.11:717][  0]LogInit: Object subsystem initialized
[2015.11.13-04.24.11:718][  0]LogConsoleManager:Warning: Console variable 'r.MSAA.CompositingSampleCount' wasn't set ('Scalability' has a lower priority than 'ProjectSetting')
[2015.11.13-04.24.11:718][  0]LogInit: Selected Device Profile: [Windows]
[2015.11.13-04.24.11:718][  0]LogInit: Applying CVar settings loaded from the selected device profile: [Windows]
[2015.11.13-04.24.11:723][  0]LogInit: Computer: ISSTVAN
[2015.11.13-04.24.11:723][  0]LogInit: User: RudeyPunk
[2015.11.13-04.24.11:723][  0]LogInit: CPU Page size=4096, Cores=4
[2015.11.13-04.24.11:723][  0]LogInit: High frequency timer resolution =3.906247 MHz
[2015.11.13-04.24.11:723][  0]LogMemory: Memory total: Physical=8.0GB (8GB approx)
[2015.11.13-04.24.11:723][  0]LogMemory: Platform Memory Stats for Windows
[2015.11.13-04.24.11:723][  0]LogMemory: Process Physical Memory: 53.86 MB used, 53.86 MB peak
[2015.11.13-04.24.11:723][  0]LogMemory: Process Virtual Memory: 57.30 MB used, 57.30 MB peak
[2015.11.13-04.24.11:723][  0]LogMemory: Physical Memory: 3883.62 MB used, 8141.15 MB total
[2015.11.13-04.24.11:723][  0]LogMemory: Virtual Memory: 366.57 MB used, 134217728.00 MB total
[2015.11.13-04.24.11:755][  0]LogTextLocalizationManager: No specific translations for ('en-US') exist, so ('en') translations will be used.
[2015.11.13-04.24.12:307][  0]LogD3D11RHI: Found D3D11 adapter 0: NVIDIA GeForce GTX 980 (Feature Level 11_0)
[2015.11.13-04.24.12:307][  0]LogD3D11RHI: Adapter has 4009MB of dedicated video memory, 0MB of dedicated system memory, and 4070MB of shared system memory, 2 output[s]
[2015.11.13-04.24.12:308][  0]LogD3D11RHI: Found D3D11 adapter 1: Microsoft Basic Render Driver (Feature Level 11_0)
[2015.11.13-04.24.12:308][  0]LogD3D11RHI: Adapter has 0MB of dedicated video memory, 0MB of dedicated system memory, and 4070MB of shared system memory, 0 output[s]
[2015.11.13-04.24.12:308][  0]LogD3D11RHI: Chosen D3D11 Adapter Id = 0
[2015.11.13-04.24.12:312][  0]LogD3D11RHI: !Direct3DDevice
[2015.11.13-04.24.12:312][  0]LogRHI: Texture pool is 1361 MB (70% of 1945 MB)
[2015.11.13-04.24.12:322][  0]LogD3D11RHI: Async texture creation enabled
[2015.11.13-04.24.12:337][  0]LogShaderCompilers: Guid format shader working directory is 15 characters bigger than the processId version (D:/IMyTH/xRooms/RND/SantaSearch/Intermediate/Shaders/WorkingDirectory/8516/).
[2015.11.13-04.24.12:337][  0]LogShaderCompilers: Cleaned the shader compiler working directory 'D:/IMyTH/xRooms/RND/SantaSearch/Intermediate/Shaders/tmp/6B42BBF9461C9D189D82588D3F804CB5/'.
[2015.11.13-04.24.12:337][  0]LogShaderCompilers:Display: Using Local Shader Compiler.
[2015.11.13-04.24.13:160][  0]LogTemp:Display: Loaded TP AllDesktopTargetPlatform
[2015.11.13-04.24.13:164][  0]LogTemp:Display: Loaded TP WindowsClientTargetPlatform
[2015.11.13-04.24.13:167][  0]LogTemp:Display: Loaded TP WindowsNoEditorTargetPlatform
[2015.11.13-04.24.13:172][  0]LogTemp:Display: Loaded TP WindowsServerTargetPlatform
[2015.11.13-04.24.13:175][  0]LogTemp:Display: Loaded TP WindowsTargetPlatform
[2015.11.13-04.24.13:178][  0]LogTemp:Display: Loaded TP AndroidTargetPlatform
[2015.11.13-04.24.13:181][  0]LogTemp:Display: Loaded TP Android_ASTCTargetPlatform
[2015.11.13-04.24.13:183][  0]LogTemp:Display: Loaded TP Android_ATCTargetPlatform
[2015.11.13-04.24.13:186][  0]LogTemp:Display: Loaded TP Android_DXTTargetPlatform
[2015.11.13-04.24.13:188][  0]LogTemp:Display: Loaded TP Android_ETC1TargetPlatform
[2015.11.13-04.24.13:191][  0]LogTemp:Display: Loaded TP Android_ETC2TargetPlatform
[2015.11.13-04.24.13:194][  0]LogTemp:Display: Loaded TP Android_PVRTCTargetPlatform
[2015.11.13-04.24.13:194][  0]LogTemp:Display: Loaded TP HTML5TargetPlatform
[2015.11.13-04.24.13:211][  0]LogTemp:Display: Loaded TP IOSTargetPlatform
[2015.11.13-04.24.13:213][  0]LogTemp:Display: Loaded TP LinuxNoEditorTargetPlatform
[2015.11.13-04.24.13:216][  0]LogTemp:Display: Loaded TP LinuxServerTargetPlatform
[2015.11.13-04.24.13:219][  0]LogTemp:Display: Loaded TP LinuxTargetPlatform
[2015.11.13-04.24.13:219][  0]LogTargetPlatformManager:Display: Building Assets For Windows
[2015.11.13-04.24.13:286][  0]LogDerivedDataCache:Display: Max Cache Size: 512 MB
[2015.11.13-04.24.13:415][  0]LogDerivedDataCache: Loaded boot cache 0.13s 42MB C:/Users/RudeyPunk/AppData/Local/UnrealEngine/4.9/DerivedDataCache/Boot.ddc.
[2015.11.13-04.24.13:415][  0]LogDerivedDataCache:Display: Loaded Boot cache: C:/Users/RudeyPunk/AppData/Local/UnrealEngine/4.9/DerivedDataCache/Boot.ddc
[2015.11.13-04.24.13:415][  0]LogDerivedDataCache: FDerivedDataBackendGraph:  Pak pak cache file D:/IMyTH/xRooms/RND/SantaSearch/DerivedDataCache/DDC.ddp not found, will not use a pak cache.
[2015.11.13-04.24.13:415][  0]LogDerivedDataCache: Unable to find inner node Pak for hierarchical cache Hierarchy.
[2015.11.13-04.24.13:436][  0]LogDerivedDataCache:Display: Pak cache opened for reading D:/IMyTH/xRooms/RND/SantaSearch/DerivedDataCache/Compressed.ddp.
[2015.11.13-04.24.13:546][  0]LogDerivedDataCache:Display: Pak cache opened for reading ../../../Engine/DerivedDataCache/Compressed.ddp.
[2015.11.13-04.24.13:558][  0]LogDerivedDataCache: Using Local data cache path C:/Users/RudeyPunk/AppData/Local/UnrealEngine/Common/DerivedDataCache: Writable
[2015.11.13-04.24.13:731][  0]LogInit: Selected Device Profile: [Windows]
[2015.11.13-04.24.13:733][  0]LogContentStreaming: Texture pool size is 0.000000MB
[2015.11.13-04.24.13:820][  0]LogMeshUtilities: No automatic mesh reduction module available
[2015.11.13-04.24.13:820][  0]LogMeshUtilities: No automatic mesh merging module available
[2015.11.13-04.24.13:994][  0]LogInit: WinSock: version 1.1 (2.2), MaxSocks=32767, MaxUdp=65467
[2015.11.13-04.24.14:975][  0]UdpMessaging: Initializing bridge on interface 0.0.0.0:0 to multicast group 230.0.0.1:6666.
[2015.11.13-04.24.15:127][  0]LogAssetRegistry: FAssetRegistry took 0.0106 seconds to start up
[2015.11.13-04.24.15:253][  0]SourceControl: Info Source control is disabled
[2015.11.13-04.24.15:265][  0]SourceControl: Info Source control is disabled
[2015.11.13-04.24.15:278][  0]SourceControl: Info Source control is disabled
[2015.11.13-04.24.15:287][  0]SourceControl: Info Source control is disabled
[2015.11.13-04.24.15:409][  0]LogHoudiniEngine: Starting the Houdini Engine module.
[2015.11.13-04.24.15:411][  0]LogHoudiniEngine: Loaded libHAPIL.dll from Registry path C:\Program Files\Side Effects Software\Houdini 15.0.244.16/bin
[2015.11.13-04.24.15:411][  0]LogLinker:Warning: Asset '../../../Engine/Plugins/Runtime/HoudiniEngine/Content/houdini_logo.uasset' has been saved with empty engine version. The asset will be loaded but may be incompatible.
[2015.11.13-04.24.15:413][  0]LogLinker:Warning: Asset '../../../Engine/Plugins/Runtime/HoudiniEngine/Content/houdini_default_material.uasset' has been saved with empty engine version. The asset will be loaded but may be incompatible.
[2015.11.13-04.24.15:972][  0]LogHoudiniEngine: Successfully intialized the Houdini Engine API module.
[2015.11.13-04.24.15:998][  0]LogLinker:Warning: Asset '../../../Engine/Plugins/Runtime/LeapMotionController/Content/LM_PassthroughMaterial.uasset' has been saved with empty engine version. The asset will be loaded but may be incompatible.
[2015.11.13-04.24.16:064][  0]LogObj: 28482 objects as part of root set at end of initial load.
[2015.11.13-04.24.16:064][  0]LogUObjectAllocator: 6074032 out of 0 bytes used by permanent object pool.
[2015.11.13-04.24.16:112][  0]LogEngine: Initializing Engine...
[2015.11.13-04.24.16:115][  0]LogHMD: Can't find Oculus library dev build: is proper Runtime installed? Version: 0.7.0.0
[2015.11.13-04.24.16:116][  0]LogHMD: SteamVR failed to initialize.  Err: 110
[2015.11.13-04.24.16:217][  0]LogAIModule: Creating AISystem for world NewWorld
[2015.11.13-04.24.16:222][  0]LogInit: XAudio2 using 'Speakers (Realtek High Definition Audio)' : 2 channels at 48 kHz using 32 bits per sample (channel mask 0x3)
[2015.11.13-04.24.16:281][  0]LogInit: FAudioDevice initialized.
[2015.11.13-04.24.16:299][  0]LogDerivedDataCache: Saved boot cache 0.02s 42MB C:/Users/RudeyPunk/AppData/Local/UnrealEngine/4.9/DerivedDataCache/Boot.ddc.
[2015.11.13-04.24.16:301][  0]LogInit: Texture streaming: Enabled
[2015.11.13-04.24.16:306][  0]LogAnalytics: Creating configured Analytics provider AnalyticsET
[2015.11.13-04.24.16:306][  0]LogAnalytics: [UEEditor.Rocket.Release] APIServer = http://et2.epicgames.com/ET2/. AppVersion = 4.9.2-2707645+++depot+UE4-Releases+4.9
[2015.11.13-04.24.16:306][  0]LogAnalytics: [UEEditor.Rocket.Release] SetUserId 616fff054fd338fe95b7b89cc34538a1|6dee01914e174258b8c89718799d58e5|1462898c-ea64-4062-b7c1-32114cb7f44a
[2015.11.13-04.24.16:306][  0]LogAnalytics: [UEEditor.Rocket.Release] AnalyticsET::StartSession
[2015.11.13-04.24.16:336][  0]LogInit: Transaction tracking system initialized
[2015.11.13-04.24.16:389][  0]BlueprintLog: New page: Editor Load
[2015.11.13-04.24.16:463][  0]LocalizationService: Info Localization service is disabled
[2015.11.13-04.24.16:523][  0]LogLinker:Warning: Can't find file '/Game/FirstPersonBP/FirstPersonOverview'
[2015.11.13-04.24.16:523][  0]LogLinker:Warning: Can't find file '/Game/FirstPersonBP/FirstPersonOverview'
[2015.11.13-04.24.16:524][  0]LogUObjectGlobals:Warning: Failed to find object 'Class /Game/FirstPersonBP/FirstPersonOverview.FirstPersonOverview_C'
[2015.11.13-04.24.16:541][  0]LogConsoleResponse:Display: 
[2015.11.13-04.24.16:632][  0]LogCook:Display: Done creating registry. It took  0.00s.
[2015.11.13-04.24.16:659][  0]LogFileCache: Scanning file cache for directory 'D:/IMyTH/xRooms/RND/SantaSearch/Content/' took 0.01s
[2015.11.13-04.24.16:659][  0]LogHoudiniEngineEditor: Starting the Houdini Engine Editor module.
[2015.11.13-04.24.16:694][  0]SourceControl: Info Source control is disabled
[2015.11.13-04.24.16:694][  0]Cmd: MAP LOAD FILE="D:/IMyTH/xRooms/RND/SantaSearch/Content/Maps/MemoryCardEntry.umap" TEMPLATE=0 SHOWPROGRESS=1 FEATURELEVEL=3
[2015.11.13-04.24.16:694][  0]LightingResults: New page: Lighting Build
[2015.11.13-04.24.16:697][  0]MapCheck: New page: Map Check
[2015.11.13-04.24.16:697][  0]LightingResults: New page: Lighting Build
[2015.11.13-04.24.16:704][  0]LogParticles: Destroying 0 GPU particle simulations for FXSystem 0x00000085A767DE40
[2015.11.13-04.24.16:818][  0]LogBlueprint:Warning: [compiler Ue4ASP_Character] Warning InputAction Event references unknown Action 'Crouch' for  InputAction Crouch 
[2015.11.13-04.24.16:818][  0]LogBlueprint:Warning: [compiler Ue4ASP_Character] Warning InputAction Event references unknown Action 'Jump' for  InputAction Jump 
[2015.11.13-04.24.16:818][  0]LogBlueprint:Warning: [compiler Ue4ASP_Character] Warning Input Axis Event references unknown Axis 'LookUp' for  InputAxis LookUp 
[2015.11.13-04.24.16:818][  0]LogBlueprint:Warning: [compiler Ue4ASP_Character] Warning Input Axis Event references unknown Axis 'Turn' for  InputAxis Turn 
[2015.11.13-04.24.16:819][  0]LogBlueprint:Warning: [compiler Ue4ASP_Character] Warning Input Axis Event references unknown Axis 'MoveRight' for  InputAxis MoveRight 
[2015.11.13-04.24.16:819][  0]LogBlueprint:Warning: [compiler Ue4ASP_Character] Warning Input Axis Event references unknown Axis 'MoveForward' for  InputAxis MoveForward 
[2015.11.13-04.24.16:821][  0]LogBlueprint:Warning: [compiler Ue4ASP_Character] Warning [0005.52] Compile of Ue4ASP_Character successful, but with 6 Warning(s) [in 5 ms]
[2015.11.13-04.24.16:821][  0]LogBlueprint:Warning: [compiler Ue4ASP_Character] Warning [0005.52] Compile of Ue4ASP_Character successful, but with 7 Warning(s) [in 0 ms]
[2015.11.13-04.24.16:821][  0]LogBlueprint:Warning: [compiler Ue4ASP_Character] Warning [0005.52] Compile of Ue4ASP_Character successful, but with 8 Warning(s) [in 0 ms]
[2015.11.13-04.24.16:850][  0]LogBlueprint:Warning: [compiler Ue4ASP_Character] Warning InputAction Event references unknown Action 'Crouch' for  InputAction Crouch 
[2015.11.13-04.24.16:850][  0]LogBlueprint:Warning: [compiler Ue4ASP_Character] Warning InputAction Event references unknown Action 'Jump' for  InputAction Jump 
[2015.11.13-04.24.16:850][  0]LogBlueprint:Warning: [compiler Ue4ASP_Character] Warning Input Axis Event references unknown Axis 'LookUp' for  InputAxis LookUp 
[2015.11.13-04.24.16:850][  0]LogBlueprint:Warning: [compiler Ue4ASP_Character] Warning Input Axis Event references unknown Axis 'Turn' for  InputAxis Turn 
[2015.11.13-04.24.16:850][  0]LogBlueprint:Warning: [compiler Ue4ASP_Character] Warning Input Axis Event references unknown Axis 'MoveRight' for  InputAxis MoveRight 
[2015.11.13-04.24.16:850][  0]LogBlueprint:Warning: [compiler Ue4ASP_Character] Warning Input Axis Event references unknown Axis 'MoveForward' for  InputAxis MoveForward 
[2015.11.13-04.24.16:852][  0]LogBlueprint:Warning: [compiler Ue4ASP_Character] Warning [0005.55] Compile of Ue4ASP_Character successful, but with 6 Warning(s) [in 7 ms]
[2015.11.13-04.24.16:853][  0]LogBlueprint:Warning: [compiler Ue4ASP_Character] Warning [0005.55] Compile of Ue4ASP_Character successful, but with 7 Warning(s) [in 0 ms]
[2015.11.13-04.24.16:853][  0]LogBlueprint:Warning: [compiler Ue4ASP_Character] Warning [0005.55] Compile of Ue4ASP_Character successful, but with 8 Warning(s) [in 0 ms]
[2015.11.13-04.24.17:240][  0]LogBlueprint:Warning: ExposeOnSpawn ambiguity. Property 'IntProperty /Game/Blueprints/BP_CardMem.BP_CardMem_C:CardIType', MetaData 'True', Flag 'False'
[2015.11.13-04.24.18:264][  0]LogAIModule: Creating AISystem for world MemoryCardEntry
[2015.11.13-04.24.18:274][  0]LogEditorServer: Finished looking for orphan Actors (0.000 secs)
[2015.11.13-04.24.18:275][  0]Cmd: MAP CHECKDEP NOCLEARLOG
[2015.11.13-04.24.18:339][  0]MapCheck: Info Map check complete: 0 Error(s), 0 Warning(s), took 63.785ms to complete.
[2015.11.13-04.24.18:339][  0]LogFileHelpers: Loading map 'MemoryCardEntry' took 1.645
[2015.11.13-04.24.18:441][  0]LogCollectionManager: Loaded 0 collections in 0.001658 seconds
[2015.11.13-04.24.18:481][  0]LogFileCache: Scanning file cache for directory 'D:/IMyTH/xRooms/RND/SantaSearch/Saved/Collections/' took 0.01s
[2015.11.13-04.24.18:481][  0]LogFileCache: Scanning file cache for directory 'D:/IMyTH/xRooms/RND/SantaSearch/Content/Developers/RudeyPunk/Collections/' took 0.01s
[2015.11.13-04.24.18:481][  0]LogFileCache: Scanning file cache for directory 'D:/IMyTH/xRooms/RND/SantaSearch/Content/Collections/' took 0.01s
[2015.11.13-04.24.18:481][  0]LogContentBrowser: Native class hierarchy populated in 0.0055 seconds. Added 1893 classes and 338 folders.
[2015.11.13-04.24.18:488][  0]LogCollectionManager: Rebuilt the GUID cache for 0 collections in 0.000002 seconds
[2015.11.13-04.24.18:493][  0]LogContentBrowser: Native class hierarchy updated for 'WidgetCarousel' in 0.0002 seconds. Added 0 classes and 0 folders.
[2015.11.13-04.24.18:587][  0]LogContentBrowser: Native class hierarchy updated for 'AddContentDialog' in 0.0003 seconds. Added 0 classes and 0 folders.
[2015.11.13-04.24.18:596][  0]LogContentBrowser: Native class hierarchy updated for 'SceneOutliner' in 0.0004 seconds. Added 1 classes and 2 folders.
[2015.11.13-04.24.18:664][  0]LogCrashTracker: Crashtracker disabled due to settings.
[2015.11.13-04.24.18:668][  0]LogUObjectGlobals:Warning: Failed to find object 'Class None.'
[2015.11.13-04.24.18:691][  0]LogLoad: Full Startup: 7.39 seconds (BP compile: 0.55 seconds)
[2015.11.13-04.24.18:737][  0]LogContentStreaming: Texture pool size now 1000 MB
[2015.11.13-04.24.18:840][  0]LogRenderer: Reallocating scene render targets to support 1208x576 (Frame:2).
[2015.11.13-04.24.19:120][  8]LogAssetRegistry: Asset discovery search completed in 4.0040 seconds
[2015.11.13-04.24.19:120][  8]LogCollectionManager: Rebuilt the object cache for 0 collections in 0.000001 seconds (found 0 objects)
[2015.11.13-04.24.19:120][  8]LogCollectionManager: Fixed up redirectors for 0 collections in 0.000035 seconds (updated 0 objects)
[2015.11.13-04.24.23:497][505]LogLinker:Warning: Asset '../../../Engine/Content/ArtTools/RenderToTexture/Macros/RenderToTextureMacros.uasset' has been saved with empty engine version. The asset will be loaded but may be incompatible.
[2015.11.13-04.24.23:924][505]LogContentBrowser: Native class hierarchy updated for 'BlueprintGraph' in 0.0005 seconds. Added 107 classes and 0 folders.
[2015.11.13-04.24.25:743][505]LogActor:Warning: GameNetworkManager /Engine/Transient.World_9:PersistentLevel.GameNetworkManager_0 has natively added scene component(s), but none of them were set as the actor's RootComponent - picking one arbitrarily
[2015.11.13-04.24.34:211][329]LogActorComponent: UnregisterComponent: (/Engine/Transient.EditorFloorComp) Not registered. Aborting.
[2015.11.13-04.24.35:163][430]LogActorComponent: UnregisterComponent: (/Engine/Transient.EditorFloorComp) Not registered. Aborting.
[2015.11.13-04.24.36:132][515]LogActorComponent: UnregisterComponent: (/Engine/Transient.EditorFloorComp) Not registered. Aborting.
[2015.11.13-04.24.37:364][650]LogActorComponent: UnregisterComponent: (/Engine/Transient.EditorFloorComp) Not registered. Aborting.
[2015.11.13-04.24.38:954][811]LogActorComponent: UnregisterComponent: (/Engine/Transient.EditorFloorComp) Not registered. Aborting.
[2015.11.13-04.24.40:130][917]LogActorComponent: UnregisterComponent: (/Engine/Transient.EditorFloorComp) Not registered. Aborting.
[2015.11.13-04.25.07:722][505]LogActorComponent: UnregisterComponent: (/Engine/Transient.CharMoveComp) Not registered. Aborting.
[2015.11.13-04.25.07:768][505]LogParticles: Destroying 0 GPU particle simulations for FXSystem 0x00000085DD8F6B60
[2015.11.13-04.25.07:768][505]LogParticles: Destroying 0 GPU particle simulations for FXSystem 0x00000085E349BE20
[2015.11.13-04.25.07:769][505]LogParticles: Destroying 0 GPU particle simulations for FXSystem 0x00000085E7FC1800
[2015.11.13-04.25.07:769][505]LogParticles: Destroying 0 GPU particle simulations for FXSystem 0x00000085ECD22980
[2015.11.13-04.25.07:769][505]LogParticles: Destroying 0 GPU particle simulations for FXSystem 0x00000085F14CD120
[2015.11.13-04.25.07:770][505]LogParticles: Destroying 0 GPU particle simulations for FXSystem 0x00000085F643DF80
[2015.11.13-04.25.07:770][505]LogParticles: Destroying 0 GPU particle simulations for FXSystem 0x00000085FAF963E0
[2015.11.13-04.25.35:973][148]LogActorComponent: UnregisterComponent: (/Engine/Transient.CharMoveComp) Not registered. Aborting.
[2015.11.13-04.25.45:745][897]LogActorComponent: UnregisterComponent: (/Engine/Transient.CharMoveComp) Not registered. Aborting.
[2015.11.13-04.26.04:292][538]LogActorComponent: UnregisterComponent: (/Engine/Transient.CharMoveComp) Not registered. Aborting.
[2015.11.13-04.26.12:134][156]Cmd: OBJ SAVEPACKAGE PACKAGE="/Game/Maps/MemoryCardEntry" FILE="D:/IMyTH/xRooms/RND/SantaSearch/Content/Maps/MemoryCardEntry.umap" SILENT=true AUTOSAVING=false KEEPDIRTY=false
[2015.11.13-04.26.12:135][156]LogActorComponent: UnregisterComponent: (/Engine/Transient.CharMoveComp) Not registered. Aborting.
[2015.11.13-04.26.12:276][156]LogSavePackage: Save=116.580444ms
[2015.11.13-04.26.12:276][156]LogSavePackage: Moving 'D:/IMyTH/xRooms/RND/SantaSearch/Saved/MemoryCardEntry5EAB5A6E4102CD8BF89DC59C2158A442.tmp' to 'D:/IMyTH/xRooms/RND/SantaSearch/Content/Maps/MemoryCardEntry.umap'
[2015.11.13-04.26.12:277][156]LogSavePackage: Total save time: 120.408159ms
[2015.11.13-04.26.12:277][156]LogSavePackage:Warning: Finished SavePackage D:/IMyTH/xRooms/RND/SantaSearch/Content/Maps/MemoryCardEntry.umap
[2015.11.13-04.58.32:130][796]LogActorComponent: UnregisterComponent: (/Engine/Transient.EditorFloorComp) Not registered. Aborting.
[2015.11.13-04.58.32:170][796]LogWindowsTextInputMethodSystem:Display: IME system now deactivated.
[2015.11.13-04.58.32:383][797]Cmd: QUIT_EDITOR
[2015.11.13-04.58.32:581][797]LogExit: Preparing to exit.
[2015.11.13-04.58.33:029][797]LogExit: Editor shut down
[2015.11.13-04.58.33:029][797]LogExit: Transaction tracking system shut down
[2015.11.13-04.58.33:033][797]LogParticles: Destroying 0 GPU particle simulations for FXSystem 0x00000085B0494A40
[2015.11.13-04.58.33:034][797]LogParticles: Destroying 0 GPU particle simulations for FXSystem 0x00000085BAA2F880
[2015.11.13-04.58.33:034][797]LogParticles: Destroying 0 GPU particle simulations for FXSystem 0x00000085BAC277E0
[2015.11.13-04.58.33:034][797]LogParticles: Destroying 0 GPU particle simulations for FXSystem 0x00000085C1F2EF20
[2015.11.13-04.58.33:035][797]LogParticles: Destroying 0 GPU particle simulations for FXSystem 0x00000085BA5CE3E0
[2015.11.13-04.58.33:039][797]LogParticles: Destroying 0 GPU particle simulations for FXSystem 0x0000008602B8A7A0
[2015.11.13-04.58.33:208][797]LogExit: Object subsystem successfully closed.
[2015.11.13-04.58.33:229][797]LogD3D11RHI: Shutdown
[2015.11.13-04.58.33:229][797]LogD3D11RHI: CleanupD3DDevice
[2015.11.13-04.58.33:278][797]LogD3D11RHI: ~FD3D11DynamicRHI
[2015.11.13-04.58.33:298][797]LogModuleManager: Shutting down and abandoning module BlueprintGraph (200)
[2015.11.13-04.58.33:298][797]LogModuleManager: Shutting down and abandoning module CrashTracker (199)
[2015.11.13-04.58.33:298][797]LogModuleManager: Shutting down and abandoning module SceneOutliner (198)
[2015.11.13-04.58.33:298][797]LogModuleManager: Shutting down and abandoning module SuperSearch (197)
[2015.11.13-04.58.33:298][797]LogModuleManager: Shutting down and abandoning module WidgetCarousel (196)
[2015.11.13-04.58.33:298][797]LogModuleManager: Shutting down and abandoning module AddContentDialog (195)
[2015.11.13-04.58.33:299][797]LogModuleManager: Shutting down and abandoning module EditorWidgets (194)
[2015.11.13-04.58.33:299][797]LogModuleManager: Shutting down and abandoning module CollectionManager (193)
[2015.11.13-04.58.33:300][797]LogModuleManager: Shutting down and abandoning module StatsViewer (192)
[2015.11.13-04.58.33:300][797]LogModuleManager: Shutting down and abandoning module FoliageEdit (191)
[2015.11.13-04.58.33:300][797]LogModuleManager: Shutting down and abandoning module LandscapeEditor (190)
[2015.11.13-04.58.33:300][797]LogModuleManager: Shutting down and abandoning module ActorPickerMode (189)
[2015.11.13-04.58.33:300][797]LogModuleManager: Shutting down and abandoning module GeometryMode (188)
[2015.11.13-04.58.33:300][797]LogModuleManager: Shutting down and abandoning module TextureAlignMode (187)
[2015.11.13-04.58.33:300][797]LogModuleManager: Shutting down and abandoning module BspMode (186)
[2015.11.13-04.58.33:300][797]LogModuleManager: Shutting down and abandoning module PlacementMode (185)
[2015.11.13-04.58.33:300][797]LogModuleManager: Shutting down and abandoning module AutomationWorker (184)
[2015.11.13-04.58.33:300][797]LogModuleManager: Shutting down and abandoning module HoudiniEngineEditor (183)
[2015.11.13-04.58.33:300][797]LogHoudiniEngineEditor: Shutting down the Houdini Engine Editor module.
[2015.11.13-04.58.33:300][797]LogModuleManager: Shutting down and abandoning module CharacterAI (182)
[2015.11.13-04.58.33:300][797]LogModuleManager: Shutting down and abandoning module SmartSnapping (181)
[2015.11.13-04.58.33:300][797]LogModuleManager: Shutting down and abandoning module ViewportSnapping (180)
[2015.11.13-04.58.33:300][797]LogModuleManager: Shutting down and abandoning module LogVisualizer (179)
[2015.11.13-04.58.33:300][797]LogModuleManager: Shutting down and abandoning module GameProjectGeneration (178)
[2015.11.13-04.58.33:300][797]LogModuleManager: Shutting down and abandoning module IntroTutorials (177)
[2015.11.13-04.58.33:300][797]LogModuleManager: Shutting down and abandoning module EditorLiveStreaming (176)
[2015.11.13-04.58.33:300][797]LogModuleManager: Shutting down and abandoning module IOSPlatformEditor (175)
[2015.11.13-04.58.33:300][797]LogModuleManager: Shutting down and abandoning module HTML5PlatformEditor (174)
[2015.11.13-04.58.33:300][797]LogModuleManager: Shutting down and abandoning module AndroidDeviceDetection (173)
[2015.11.13-04.58.33:357][797]LogModuleManager: Shutting down and abandoning module AndroidPlatformEditor (172)
[2015.11.13-04.58.33:357][797]LogModuleManager: Shutting down and abandoning module IOSRuntimeSettings (171)
[2015.11.13-04.58.33:357][797]LogModuleManager: Shutting down and abandoning module AndroidRuntimeSettings (170)
[2015.11.13-04.58.33:357][797]LogModuleManager: Shutting down and abandoning module MergeActors (169)
[2015.11.13-04.58.33:357][797]LogModuleManager: Shutting down and abandoning module SizeMap (168)
[2015.11.13-04.58.33:357][797]LogModuleManager: Shutting down and abandoning module TreeMap (167)
[2015.11.13-04.58.33:357][797]LogModuleManager: Shutting down and abandoning module ReferenceViewer (166)
[2015.11.13-04.58.33:357][797]LogModuleManager: Shutting down and abandoning module LocalizationService (165)
[2015.11.13-04.58.33:357][797]LogModuleManager: Shutting down and abandoning module LocalizationDashboard (164)
[2015.11.13-04.58.33:357][797]LogModuleManager: Shutting down and abandoning module HardwareTargeting (163)
[2015.11.13-04.58.33:357][797]LogModuleManager: Shutting down and abandoning module DeviceProfileEditor (162)
[2015.11.13-04.58.33:357][797]LogModuleManager: Shutting down and abandoning module UndoHistory (161)
[2015.11.13-04.58.33:357][797]LogModuleManager: Shutting down and abandoning module GameplayTagsEditor (160)
[2015.11.13-04.58.33:357][797]LogModuleManager: Shutting down and abandoning module UserFeedback (159)
[2015.11.13-04.58.33:357][797]LogModuleManager: Shutting down and abandoning module XmlParser (158)
[2015.11.13-04.58.33:357][797]LogModuleManager: Shutting down and abandoning module Blutility (157)
[2015.11.13-04.58.33:357][797]LogModuleManager: Shutting down and abandoning module ProjectTargetPlatformEditor (156)
[2015.11.13-04.58.33:357][797]LogModuleManager: Shutting down and abandoning module ProjectSettingsViewer (155)
[2015.11.13-04.58.33:357][797]LogModuleManager: Shutting down and abandoning module InputBindingEditor (154)
[2015.11.13-04.58.33:358][797]LogModuleManager: Shutting down and abandoning module EditorSettingsViewer (153)
[2015.11.13-04.58.33:358][797]LogModuleManager: Shutting down and abandoning module SettingsEditor (152)
[2015.11.13-04.58.33:358][797]LogModuleManager: Shutting down and abandoning module ProjectLauncher (151)
[2015.11.13-04.58.33:358][797]LogModuleManager: Shutting down and abandoning module SessionFrontend (150)
[2015.11.13-04.58.33:358][797]LogModuleManager: Shutting down and abandoning module ProfilerClient (149)
[2015.11.13-04.58.33:358][797]LogModuleManager: Shutting down and abandoning module TargetDeviceServices (148)
[2015.11.13-04.58.33:358][797]LogModuleManager: Shutting down and abandoning module DeviceManager (147)
[2015.11.13-04.58.33:358][797]LogModuleManager: Shutting down and abandoning module AutomationController (146)
[2015.11.13-04.58.33:358][797]LogModuleManager: Shutting down and abandoning module AutomationWindow (145)
[2015.11.13-04.58.33:358][797]LogModuleManager: Shutting down and abandoning module Layers (144)
[2015.11.13-04.58.33:358][797]LogModuleManager: Shutting down and abandoning module ComponentVisualizers (143)
[2015.11.13-04.58.33:358][797]LogModuleManager: Shutting down and abandoning module DetailCustomizations (142)
[2015.11.13-04.58.33:358][797]LogModuleManager: Shutting down and abandoning module PackagesDialog (141)
[2015.11.13-04.58.33:358][797]LogModuleManager: Shutting down and abandoning module Persona (140)
[2015.11.13-04.58.33:358][797]LogModuleManager: Shutting down and abandoning module Kismet (139)
[2015.11.13-04.58.33:358][797]LogModuleManager: Shutting down and abandoning module GraphEditor (138)
[2015.11.13-04.58.33:358][797]LogModuleManager: Shutting down and abandoning module ClassViewer (137)
[2015.11.13-04.58.33:358][797]LogModuleManager: Shutting down and abandoning module Toolbox (136)
[2015.11.13-04.58.33:358][797]LogModuleManager: Shutting down and abandoning module ModuleUI (135)
[2015.11.13-04.58.33:358][797]LogModuleManager: Shutting down and abandoning module MovieSceneTools (134)
[2015.11.13-04.58.33:358][797]LogModuleManager: Shutting down and abandoning module OutputLog (133)
[2015.11.13-04.58.33:358][797]LogModuleManager: Shutting down and abandoning module GammaUI (132)
[2015.11.13-04.58.33:358][797]LogModuleManager: Shutting down and abandoning module Documentation (131)
[2015.11.13-04.58.33:359][797]LogModuleManager: Shutting down and abandoning module GameLiveStreaming (130)
[2015.11.13-04.58.33:359][797]LogModuleManager: Shutting down and abandoning module StreamingPauseRendering (129)
[2015.11.13-04.58.33:359][797]LogModuleManager: Shutting down and abandoning module AnalyticsET (128)
[2015.11.13-04.58.33:359][797]LogModuleManager: Shutting down and abandoning module Analytics (127)
[2015.11.13-04.58.33:359][797]LogModuleManager: Shutting down and abandoning module AITestSuite (126)
[2015.11.13-04.58.33:359][797]LogModuleManager: Shutting down and abandoning module GameplayDebugger (125)
[2015.11.13-04.58.33:359][797]LogModuleManager: Shutting down and abandoning module AIModule (124)
[2015.11.13-04.58.33:359][797]LogModuleManager: Shutting down and abandoning module ProfilerService (123)
[2015.11.13-04.58.33:415][797]LogModuleManager: Shutting down and abandoning module TaskGraph (122)
[2015.11.13-04.58.33:415][797]LogModuleManager: Shutting down and abandoning module SlateRemote (121)
[2015.11.13-04.58.33:415][797]LogModuleManager: Shutting down and abandoning module SteamVRController (120)
[2015.11.13-04.58.33:415][797]LogModuleManager: Shutting down and abandoning module SteamVR (119)
[2015.11.13-04.58.33:415][797]LogModuleManager: Shutting down and abandoning module ProceduralMeshComponent (118)
[2015.11.13-04.58.33:415][797]LogModuleManager: Shutting down and abandoning module OculusRift (117)
[2015.11.13-04.58.33:415][797]LogModuleManager: Shutting down and abandoning module OculusLibrary (116)
[2015.11.13-04.58.33:415][797]LogModuleManager: Shutting down and abandoning module LeapMotionController (115)
[2015.11.13-04.58.33:428][797]LogModuleManager: Shutting down and abandoning module HoudiniEngineRuntime (114)
[2015.11.13-04.58.33:428][797]LogHoudiniEngine: Shutting down the Houdini Engine module.
[2015.11.13-04.58.33:434][797]LogModuleManager: Shutting down and abandoning module CustomMeshComponent (113)
[2015.11.13-04.58.33:434][797]LogModuleManager: Shutting down and abandoning module CableComponent (112)
[2015.11.13-04.58.33:434][797]LogModuleManager: Shutting down and abandoning module ArchVisCharacter (111)
[2015.11.13-04.58.33:434][797]LogModuleManager: Shutting down and abandoning module MessagingDebugger (110)
[2015.11.13-04.58.33:434][797]LogModuleManager: Shutting down and abandoning module MediaPlayerEditor (109)
[2015.11.13-04.58.33:434][797]LogModuleManager: Shutting down and abandoning module HTML5Networking (108)
[2015.11.13-04.58.33:434][797]LogModuleManager: Shutting down and abandoning module SpeedTreeImporter (107)
[2015.11.13-04.58.33:434][797]LogModuleManager: Shutting down and abandoning module PluginBrowser (106)
[2015.11.13-04.58.33:434][797]LogModuleManager: Shutting down and abandoning module EpicSurvey (105)
[2015.11.13-04.58.33:434][797]LogModuleManager: Shutting down and abandoning module DesktopPlatform (104)
[2015.11.13-04.58.33:434][797]LogModuleManager: Shutting down and abandoning module VisualStudioSourceCodeAccess (103)
[2015.11.13-04.58.33:434][797]LogModuleManager: Shutting down and abandoning module UObjectPlugin (102)
[2015.11.13-04.58.33:434][797]LogModuleManager: Shutting down and abandoning module SubversionSourceControl (101)
[2015.11.13-04.58.33:434][797]LogModuleManager: Shutting down and abandoning module PerforceSourceControl (100)
[2015.11.13-04.58.33:434][797]LogModuleManager: Shutting down and abandoning module SourceControl (99)
[2015.11.13-04.58.33:434][797]LogModuleManager: Shutting down and abandoning module GitSourceControl (98)
[2015.11.13-04.58.33:434][797]LogModuleManager: Shutting down and abandoning module LightPropagationVolumeEditor (97)
[2015.11.13-04.58.33:434][797]LogModuleManager: Shutting down and abandoning module PaperTiledImporter (96)
[2015.11.13-04.58.33:434][797]LogModuleManager: Shutting down and abandoning module PaperSpriteSheetImporter (95)
[2015.11.13-04.58.33:434][797]LogModuleManager: Shutting down and abandoning module MeshPaint (94)
[2015.11.13-04.58.33:434][797]LogModuleManager: Shutting down and abandoning module SlateReflector (93)
[2015.11.13-04.58.33:434][797]LogModuleManager: Shutting down and abandoning module HotReload (92)
[2015.11.13-04.58.33:434][797]LogModuleManager: Shutting down and abandoning module MainFrame (91)
[2015.11.13-04.58.33:434][797]LogModuleManager: Shutting down and abandoning module LevelEditor (90)
[2015.11.13-04.58.33:436][797]LogModuleManager: Shutting down and abandoning module DirectoryWatcher (89)
[2015.11.13-04.58.33:438][797]LogModuleManager: Shutting down and abandoning module AssetRegistry (88)
[2015.11.13-04.58.33:534][797]LogModuleManager: Shutting down and abandoning module ContentBrowser (87)
[2015.11.13-04.58.33:535][797]LogModuleManager: Shutting down and abandoning module Paper2DEditor (86)
[2015.11.13-04.58.33:535][797]LogModuleManager: Shutting down and abandoning module UdpMessaging (85)
[2015.11.13-04.58.33:636][797]LogModuleManager: Shutting down and abandoning module LightPropagationVolumeRuntime (84)
[2015.11.13-04.58.33:636][797]LogModuleManager: Shutting down and abandoning module Paper2D (83)
[2015.11.13-04.58.33:636][797]LogModuleManager: Shutting down and abandoning module WindowsMoviePlayer (82)
[2015.11.13-04.58.33:640][797]LogModuleManager: Shutting down and abandoning module Media (81)
[2015.11.13-04.58.33:641][797]LogModuleManager: Shutting down and abandoning module WmfMedia (80)
[2015.11.13-04.58.33:641][797]LogModuleManager: Shutting down and abandoning module OnlineBlueprintSupport (79)
[2015.11.13-04.58.33:641][797]LogModuleManager: Shutting down and abandoning module GameplayTasksEditor (78)
[2015.11.13-04.58.33:641][797]LogModuleManager: Shutting down and abandoning module PropertyEditor (77)
[2015.11.13-04.58.33:641][797]LogModuleManager: Shutting down and abandoning module BehaviorTreeEditor (76)
[2015.11.13-04.58.33:641][797]LogModuleManager: Shutting down and abandoning module FunctionalTesting (75)
[2015.11.13-04.58.33:641][797]LogModuleManager: Shutting down and abandoning module CollisionAnalyzer (74)
[2015.11.13-04.58.33:641][797]LogModuleManager: Shutting down and abandoning module WorkspaceMenuStructure (73)
[2015.11.13-04.58.33:641][797]LogModuleManager: Shutting down and abandoning module MessageLog (72)
[2015.11.13-04.58.33:641][797]LogModuleManager: Shutting down and abandoning module Sequencer (71)
[2015.11.13-04.58.33:642][797]LogModuleManager: Shutting down and abandoning module AssetTools (70)
[2015.11.13-04.58.33:642][797]LogModuleManager: Shutting down and abandoning module UMGEditor (69)
[2015.11.13-04.58.33:642][797]LogModuleManager: Shutting down and abandoning module UMG (68)
[2015.11.13-04.58.33:642][797]LogModuleManager: Shutting down and abandoning module Slate (67)
[2015.11.13-04.58.33:642][797]LogModuleManager: Shutting down and abandoning module EditorStyle (66)
[2015.11.13-04.58.33:648][797]LogModuleManager: Shutting down and abandoning module SessionServices (65)
[2015.11.13-04.58.33:648][797]LogModuleManager: Shutting down and abandoning module SourceCodeAccess (64)
[2015.11.13-04.58.33:648][797]LogModuleManager: Shutting down and abandoning module HeadMountedDisplay (63)
[2015.11.13-04.58.33:648][797]LogModuleManager: Shutting down and abandoning module XAudio2 (62)
[2015.11.13-04.58.33:648][797]LogModuleManager: Shutting down and abandoning module Networking (60)
[2015.11.13-04.58.33:648][797]LogModuleManager: Shutting down and abandoning module Core (59)
[2015.11.13-04.58.33:648][797]LogModuleManager: Shutting down and abandoning module KismetCompiler (58)
[2015.11.13-04.58.33:648][797]LogModuleManager: Shutting down and abandoning module PhysXFormats (57)
[2015.11.13-04.58.33:649][797]LogModuleManager: Shutting down and abandoning module MeshUtilities (56)
[2015.11.13-04.58.33:649][797]LogModuleManager: Shutting down and abandoning module CookingStats (55)
[2015.11.13-04.58.33:653][797]LogModuleManager: Shutting down and abandoning module DerivedDataCache (54)
[2015.11.13-04.58.33:733][797]LogDerivedDataCache: Shutdown
[2015.11.13-04.58.33:733][797]LogModuleManager: Shutting down and abandoning module ShaderFormatOpenGL (53)
[2015.11.13-04.58.33:734][797]LogModuleManager: Shutting down and abandoning module ShaderFormatD3D (52)
[2015.11.13-04.58.33:734][797]LogModuleManager: Shutting down and abandoning module MetalShaderFormat (51)
[2015.11.13-04.58.33:734][797]LogModuleManager: Shutting down and abandoning module TextureFormatUncompressed (50)
[2015.11.13-04.58.33:734][797]LogModuleManager: Shutting down and abandoning module TextureFormatPVR (49)
[2015.11.13-04.58.33:734][797]LogModuleManager: Shutting down and abandoning module TextureFormatIntelISPCTexComp (48)
[2015.11.13-04.58.33:734][797]LogModuleManager: Shutting down and abandoning module TextureFormatDXT (47)
[2015.11.13-04.58.33:734][797]LogModuleManager: Shutting down and abandoning module ImageWrapper (46)
[2015.11.13-04.58.33:734][797]LogModuleManager: Shutting down and abandoning module TextureFormatASTC (45)
[2015.11.13-04.58.33:734][797]LogModuleManager: Shutting down and abandoning module TextureFormatAndroid (44)
[2015.11.13-04.58.33:734][797]LogModuleManager: Shutting down and abandoning module AudioFormatOpus (43)
[2015.11.13-04.58.33:734][797]LogModuleManager: Shutting down and abandoning module AudioFormatOgg (42)
[2015.11.13-04.58.33:735][797]LogModuleManager: Shutting down and abandoning module AudioFormatADPCM (41)
[2015.11.13-04.58.33:735][797]LogModuleManager: Shutting down and abandoning module LinuxTargetPlatform (40)
[2015.11.13-04.58.33:735][797]LogModuleManager: Shutting down and abandoning module LinuxServerTargetPlatform (39)
[2015.11.13-04.58.33:735][797]LogModuleManager: Shutting down and abandoning module LinuxNoEditorTargetPlatform (38)
[2015.11.13-04.58.33:736][797]LogModuleManager: Shutting down and abandoning module Messaging (37)
[2015.11.13-04.58.33:736][797]LogModuleManager: Shutting down and abandoning module IOSTargetPlatform (36)
[2015.11.13-04.58.33:736][797]LogModuleManager: Shutting down and abandoning module HTML5TargetPlatform (35)
[2015.11.13-04.58.33:736][797]LogModuleManager: Shutting down and abandoning module Android_PVRTCTargetPlatform (34)
[2015.11.13-04.58.33:736][797]LogModuleManager: Shutting down and abandoning module Android_ETC2TargetPlatform (33)
[2015.11.13-04.58.33:736][797]LogModuleManager: Shutting down and abandoning module Android_ETC1TargetPlatform (32)
[2015.11.13-04.58.33:736][797]LogModuleManager: Shutting down and abandoning module Android_DXTTargetPlatform (31)
[2015.11.13-04.58.33:736][797]LogModuleManager: Shutting down and abandoning module Android_ATCTargetPlatform (30)
[2015.11.13-04.58.33:736][797]LogModuleManager: Shutting down and abandoning module Android_ASTCTargetPlatform (29)
[2015.11.13-04.58.33:736][797]LogModuleManager: Shutting down and abandoning module AndroidTargetPlatform (28)
[2015.11.13-04.58.33:736][797]LogModuleManager: Shutting down and abandoning module WindowsTargetPlatform (27)
[2015.11.13-04.58.33:737][797]LogModuleManager: Shutting down and abandoning module WindowsServerTargetPlatform (26)
[2015.11.13-04.58.33:737][797]LogModuleManager: Shutting down and abandoning module WindowsNoEditorTargetPlatform (25)
[2015.11.13-04.58.33:737][797]LogModuleManager: Shutting down and abandoning module WindowsClientTargetPlatform (24)
[2015.11.13-04.58.33:737][797]LogModuleManager: Shutting down and abandoning module AllDesktopTargetPlatform (23)
[2015.11.13-04.58.33:737][797]LogModuleManager: Shutting down and abandoning module TargetPlatform (22)
[2015.11.13-04.58.33:738][797]LogModuleManager: Shutting down and abandoning module InputCore (21)
[2015.11.13-04.58.33:738][797]LogModuleManager: Shutting down and abandoning module Settings (20)
[2015.11.13-04.58.33:738][797]LogModuleManager: Shutting down and abandoning module OnlineSubsystem (18)
[2015.11.13-04.58.33:738][797]LogModuleManager: Shutting down and abandoning module HTTP (17)
[2015.11.13-04.58.37:245][797]LogModuleManager: Shutting down and abandoning module XMPP (16)
[2015.11.13-04.58.37:245][797]LogModuleManager: Shutting down and abandoning module ExampleDeviceProfileSelector (15)
[2015.11.13-04.58.37:246][797]LogModuleManager: Shutting down and abandoning module TextureCompressor (14)
[2015.11.13-04.58.37:246][797]LogModuleManager: Shutting down and abandoning module ShaderCore (13)
[2015.11.13-04.58.37:246][797]LogModuleManager: Shutting down and abandoning module Landscape (12)
[2015.11.13-04.58.37:246][797]LogModuleManager: Shutting down and abandoning module SlateRHIRenderer (11)
[2015.11.13-04.58.37:248][797]LogModuleManager: Shutting down and abandoning module OpenGLDrv (10)
[2015.11.13-04.58.37:248][797]LogModuleManager: Shutting down and abandoning module D3D11RHI (9)
[2015.11.13-04.58.37:248][797]LogModuleManager: Shutting down and abandoning module AnimGraphRuntime (8)
[2015.11.13-04.58.37:248][797]LogModuleManager: Shutting down and abandoning module Renderer (7)
[2015.11.13-04.58.37:248][797]LogModuleManager: Shutting down and abandoning module Engine (6)
[2015.11.13-04.58.37:248][797]LogModuleManager: Shutting down and abandoning module CoreUObject (5)
[2015.11.13-04.58.37:248][797]LogModuleManager: Shutting down and abandoning module NetworkFile (4)
[2015.11.13-04.58.37:248][797]LogModuleManager: Shutting down and abandoning module StreamingFile (3)
[2015.11.13-04.58.37:249][797]LogModuleManager: Shutting down and abandoning module SandboxFile (2)
[2015.11.13-04.58.37:249][797]LogModuleManager: Shutting down and abandoning module PakFile (1)
[2015.11.13-04.58.37:249][797]LogExit: Exiting.
[2015.11.13-04.58.37:255][797]Log file closed, 11/12/15 23:58:37
