[2015.11.17-18.24.35:207][  0]Log file open, 11/17/15 13:24:35
[2015.11.17-18.24.35:207][  0]LogInit:Display: Running engine for game: SantaSearch
[2015.11.17-18.24.35:207][  0]LogInit:Display: RandInit(-902075574) SRandInit(-902075574).
[2015.11.17-18.24.35:207][  0]LogTaskGraph: Started task graph with 4 named threads and 7 total threads.
[2015.11.17-18.24.35:207][  0]LogStats: Stats thread started at 0.075872
[2015.11.17-18.24.35:207][  0]LogInit: Version: 4.9.2-2707645+++depot+UE4-Releases+4.9
[2015.11.17-18.24.35:207][  0]LogInit: API Version: 2672455
[2015.11.17-18.24.35:207][  0]LogInit: Compiled (64-bit): Sep 28 2015 10:25:44
[2015.11.17-18.24.35:207][  0]LogInit: Compiled with Visual C++: 18.00.21005.01
[2015.11.17-18.24.35:207][  0]LogInit: Build Configuration: Development
[2015.11.17-18.24.35:207][  0]LogInit: Branch Name: ++depot+UE4-Releases+4.9
[2015.11.17-18.24.35:207][  0]LogInit: Command line:  
[2015.11.17-18.24.35:207][  0]LogInit: Base directory: C:/Program Files/Epic Games/4.9/Engine/Binaries/Win64/
[2015.11.17-18.24.35:207][  0]LogInit: Rocket: 1
[2015.11.17-18.24.35:220][  0]LogInit: Using libcurl 7.41.0
[2015.11.17-18.24.35:220][  0]LogInit:  - built for x86_64-pc-win32
[2015.11.17-18.24.35:220][  0]LogInit:  - supports SSL with WinSSL
[2015.11.17-18.24.35:220][  0]LogInit:  - other features:
[2015.11.17-18.24.35:220][  0]LogInit:      CURL_VERSION_SSL
[2015.11.17-18.24.35:220][  0]LogInit:      CURL_VERSION_IPV6
[2015.11.17-18.24.35:220][  0]LogInit:      CURL_VERSION_ASYNCHDNS
[2015.11.17-18.24.35:220][  0]LogInit:      CURL_VERSION_LARGEFILE
[2015.11.17-18.24.35:220][  0]LogInit:      CURL_VERSION_IDN
[2015.11.17-18.24.35:221][  0]LogInit:  CurlRequestOptions (configurable via config and command line):
[2015.11.17-18.24.35:221][  0]LogInit:  - bVerifyPeer = true  - Libcurl will verify peer certificate
[2015.11.17-18.24.35:221][  0]LogInit:  - bUseHttpProxy = false  - Libcurl will NOT use HTTP proxy
[2015.11.17-18.24.35:221][  0]LogInit:  - bDontReuseConnections = false  - Libcurl will reuse connections
[2015.11.17-18.24.35:221][  0]LogInit:  - CertBundlePath = nullptr  - Libcurl will use whatever was configured at build time.
[2015.11.17-18.24.35:230][  0]LogInit: Presizing for 0 objects not considered by GC, pre-allocating 0 bytes.
[2015.11.17-18.24.35:237][  0]LogInit: Object subsystem initialized
[2015.11.17-18.24.35:239][  0]LogConsoleManager:Warning: Console variable 'r.MSAA.CompositingSampleCount' wasn't set ('Scalability' has a lower priority than 'ProjectSetting')
[2015.11.17-18.24.35:239][  0]LogInit: Selected Device Profile: [Windows]
[2015.11.17-18.24.35:239][  0]LogInit: Applying CVar settings loaded from the selected device profile: [Windows]
[2015.11.17-18.24.35:248][  0]LogInit: Computer: CRODAWIN10
[2015.11.17-18.24.35:248][  0]LogInit: User: croda
[2015.11.17-18.24.35:248][  0]LogInit: CPU Page size=4096, Cores=4
[2015.11.17-18.24.35:248][  0]LogInit: High frequency timer resolution =2.630639 MHz
[2015.11.17-18.24.35:248][  0]LogMemory: Memory total: Physical=15.9GB (16GB approx)
[2015.11.17-18.24.35:248][  0]LogMemory: Platform Memory Stats for Windows
[2015.11.17-18.24.35:248][  0]LogMemory: Process Physical Memory: 53.97 MB used, 53.97 MB peak
[2015.11.17-18.24.35:248][  0]LogMemory: Process Virtual Memory: 55.28 MB used, 55.28 MB peak
[2015.11.17-18.24.35:248][  0]LogMemory: Physical Memory: 3371.11 MB used, 16323.13 MB total
[2015.11.17-18.24.35:248][  0]LogMemory: Virtual Memory: 364.64 MB used, 134217728.00 MB total
[2015.11.17-18.24.35:280][  0]LogTextLocalizationManager: No specific translations for ('en-US') exist, so ('en') translations will be used.
[2015.11.17-18.24.35:896][  0]LogD3D11RHI: Found D3D11 adapter 0: NVIDIA Quadro K5100M (Feature Level 11_0)
[2015.11.17-18.24.35:896][  0]LogD3D11RHI: Adapter has 8100MB of dedicated video memory, 0MB of dedicated system memory, and 8161MB of shared system memory, 3 output[s]
[2015.11.17-18.24.35:898][  0]LogD3D11RHI: Found D3D11 adapter 1: Microsoft Basic Render Driver (Feature Level 11_0)
[2015.11.17-18.24.35:898][  0]LogD3D11RHI: Adapter has 0MB of dedicated video memory, 0MB of dedicated system memory, and 8161MB of shared system memory, 0 output[s]
[2015.11.17-18.24.35:898][  0]LogD3D11RHI: Chosen D3D11 Adapter Id = 0
[2015.11.17-18.24.35:902][  0]LogD3D11RHI: !Direct3DDevice
[2015.11.17-18.24.35:902][  0]LogRHI: Texture pool is 1361 MB (70% of 1945 MB)
[2015.11.17-18.24.35:919][  0]LogD3D11RHI: Async texture creation enabled
[2015.11.17-18.24.35:938][  0]LogShaderCompilers: Guid format shader working directory is 15 characters bigger than the processId version (../../../../../../Users/croda/Documents/Unreal Projects/SantaSearch/Intermediate/Shaders/WorkingDirectory/4140/).
[2015.11.17-18.24.35:938][  0]LogShaderCompilers: Cleaned the shader compiler working directory '../../../../../../Users/croda/Documents/Unreal Projects/SantaSearch/Intermediate/Shaders/tmp/C283A7C24CF337D9FA8C5CA71E74CFD3/'.
[2015.11.17-18.24.35:938][  0]LogShaderCompilers:Display: Using Local Shader Compiler.
[2015.11.17-18.24.36:957][  0]LogTemp:Display: Loaded TP AllDesktopTargetPlatform
[2015.11.17-18.24.36:962][  0]LogTemp:Display: Loaded TP WindowsClientTargetPlatform
[2015.11.17-18.24.36:968][  0]LogTemp:Display: Loaded TP WindowsNoEditorTargetPlatform
[2015.11.17-18.24.36:973][  0]LogTemp:Display: Loaded TP WindowsServerTargetPlatform
[2015.11.17-18.24.36:979][  0]LogTemp:Display: Loaded TP WindowsTargetPlatform
[2015.11.17-18.24.36:982][  0]LogTemp:Display: Loaded TP AndroidTargetPlatform
[2015.11.17-18.24.36:985][  0]LogTemp:Display: Loaded TP Android_ASTCTargetPlatform
[2015.11.17-18.24.36:988][  0]LogTemp:Display: Loaded TP Android_ATCTargetPlatform
[2015.11.17-18.24.36:991][  0]LogTemp:Display: Loaded TP Android_DXTTargetPlatform
[2015.11.17-18.24.36:995][  0]LogTemp:Display: Loaded TP Android_ETC1TargetPlatform
[2015.11.17-18.24.36:998][  0]LogTemp:Display: Loaded TP Android_ETC2TargetPlatform
[2015.11.17-18.24.37:002][  0]LogTemp:Display: Loaded TP Android_PVRTCTargetPlatform
[2015.11.17-18.24.37:002][  0]LogTemp:Display: Loaded TP HTML5TargetPlatform
[2015.11.17-18.24.37:020][  0]LogTemp:Display: Loaded TP IOSTargetPlatform
[2015.11.17-18.24.37:023][  0]LogTemp:Display: Loaded TP LinuxNoEditorTargetPlatform
[2015.11.17-18.24.37:026][  0]LogTemp:Display: Loaded TP LinuxServerTargetPlatform
[2015.11.17-18.24.37:030][  0]LogTemp:Display: Loaded TP LinuxTargetPlatform
[2015.11.17-18.24.37:030][  0]LogTargetPlatformManager:Display: Building Assets For Windows
[2015.11.17-18.24.37:109][  0]LogDerivedDataCache:Display: Max Cache Size: 512 MB
[2015.11.17-18.24.37:154][  0]LogDerivedDataCache: Loaded boot cache 0.04s 42MB C:/Users/croda/AppData/Local/UnrealEngine/4.9/DerivedDataCache/Boot.ddc.
[2015.11.17-18.24.37:154][  0]LogDerivedDataCache:Display: Loaded Boot cache: C:/Users/croda/AppData/Local/UnrealEngine/4.9/DerivedDataCache/Boot.ddc
[2015.11.17-18.24.37:154][  0]LogDerivedDataCache: FDerivedDataBackendGraph:  Pak pak cache file ../../../../../../Users/croda/Documents/Unreal Projects/SantaSearch/DerivedDataCache/DDC.ddp not found, will not use a pak cache.
[2015.11.17-18.24.37:154][  0]LogDerivedDataCache: Unable to find inner node Pak for hierarchical cache Hierarchy.
[2015.11.17-18.24.37:154][  0]LogDerivedDataCache: FDerivedDataBackendGraph:  CompressedPak pak cache file ../../../../../../Users/croda/Documents/Unreal Projects/SantaSearch/DerivedDataCache/Compressed.ddp not found, will not use a pak cache.
[2015.11.17-18.24.37:154][  0]LogDerivedDataCache: Unable to find inner node CompressedPak for hierarchical cache Hierarchy.
[2015.11.17-18.24.37:286][  0]LogDerivedDataCache:Display: Pak cache opened for reading ../../../Engine/DerivedDataCache/Compressed.ddp.
[2015.11.17-18.24.37:299][  0]LogDerivedDataCache: Using Local data cache path C:/Users/croda/AppData/Local/UnrealEngine/Common/DerivedDataCache: Writable
[2015.11.17-18.24.37:473][  0]LogInit: Selected Device Profile: [Windows]
[2015.11.17-18.24.37:475][  0]LogContentStreaming: Texture pool size is 0.000000MB
[2015.11.17-18.24.37:593][  0]LogMeshUtilities: No automatic mesh reduction module available
[2015.11.17-18.24.37:593][  0]LogMeshUtilities: No automatic mesh merging module available
[2015.11.17-18.24.37:842][  0]LogInit: WinSock: version 1.1 (2.2), MaxSocks=32767, MaxUdp=65467
[2015.11.17-18.24.38:644][  0]UdpMessaging: Initializing bridge on interface 0.0.0.0:0 to multicast group 230.0.0.1:6666.
[2015.11.17-18.24.38:786][  0]LogAssetRegistry: FAssetRegistry took 0.0107 seconds to start up
[2015.11.17-18.24.38:950][  0]SourceControl: Info Source control is disabled
[2015.11.17-18.24.38:959][  0]SourceControl: Info Source control is disabled
[2015.11.17-18.24.38:969][  0]SourceControl: Info Source control is disabled
[2015.11.17-18.24.38:980][  0]SourceControl: Info Source control is disabled
[2015.11.17-18.24.39:063][  0]LogHoudiniEngine: Starting the Houdini Engine module.
[2015.11.17-18.24.39:065][  0]LogHoudiniEngine: Loaded libHAPIL.dll from Registry path C:\Program Files\Side Effects Software\Houdini 15.0.244.16/bin
[2015.11.17-18.24.39:066][  0]LogLinker:Warning: Asset '../../../Engine/Plugins/Runtime/HoudiniEngine/Content/houdini_logo.uasset' has been saved with empty engine version. The asset will be loaded but may be incompatible.
[2015.11.17-18.24.39:068][  0]LogLinker:Warning: Asset '../../../Engine/Plugins/Runtime/HoudiniEngine/Content/houdini_default_material.uasset' has been saved with empty engine version. The asset will be loaded but may be incompatible.
[2015.11.17-18.24.39:638][  0]LogHoudiniEngine: Successfully intialized the Houdini Engine API module.
[2015.11.17-18.24.39:729][  0]LogLinker:Warning: Asset '../../../Engine/Plugins/Runtime/LeapMotionController/Content/LM_PassthroughMaterial.uasset' has been saved with empty engine version. The asset will be loaded but may be incompatible.
[2015.11.17-18.24.39:818][  0]LeapPluginLog: Using LeapPlugin version 0.9.6
[2015.11.17-18.24.39:822][  0]LogObj: 29100 objects as part of root set at end of initial load.
[2015.11.17-18.24.39:822][  0]LogUObjectAllocator: 6175176 out of 0 bytes used by permanent object pool.
[2015.11.17-18.24.39:881][  0]LogEngine: Initializing Engine...
[2015.11.17-18.24.39:883][  0]OCULUS: Info: 11/17/15 18:24:39: [CAPI] LibOVR module is located at C:\Windows\SYSTEM32\LibOVRRT64_0_7.dll

[2015.11.17-18.24.40:483][  0]OCULUS: Error: 11/17/15 18:24:40: [CAPI] ovr_Create failed to complete within the timeout period.
[2015.11.17-18.24.40:585][  0]LogHMD: SteamVR failed to initialize.  Err: 110
[2015.11.17-18.24.40:702][  0]LogAIModule: Creating AISystem for world NewWorld
[2015.11.17-18.24.40:709][  0]LogInit: XAudio2 using 'Headphone (Realtek High Definition Audio)' : 2 channels at 48 kHz using 32 bits per sample (channel mask 0x3)
[2015.11.17-18.24.40:842][  0]LogInit: FAudioDevice initialized.
[2015.11.17-18.24.40:963][  0]LogDerivedDataCache: Saved boot cache 0.12s 42MB C:/Users/croda/AppData/Local/UnrealEngine/4.9/DerivedDataCache/Boot.ddc.
[2015.11.17-18.24.40:966][  0]LogInit: Texture streaming: Enabled
[2015.11.17-18.24.40:975][  0]LogAnalytics: Creating configured Analytics provider AnalyticsET
[2015.11.17-18.24.40:975][  0]LogAnalytics: [UEEditor.Rocket.Release] APIServer = http://et2.epicgames.com/ET2/. AppVersion = 4.9.2-2707645+++depot+UE4-Releases+4.9
[2015.11.17-18.24.40:975][  0]LogAnalytics: [UEEditor.Rocket.Release] SetUserId 38384f7f4fe22369eef2c4908fb1257c|6dee01914e174258b8c89718799d58e5|4a372342-4369-4fb5-aabc-8ff6b2bfbeff
[2015.11.17-18.24.40:975][  0]LogAnalytics: [UEEditor.Rocket.Release] AnalyticsET::StartSession
[2015.11.17-18.24.40:988][  0]LogWindowsTextInputMethodSystem:Display: IME system now deactivated.
[2015.11.17-18.24.40:988][  0]LogWindowsTextInputMethodSystem:Display: IME system now deactivated.
[2015.11.17-18.24.41:012][  0]LogInit: Transaction tracking system initialized
[2015.11.17-18.24.41:051][  0]BlueprintLog: New page: Editor Load
[2015.11.17-18.24.41:155][  0]LocalizationService: Info Localization service is disabled
[2015.11.17-18.24.41:233][  0]LogConsoleResponse:Display: 
[2015.11.17-18.24.41:361][  0]LogCook:Display: Done creating registry. It took  0.00s.
[2015.11.17-18.24.41:400][  0]LogFileCache: Scanning file cache for directory 'C:/Users/croda/Documents/Unreal Projects/SantaSearch/Content/' took 0.01s
[2015.11.17-18.24.41:400][  0]LogHoudiniEngineEditor: Starting the Houdini Engine Editor module.
[2015.11.17-18.24.41:443][  0]SourceControl: Info Source control is disabled
[2015.11.17-18.24.41:443][  0]Cmd: MAP LOAD FILE="../../../../../../Users/croda/Documents/Unreal Projects/SantaSearch/Content/Maps/MemoryCardEntry.umap" TEMPLATE=0 SHOWPROGRESS=1 FEATURELEVEL=3
[2015.11.17-18.24.41:444][  0]LightingResults: New page: Lighting Build
[2015.11.17-18.24.41:447][  0]MapCheck: New page: Map Check
[2015.11.17-18.24.41:447][  0]LightingResults: New page: Lighting Build
[2015.11.17-18.24.41:458][  0]LogParticles: Destroying 0 GPU particle simulations for FXSystem 0x0000006184E602C0
[2015.11.17-18.24.41:631][  0]LogBlueprint:Warning: [compiler Ue4ASP_Character] Warning InputAction Event references unknown Action 'Crouch' for  InputAction Crouch 
[2015.11.17-18.24.41:631][  0]LogBlueprint:Warning: [compiler Ue4ASP_Character] Warning InputAction Event references unknown Action 'Jump' for  InputAction Jump 
[2015.11.17-18.24.41:631][  0]LogBlueprint:Warning: [compiler Ue4ASP_Character] Warning Input Axis Event references unknown Axis 'LookUp' for  InputAxis LookUp 
[2015.11.17-18.24.41:632][  0]LogBlueprint:Warning: [compiler Ue4ASP_Character] Warning Input Axis Event references unknown Axis 'Turn' for  InputAxis Turn 
[2015.11.17-18.24.41:632][  0]LogBlueprint:Warning: [compiler Ue4ASP_Character] Warning Input Axis Event references unknown Axis 'MoveRight' for  InputAxis MoveRight 
[2015.11.17-18.24.41:632][  0]LogBlueprint:Warning: [compiler Ue4ASP_Character] Warning Input Axis Event references unknown Axis 'MoveForward' for  InputAxis MoveForward 
[2015.11.17-18.24.41:636][  0]LogBlueprint:Warning: [compiler Ue4ASP_Character] Warning [0006.93] Compile of Ue4ASP_Character successful, but with 6 Warning(s) [in 11 ms]
[2015.11.17-18.24.41:637][  0]LogBlueprint:Warning: [compiler Ue4ASP_Character] Warning [0006.93] Compile of Ue4ASP_Character successful, but with 7 Warning(s) [in 0 ms]
[2015.11.17-18.24.41:637][  0]LogBlueprint:Warning: [compiler Ue4ASP_Character] Warning [0006.93] Compile of Ue4ASP_Character successful, but with 8 Warning(s) [in 0 ms]
[2015.11.17-18.24.41:677][  0]LogBlueprint:Warning: [compiler Ue4ASP_Character] Warning InputAction Event references unknown Action 'Crouch' for  InputAction Crouch 
[2015.11.17-18.24.41:677][  0]LogBlueprint:Warning: [compiler Ue4ASP_Character] Warning InputAction Event references unknown Action 'Jump' for  InputAction Jump 
[2015.11.17-18.24.41:677][  0]LogBlueprint:Warning: [compiler Ue4ASP_Character] Warning Input Axis Event references unknown Axis 'LookUp' for  InputAxis LookUp 
[2015.11.17-18.24.41:678][  0]LogBlueprint:Warning: [compiler Ue4ASP_Character] Warning Input Axis Event references unknown Axis 'Turn' for  InputAxis Turn 
[2015.11.17-18.24.41:678][  0]LogBlueprint:Warning: [compiler Ue4ASP_Character] Warning Input Axis Event references unknown Axis 'MoveRight' for  InputAxis MoveRight 
[2015.11.17-18.24.41:678][  0]LogBlueprint:Warning: [compiler Ue4ASP_Character] Warning Input Axis Event references unknown Axis 'MoveForward' for  InputAxis MoveForward 
[2015.11.17-18.24.41:681][  0]LogBlueprint:Warning: [compiler Ue4ASP_Character] Warning [0006.97] Compile of Ue4ASP_Character successful, but with 6 Warning(s) [in 8 ms]
[2015.11.17-18.24.41:681][  0]LogBlueprint:Warning: [compiler Ue4ASP_Character] Warning [0006.97] Compile of Ue4ASP_Character successful, but with 7 Warning(s) [in 0 ms]
[2015.11.17-18.24.41:682][  0]LogBlueprint:Warning: [compiler Ue4ASP_Character] Warning [0006.97] Compile of Ue4ASP_Character successful, but with 8 Warning(s) [in 0 ms]
[2015.11.17-18.24.42:206][  0]LogBlueprint:Warning: ExposeOnSpawn ambiguity. Property 'IntProperty /Game/Blueprints/BP_CardMem.BP_CardMem_C:CardIType', MetaData 'True', Flag 'False'
[2015.11.17-18.24.42:496][  0]LogProperty:Error: UStructProperty::Serialize Loading: Property 'StructProperty /LeapMotion/Character/Basic/BasicCharacter_AnimBlueprint.BasicCharacter_AnimBlueprint_C:AnimGraphNode_Fabrik_8C904C7A415FB588652E8A91FDC811AE'. Unknown structure.
[2015.11.17-18.24.42:496][  0]LogProperty:Error: UStructProperty::Serialize Loading: Property 'StructProperty /LeapMotion/Character/Basic/BasicCharacter_AnimBlueprint.BasicCharacter_AnimBlueprint_C:AnimGraphNode_Fabrik_416EC86F435836563C4E49AD6D016C3C'. Unknown structure.
[2015.11.17-18.24.42:497][  0]LogProperty:Error: UStructProperty::Serialize Loading: Property 'StructProperty /LeapMotion/Character/Basic/BasicCharacter_AnimBlueprint.BasicCharacter_AnimBlueprint_C:AnimGraphNode_Fabrik_9FF4326C4CAD2373B92D6F9E3AC3F57A'. Unknown structure.
[2015.11.17-18.24.42:499][  0]LogAnimation:Warning: Invalid animation root node index 54 on '/LeapMotion/Character/Basic/BasicCharacter_AnimBlueprint.BasicCharacter_AnimBlueprint_C' (only 52 nodes)
[2015.11.17-18.24.46:546][  0]LogOutputDevice: === Handled error: ===

Ensure condition failed: bValidRootIndex [File:D:\BuildFarm\buildmachine_++depot+UE4-Releases+4.9\Engine\Source\Runtime\Engine\Private\Animation\AnimBlueprintGeneratedClass.cpp] [Line: 234]

Stack: 
UE4Editor-Core.dll!FWindowsPlatformStackWalk::StackWalkAndDump() [d:\buildfarm\buildmachine_++depot+ue4-releases+4.9\engine\source\runtime\core\private\windows\windowsplatformstackwalk.cpp:175]
UE4Editor-Core.dll!FDebug::EnsureFailed() [d:\buildfarm\buildmachine_++depot+ue4-releases+4.9\engine\source\runtime\core\private\misc\outputdevice.cpp:258]
UE4Editor-Core.dll!FDebug::OptionallyLogFormattedEnsureMessageReturningFalse() [d:\buildfarm\buildmachine_++depot+ue4-releases+4.9\engine\source\runtime\core\private\misc\outputdevice.cpp:368]
UE4Editor-Engine.dll!UAnimBlueprintGeneratedClass::Link() [d:\buildfarm\buildmachine_++depot+ue4-releases+4.9\engine\source\runtime\engine\private\animation\animblueprintgeneratedclass.cpp:234]
UE4Editor-CoreUObject.dll!UClass::Serialize() [d:\buildfarm\buildmachine_++depot+ue4-releases+4.9\engine\source\runtime\coreuobject\private\uobject\class.cpp:3393]
UE4Editor-Engine.dll!UBlueprintGeneratedClass::Serialize() [d:\buildfarm\buildmachine_++depot+ue4-releases+4.9\engine\source\runtime\engine\private\blueprintgeneratedclass.cpp:757]
UE4Editor-CoreUObject.dll!FLinkerLoad::Preload() [d:\buildfarm\buildmachine_++depot+ue4-releases+4.9\engine\source\runtime\coreuobject\private\uobject\linkerload.cpp:3143]
UE4Editor-CoreUObject.dll!FLinkerLoad::CreateExport() [d:\buildfarm\buildmachine_++depot+ue4-releases+4.9\engine\source\runtime\coreuobject\private\uobject\linkerload.cpp:3792]
UE4Editor-CoreUObject.dll!FLinkerLoad::IndexToObject() [d:\buildfarm\buildmachine_++depot+ue4-releases+4.9\engine\source\runtime\coreuobject\private\uobject\linkerload.cpp:3982]
UE4Editor-CoreUObject.dll!FLinkerLoad::CreateExport() [d:\buildfarm\buildmachine_++depot+ue4-releases+4.9\engine\source\runtime\coreuobject\private\uobject\linkerload.cpp:3505]
UE4Editor-CoreUObject.dll!FLinkerLoad::CreateExportAndPreload() [d:\buildfarm\buildmachine_++depot+ue4-releases+4.9\engine\source\runtime\coreuobject\private\uobject\linkerload.cpp:2661]
UE4Editor-CoreUObject.dll!FLinkerLoad::LoadAllObjects() [d:\buildfarm\buildmachine_++depot+ue4-releases+4.9\engine\source\runtime\coreuobject\private\uobject\linkerload.cpp:2769]
UE4Editor-CoreUObject.dll!LoadPackageInternal() [d:\buildfarm\buildmachine_++depot+ue4-releases+4.9\engine\source\runtime\coreuobject\private\uobject\uobjectglobals.cpp:1032]
UE4Editor-CoreUObject.dll!FLinkerLoad::VerifyImportInner() [d:\buildfarm\buildmachine_++depot+ue4-releases+4.9\engine\source\runtime\coreuobject\private\uobject\linkerload.cpp:2354]
UE4Editor-CoreUObject.dll!FLinkerLoad::VerifyImport() [d:\buildfarm\buildmachine_++depot+ue4-releases+4.9\engine\source\runtime\coreuobject\private\uobject\linkerload.cpp:2115]
UE4Editor-CoreUObject.dll!FLinkerLoad::VerifyImportInner() [d:\buildfarm\buildmachine_++depot+ue4-releases+4.9\engine\source\runtime\coreuobject\private\uobject\linkerload.cpp:2402]
UE4Editor-CoreUObject.dll!FLinkerLoad::VerifyImport() [d:\buildfarm\buildmachine_++depot+ue4-releases+4.9\engine\source\runtime\coreuobject\private\uobject\linkerload.cpp:2115]
UE4Editor-CoreUObject.dll!FLinkerLoad::Verify() [d:\buildfarm\buildmachine_++depot+ue4-releases+4.9\engine\source\runtime\coreuobject\private\uobject\linkerload.cpp:1905]
UE4Editor-CoreUObject.dll!FLinkerLoad::FinalizeCreation() [d:\buildfarm\buildmachine_++depot+ue4-releases+4.9\engine\source\runtime\coreuobject\private\uobject\linkerload.cpp:1815]
UE4Editor-CoreUObject.dll!FLinkerLoad::Tick() [d:\buildfarm\buildmachine_++depot+ue4-releases+4.9\engine\source\runtime\coreuobject\private\uobject\linkerload.cpp:666]
UE4Editor-CoreUObject.dll!FLinkerLoad::CreateLinker() [d:\buildfarm\buildmachine_++depot+ue4-releases+4.9\engine\source\runtime\coreuobject\private\uobject\linkerload.cpp:404]
UE4Editor-CoreUObject.dll!GetPackageLinker() [d:\buildfarm\buildmachine_++depot+ue4-releases+4.9\engine\source\runtime\coreuobject\private\uobject\linker.cpp:570]
UE4Editor-CoreUObject.dll!LoadPackageInternal() [d:\buildfarm\buildmachine_++depot+ue4-releases+4.9\engine\source\runtime\coreuobject\private\uobject\uobjectglobals.cpp:936]
UE4Editor-CoreUObject.dll!FLinkerLoad::VerifyImportInner() [d:\buildfarm\buildmachine_++depot+ue4-releases+4.9\engine\source\runtime\coreuobject\private\uobject\linkerload.cpp:2354]
UE4Editor-CoreUObject.dll!FLinkerLoad::VerifyImport() [d:\buildfarm\buildmachine_++depot+ue4-releases+4.9\engine\source\runtime\coreuobject\private\uobject\linkerload.cpp:2115]
UE4Editor-CoreUObject.dll!FLinkerLoad::VerifyImportInner() [d:\buildfarm\buildmachine_++depot+ue4-releases+4.9\engine\source\runtime\coreuobject\private\uobject\linkerload.cpp:2402]
UE4Editor-CoreUObject.dll!FLinkerLoad::VerifyImport() [d:\buildfarm\buildmachine_++depot+ue4-releases+4.9\engine\source\runtime\coreuobject\private\uobject\linkerload.cpp:2115]
UE4Editor-CoreUObject.dll!FLinkerLoad::CreateImport() [d:\buildfarm\buildmachine_++depot+ue4-releases+4.9\engine\source\runtime\coreuobject\private\uobject\linkerload.cpp:3926]
UE4Editor-CoreUObject.dll!FLinkerLoad::ResolveAllImports() [d:\buildfarm\buildmachine_++depot+ue4-releases+4.9\engine\source\runtime\coreuobject\private\blueprint\blueprintsupport.cpp:1026]
UE4Editor-CoreUObject.dll!FLinkerLoad::FinalizeBlueprint() [d:\buildfarm\buildmachine_++depot+ue4-releases+4.9\engine\source\runtime\coreuobject\private\blueprint\blueprintsupport.cpp:1103]
UE4Editor-CoreUObject.dll!FLinkerLoad::Preload() [d:\buildfarm\buildmachine_++depot+ue4-releases+4.9\engine\source\runtime\coreuobject\private\uobject\linkerload.cpp:3190]
UE4Editor-CoreUObject.dll!FLinkerLoad::CreateExport() [d:\buildfarm\buildmachine_++depot+ue4-releases+4.9\engine\source\runtime\coreuobject\private\uobject\linkerload.cpp:3792]
UE4Editor-CoreUObject.dll!FLinkerLoad::IndexToObject() [d:\buildfarm\buildmachine_++depot+ue4-releases+4.9\engine\source\runtime\coreuobject\private\uobject\linkerload.cpp:3982]
UE4Editor-CoreUObject.dll!FLinkerLoad::CreateExport() [d:\buildfarm\buildmachine_++depot+ue4-releases+4.9\engine\source\runtime\coreuobject\private\uobject\linkerload.cpp:3505]
UE4Editor-CoreUObject.dll!FLinkerLoad::IndexToObject() [d:\buildfarm\buildmachine_++depot+ue4-releases+4.9\engine\source\runtime\coreuobject\private\uobject\linkerload.cpp:3982]
UE4Editor-CoreUObject.dll!FLinkerLoad::CreateExport() [d:\buildfarm\buildmachine_++depot+ue4-releases+4.9\engine\source\runtime\coreuobject\private\uobject\linkerload.cpp:3505]
UE4Editor-CoreUObject.dll!FLinkerLoad::CreateExportAndPreload() [d:\buildfarm\buildmachine_++depot+ue4-releases+4.9\engine\source\runtime\coreuobject\private\uobject\linkerload.cpp:2661]
UE4Editor-CoreUObject.dll!FLinkerLoad::LoadAllObjects() [d:\buildfarm\buildmachine_++depot+ue4-releases+4.9\engine\source\runtime\coreuobject\private\uobject\linkerload.cpp:2769]
UE4Editor-CoreUObject.dll!LoadPackageInternal() [d:\buildfarm\buildmachine_++depot+ue4-releases+4.9\engine\source\runtime\coreuobject\private\uobject\uobjectglobals.cpp:1032]
UE4Editor-CoreUObject.dll!FLinkerLoad::VerifyImportInner() [d:\buildfarm\buildmachine_++depot+ue4-releases+4.9\engine\source\runtime\coreuobject\private\uobject\linkerload.cpp:2354]
UE4Editor-CoreUObject.dll!FLinkerLoad::VerifyImport() [d:\buildfarm\buildmachine_++depot+ue4-releases+4.9\engine\source\runtime\coreuobject\private\uobject\linkerload.cpp:2115]
UE4Editor-CoreUObject.dll!FLinkerLoad::VerifyImportInner() [d:\buildfarm\buildmachine_++depot+ue4-releases+4.9\engine\source\runtime\coreuobject\private\uobject\linkerload.cpp:2402]
UE4Editor-CoreUObject.dll!FLinkerLoad::VerifyImport() [d:\buildfarm\buildmachine_++depot+ue4-releases+4.9\engine\source\runtime\coreuobject\private\uobject\linkerload.cpp:2115]
UE4Editor-CoreUObject.dll!FLinkerLoad::Verify() [d:\buildfarm\buildmachine_++depot+ue4-releases+4.9\engine\source\runtime\coreuobject\private\uobject\linkerload.cpp:1905]
UE4Editor-CoreUObject.dll!FLinkerLoad::FinalizeCreation() [d:\buildfarm\buildmachine_++depot+ue4-releases+4.9\engine\source\runtime\coreuobject\private\uobject\linkerload.cpp:1815]
UE4Editor-CoreUObject.dll!FLinkerLoad::Tick() [d:\buildfarm\buildmachine_++depot+ue4-releases+4.9\engine\source\runtime\coreuobject\private\uobject\linkerload.cpp:666]
UE4Editor-CoreUObject.dll!FLinkerLoad::CreateLinker() [d:\buildfarm\buildmachine_++depot+ue4-releases+4.9\engine\source\runtime\coreuobject\private\uobject\linkerload.cpp:404]
UE4Editor-CoreUObject.dll!GetPackageLinker() [d:\buildfarm\buildmachine_++depot+ue4-releases+4.9\engine\source\runtime\coreuobject\private\uobject\linker.cpp:570]
UE4Editor-CoreUObject.dll!LoadPackageInternal() [d:\buildfarm\buildmachine_++depot+ue4-releases+4.9\engine\source\runtime\coreuobject\private\uobject\uobjectglobals.cpp:936]
UE4Editor-CoreUObject.dll!FLinkerLoad::VerifyImportInner() [d:\buildfarm\buildmachine_++depot+ue4-releases+4.9\engine\source\runtime\coreuobject\private\uobject\linkerload.cpp:2354]
UE4Editor-CoreUObject.dll!FLinkerLoad::VerifyImport() [d:\buildfarm\buildmachine_++depot+ue4-releases+4.9\engine\source\runtime\coreuobject\private\uobject\linkerload.cpp:2115]
UE4Editor-CoreUObject.dll!FLinkerLoad::VerifyImportInner() [d:\buildfarm\buildmachine_++depot+ue4-releases+4.9\engine\source\runtime\coreuobject\private\uobject\linkerload.cpp:2402]
UE4Editor-CoreUObject.dll!FLinkerLoad::VerifyImport() [d:\buildfarm\buildmachine_++depot+ue4-releases+4.9\engine\source\runtime\coreuobject\private\uobject\linkerload.cpp:2115]
UE4Editor-CoreUObject.dll!FLinkerLoad::Verify() [d:\buildfarm\buildmachine_++depot+ue4-releases+4.9\engine\source\runtime\coreuobject\private\uobject\linkerload.cpp:1905]
UE4Editor-CoreUObject.dll!FLinkerLoad::FinalizeCreation() [d:\buildfarm\buildmachine_++depot+ue4-releases+4.9\engine\source\runtime\coreuobject\private\uobject\linkerload.cpp:1815]
UE4Editor-CoreUObject.dll!FLinkerLoad::Tick() [d:\buildfarm\buildmachine_++depot+ue4-releases+4.9\engine\source\runtime\coreuobject\private\uobject\linkerload.cpp:666]
UE4Editor-CoreUObject.dll!FLinkerLoad::CreateLinker() [d:\buildfarm\buildmachine_++depot+ue4-releases+4.9\engine\source\runtime\coreuobject\private\uobject\linkerload.cpp:404]
UE4Editor-CoreUObject.dll!GetPackageLinker() [d:\buildfarm\buildmachine_++depot+ue4-releases+4.9\engine\source\runtime\coreuobject\private\uobject\linker.cpp:570]
UE4Editor-CoreUObject.dll!LoadPackageInternal() [d:\buildfarm\buildmachine_++depot+ue4-releases+4.9\engine\source\runtime\coreuobject\private\uobject\uobjectglobals.cpp:936]
UE4Editor-CoreUObject.dll!FLinkerLoad::VerifyImportInner() [d:\buildfarm\buildmachine_++depot+ue4-releases+4.9\engine\source\runtime\coreuobject\private\uobject\linkerload.cpp:2354]
UE4Editor-CoreUObject.dll!FLinkerLoad::VerifyImport() [d:\buildfarm\buildmachine_++depot+ue4-releases+4.9\engine\source\runtime\coreuobject\private\uobject\linkerload.cpp:2115]
UE4Editor-CoreUObject.dll!FLinkerLoad::VerifyImportInner() [d:\buildfarm\buildmachine_++depot+ue4-releases+4.9\engine\source\runtime\coreuobject\private\uobject\linkerload.cpp:2402]
UE4Editor-CoreUObject.dll!FLinkerLoad::VerifyImport() [d:\buildfarm\buildmachine_++depot+ue4-releases+4.9\engine\source\runtime\coreuobject\private\uobject\linkerload.cpp:2115]
UE4Editor-CoreUObject.dll!FLinkerLoad::Verify() [d:\buildfarm\buildmachine_++depot+ue4-releases+4.9\engine\source\runtime\coreuobject\private\uobject\linkerload.cpp:1905]
UE4Editor-CoreUObject.dll!FLinkerLoad::FinalizeCreation() [d:\buildfarm\buildmachine_++depot+ue4-releases+4.9\engine\source\runtime\coreuobject\private\uobject\linkerload.cpp:1815]
UE4Editor-CoreUObject.dll!FLinkerLoad::Tick() [d:\buildfarm\buildmachine_++depot+ue4-releases+4.9\engine\source\runtime\coreuobject\private\uobject\linkerload.cpp:666]
UE4Editor-CoreUObject.dll!FLinkerLoad::CreateLinker() [d:\buildfarm\buildmachine_++depot+ue4-releases+4.9\engine\source\runtime\coreuobject\private\uobject\linkerload.cpp:404]
UE4Editor-CoreUObject.dll!GetPackageLinker() [d:\buildfarm\buildmachine_++depot+ue4-releases+4.9\engine\source\runtime\coreuobject\private\uobject\linker.cpp:570]
UE4Editor-CoreUObject.dll!LoadPackageInternal() [d:\buildfarm\buildmachine_++depot+ue4-releases+4.9\engine\source\runtime\coreuobject\private\uobject\uobjectglobals.cpp:936]
UE4Editor-CoreUObject.dll!FLinkerLoad::VerifyImportInner() [d:\buildfarm\buildmachine_++depot+ue4-releases+4.9\engine\source\runtime\coreuobject\private\uobject\linkerload.cpp:2354]
UE4Editor-CoreUObject.dll!FLinkerLoad::VerifyImport() [d:\buildfarm\buildmachine_++depot+ue4-releases+4.9\engine\source\runtime\coreuobject\private\uobject\linkerload.cpp:2115]
UE4Editor-CoreUObject.dll!FLinkerLoad::VerifyImportInner() [d:\buildfarm\buildmachine_++depot+ue4-releases+4.9\engine\source\runtime\coreuobject\private\uobject\linkerload.cpp:2402]
UE4Editor-CoreUObject.dll!FLinkerLoad::VerifyImport() [d:\buildfarm\buildmachine_++depot+ue4-releases+4.9\engine\source\runtime\coreuobject\private\uobject\linkerload.cpp:2115]
UE4Editor-CoreUObject.dll!FLinkerLoad::Verify() [d:\buildfarm\buildmachine_++depot+ue4-releases+4.9\engine\source\runtime\coreuobject\private\uobject\linkerload.cpp:1905]
UE4Editor-CoreUObject.dll!FLinkerLoad::FinalizeCreation() [d:\buildfarm\buildmachine_++depot+ue4-releases+4.9\engine\source\runtime\coreuobject\private\uobject\linkerload.cpp:1815]
UE4Editor-CoreUObject.dll!FLinkerLoad::Tick() [d:\buildfarm\buildmachine_++depot+ue4-releases+4.9\engine\source\runtime\coreuobject\private\uobject\linkerload.cpp:666]
UE4Editor-CoreUObject.dll!FLinkerLoad::CreateLinker() [d:\buildfarm\buildmachine_++depot+ue4-releases+4.9\engine\source\runtime\coreuobject\private\uobject\linkerload.cpp:404]
UE4Editor-CoreUObject.dll!GetPackageLinker() [d:\buildfarm\buildmachine_++depot+ue4-releases+4.9\engine\source\runtime\coreuobject\private\uobject\linker.cpp:570]
UE4Editor-CoreUObject.dll!LoadPackageInternal() [d:\buildfarm\buildmachine_++depot+ue4-releases+4.9\engine\source\runtime\coreuobject\private\uobject\uobjectglobals.cpp:936]
UE4Editor-CoreUObject.dll!FLinkerLoad::VerifyImportInner() [d:\buildfarm\buildmachine_++depot+ue4-releases+4.9\engine\source\runtime\coreuobject\private\uobject\linkerload.cpp:2354]
UE4Editor-CoreUObject.dll!FLinkerLoad::VerifyImport() [d:\buildfarm\buildmachine_++depot+ue4-releases+4.9\engine\source\runtime\coreuobject\private\uobject\linkerload.cpp:2115]
UE4Editor-CoreUObject.dll!FLinkerLoad::VerifyImportInner() [d:\buildfarm\buildmachine_++depot+ue4-releases+4.9\engine\source\runtime\coreuobject\private\uobject\linkerload.cpp:2402]
UE4Editor-CoreUObject.dll!FLinkerLoad::VerifyImport() [d:\buildfarm\buildmachine_++depot+ue4-releases+4.9\engine\source\runtime\coreuobject\private\uobject\linkerload.cpp:2115]
UE4Editor-CoreUObject.dll!FLinkerLoad::VerifyImportInner() [d:\buildfarm\buildmachine_++depot+ue4-releases+4.9\engine\source\runtime\coreuobject\private\uobject\linkerload.cpp:2402]
UE4Editor-CoreUObject.dll!FLinkerLoad::VerifyImport() [d:\buildfarm\buildmachine_++depot+ue4-releases+4.9\engine\source\runtime\coreuobject\private\uobject\linkerload.cpp:2115]
UE4Editor-CoreUObject.dll!FLinkerLoad::Verify() [d:\buildfarm\buildmachine_++depot+ue4-releases+4.9\engine\source\runtime\coreuobject\private\uobject\linkerload.cpp:1905]
UE4Editor-CoreUObject.dll!FLinkerLoad::FinalizeCreation() [d:\buildfarm\buildmachine_++depot+ue4-releases+4.9\engine\source\runtime\coreuobject\private\uobject\linkerload.cpp:1815]
UE4Editor-CoreUObject.dll!FLinkerLoad::Tick() [d:\buildfarm\buildmachine_++depot+ue4-releases+4.9\engine\source\runtime\coreuobject\private\uobject\linkerload.cpp:666]
UE4Editor-CoreUObject.dll!FLinkerLoad::CreateLinker() [d:\buildfarm\buildmachine_++depot+ue4-releases+4.9\engine\source\runtime\coreuobject\private\uobject\linkerload.cpp:404]
UE4Editor-CoreUObject.dll!GetPackageLinker() [d:\buildfarm\buildmachine_++depot+ue4-releases+4.9\engine\source\runtime\coreuobject\private\uobject\linker.cpp:570]
UE4Editor-CoreUObject.dll!LoadPackageInternal() [d:\buildfarm\buildmachine_++depot+ue4-releases+4.9\engine\source\runtime\coreuobject\private\uobject\uobjectglobals.cpp:936]
UE4Editor-UnrealEd.dll
[2015.11.17-18.24.46:845][  0]LogAnimation:Warning: Invalid animation root node index 54 on '/LeapMotion/Character/Basic/BasicCharacter_AnimBlueprint.BasicCharacter_AnimBlueprint_C' (only 52 nodes)
[2015.11.17-18.24.47:141][  0]LogAnimation:Warning: Invalid animation root node index 54 on '/Engine/Transient.REINST_BasicCharacter_AnimBlueprint_C_2' (only 52 nodes)
[2015.11.17-18.24.47:257][  0]LogClass:Warning: Property AnimGraphNode_Fabrik_8C904C7A415FB588652E8A91FDC811AE of BasicCharacter_AnimBlueprint_C has a struct type mismatch (tag FallbackStruct != prop AnimNode_Fabrik) in package:  FObjectReader. If that struct got renamed, add an entry to ActiveStructRedirects.
[2015.11.17-18.24.47:257][  0]LogClass:Warning: Property AnimGraphNode_Fabrik_416EC86F435836563C4E49AD6D016C3C of BasicCharacter_AnimBlueprint_C has a struct type mismatch (tag FallbackStruct != prop AnimNode_Fabrik) in package:  FObjectReader. If that struct got renamed, add an entry to ActiveStructRedirects.
[2015.11.17-18.24.47:258][  0]LogClass:Warning: Property AnimGraphNode_Fabrik_9FF4326C4CAD2373B92D6F9E3AC3F57A of BasicCharacter_AnimBlueprint_C has a struct type mismatch (tag FallbackStruct != prop AnimNode_Fabrik) in package:  FObjectReader. If that struct got renamed, add an entry to ActiveStructRedirects.
[2015.11.17-18.24.47:498][  0]LogBlueprint:Warning: [compiler LeapBasicRiggedCharacter] Warning InputAction Event references unknown Action 'Jump' for  InputAction Jump 
[2015.11.17-18.24.47:498][  0]LogBlueprint:Warning: [compiler LeapBasicRiggedCharacter] Warning Input Axis Event references unknown Axis 'LookUpRate' for  InputAxis LookUpRate 
[2015.11.17-18.24.47:498][  0]LogBlueprint:Warning: [compiler LeapBasicRiggedCharacter] Warning Input Axis Event references unknown Axis 'TurnRate' for  InputAxis TurnRate 
[2015.11.17-18.24.47:499][  0]LogBlueprint:Warning: [compiler LeapBasicRiggedCharacter] Warning Input Axis Event references unknown Axis 'Turn' for  InputAxis Turn 
[2015.11.17-18.24.47:499][  0]LogBlueprint:Warning: [compiler LeapBasicRiggedCharacter] Warning Input Axis Event references unknown Axis 'LookUp' for  InputAxis LookUp 
[2015.11.17-18.24.47:499][  0]LogBlueprint:Warning: [compiler LeapBasicRiggedCharacter] Warning Input Axis Event references unknown Axis 'MoveRight' for  InputAxis MoveRight 
[2015.11.17-18.24.47:499][  0]LogBlueprint:Warning: [compiler LeapBasicRiggedCharacter] Warning Input Axis Event references unknown Axis 'MoveForward' for  InputAxis MoveForward 
[2015.11.17-18.24.47:503][  0]LogBlueprint:Warning: [compiler LeapBasicRiggedCharacter] Warning [0012.79] Compile of LeapBasicRiggedCharacter successful, but with 7 Warning(s) [in 10 ms]
[2015.11.17-18.24.47:503][  0]LogBlueprint:Warning: [compiler LeapBasicRiggedCharacter] Warning [0012.79] Compile of LeapBasicRiggedCharacter successful, but with 8 Warning(s) [in 0 ms]
[2015.11.17-18.24.47:503][  0]LogBlueprint:Warning: [compiler LeapBasicRiggedCharacter] Warning [0012.79] Compile of LeapBasicRiggedCharacter successful, but with 9 Warning(s) [in 0 ms]
[2015.11.17-18.24.47:962][  0]LogBlueprint:Warning: [compiler LeapBasicRiggedCharacter] Warning InputAction Event references unknown Action 'Jump' for  InputAction Jump 
[2015.11.17-18.24.47:962][  0]LogBlueprint:Warning: [compiler LeapBasicRiggedCharacter] Warning Input Axis Event references unknown Axis 'LookUpRate' for  InputAxis LookUpRate 
[2015.11.17-18.24.47:962][  0]LogBlueprint:Warning: [compiler LeapBasicRiggedCharacter] Warning Input Axis Event references unknown Axis 'TurnRate' for  InputAxis TurnRate 
[2015.11.17-18.24.47:962][  0]LogBlueprint:Warning: [compiler LeapBasicRiggedCharacter] Warning Input Axis Event references unknown Axis 'Turn' for  InputAxis Turn 
[2015.11.17-18.24.47:962][  0]LogBlueprint:Warning: [compiler LeapBasicRiggedCharacter] Warning Input Axis Event references unknown Axis 'LookUp' for  InputAxis LookUp 
[2015.11.17-18.24.47:962][  0]LogBlueprint:Warning: [compiler LeapBasicRiggedCharacter] Warning Input Axis Event references unknown Axis 'MoveRight' for  InputAxis MoveRight 
[2015.11.17-18.24.47:963][  0]LogBlueprint:Warning: [compiler LeapBasicRiggedCharacter] Warning Input Axis Event references unknown Axis 'MoveForward' for  InputAxis MoveForward 
[2015.11.17-18.24.47:967][  0]LogBlueprint:Warning: [compiler LeapBasicRiggedCharacter] Warning [0013.26] Compile of LeapBasicRiggedCharacter successful, but with 7 Warning(s) [in 12 ms]
[2015.11.17-18.24.47:967][  0]LogBlueprint:Warning: [compiler LeapBasicRiggedCharacter] Warning [0013.26] Compile of LeapBasicRiggedCharacter successful, but with 8 Warning(s) [in 0 ms]
[2015.11.17-18.24.47:967][  0]LogBlueprint:Warning: [compiler LeapBasicRiggedCharacter] Warning [0013.26] Compile of LeapBasicRiggedCharacter successful, but with 9 Warning(s) [in 0 ms]
[2015.11.17-18.24.49:032][  0]LogAIModule: Creating AISystem for world MemoryCardEntry
[2015.11.17-18.24.49:052][  0]LogEditorServer: Finished looking for orphan Actors (0.000 secs)
[2015.11.17-18.24.49:053][  0]Cmd: MAP CHECKDEP NOCLEARLOG
[2015.11.17-18.24.49:252][  0]MapCheck: Info Map check complete: 0 Error(s), 0 Warning(s), took 199.196ms to complete.
[2015.11.17-18.24.49:252][  0]LogFileHelpers: Loading map 'MemoryCardEntry' took 7.810
[2015.11.17-18.24.49:414][  0]LogCollectionManager: Loaded 0 collections in 0.002274 seconds
[2015.11.17-18.24.49:459][  0]LogFileCache: Scanning file cache for directory 'C:/Users/croda/Documents/Unreal Projects/SantaSearch/Saved/Collections/' took 0.01s
[2015.11.17-18.24.49:459][  0]LogFileCache: Scanning file cache for directory 'C:/Users/croda/Documents/Unreal Projects/SantaSearch/Content/Developers/croda/Collections/' took 0.01s
[2015.11.17-18.24.49:459][  0]LogFileCache: Scanning file cache for directory 'C:/Users/croda/Documents/Unreal Projects/SantaSearch/Content/Collections/' took 0.01s
[2015.11.17-18.24.49:459][  0]LogContentBrowser: Native class hierarchy populated in 0.0081 seconds. Added 1919 classes and 342 folders.
[2015.11.17-18.24.49:475][  0]LogCollectionManager: Rebuilt the GUID cache for 0 collections in 0.000003 seconds
[2015.11.17-18.24.49:482][  0]LogContentBrowser: Native class hierarchy updated for 'WidgetCarousel' in 0.0004 seconds. Added 0 classes and 0 folders.
[2015.11.17-18.24.49:538][  0]LogContentBrowser: Native class hierarchy updated for 'AddContentDialog' in 0.0005 seconds. Added 0 classes and 0 folders.
[2015.11.17-18.24.49:543][  0]LogContentBrowser: Native class hierarchy updated for 'SceneOutliner' in 0.0003 seconds. Added 1 classes and 2 folders.
[2015.11.17-18.24.49:614][  0]LogCrashTracker: Crashtracker disabled due to settings.
[2015.11.17-18.24.49:621][  0]LogUObjectGlobals:Warning: Failed to find object 'Class None.'
[2015.11.17-18.24.49:644][  0]LogLoad: Full Startup: 14.93 seconds (BP compile: 1.11 seconds)
[2015.11.17-18.24.49:754][  0]LogContentStreaming: Texture pool size now 1000 MB
[2015.11.17-18.24.49:932][  0]LogRenderer: Reallocating scene render targets to support 876x652 (Frame:2).
[2015.11.17-18.24.50:001][  1]LogFileCache: Retrieving MD5 hashes for directory 'C:/Users/croda/Documents/Unreal Projects/SantaSearch/Content/' took 0.33s
[2015.11.17-18.24.50:481][ 11]LogAssetRegistry: Asset discovery search completed in 11.7058 seconds
[2015.11.17-18.24.50:481][ 11]LogCollectionManager: Rebuilt the object cache for 0 collections in 0.000001 seconds (found 0 objects)
[2015.11.17-18.24.50:481][ 11]LogCollectionManager: Fixed up redirectors for 0 collections in 0.000023 seconds (updated 0 objects)
[2015.11.17-18.25.50:817][588]LogMaterial: Missing cached shader map for material skydome_0_28678C35, compiling. 
[2015.11.17-18.25.50:923][588]LogMaterial: Missing cached shader map for material skydome_0_28678C35, compiling. 
[2015.11.17-18.25.50:930][588]LogMaterial: 0.000060 seconds spent updating 1 materials, 1 interfaces, 0 instances, 0 with static permutations.
[2015.11.17-18.25.50:958][588]LogMaterial: Missing cached shader map for material FMatExpressionPreview MaterialExpressionTextureSample_0, compiling. 
[2015.11.17-18.25.52:451][664]MaterialEditorStats: Info Base pass shader with only dynamic lighting: 40 instructions
[2015.11.17-18.25.52:451][664]MaterialEditorStats: Info Vertex shader: 33 instructions
[2015.11.17-18.25.52:451][664]MaterialEditorStats: Info Texture samplers: 1/16
[2015.11.17-18.25.55:319][835]LogMaterial: Missing cached shader map for material skydome_0_28678C35, compiling. 
[2015.11.17-18.25.55:324][835]LogMaterial: Missing cached shader map for material skydome_0_28678C35, compiling. 
[2015.11.17-18.25.55:328][835]LogMaterial: 0.000074 seconds spent updating 1 materials, 1 interfaces, 0 instances, 0 with static permutations.
[2015.11.17-18.25.55:614][850]MaterialEditorStats: Info Base pass shader without light map: 26 instructions
[2015.11.17-18.25.55:614][850]MaterialEditorStats: Info Vertex shader: 33 instructions
[2015.11.17-18.25.55:614][850]MaterialEditorStats: Info Texture samplers: 1/16
[2015.11.17-18.25.58:181][  4]LogMaterialEditor: Saving and Compiling material skydome_0_28678C35
[2015.11.17-18.25.58:807][  4]LogMaterial: Missing cached shader map for material skydome_0_28678C35, compiling. 
[2015.11.17-18.25.58:817][  4]LogMaterial: 0.000129 seconds spent updating 1 materials, 1 interfaces, 0 instances, 0 with static permutations.
[2015.11.17-18.25.58:864][  4]LogMaterial: Missing cached shader map for material skydome_0_28678C35, compiling. 
[2015.11.17-18.25.58:885][  4]LogMaterial: Missing cached shader map for material skydome_0_28678C35, compiling. 
[2015.11.17-18.25.58:891][  4]LogMaterial: 0.001063 seconds spent updating 1 materials, 1 interfaces, 0 instances, 0 with static permutations.
[2015.11.17-18.26.00:134][  4]LogActorComponent: UnregisterComponent: (/Engine/Transient.CharMoveComp) Not registered. Aborting.
[2015.11.17-18.26.00:237][  4]LeapPluginLog: LeapController::CleanupEventData Delete Called
[2015.11.17-18.26.00:262][  4]LeapPluginLog: LeapController::CleanupEventData Delete Called
[2015.11.17-18.26.00:623][  4]LogSavePackage: Save=320.817474ms
[2015.11.17-18.26.00:623][  4]LogSavePackage: Moving '../../../../../../Users/croda/Documents/Unreal Projects/SantaSearch/Saved/MemoryCardEntry787893F044332F4066E9E2A6E9A92576.tmp' to '../../../../../../Users/croda/Documents/Unreal Projects/SantaSearch/Content/Maps/MemoryCardEntry.umap'
[2015.11.17-18.26.00:628][  4]LogSavePackage: Total save time: 344.933305ms
[2015.11.17-18.26.00:628][  4]LogSavePackage:Warning: Finished SavePackage ../../../../../../Users/croda/Documents/Unreal Projects/SantaSearch/Content/Maps/MemoryCardEntry.umap
[2015.11.17-18.26.00:668][  4]LogFileHelpers: Saving map 'MemoryCardEntry' took 1.720
[2015.11.17-18.26.00:673][  4]MaterialEditorStats: Info Base pass shader without light map: 48 instructions
[2015.11.17-18.26.00:673][  4]MaterialEditorStats: Info Vertex shader: 33 instructions
[2015.11.17-18.26.00:673][  4]MaterialEditorStats: Info Texture samplers: 1/16
[2015.11.17-18.26.00:813][ 11]LogMaterial: Missing cached shader map for material skydome_1_EAC0126E, compiling. 
[2015.11.17-18.26.00:902][ 11]LogMaterial: Missing cached shader map for material skydome_1_EAC0126E, compiling. 
[2015.11.17-18.26.00:912][ 11]LogMaterial: 0.000037 seconds spent updating 1 materials, 1 interfaces, 0 instances, 0 with static permutations.
[2015.11.17-18.26.00:937][ 11]LogMaterial: Missing cached shader map for material FMatExpressionPreview MaterialExpressionTextureSample_1, compiling. 
[2015.11.17-18.26.01:909][ 55]MaterialEditorStats: Info Base pass shader with only dynamic lighting: 40 instructions
[2015.11.17-18.26.01:909][ 55]MaterialEditorStats: Info Vertex shader: 33 instructions
[2015.11.17-18.26.01:909][ 55]MaterialEditorStats: Info Texture samplers: 1/16
[2015.11.17-18.26.03:939][175]LogMaterial: Missing cached shader map for material skydome_1_EAC0126E, compiling. 
[2015.11.17-18.26.03:944][175]LogMaterial: Missing cached shader map for material skydome_1_EAC0126E, compiling. 
[2015.11.17-18.26.03:947][175]LogMaterial: 0.000074 seconds spent updating 1 materials, 1 interfaces, 0 instances, 0 with static permutations.
[2015.11.17-18.26.04:222][190]MaterialEditorStats: Info Base pass shader without light map: 26 instructions
[2015.11.17-18.26.04:222][190]MaterialEditorStats: Info Vertex shader: 33 instructions
[2015.11.17-18.26.04:222][190]MaterialEditorStats: Info Texture samplers: 1/16
[2015.11.17-18.26.05:289][254]LogMaterialEditor: Saving and Compiling material skydome_1_EAC0126E
[2015.11.17-18.26.05:927][254]LogMaterial: Missing cached shader map for material skydome_1_EAC0126E, compiling. 
[2015.11.17-18.26.05:936][254]LogMaterial: 0.000037 seconds spent updating 1 materials, 1 interfaces, 0 instances, 0 with static permutations.
[2015.11.17-18.26.05:981][254]LogMaterial: Missing cached shader map for material skydome_1_EAC0126E, compiling. 
[2015.11.17-18.26.05:998][254]LogMaterial: Missing cached shader map for material skydome_1_EAC0126E, compiling. 
[2015.11.17-18.26.06:006][254]LogMaterial: 0.000910 seconds spent updating 1 materials, 1 interfaces, 0 instances, 0 with static permutations.
[2015.11.17-18.26.07:149][254]LogSavePackage: Save=184.166275ms
[2015.11.17-18.26.07:149][254]LogSavePackage: Moving '../../../../../../Users/croda/Documents/Unreal Projects/SantaSearch/Saved/MemoryCardEntryA43749D0427943B0EA4BB0B32ABCFB28.tmp' to '../../../../../../Users/croda/Documents/Unreal Projects/SantaSearch/Content/Maps/MemoryCardEntry.umap'
[2015.11.17-18.26.07:155][254]LogSavePackage: Total save time: 195.275370ms
[2015.11.17-18.26.07:155][254]LogSavePackage:Warning: Finished SavePackage ../../../../../../Users/croda/Documents/Unreal Projects/SantaSearch/Content/Maps/MemoryCardEntry.umap
[2015.11.17-18.26.07:186][254]LogFileHelpers: Saving map 'MemoryCardEntry' took 1.133
[2015.11.17-18.26.07:194][254]MaterialEditorStats: Info Base pass shader without light map: 48 instructions
[2015.11.17-18.26.07:194][254]MaterialEditorStats: Info Vertex shader: 33 instructions
[2015.11.17-18.26.07:194][254]MaterialEditorStats: Info Texture samplers: 1/16
[2015.11.17-18.26.08:590][338]LogMaterialEditor: Saving and Compiling material skydome_1_EAC0126E
[2015.11.17-18.26.09:007][338]LogSavePackage: Save=179.911041ms
[2015.11.17-18.26.09:007][338]LogSavePackage: Moving '../../../../../../Users/croda/Documents/Unreal Projects/SantaSearch/Saved/MemoryCardEntryCA2A221D49C226D4D397979DB8FDC0CA.tmp' to '../../../../../../Users/croda/Documents/Unreal Projects/SantaSearch/Content/Maps/MemoryCardEntry.umap'
[2015.11.17-18.26.09:010][338]LogSavePackage: Total save time: 188.885666ms
[2015.11.17-18.26.09:010][338]LogSavePackage:Warning: Finished SavePackage ../../../../../../Users/croda/Documents/Unreal Projects/SantaSearch/Content/Maps/MemoryCardEntry.umap
[2015.11.17-18.26.09:050][338]LogFileHelpers: Saving map 'MemoryCardEntry' took 0.428
[2015.11.17-18.26.11:617][485]LogMaterial: Missing cached shader map for material skydome_2_9A6FFD0F, compiling. 
[2015.11.17-18.26.11:699][485]LogMaterial: Missing cached shader map for material skydome_2_9A6FFD0F, compiling. 
[2015.11.17-18.26.11:705][485]LogMaterial: 0.000038 seconds spent updating 1 materials, 1 interfaces, 0 instances, 0 with static permutations.
[2015.11.17-18.26.11:734][485]LogMaterial: Missing cached shader map for material FMatExpressionPreview MaterialExpressionTextureSample_2, compiling. 
[2015.11.17-18.26.12:671][524]MaterialEditorStats: Info Base pass shader with only dynamic lighting: 40 instructions
[2015.11.17-18.26.12:671][524]MaterialEditorStats: Info Vertex shader: 33 instructions
[2015.11.17-18.26.12:671][524]MaterialEditorStats: Info Texture samplers: 1/16
[2015.11.17-18.26.15:648][699]LogMaterial: Missing cached shader map for material skydome_2_9A6FFD0F, compiling. 
[2015.11.17-18.26.15:652][699]LogMaterial: Missing cached shader map for material skydome_2_9A6FFD0F, compiling. 
[2015.11.17-18.26.15:655][699]LogMaterial: 0.000022 seconds spent updating 1 materials, 1 interfaces, 0 instances, 0 with static permutations.
[2015.11.17-18.26.15:930][713]MaterialEditorStats: Info Base pass shader without light map: 26 instructions
[2015.11.17-18.26.15:930][713]MaterialEditorStats: Info Vertex shader: 33 instructions
[2015.11.17-18.26.15:930][713]MaterialEditorStats: Info Texture samplers: 1/16
[2015.11.17-18.26.17:007][777]LogMaterialEditor: Saving and Compiling material skydome_2_9A6FFD0F
[2015.11.17-18.26.17:629][777]LogMaterial: Missing cached shader map for material skydome_2_9A6FFD0F, compiling. 
[2015.11.17-18.26.17:640][777]LogMaterial: 0.000122 seconds spent updating 1 materials, 1 interfaces, 0 instances, 0 with static permutations.
[2015.11.17-18.26.17:692][777]LogMaterial: Missing cached shader map for material skydome_2_9A6FFD0F, compiling. 
[2015.11.17-18.26.17:709][777]LogMaterial: Missing cached shader map for material skydome_2_9A6FFD0F, compiling. 
[2015.11.17-18.26.17:717][777]LogMaterial: 0.000978 seconds spent updating 1 materials, 1 interfaces, 0 instances, 0 with static permutations.
[2015.11.17-18.26.18:815][777]LogSavePackage: Save=169.865952ms
[2015.11.17-18.26.18:815][777]LogSavePackage: Moving '../../../../../../Users/croda/Documents/Unreal Projects/SantaSearch/Saved/MemoryCardEntry57FF642746C0A8A530A9A693AACDE23A.tmp' to '../../../../../../Users/croda/Documents/Unreal Projects/SantaSearch/Content/Maps/MemoryCardEntry.umap'
[2015.11.17-18.26.18:820][777]LogSavePackage: Total save time: 180.747341ms
[2015.11.17-18.26.18:820][777]LogSavePackage:Warning: Finished SavePackage ../../../../../../Users/croda/Documents/Unreal Projects/SantaSearch/Content/Maps/MemoryCardEntry.umap
[2015.11.17-18.26.18:854][777]LogFileHelpers: Saving map 'MemoryCardEntry' took 1.091
[2015.11.17-18.26.18:864][777]MaterialEditorStats: Info Base pass shader without light map: 48 instructions
[2015.11.17-18.26.18:864][777]MaterialEditorStats: Info Vertex shader: 33 instructions
[2015.11.17-18.26.18:864][777]MaterialEditorStats: Info Texture samplers: 1/16
[2015.11.17-18.26.20:017][842]LogMaterial: Missing cached shader map for material skydome_3_25F4D603, compiling. 
[2015.11.17-18.26.20:096][842]LogMaterial: Missing cached shader map for material skydome_3_25F4D603, compiling. 
[2015.11.17-18.26.20:102][842]LogMaterial: 0.000037 seconds spent updating 1 materials, 1 interfaces, 0 instances, 0 with static permutations.
[2015.11.17-18.26.20:130][842]LogMaterial: Missing cached shader map for material FMatExpressionPreview MaterialExpressionTextureSample_3, compiling. 
[2015.11.17-18.26.21:063][878]MaterialEditorStats: Info Base pass shader with only dynamic lighting: 40 instructions
[2015.11.17-18.26.21:063][878]MaterialEditorStats: Info Vertex shader: 33 instructions
[2015.11.17-18.26.21:063][878]MaterialEditorStats: Info Texture samplers: 1/16
[2015.11.17-18.26.25:327][126]LogMaterial: Missing cached shader map for material skydome_3_25F4D603, compiling. 
[2015.11.17-18.26.25:332][126]LogMaterial: Missing cached shader map for material skydome_3_25F4D603, compiling. 
[2015.11.17-18.26.25:336][126]LogMaterial: 0.000078 seconds spent updating 1 materials, 1 interfaces, 0 instances, 0 with static permutations.
[2015.11.17-18.26.25:616][139]MaterialEditorStats: Info Base pass shader without light map: 26 instructions
[2015.11.17-18.26.25:616][139]MaterialEditorStats: Info Vertex shader: 33 instructions
[2015.11.17-18.26.25:616][139]MaterialEditorStats: Info Texture samplers: 1/16
[2015.11.17-18.26.28:697][320]LogMaterialEditor: Saving and Compiling material skydome_3_25F4D603
[2015.11.17-18.26.29:308][320]LogMaterial: Missing cached shader map for material skydome_3_25F4D603, compiling. 
[2015.11.17-18.26.29:316][320]LogMaterial: 0.000094 seconds spent updating 1 materials, 1 interfaces, 0 instances, 0 with static permutations.
[2015.11.17-18.26.29:368][320]LogMaterial: Missing cached shader map for material skydome_3_25F4D603, compiling. 
[2015.11.17-18.26.29:384][320]LogMaterial: Missing cached shader map for material skydome_3_25F4D603, compiling. 
[2015.11.17-18.26.29:391][320]LogMaterial: 0.000936 seconds spent updating 1 materials, 1 interfaces, 0 instances, 0 with static permutations.
[2015.11.17-18.26.30:506][320]LogSavePackage: Save=170.621277ms
[2015.11.17-18.26.30:506][320]LogSavePackage: Moving '../../../../../../Users/croda/Documents/Unreal Projects/SantaSearch/Saved/MemoryCardEntry23F476574B1D63BCABDA15AFC29AD960.tmp' to '../../../../../../Users/croda/Documents/Unreal Projects/SantaSearch/Content/Maps/MemoryCardEntry.umap'
[2015.11.17-18.26.30:513][320]LogSavePackage: Total save time: 184.229381ms
[2015.11.17-18.26.30:513][320]LogSavePackage:Warning: Finished SavePackage ../../../../../../Users/croda/Documents/Unreal Projects/SantaSearch/Content/Maps/MemoryCardEntry.umap
[2015.11.17-18.26.30:547][320]LogFileHelpers: Saving map 'MemoryCardEntry' took 1.107
[2015.11.17-18.26.30:557][320]MaterialEditorStats: Info Base pass shader without light map: 48 instructions
[2015.11.17-18.26.30:557][320]MaterialEditorStats: Info Vertex shader: 33 instructions
[2015.11.17-18.26.30:557][320]MaterialEditorStats: Info Texture samplers: 1/16
[2015.11.17-18.26.32:199][412]LogMaterial: Missing cached shader map for material skydome_4_9DEDD4C6, compiling. 
[2015.11.17-18.26.32:282][412]LogMaterial: Missing cached shader map for material skydome_4_9DEDD4C6, compiling. 
[2015.11.17-18.26.32:290][412]LogMaterial: 0.000030 seconds spent updating 1 materials, 1 interfaces, 0 instances, 0 with static permutations.
[2015.11.17-18.26.32:316][412]LogMaterial: Missing cached shader map for material FMatExpressionPreview MaterialExpressionTextureSample_4, compiling. 
[2015.11.17-18.26.33:239][445]MaterialEditorStats: Info Base pass shader with only dynamic lighting: 40 instructions
[2015.11.17-18.26.33:240][445]MaterialEditorStats: Info Vertex shader: 33 instructions
[2015.11.17-18.26.33:240][445]MaterialEditorStats: Info Texture samplers: 1/16
[2015.11.17-18.26.36:148][608]LogMaterial: Missing cached shader map for material skydome_4_9DEDD4C6, compiling. 
[2015.11.17-18.26.36:153][608]LogMaterial: Missing cached shader map for material skydome_4_9DEDD4C6, compiling. 
[2015.11.17-18.26.36:156][608]LogMaterial: 0.000026 seconds spent updating 1 materials, 1 interfaces, 0 instances, 0 with static permutations.
[2015.11.17-18.26.36:433][619]MaterialEditorStats: Info Base pass shader without light map: 26 instructions
[2015.11.17-18.26.36:433][619]MaterialEditorStats: Info Vertex shader: 33 instructions
[2015.11.17-18.26.36:433][619]MaterialEditorStats: Info Texture samplers: 1/16
[2015.11.17-18.26.37:135][658]LogMaterialEditor: Saving and Compiling material skydome_4_9DEDD4C6
[2015.11.17-18.26.37:753][658]LogMaterial: Missing cached shader map for material skydome_4_9DEDD4C6, compiling. 
[2015.11.17-18.26.37:761][658]LogMaterial: 0.000101 seconds spent updating 1 materials, 1 interfaces, 0 instances, 0 with static permutations.
[2015.11.17-18.26.37:808][658]LogMaterial: Missing cached shader map for material skydome_4_9DEDD4C6, compiling. 
[2015.11.17-18.26.37:824][658]LogMaterial: Missing cached shader map for material skydome_4_9DEDD4C6, compiling. 
[2015.11.17-18.26.37:831][658]LogMaterial: 0.000965 seconds spent updating 1 materials, 1 interfaces, 0 instances, 0 with static permutations.
[2015.11.17-18.26.38:968][658]LogSavePackage: Save=185.811127ms
[2015.11.17-18.26.38:968][658]LogSavePackage: Moving '../../../../../../Users/croda/Documents/Unreal Projects/SantaSearch/Saved/MemoryCardEntryD398259740E03849217E28B353F36633.tmp' to '../../../../../../Users/croda/Documents/Unreal Projects/SantaSearch/Content/Maps/MemoryCardEntry.umap'
[2015.11.17-18.26.38:973][658]LogSavePackage: Total save time: 196.652979ms
[2015.11.17-18.26.38:973][658]LogSavePackage:Warning: Finished SavePackage ../../../../../../Users/croda/Documents/Unreal Projects/SantaSearch/Content/Maps/MemoryCardEntry.umap
[2015.11.17-18.26.39:003][658]LogFileHelpers: Saving map 'MemoryCardEntry' took 1.122
[2015.11.17-18.26.39:013][658]MaterialEditorStats: Info Base pass shader without light map: 48 instructions
[2015.11.17-18.26.39:013][658]MaterialEditorStats: Info Vertex shader: 33 instructions
[2015.11.17-18.26.39:013][658]MaterialEditorStats: Info Texture samplers: 1/16
[2015.11.17-18.26.40:774][753]LogMaterial: Missing cached shader map for material skydome_5_5466EC8B, compiling. 
[2015.11.17-18.26.40:855][753]LogMaterial: Missing cached shader map for material skydome_5_5466EC8B, compiling. 
[2015.11.17-18.26.40:860][753]LogMaterial: 0.000109 seconds spent updating 1 materials, 1 interfaces, 0 instances, 0 with static permutations.
[2015.11.17-18.26.40:886][753]LogMaterial: Missing cached shader map for material FMatExpressionPreview MaterialExpressionTextureSample_5, compiling. 
[2015.11.17-18.26.41:827][784]MaterialEditorStats: Info Base pass shader with only dynamic lighting: 40 instructions
[2015.11.17-18.26.41:827][784]MaterialEditorStats: Info Vertex shader: 33 instructions
[2015.11.17-18.26.41:827][784]MaterialEditorStats: Info Texture samplers: 1/16
[2015.11.17-18.26.43:071][847]LogMaterialEditor: Saving and Compiling material skydome_5_5466EC8B
[2015.11.17-18.26.43:476][847]LogSavePackage: Save=166.132263ms
[2015.11.17-18.26.43:476][847]LogSavePackage: Moving '../../../../../../Users/croda/Documents/Unreal Projects/SantaSearch/Saved/MemoryCardEntry9138860D41F854796CD8329EE97AB1B0.tmp' to '../../../../../../Users/croda/Documents/Unreal Projects/SantaSearch/Content/Maps/MemoryCardEntry.umap'
[2015.11.17-18.26.43:479][847]LogSavePackage: Total save time: 175.717384ms
[2015.11.17-18.26.43:479][847]LogSavePackage:Warning: Finished SavePackage ../../../../../../Users/croda/Documents/Unreal Projects/SantaSearch/Content/Maps/MemoryCardEntry.umap
[2015.11.17-18.26.43:510][847]LogFileHelpers: Saving map 'MemoryCardEntry' took 0.410
[2015.11.17-18.26.45:829][973]LogMaterial: Missing cached shader map for material skydome_5_5466EC8B, compiling. 
[2015.11.17-18.26.45:834][973]LogMaterial: Missing cached shader map for material skydome_5_5466EC8B, compiling. 
[2015.11.17-18.26.45:837][973]LogMaterial: 0.000079 seconds spent updating 1 materials, 1 interfaces, 0 instances, 0 with static permutations.
[2015.11.17-18.26.46:120][984]MaterialEditorStats: Info Base pass shader without light map: 26 instructions
[2015.11.17-18.26.46:120][984]MaterialEditorStats: Info Vertex shader: 33 instructions
[2015.11.17-18.26.46:120][984]MaterialEditorStats: Info Texture samplers: 1/16
[2015.11.17-18.26.46:901][ 24]LogMaterialEditor: Saving and Compiling material skydome_5_5466EC8B
[2015.11.17-18.26.47:524][ 24]LogMaterial: Missing cached shader map for material skydome_5_5466EC8B, compiling. 
[2015.11.17-18.26.47:532][ 24]LogMaterial: 0.000085 seconds spent updating 1 materials, 1 interfaces, 0 instances, 0 with static permutations.
[2015.11.17-18.26.47:567][ 24]LogMaterial: Missing cached shader map for material skydome_5_5466EC8B, compiling. 
[2015.11.17-18.26.47:585][ 24]LogMaterial: Missing cached shader map for material skydome_5_5466EC8B, compiling. 
[2015.11.17-18.26.47:593][ 24]LogMaterial: 0.001055 seconds spent updating 1 materials, 1 interfaces, 0 instances, 0 with static permutations.
[2015.11.17-18.26.48:764][ 24]LogSavePackage: Save=188.772385ms
[2015.11.17-18.26.48:764][ 24]LogSavePackage: Moving '../../../../../../Users/croda/Documents/Unreal Projects/SantaSearch/Saved/MemoryCardEntry58DBD1D9471EFFF6E51DC1BBEC732B6C.tmp' to '../../../../../../Users/croda/Documents/Unreal Projects/SantaSearch/Content/Maps/MemoryCardEntry.umap'
[2015.11.17-18.26.48:769][ 24]LogSavePackage: Total save time: 199.696731ms
[2015.11.17-18.26.48:769][ 24]LogSavePackage:Warning: Finished SavePackage ../../../../../../Users/croda/Documents/Unreal Projects/SantaSearch/Content/Maps/MemoryCardEntry.umap
[2015.11.17-18.26.48:801][ 24]LogFileHelpers: Saving map 'MemoryCardEntry' took 1.162
[2015.11.17-18.26.48:813][ 24]MaterialEditorStats: Info Base pass shader without light map: 48 instructions
[2015.11.17-18.26.48:813][ 24]MaterialEditorStats: Info Vertex shader: 33 instructions
[2015.11.17-18.26.48:813][ 24]MaterialEditorStats: Info Texture samplers: 1/16
[2015.11.17-18.27.58:947][756]Cmd: OBJ SAVEPACKAGE PACKAGE="/Game/Assets/StarScape/skydome" FILE="../../../../../../Users/croda/Documents/Unreal Projects/SantaSearch/Content/Assets/StarScape/skydome.uasset" SILENT=true
[2015.11.17-18.27.58:967][756]LogSavePackage: Save=9.888092ms
[2015.11.17-18.27.58:967][756]LogSavePackage: Moving '../../../../../../Users/croda/Documents/Unreal Projects/SantaSearch/Saved/skydome0B35D80544CDB4BD995A8DB37A4EAC58.tmp' to '../../../../../../Users/croda/Documents/Unreal Projects/SantaSearch/Content/Assets/StarScape/skydome.uasset'
[2015.11.17-18.27.58:969][756]LogSavePackage: Total save time: 20.317115ms
[2015.11.17-18.27.58:969][756]LogSavePackage:Warning: Finished SavePackage ../../../../../../Users/croda/Documents/Unreal Projects/SantaSearch/Content/Assets/StarScape/skydome.uasset
[2015.11.17-18.30.13:848][582]Cmd: CAMERA ALIGN ACTIVEVIEWPORTONLY
[2015.11.17-18.30.24:882][239]Cmd: OBJ SAVEPACKAGE PACKAGE="/Game/Assets/StarScape/skydome" FILE="../../../../../../Users/croda/Documents/Unreal Projects/SantaSearch/Content/Assets/StarScape/skydome.uasset" SILENT=true
[2015.11.17-18.30.24:895][239]LogSavePackage: Save=2.546530ms
[2015.11.17-18.30.24:896][239]LogSavePackage: Moving '../../../../../../Users/croda/Documents/Unreal Projects/SantaSearch/Saved/skydomeB0E769AE4B5D4B4F8704429B28AE0A2A.tmp' to '../../../../../../Users/croda/Documents/Unreal Projects/SantaSearch/Content/Assets/StarScape/skydome.uasset'
[2015.11.17-18.30.24:901][239]LogSavePackage: Total save time: 17.174914ms
[2015.11.17-18.30.24:901][239]LogSavePackage:Warning: Finished SavePackage ../../../../../../Users/croda/Documents/Unreal Projects/SantaSearch/Content/Assets/StarScape/skydome.uasset
[2015.11.17-18.30.51:953][828]LogParticles: Destroying 0 GPU particle simulations for FXSystem 0x00000061F6A81300
[2015.11.17-18.30.51:954][828]LogParticles: Destroying 0 GPU particle simulations for FXSystem 0x0000006188D2E840
[2015.11.17-18.30.51:955][828]LogParticles: Destroying 0 GPU particle simulations for FXSystem 0x00000061F7437600
[2015.11.17-18.30.51:955][828]LogParticles: Destroying 0 GPU particle simulations for FXSystem 0x0000006184D8F420
[2015.11.17-18.30.51:955][828]LogParticles: Destroying 0 GPU particle simulations for FXSystem 0x000000626CFA8C20
[2015.11.17-18.30.51:956][828]LogParticles: Destroying 0 GPU particle simulations for FXSystem 0x000000629F256980
[2015.11.17-18.30.52:059][828]LogWindowsTextInputMethodSystem:Display: IME system now deactivated.
[2015.11.17-18.30.52:060][828]LogWindowsTextInputMethodSystem:Display: IME system now deactivated.
[2015.11.17-18.30.52:311][829]Cmd: QUIT_EDITOR
[2015.11.17-18.30.52:583][829]LogExit: Preparing to exit.
[2015.11.17-18.30.52:977][829]LogActorComponent: UnregisterComponent: (None.None:None.None.StaticMeshComponent_16) Not registered. Aborting.
[2015.11.17-18.30.52:986][829]LogExit: Editor shut down
[2015.11.17-18.30.52:986][829]LogExit: Transaction tracking system shut down
[2015.11.17-18.30.52:990][829]LogParticles: Destroying 0 GPU particle simulations for FXSystem 0x000000626E725A80
[2015.11.17-18.30.52:990][829]LogParticles: Destroying 0 GPU particle simulations for FXSystem 0x0000006279193880
[2015.11.17-18.30.52:990][829]LogParticles: Destroying 0 GPU particle simulations for FXSystem 0x0000006278FDC400
[2015.11.17-18.30.52:990][829]LogParticles: Destroying 0 GPU particle simulations for FXSystem 0x00000062825077E0
[2015.11.17-18.30.52:991][829]LogParticles: Destroying 0 GPU particle simulations for FXSystem 0x00000062825071A0
[2015.11.17-18.30.53:003][829]LogParticles: Destroying 0 GPU particle simulations for FXSystem 0x0000006277364400
[2015.11.17-18.30.53:003][829]LeapPluginLog: LeapController::CleanupEventData Delete Called
[2015.11.17-18.30.53:025][829]LeapPluginLog: LeapController::CleanupEventData Delete Called
[2015.11.17-18.30.53:163][829]LogExit: Object subsystem successfully closed.
[2015.11.17-18.30.53:178][829]LogD3D11RHI: Shutdown
[2015.11.17-18.30.53:178][829]LogD3D11RHI: CleanupD3DDevice
[2015.11.17-18.30.53:257][829]LogD3D11RHI: ~FD3D11DynamicRHI
[2015.11.17-18.30.53:275][829]LogModuleManager: Shutting down and abandoning module MaterialEditor (201)
[2015.11.17-18.30.53:275][829]LogModuleManager: Shutting down and abandoning module CrashTracker (200)
[2015.11.17-18.30.53:275][829]LogModuleManager: Shutting down and abandoning module SceneOutliner (199)
[2015.11.17-18.30.53:275][829]LogModuleManager: Shutting down and abandoning module SuperSearch (198)
[2015.11.17-18.30.53:275][829]LogModuleManager: Shutting down and abandoning module WidgetCarousel (197)
[2015.11.17-18.30.53:275][829]LogModuleManager: Shutting down and abandoning module AddContentDialog (196)
[2015.11.17-18.30.53:276][829]LogModuleManager: Shutting down and abandoning module EditorWidgets (195)
[2015.11.17-18.30.53:276][829]LogModuleManager: Shutting down and abandoning module CollectionManager (194)
[2015.11.17-18.30.53:276][829]LogModuleManager: Shutting down and abandoning module StatsViewer (193)
[2015.11.17-18.30.53:277][829]LogModuleManager: Shutting down and abandoning module FoliageEdit (192)
[2015.11.17-18.30.53:277][829]LogModuleManager: Shutting down and abandoning module LandscapeEditor (191)
[2015.11.17-18.30.53:277][829]LogModuleManager: Shutting down and abandoning module ActorPickerMode (190)
[2015.11.17-18.30.53:277][829]LogModuleManager: Shutting down and abandoning module GeometryMode (189)
[2015.11.17-18.30.53:277][829]LogModuleManager: Shutting down and abandoning module TextureAlignMode (188)
[2015.11.17-18.30.53:277][829]LogModuleManager: Shutting down and abandoning module BspMode (187)
[2015.11.17-18.30.53:277][829]LogModuleManager: Shutting down and abandoning module PlacementMode (186)
[2015.11.17-18.30.53:277][829]LogModuleManager: Shutting down and abandoning module AutomationWorker (185)
[2015.11.17-18.30.53:277][829]LogModuleManager: Shutting down and abandoning module HoudiniEngineEditor (184)
[2015.11.17-18.30.53:277][829]LogHoudiniEngineEditor: Shutting down the Houdini Engine Editor module.
[2015.11.17-18.30.53:277][829]LogModuleManager: Shutting down and abandoning module CharacterAI (183)
[2015.11.17-18.30.53:277][829]LogModuleManager: Shutting down and abandoning module SmartSnapping (182)
[2015.11.17-18.30.53:277][829]LogModuleManager: Shutting down and abandoning module ViewportSnapping (181)
[2015.11.17-18.30.53:277][829]LogModuleManager: Shutting down and abandoning module LogVisualizer (180)
[2015.11.17-18.30.53:277][829]LogModuleManager: Shutting down and abandoning module GameProjectGeneration (179)
[2015.11.17-18.30.53:277][829]LogModuleManager: Shutting down and abandoning module IntroTutorials (178)
[2015.11.17-18.30.53:277][829]LogModuleManager: Shutting down and abandoning module EditorLiveStreaming (177)
[2015.11.17-18.30.53:277][829]LogModuleManager: Shutting down and abandoning module IOSPlatformEditor (176)
[2015.11.17-18.30.53:277][829]LogModuleManager: Shutting down and abandoning module HTML5PlatformEditor (175)
[2015.11.17-18.30.53:277][829]LogModuleManager: Shutting down and abandoning module AndroidDeviceDetection (174)
[2015.11.17-18.30.53:375][829]LogModuleManager: Shutting down and abandoning module AndroidPlatformEditor (173)
[2015.11.17-18.30.53:375][829]LogModuleManager: Shutting down and abandoning module IOSRuntimeSettings (172)
[2015.11.17-18.30.53:375][829]LogModuleManager: Shutting down and abandoning module AndroidRuntimeSettings (171)
[2015.11.17-18.30.53:375][829]LogModuleManager: Shutting down and abandoning module MergeActors (170)
[2015.11.17-18.30.53:375][829]LogModuleManager: Shutting down and abandoning module SizeMap (169)
[2015.11.17-18.30.53:375][829]LogModuleManager: Shutting down and abandoning module TreeMap (168)
[2015.11.17-18.30.53:375][829]LogModuleManager: Shutting down and abandoning module ReferenceViewer (167)
[2015.11.17-18.30.53:375][829]LogModuleManager: Shutting down and abandoning module LocalizationService (166)
[2015.11.17-18.30.53:375][829]LogModuleManager: Shutting down and abandoning module LocalizationDashboard (165)
[2015.11.17-18.30.53:375][829]LogModuleManager: Shutting down and abandoning module HardwareTargeting (164)
[2015.11.17-18.30.53:375][829]LogModuleManager: Shutting down and abandoning module DeviceProfileEditor (163)
[2015.11.17-18.30.53:375][829]LogModuleManager: Shutting down and abandoning module UndoHistory (162)
[2015.11.17-18.30.53:375][829]LogModuleManager: Shutting down and abandoning module GameplayTagsEditor (161)
[2015.11.17-18.30.53:375][829]LogModuleManager: Shutting down and abandoning module UserFeedback (160)
[2015.11.17-18.30.53:375][829]LogModuleManager: Shutting down and abandoning module XmlParser (159)
[2015.11.17-18.30.53:375][829]LogModuleManager: Shutting down and abandoning module Blutility (158)
[2015.11.17-18.30.53:375][829]LogModuleManager: Shutting down and abandoning module ProjectTargetPlatformEditor (157)
[2015.11.17-18.30.53:375][829]LogModuleManager: Shutting down and abandoning module ProjectSettingsViewer (156)
[2015.11.17-18.30.53:375][829]LogModuleManager: Shutting down and abandoning module InputBindingEditor (155)
[2015.11.17-18.30.53:375][829]LogModuleManager: Shutting down and abandoning module EditorSettingsViewer (154)
[2015.11.17-18.30.53:375][829]LogModuleManager: Shutting down and abandoning module SettingsEditor (153)
[2015.11.17-18.30.53:375][829]LogModuleManager: Shutting down and abandoning module ProjectLauncher (152)
[2015.11.17-18.30.53:375][829]LogModuleManager: Shutting down and abandoning module SessionFrontend (151)
[2015.11.17-18.30.53:375][829]LogModuleManager: Shutting down and abandoning module ProfilerClient (150)
[2015.11.17-18.30.53:375][829]LogModuleManager: Shutting down and abandoning module TargetDeviceServices (149)
[2015.11.17-18.30.53:375][829]LogModuleManager: Shutting down and abandoning module DeviceManager (148)
[2015.11.17-18.30.53:376][829]LogModuleManager: Shutting down and abandoning module AutomationController (147)
[2015.11.17-18.30.53:376][829]LogModuleManager: Shutting down and abandoning module AutomationWindow (146)
[2015.11.17-18.30.53:376][829]LogModuleManager: Shutting down and abandoning module Layers (145)
[2015.11.17-18.30.53:376][829]LogModuleManager: Shutting down and abandoning module ComponentVisualizers (144)
[2015.11.17-18.30.53:376][829]LogModuleManager: Shutting down and abandoning module DetailCustomizations (143)
[2015.11.17-18.30.53:376][829]LogModuleManager: Shutting down and abandoning module PackagesDialog (142)
[2015.11.17-18.30.53:376][829]LogModuleManager: Shutting down and abandoning module Persona (141)
[2015.11.17-18.30.53:376][829]LogModuleManager: Shutting down and abandoning module Kismet (140)
[2015.11.17-18.30.53:376][829]LogModuleManager: Shutting down and abandoning module GraphEditor (139)
[2015.11.17-18.30.53:376][829]LogModuleManager: Shutting down and abandoning module ClassViewer (138)
[2015.11.17-18.30.53:376][829]LogModuleManager: Shutting down and abandoning module Toolbox (137)
[2015.11.17-18.30.53:376][829]LogModuleManager: Shutting down and abandoning module ModuleUI (136)
[2015.11.17-18.30.53:376][829]LogModuleManager: Shutting down and abandoning module MovieSceneTools (135)
[2015.11.17-18.30.53:376][829]LogModuleManager: Shutting down and abandoning module OutputLog (134)
[2015.11.17-18.30.53:376][829]LogModuleManager: Shutting down and abandoning module GammaUI (133)
[2015.11.17-18.30.53:376][829]LogModuleManager: Shutting down and abandoning module Documentation (132)
[2015.11.17-18.30.53:376][829]LogModuleManager: Shutting down and abandoning module GameLiveStreaming (131)
[2015.11.17-18.30.53:376][829]LogModuleManager: Shutting down and abandoning module StreamingPauseRendering (130)
[2015.11.17-18.30.53:376][829]LogModuleManager: Shutting down and abandoning module AnalyticsET (129)
[2015.11.17-18.30.53:376][829]LogModuleManager: Shutting down and abandoning module Analytics (128)
[2015.11.17-18.30.53:376][829]LogModuleManager: Shutting down and abandoning module AITestSuite (127)
[2015.11.17-18.30.53:376][829]LogModuleManager: Shutting down and abandoning module GameplayDebugger (126)
[2015.11.17-18.30.53:376][829]LogModuleManager: Shutting down and abandoning module AIModule (125)
[2015.11.17-18.30.53:376][829]LogModuleManager: Shutting down and abandoning module ProfilerService (124)
[2015.11.17-18.30.53:577][829]LogModuleManager: Shutting down and abandoning module TaskGraph (123)
[2015.11.17-18.30.53:577][829]LogModuleManager: Shutting down and abandoning module LeapMotion (122)
[2015.11.17-18.30.53:589][829]LogModuleManager: Shutting down and abandoning module SlateRemote (121)
[2015.11.17-18.30.53:589][829]LogModuleManager: Shutting down and abandoning module SteamVRController (120)
[2015.11.17-18.30.53:589][829]LogModuleManager: Shutting down and abandoning module SteamVR (119)
[2015.11.17-18.30.53:589][829]LogModuleManager: Shutting down and abandoning module ProceduralMeshComponent (118)
[2015.11.17-18.30.53:589][829]LogModuleManager: Shutting down and abandoning module OculusRift (117)
[2015.11.17-18.30.53:589][829]LogModuleManager: Shutting down and abandoning module OculusLibrary (116)
[2015.11.17-18.30.53:589][829]LogModuleManager: Shutting down and abandoning module LeapMotionController (115)
[2015.11.17-18.30.53:601][829]LogModuleManager: Shutting down and abandoning module CustomMeshComponent (114)
[2015.11.17-18.30.53:601][829]LogModuleManager: Shutting down and abandoning module CableComponent (113)
[2015.11.17-18.30.53:601][829]LogModuleManager: Shutting down and abandoning module ArchVisCharacter (112)
[2015.11.17-18.30.53:601][829]LogModuleManager: Shutting down and abandoning module MessagingDebugger (111)
[2015.11.17-18.30.53:601][829]LogModuleManager: Shutting down and abandoning module MediaPlayerEditor (110)
[2015.11.17-18.30.53:601][829]LogModuleManager: Shutting down and abandoning module HoudiniEngineRuntime (109)
[2015.11.17-18.30.53:601][829]LogHoudiniEngine: Shutting down the Houdini Engine module.
[2015.11.17-18.30.53:602][829]LogModuleManager: Shutting down and abandoning module HTML5Networking (108)
[2015.11.17-18.30.53:602][829]LogModuleManager: Shutting down and abandoning module SpeedTreeImporter (107)
[2015.11.17-18.30.53:602][829]LogModuleManager: Shutting down and abandoning module PluginBrowser (106)
[2015.11.17-18.30.53:602][829]LogModuleManager: Shutting down and abandoning module EpicSurvey (105)
[2015.11.17-18.30.53:602][829]LogModuleManager: Shutting down and abandoning module DesktopPlatform (104)
[2015.11.17-18.30.53:602][829]LogModuleManager: Shutting down and abandoning module VisualStudioSourceCodeAccess (103)
[2015.11.17-18.30.53:602][829]LogModuleManager: Shutting down and abandoning module UObjectPlugin (102)
[2015.11.17-18.30.53:602][829]LogModuleManager: Shutting down and abandoning module SubversionSourceControl (101)
[2015.11.17-18.30.53:602][829]LogModuleManager: Shutting down and abandoning module PerforceSourceControl (100)
[2015.11.17-18.30.53:602][829]LogModuleManager: Shutting down and abandoning module SourceControl (99)
[2015.11.17-18.30.53:602][829]LogModuleManager: Shutting down and abandoning module GitSourceControl (98)
[2015.11.17-18.30.53:602][829]LogModuleManager: Shutting down and abandoning module LightPropagationVolumeEditor (97)
[2015.11.17-18.30.53:602][829]LogModuleManager: Shutting down and abandoning module PaperTiledImporter (96)
[2015.11.17-18.30.53:602][829]LogModuleManager: Shutting down and abandoning module PaperSpriteSheetImporter (95)
[2015.11.17-18.30.53:602][829]LogModuleManager: Shutting down and abandoning module MeshPaint (94)
[2015.11.17-18.30.53:603][829]LogModuleManager: Shutting down and abandoning module SlateReflector (93)
[2015.11.17-18.30.53:603][829]LogModuleManager: Shutting down and abandoning module HotReload (92)
[2015.11.17-18.30.53:603][829]LogModuleManager: Shutting down and abandoning module MainFrame (91)
[2015.11.17-18.30.53:603][829]LogModuleManager: Shutting down and abandoning module LevelEditor (90)
[2015.11.17-18.30.53:603][829]LogModuleManager: Shutting down and abandoning module DirectoryWatcher (89)
[2015.11.17-18.30.53:604][829]LogModuleManager: Shutting down and abandoning module AssetRegistry (88)
[2015.11.17-18.30.53:713][829]LogModuleManager: Shutting down and abandoning module ContentBrowser (87)
[2015.11.17-18.30.53:714][829]LogModuleManager: Shutting down and abandoning module Paper2DEditor (86)
[2015.11.17-18.30.53:714][829]LogModuleManager: Shutting down and abandoning module UdpMessaging (85)
[2015.11.17-18.30.53:816][829]LogModuleManager: Shutting down and abandoning module LightPropagationVolumeRuntime (84)
[2015.11.17-18.30.53:816][829]LogModuleManager: Shutting down and abandoning module Paper2D (83)
[2015.11.17-18.30.53:816][829]LogModuleManager: Shutting down and abandoning module WindowsMoviePlayer (82)
[2015.11.17-18.30.53:822][829]LogModuleManager: Shutting down and abandoning module Media (81)
[2015.11.17-18.30.53:822][829]LogModuleManager: Shutting down and abandoning module WmfMedia (80)
[2015.11.17-18.30.53:822][829]LogModuleManager: Shutting down and abandoning module OnlineBlueprintSupport (79)
[2015.11.17-18.30.53:822][829]LogModuleManager: Shutting down and abandoning module GameplayTasksEditor (78)
[2015.11.17-18.30.53:822][829]LogModuleManager: Shutting down and abandoning module PropertyEditor (77)
[2015.11.17-18.30.53:823][829]LogModuleManager: Shutting down and abandoning module BehaviorTreeEditor (76)
[2015.11.17-18.30.53:823][829]LogModuleManager: Shutting down and abandoning module FunctionalTesting (75)
[2015.11.17-18.30.53:823][829]LogModuleManager: Shutting down and abandoning module CollisionAnalyzer (74)
[2015.11.17-18.30.53:823][829]LogModuleManager: Shutting down and abandoning module WorkspaceMenuStructure (73)
[2015.11.17-18.30.53:823][829]LogModuleManager: Shutting down and abandoning module MessageLog (72)
[2015.11.17-18.30.53:823][829]LogModuleManager: Shutting down and abandoning module Sequencer (71)
[2015.11.17-18.30.53:823][829]LogModuleManager: Shutting down and abandoning module AssetTools (70)
[2015.11.17-18.30.53:823][829]LogModuleManager: Shutting down and abandoning module UMGEditor (69)
[2015.11.17-18.30.53:823][829]LogModuleManager: Shutting down and abandoning module UMG (68)
[2015.11.17-18.30.53:823][829]LogModuleManager: Shutting down and abandoning module Slate (67)
[2015.11.17-18.30.53:823][829]LogModuleManager: Shutting down and abandoning module EditorStyle (66)
[2015.11.17-18.30.53:829][829]LogModuleManager: Shutting down and abandoning module SessionServices (65)
[2015.11.17-18.30.53:829][829]LogModuleManager: Shutting down and abandoning module SourceCodeAccess (64)
[2015.11.17-18.30.53:829][829]LogModuleManager: Shutting down and abandoning module HeadMountedDisplay (63)
[2015.11.17-18.30.53:829][829]LogModuleManager: Shutting down and abandoning module XAudio2 (62)
[2015.11.17-18.30.53:829][829]LogModuleManager: Shutting down and abandoning module Networking (60)
[2015.11.17-18.30.53:829][829]LogModuleManager: Shutting down and abandoning module Core (59)
[2015.11.17-18.30.53:829][829]LogModuleManager: Shutting down and abandoning module KismetCompiler (58)
[2015.11.17-18.30.53:829][829]LogModuleManager: Shutting down and abandoning module PhysXFormats (57)
[2015.11.17-18.30.53:829][829]LogModuleManager: Shutting down and abandoning module MeshUtilities (56)
[2015.11.17-18.30.53:829][829]LogModuleManager: Shutting down and abandoning module CookingStats (55)
[2015.11.17-18.30.53:833][829]LogModuleManager: Shutting down and abandoning module DerivedDataCache (54)
[2015.11.17-18.30.53:856][829]LogDerivedDataCache: Shutdown
[2015.11.17-18.30.53:856][829]LogModuleManager: Shutting down and abandoning module ShaderFormatOpenGL (53)
[2015.11.17-18.30.53:856][829]LogModuleManager: Shutting down and abandoning module ShaderFormatD3D (52)
[2015.11.17-18.30.53:856][829]LogModuleManager: Shutting down and abandoning module MetalShaderFormat (51)
[2015.11.17-18.30.53:856][829]LogModuleManager: Shutting down and abandoning module TextureFormatUncompressed (50)
[2015.11.17-18.30.53:856][829]LogModuleManager: Shutting down and abandoning module TextureFormatPVR (49)
[2015.11.17-18.30.53:856][829]LogModuleManager: Shutting down and abandoning module TextureFormatIntelISPCTexComp (48)
[2015.11.17-18.30.53:857][829]LogModuleManager: Shutting down and abandoning module TextureFormatDXT (47)
[2015.11.17-18.30.53:857][829]LogModuleManager: Shutting down and abandoning module ImageWrapper (46)
[2015.11.17-18.30.53:857][829]LogModuleManager: Shutting down and abandoning module TextureFormatASTC (45)
[2015.11.17-18.30.53:857][829]LogModuleManager: Shutting down and abandoning module TextureFormatAndroid (44)
[2015.11.17-18.30.53:857][829]LogModuleManager: Shutting down and abandoning module AudioFormatOpus (43)
[2015.11.17-18.30.53:857][829]LogModuleManager: Shutting down and abandoning module AudioFormatOgg (42)
[2015.11.17-18.30.53:857][829]LogModuleManager: Shutting down and abandoning module AudioFormatADPCM (41)
[2015.11.17-18.30.53:857][829]LogModuleManager: Shutting down and abandoning module LinuxTargetPlatform (40)
[2015.11.17-18.30.53:857][829]LogModuleManager: Shutting down and abandoning module LinuxServerTargetPlatform (39)
[2015.11.17-18.30.53:857][829]LogModuleManager: Shutting down and abandoning module LinuxNoEditorTargetPlatform (38)
[2015.11.17-18.30.53:857][829]LogModuleManager: Shutting down and abandoning module Messaging (37)
[2015.11.17-18.30.53:857][829]LogModuleManager: Shutting down and abandoning module IOSTargetPlatform (36)
[2015.11.17-18.30.53:857][829]LogModuleManager: Shutting down and abandoning module HTML5TargetPlatform (35)
[2015.11.17-18.30.53:857][829]LogModuleManager: Shutting down and abandoning module Android_PVRTCTargetPlatform (34)
[2015.11.17-18.30.53:857][829]LogModuleManager: Shutting down and abandoning module Android_ETC2TargetPlatform (33)
[2015.11.17-18.30.53:857][829]LogModuleManager: Shutting down and abandoning module Android_ETC1TargetPlatform (32)
[2015.11.17-18.30.53:857][829]LogModuleManager: Shutting down and abandoning module Android_DXTTargetPlatform (31)
[2015.11.17-18.30.53:857][829]LogModuleManager: Shutting down and abandoning module Android_ATCTargetPlatform (30)
[2015.11.17-18.30.53:857][829]LogModuleManager: Shutting down and abandoning module Android_ASTCTargetPlatform (29)
[2015.11.17-18.30.53:857][829]LogModuleManager: Shutting down and abandoning module AndroidTargetPlatform (28)
[2015.11.17-18.30.53:857][829]LogModuleManager: Shutting down and abandoning module WindowsTargetPlatform (27)
[2015.11.17-18.30.53:857][829]LogModuleManager: Shutting down and abandoning module WindowsServerTargetPlatform (26)
[2015.11.17-18.30.53:857][829]LogModuleManager: Shutting down and abandoning module WindowsNoEditorTargetPlatform (25)
[2015.11.17-18.30.53:857][829]LogModuleManager: Shutting down and abandoning module WindowsClientTargetPlatform (24)
[2015.11.17-18.30.53:857][829]LogModuleManager: Shutting down and abandoning module AllDesktopTargetPlatform (23)
[2015.11.17-18.30.53:857][829]LogModuleManager: Shutting down and abandoning module TargetPlatform (22)
[2015.11.17-18.30.53:857][829]LogModuleManager: Shutting down and abandoning module InputCore (21)
[2015.11.17-18.30.53:857][829]LogModuleManager: Shutting down and abandoning module Settings (20)
[2015.11.17-18.30.53:858][829]LogModuleManager: Shutting down and abandoning module OnlineSubsystem (18)
[2015.11.17-18.30.53:858][829]LogModuleManager: Shutting down and abandoning module HTTP (17)
[2015.11.17-18.30.54:859][829]LogModuleManager: Shutting down and abandoning module XMPP (16)
[2015.11.17-18.30.54:859][829]LogModuleManager: Shutting down and abandoning module ExampleDeviceProfileSelector (15)
[2015.11.17-18.30.54:859][829]LogModuleManager: Shutting down and abandoning module TextureCompressor (14)
[2015.11.17-18.30.54:859][829]LogModuleManager: Shutting down and abandoning module ShaderCore (13)
[2015.11.17-18.30.54:859][829]LogModuleManager: Shutting down and abandoning module Landscape (12)
[2015.11.17-18.30.54:859][829]LogModuleManager: Shutting down and abandoning module SlateRHIRenderer (11)
[2015.11.17-18.30.54:861][829]LogModuleManager: Shutting down and abandoning module OpenGLDrv (10)
[2015.11.17-18.30.54:861][829]LogModuleManager: Shutting down and abandoning module D3D11RHI (9)
[2015.11.17-18.30.54:861][829]LogModuleManager: Shutting down and abandoning module AnimGraphRuntime (8)
[2015.11.17-18.30.54:861][829]LogModuleManager: Shutting down and abandoning module Renderer (7)
[2015.11.17-18.30.54:861][829]LogModuleManager: Shutting down and abandoning module Engine (6)
[2015.11.17-18.30.54:861][829]LogModuleManager: Shutting down and abandoning module CoreUObject (5)
[2015.11.17-18.30.54:861][829]LogModuleManager: Shutting down and abandoning module NetworkFile (4)
[2015.11.17-18.30.54:861][829]LogModuleManager: Shutting down and abandoning module StreamingFile (3)
[2015.11.17-18.30.54:861][829]LogModuleManager: Shutting down and abandoning module SandboxFile (2)
[2015.11.17-18.30.54:861][829]LogModuleManager: Shutting down and abandoning module PakFile (1)
[2015.11.17-18.30.54:862][829]LogExit: Exiting.
[2015.11.17-18.30.54:864][829]Log file closed, 11/17/15 13:30:54
