[2015.11.05-02.03.57:513][  0]Log file open, 11/04/15 21:03:57
[2015.11.05-02.03.57:513][  0]LogInit:Display: Running engine for game: SantaSearch
[2015.11.05-02.03.57:513][  0]LogInit:Display: RandInit(-258800576) SRandInit(-258800575).
[2015.11.05-02.03.57:513][  0]LogTaskGraph: Started task graph with 4 named threads and 7 total threads.
[2015.11.05-02.03.57:513][  0]LogStats: Stats thread started at 0.078291
[2015.11.05-02.03.57:513][  0]LogInit: Version: 4.9.2-2707645+++depot+UE4-Releases+4.9
[2015.11.05-02.03.57:513][  0]LogInit: API Version: 2672455
[2015.11.05-02.03.57:513][  0]LogInit: Compiled (64-bit): Sep 28 2015 10:25:44
[2015.11.05-02.03.57:513][  0]LogInit: Compiled with Visual C++: 18.00.21005.01
[2015.11.05-02.03.57:513][  0]LogInit: Build Configuration: Development
[2015.11.05-02.03.57:513][  0]LogInit: Branch Name: ++depot+UE4-Releases+4.9
[2015.11.05-02.03.57:513][  0]LogInit: Command line: 
[2015.11.05-02.03.57:513][  0]LogInit: Base directory: C:/Program Files/Epic Games/4.9/Engine/Binaries/Win64/
[2015.11.05-02.03.57:513][  0]LogInit: Rocket: 1
[2015.11.05-02.03.57:520][  0]LogInit: Using libcurl 7.41.0
[2015.11.05-02.03.57:520][  0]LogInit:  - built for x86_64-pc-win32
[2015.11.05-02.03.57:520][  0]LogInit:  - supports SSL with WinSSL
[2015.11.05-02.03.57:520][  0]LogInit:  - other features:
[2015.11.05-02.03.57:520][  0]LogInit:      CURL_VERSION_SSL
[2015.11.05-02.03.57:520][  0]LogInit:      CURL_VERSION_IPV6
[2015.11.05-02.03.57:520][  0]LogInit:      CURL_VERSION_ASYNCHDNS
[2015.11.05-02.03.57:520][  0]LogInit:      CURL_VERSION_LARGEFILE
[2015.11.05-02.03.57:520][  0]LogInit:      CURL_VERSION_IDN
[2015.11.05-02.03.57:520][  0]LogInit:  CurlRequestOptions (configurable via config and command line):
[2015.11.05-02.03.57:520][  0]LogInit:  - bVerifyPeer = true  - Libcurl will verify peer certificate
[2015.11.05-02.03.57:520][  0]LogInit:  - bUseHttpProxy = false  - Libcurl will NOT use HTTP proxy
[2015.11.05-02.03.57:520][  0]LogInit:  - bDontReuseConnections = false  - Libcurl will reuse connections
[2015.11.05-02.03.57:520][  0]LogInit:  - CertBundlePath = nullptr  - Libcurl will use whatever was configured at build time.
[2015.11.05-02.03.57:525][  0]LogInit: Presizing for 0 objects not considered by GC, pre-allocating 0 bytes.
[2015.11.05-02.03.57:530][  0]LogInit: Object subsystem initialized
[2015.11.05-02.03.57:531][  0]LogConsoleManager:Warning: Console variable 'r.MSAA.CompositingSampleCount' wasn't set ('Scalability' has a lower priority than 'ProjectSetting')
[2015.11.05-02.03.57:531][  0]LogInit: Selected Device Profile: [Windows]
[2015.11.05-02.03.57:531][  0]LogInit: Applying CVar settings loaded from the selected device profile: [Windows]
[2015.11.05-02.03.57:536][  0]LogInit: Computer: ISSTVAN
[2015.11.05-02.03.57:536][  0]LogInit: User: RudeyPunk
[2015.11.05-02.03.57:536][  0]LogInit: CPU Page size=4096, Cores=4
[2015.11.05-02.03.57:536][  0]LogInit: High frequency timer resolution =3.906256 MHz
[2015.11.05-02.03.57:536][  0]LogMemory: Memory total: Physical=8.0GB (8GB approx)
[2015.11.05-02.03.57:536][  0]LogMemory: Platform Memory Stats for Windows
[2015.11.05-02.03.57:536][  0]LogMemory: Process Physical Memory: 54.04 MB used, 54.04 MB peak
[2015.11.05-02.03.57:536][  0]LogMemory: Process Virtual Memory: 58.24 MB used, 58.24 MB peak
[2015.11.05-02.03.57:536][  0]LogMemory: Physical Memory: 3957.47 MB used, 8141.15 MB total
[2015.11.05-02.03.57:536][  0]LogMemory: Virtual Memory: 368.51 MB used, 134217728.00 MB total
[2015.11.05-02.03.57:565][  0]LogTextLocalizationManager: No specific translations for ('en-US') exist, so ('en') translations will be used.
[2015.11.05-02.03.58:130][  0]LogD3D11RHI: Found D3D11 adapter 0: NVIDIA GeForce GTX 980 (Feature Level 11_0)
[2015.11.05-02.03.58:130][  0]LogD3D11RHI: Adapter has 4009MB of dedicated video memory, 0MB of dedicated system memory, and 4070MB of shared system memory, 2 output[s]
[2015.11.05-02.03.58:131][  0]LogD3D11RHI: Found D3D11 adapter 1: Microsoft Basic Render Driver (Feature Level 11_0)
[2015.11.05-02.03.58:131][  0]LogD3D11RHI: Adapter has 0MB of dedicated video memory, 0MB of dedicated system memory, and 4070MB of shared system memory, 0 output[s]
[2015.11.05-02.03.58:131][  0]LogD3D11RHI: Chosen D3D11 Adapter Id = 0
[2015.11.05-02.03.58:135][  0]LogD3D11RHI: !Direct3DDevice
[2015.11.05-02.03.58:135][  0]LogRHI: Texture pool is 1361 MB (70% of 1945 MB)
[2015.11.05-02.03.58:143][  0]LogD3D11RHI: Async texture creation enabled
[2015.11.05-02.03.58:157][  0]LogShaderCompilers: Guid format shader working directory is 15 characters bigger than the processId version (D:/IMyTH/xRooms/RND/SantaSearch/Intermediate/Shaders/WorkingDirectory/6320/).
[2015.11.05-02.03.58:158][  0]LogShaderCompilers: Cleaned the shader compiler working directory 'D:/IMyTH/xRooms/RND/SantaSearch/Intermediate/Shaders/tmp/B9FDCF11489E1072460FBF82CA417B9C/'.
[2015.11.05-02.03.58:158][  0]LogShaderCompilers:Display: Using Local Shader Compiler.
[2015.11.05-02.03.58:904][  0]LogTemp:Display: Loaded TP AllDesktopTargetPlatform
[2015.11.05-02.03.58:908][  0]LogTemp:Display: Loaded TP WindowsClientTargetPlatform
[2015.11.05-02.03.58:911][  0]LogTemp:Display: Loaded TP WindowsNoEditorTargetPlatform
[2015.11.05-02.03.58:915][  0]LogTemp:Display: Loaded TP WindowsServerTargetPlatform
[2015.11.05-02.03.58:919][  0]LogTemp:Display: Loaded TP WindowsTargetPlatform
[2015.11.05-02.03.58:921][  0]LogTemp:Display: Loaded TP AndroidTargetPlatform
[2015.11.05-02.03.58:924][  0]LogTemp:Display: Loaded TP Android_ASTCTargetPlatform
[2015.11.05-02.03.58:926][  0]LogTemp:Display: Loaded TP Android_ATCTargetPlatform
[2015.11.05-02.03.58:928][  0]LogTemp:Display: Loaded TP Android_DXTTargetPlatform
[2015.11.05-02.03.58:931][  0]LogTemp:Display: Loaded TP Android_ETC1TargetPlatform
[2015.11.05-02.03.58:933][  0]LogTemp:Display: Loaded TP Android_ETC2TargetPlatform
[2015.11.05-02.03.58:936][  0]LogTemp:Display: Loaded TP Android_PVRTCTargetPlatform
[2015.11.05-02.03.58:936][  0]LogTemp:Display: Loaded TP HTML5TargetPlatform
[2015.11.05-02.03.58:953][  0]LogTemp:Display: Loaded TP IOSTargetPlatform
[2015.11.05-02.03.58:955][  0]LogTemp:Display: Loaded TP LinuxNoEditorTargetPlatform
[2015.11.05-02.03.58:957][  0]LogTemp:Display: Loaded TP LinuxServerTargetPlatform
[2015.11.05-02.03.58:959][  0]LogTemp:Display: Loaded TP LinuxTargetPlatform
[2015.11.05-02.03.58:959][  0]LogTargetPlatformManager:Display: Building Assets For Windows
[2015.11.05-02.03.59:020][  0]LogDerivedDataCache:Display: Max Cache Size: 512 MB
[2015.11.05-02.03.59:052][  0]LogDerivedDataCache: Loaded boot cache 0.03s 42MB C:/Users/RudeyPunk/AppData/Local/UnrealEngine/4.9/DerivedDataCache/Boot.ddc.
[2015.11.05-02.03.59:052][  0]LogDerivedDataCache:Display: Loaded Boot cache: C:/Users/RudeyPunk/AppData/Local/UnrealEngine/4.9/DerivedDataCache/Boot.ddc
[2015.11.05-02.03.59:052][  0]LogDerivedDataCache: FDerivedDataBackendGraph:  Pak pak cache file D:/IMyTH/xRooms/RND/SantaSearch/DerivedDataCache/DDC.ddp not found, will not use a pak cache.
[2015.11.05-02.03.59:052][  0]LogDerivedDataCache: Unable to find inner node Pak for hierarchical cache Hierarchy.
[2015.11.05-02.03.59:128][  0]LogDerivedDataCache:Display: Pak cache opened for reading D:/IMyTH/xRooms/RND/SantaSearch/DerivedDataCache/Compressed.ddp.
[2015.11.05-02.03.59:226][  0]LogDerivedDataCache:Display: Pak cache opened for reading ../../../Engine/DerivedDataCache/Compressed.ddp.
[2015.11.05-02.03.59:238][  0]LogDerivedDataCache: Using Local data cache path C:/Users/RudeyPunk/AppData/Local/UnrealEngine/Common/DerivedDataCache: Writable
[2015.11.05-02.03.59:382][  0]LogInit: Selected Device Profile: [Windows]
[2015.11.05-02.03.59:384][  0]LogContentStreaming: Texture pool size is 0.000000MB
[2015.11.05-02.03.59:467][  0]LogMeshUtilities: No automatic mesh reduction module available
[2015.11.05-02.03.59:467][  0]LogMeshUtilities: No automatic mesh merging module available
[2015.11.05-02.03.59:647][  0]LogInit: WinSock: version 1.1 (2.2), MaxSocks=32767, MaxUdp=65467
[2015.11.05-02.04.00:183][  0]UdpMessaging: Initializing bridge on interface 0.0.0.0:0 to multicast group 230.0.0.1:6666.
[2015.11.05-02.04.00:309][  0]LogAssetRegistry: FAssetRegistry took 0.0104 seconds to start up
[2015.11.05-02.04.00:423][  0]SourceControl: Info Source control is disabled
[2015.11.05-02.04.00:432][  0]SourceControl: Info Source control is disabled
[2015.11.05-02.04.00:440][  0]SourceControl: Info Source control is disabled
[2015.11.05-02.04.00:448][  0]SourceControl: Info Source control is disabled
[2015.11.05-02.04.00:548][  0]LogHoudiniEngine: Starting the Houdini Engine module.
[2015.11.05-02.04.00:549][  0]LogHoudiniEngine: Loaded libHAPIL.dll from HFS environment path C:/PROGRA~1/SIDEEF~1/HOUDIN~1.16/bin
[2015.11.05-02.04.00:549][  0]LogLinker:Warning: Asset '../../../Engine/Plugins/Runtime/HoudiniEngine/Content/houdini_logo.uasset' has been saved with empty engine version. The asset will be loaded but may be incompatible.
[2015.11.05-02.04.00:550][  0]LogLinker:Warning: Asset '../../../Engine/Plugins/Runtime/HoudiniEngine/Content/houdini_default_material.uasset' has been saved with empty engine version. The asset will be loaded but may be incompatible.
[2015.11.05-02.04.00:952][  0]LogHoudiniEngine: Successfully intialized the Houdini Engine API module.
[2015.11.05-02.04.00:978][  0]LogLinker:Warning: Asset '../../../Engine/Plugins/Runtime/LeapMotionController/Content/LM_PassthroughMaterial.uasset' has been saved with empty engine version. The asset will be loaded but may be incompatible.
[2015.11.05-02.04.01:043][  0]LogObj: 28482 objects as part of root set at end of initial load.
[2015.11.05-02.04.01:043][  0]LogUObjectAllocator: 6074032 out of 0 bytes used by permanent object pool.
[2015.11.05-02.04.01:087][  0]LogEngine: Initializing Engine...
[2015.11.05-02.04.01:089][  0]LogHMD: Can't find Oculus library dev build: is proper Runtime installed? Version: 0.7.0.0
[2015.11.05-02.04.01:089][  0]LogHMD: SteamVR failed to initialize.  Err: 110
[2015.11.05-02.04.01:192][  0]LogAIModule: Creating AISystem for world NewWorld
[2015.11.05-02.04.01:197][  0]LogInit: XAudio2 using 'Speakers (Realtek High Definition Audio)' : 2 channels at 48 kHz using 32 bits per sample (channel mask 0x3)
[2015.11.05-02.04.01:219][  0]LogInit: FAudioDevice initialized.
[2015.11.05-02.04.01:235][  0]LogDerivedDataCache: Saved boot cache 0.02s 42MB C:/Users/RudeyPunk/AppData/Local/UnrealEngine/4.9/DerivedDataCache/Boot.ddc.
[2015.11.05-02.04.01:237][  0]LogInit: Texture streaming: Enabled
[2015.11.05-02.04.01:242][  0]LogAnalytics: Creating configured Analytics provider AnalyticsET
[2015.11.05-02.04.01:242][  0]LogAnalytics: [UEEditor.Rocket.Release] APIServer = http://et2.epicgames.com/ET2/. AppVersion = 4.9.2-2707645+++depot+UE4-Releases+4.9
[2015.11.05-02.04.01:242][  0]LogAnalytics: [UEEditor.Rocket.Release] SetUserId 616fff054fd338fe95b7b89cc34538a1|6dee01914e174258b8c89718799d58e5|1462898c-ea64-4062-b7c1-32114cb7f44a
[2015.11.05-02.04.01:242][  0]LogAnalytics: [UEEditor.Rocket.Release] AnalyticsET::StartSession
[2015.11.05-02.04.01:266][  0]LogInit: Transaction tracking system initialized
[2015.11.05-02.04.01:290][  0]BlueprintLog: New page: Editor Load
[2015.11.05-02.04.01:435][  0]LocalizationService: Info Localization service is disabled
[2015.11.05-02.04.01:509][  0]LogLinker:Warning: Can't find file '/Game/FirstPersonBP/FirstPersonOverview'
[2015.11.05-02.04.01:509][  0]LogLinker:Warning: Can't find file '/Game/FirstPersonBP/FirstPersonOverview'
[2015.11.05-02.04.01:509][  0]LogUObjectGlobals:Warning: Failed to find object 'Class /Game/FirstPersonBP/FirstPersonOverview.FirstPersonOverview_C'
[2015.11.05-02.04.01:519][  0]LogConsoleResponse:Display: 
[2015.11.05-02.04.01:672][  0]LogCook:Display: Done creating registry. It took  0.00s.
[2015.11.05-02.04.01:695][  0]LogFileCache: Scanning file cache for directory 'D:/IMyTH/xRooms/RND/SantaSearch/Content/' took 0.01s
[2015.11.05-02.04.01:695][  0]LogHoudiniEngineEditor: Starting the Houdini Engine Editor module.
[2015.11.05-02.04.01:722][  0]SourceControl: Info Source control is disabled
[2015.11.05-02.04.01:722][  0]Cmd: MAP LOAD FILE="D:/IMyTH/xRooms/RND/SantaSearch/Content/Maps/MemoryCardEntry.umap" TEMPLATE=0 SHOWPROGRESS=1 FEATURELEVEL=3
[2015.11.05-02.04.01:747][  0]LightingResults: New page: Lighting Build
[2015.11.05-02.04.01:749][  0]MapCheck: New page: Map Check
[2015.11.05-02.04.01:749][  0]LightingResults: New page: Lighting Build
[2015.11.05-02.04.01:757][  0]LogParticles: Destroying 0 GPU particle simulations for FXSystem 0x00000086B0285E40
[2015.11.05-02.04.02:648][  0]LogBlueprint:Warning: ExposeOnSpawn ambiguity. Property 'IntProperty /Game/Blueprints/BP_CardMem.BP_CardMem_C:CardIType', MetaData 'True', Flag 'False'
[2015.11.05-02.04.04:492][  0]LogAIModule: Creating AISystem for world MemoryCardEntry
[2015.11.05-02.04.04:505][  0]LogEditorServer: Finished looking for orphan Actors (0.000 secs)
[2015.11.05-02.04.04:506][  0]Cmd: MAP CHECKDEP NOCLEARLOG
[2015.11.05-02.04.04:564][  0]MapCheck: Info Map check complete: 0 Error(s), 0 Warning(s), took 57.734ms to complete.
[2015.11.05-02.04.04:564][  0]LogFileHelpers: Loading map 'MemoryCardEntry' took 2.841
[2015.11.05-02.04.04:679][  0]LogCollectionManager: Loaded 0 collections in 0.001708 seconds
[2015.11.05-02.04.04:726][  0]LogFileCache: Scanning file cache for directory 'D:/IMyTH/xRooms/RND/SantaSearch/Saved/Collections/' took 0.01s
[2015.11.05-02.04.04:726][  0]LogFileCache: Scanning file cache for directory 'D:/IMyTH/xRooms/RND/SantaSearch/Content/Developers/RudeyPunk/Collections/' took 0.01s
[2015.11.05-02.04.04:726][  0]LogFileCache: Scanning file cache for directory 'D:/IMyTH/xRooms/RND/SantaSearch/Content/Collections/' took 0.01s
[2015.11.05-02.04.04:726][  0]LogContentBrowser: Native class hierarchy populated in 0.0066 seconds. Added 1893 classes and 338 folders.
[2015.11.05-02.04.04:741][  0]LogCollectionManager: Rebuilt the GUID cache for 0 collections in 0.000002 seconds
[2015.11.05-02.04.04:751][  0]LogContentBrowser: Native class hierarchy updated for 'WidgetCarousel' in 0.0003 seconds. Added 0 classes and 0 folders.
[2015.11.05-02.04.04:860][  0]LogContentBrowser: Native class hierarchy updated for 'AddContentDialog' in 0.0003 seconds. Added 0 classes and 0 folders.
[2015.11.05-02.04.04:876][  0]LogContentBrowser: Native class hierarchy updated for 'SceneOutliner' in 0.0003 seconds. Added 1 classes and 2 folders.
[2015.11.05-02.04.05:016][  0]LogCrashTracker: Crashtracker disabled due to settings.
[2015.11.05-02.04.05:023][  0]LogUObjectGlobals:Warning: Failed to find object 'Class None.'
[2015.11.05-02.04.05:046][  0]LogLoad: Full Startup: 7.96 seconds (BP compile: 0.43 seconds)
[2015.11.05-02.04.05:100][  0]LogContentStreaming: Texture pool size now 1000 MB
[2015.11.05-02.04.05:208][  0]LogRenderer: Reallocating scene render targets to support 1208x576 (Frame:2).
[2015.11.05-02.04.05:523][  7]LogAssetRegistry: Asset discovery search completed in 5.2250 seconds
[2015.11.05-02.04.05:523][  7]LogCollectionManager: Rebuilt the object cache for 0 collections in 0.000001 seconds (found 0 objects)
[2015.11.05-02.04.05:523][  7]LogCollectionManager: Fixed up redirectors for 0 collections in 0.000035 seconds (updated 0 objects)
[2015.11.05-02.04.48:725][164]LogMaterial: Missing cached shader map for material T_Animal_01_D_Mat, compiling. 
[2015.11.05-02.04.48:795][164]LogMaterial: Missing cached shader map for material T_Animal_01_D_Mat, compiling. 
[2015.11.05-02.04.48:797][164]LogMaterial: 0.000101 seconds spent updating 1 materials, 1 interfaces, 0 instances, 0 with static permutations.
[2015.11.05-02.04.48:826][164]LogMaterial: Missing cached shader map for material FMatExpressionPreview MaterialExpressionTextureSample_0, compiling. 
[2015.11.05-02.04.49:856][257]MaterialEditorStats: Info Base pass shader without light map: 19 instructions
[2015.11.05-02.04.49:856][257]MaterialEditorStats: Info Vertex shader: 33 instructions
[2015.11.05-02.04.49:856][257]MaterialEditorStats: Info Texture samplers: 1/16
[2015.11.05-02.05.01:378][549]LogContentBrowser: Native class hierarchy updated for 'TextureEditor' in 0.0003 seconds. Added 1 classes and 2 folders.
[2015.11.05-02.08.36:283][829]AssetReimport: New page: Outstanding source content changes 4:08:36 PM
[2015.11.05-02.08.36:285][829]LogFactory: FactoryCreateBinary: Texture with ReimportTextureFactory (0 0 D:/IMyTH/xRooms/RND/SantaSearch/Content/Assets/Textures/reindeersBGWhite.jpg)
[2015.11.05-02.08.36:439][829]Cmd: OBJ SAVEPACKAGE PACKAGE="/Game/Assets/Textures/reindeersBGWhite" FILE="D:/IMyTH/xRooms/RND/SantaSearch/Content/Assets/Textures/reindeersBGWhite.uasset" SILENT=true
[2015.11.05-02.08.36:491][829]LogSavePackage: Save=51.234482ms
[2015.11.05-02.08.36:491][829]LogSavePackage: Moving 'D:/IMyTH/xRooms/RND/SantaSearch/Saved/reindeersBGWhite8AE3FC3448B606FB1FC2BE95EAB8EC20.tmp' to 'D:/IMyTH/xRooms/RND/SantaSearch/Content/Assets/Textures/reindeersBGWhite.uasset'
[2015.11.05-02.08.36:492][829]LogSavePackage: Total save time: 52.649904ms
[2015.11.05-02.08.36:492][829]LogSavePackage:Warning: Finished SavePackage D:/IMyTH/xRooms/RND/SantaSearch/Content/Assets/Textures/reindeersBGWhite.uasset
[2015.11.05-02.08.39:615][839]AssetReimport: Info Importing new asset /Game/Assets/Textures/reindeersBGWhite.
[2015.11.05-02.10.58:948][257]AssetReimport: New page: Outstanding source content changes 4:10:58 PM
[2015.11.05-02.10.58:949][257]LogFactory: FactoryCreateBinary: Texture with ReimportTextureFactory (0 0 D:/IMyTH/xRooms/RND/SantaSearch/Content/Assets/Textures/retroReindeer.jpg)
[2015.11.05-02.10.59:071][257]Cmd: OBJ SAVEPACKAGE PACKAGE="/Game/Assets/Textures/retroReindeer" FILE="D:/IMyTH/xRooms/RND/SantaSearch/Content/Assets/Textures/retroReindeer.uasset" SILENT=true
[2015.11.05-02.10.59:105][257]LogSavePackage: Save=33.027020ms
[2015.11.05-02.10.59:105][257]LogSavePackage: Moving 'D:/IMyTH/xRooms/RND/SantaSearch/Saved/retroReindeerB85E3ED14CA98E6909AD66A56239ED20.tmp' to 'D:/IMyTH/xRooms/RND/SantaSearch/Content/Assets/Textures/retroReindeer.uasset'
[2015.11.05-02.10.59:106][257]LogSavePackage: Total save time: 34.038477ms
[2015.11.05-02.10.59:106][257]LogSavePackage:Warning: Finished SavePackage D:/IMyTH/xRooms/RND/SantaSearch/Content/Assets/Textures/retroReindeer.uasset
[2015.11.05-02.11.02:280][267]AssetReimport: Info Importing new asset /Game/Assets/Textures/retroReindeer.
[2015.11.05-02.19.39:283][818]AssetReimport: New page: Outstanding source content changes 4:19:39 PM
[2015.11.05-02.19.39:284][818]LogFactory: FactoryCreateBinary: Texture with ReimportTextureFactory (0 0 D:/IMyTH/xRooms/RND/SantaSearch/Content/Assets/Textures/santasReindeers.jpg)
[2015.11.05-02.19.39:471][818]Cmd: OBJ SAVEPACKAGE PACKAGE="/Game/Assets/Textures/santasReindeers" FILE="D:/IMyTH/xRooms/RND/SantaSearch/Content/Assets/Textures/santasReindeers.uasset" SILENT=true
[2015.11.05-02.19.39:605][818]LogSavePackage: Save=133.011246ms
[2015.11.05-02.19.39:605][818]LogSavePackage: Moving 'D:/IMyTH/xRooms/RND/SantaSearch/Saved/santasReindeersF8223CFE40422841827A13BAD1C9AFD5.tmp' to 'D:/IMyTH/xRooms/RND/SantaSearch/Content/Assets/Textures/santasReindeers.uasset'
[2015.11.05-02.19.39:606][818]LogSavePackage: Total save time: 134.115890ms
[2015.11.05-02.19.39:606][818]LogSavePackage:Warning: Finished SavePackage D:/IMyTH/xRooms/RND/SantaSearch/Content/Assets/Textures/santasReindeers.uasset
[2015.11.05-02.19.42:650][828]AssetReimport: Info Importing new asset /Game/Assets/Textures/santasReindeers.
[2015.11.05-02.20.01:316][884]AssetReimport: New page: Outstanding source content changes 4:20:01 PM
[2015.11.05-02.20.01:317][884]LogFactory: FactoryCreateBinary: Texture with ReimportTextureFactory (0 0 D:/IMyTH/xRooms/RND/SantaSearch/Content/Assets/Textures/Rudolph.jpg)
[2015.11.05-02.20.01:431][884]Cmd: OBJ SAVEPACKAGE PACKAGE="/Game/Assets/Textures/Rudolph" FILE="D:/IMyTH/xRooms/RND/SantaSearch/Content/Assets/Textures/Rudolph.uasset" SILENT=true
[2015.11.05-02.20.01:475][884]LogSavePackage: Save=43.616959ms
[2015.11.05-02.20.01:475][884]LogSavePackage: Moving 'D:/IMyTH/xRooms/RND/SantaSearch/Saved/Rudolph32E24DB044EDD85FBEEADCBF8D7918BF.tmp' to 'D:/IMyTH/xRooms/RND/SantaSearch/Content/Assets/Textures/Rudolph.uasset'
[2015.11.05-02.20.01:477][884]LogSavePackage: Total save time: 45.141436ms
[2015.11.05-02.20.01:477][884]LogSavePackage:Warning: Finished SavePackage D:/IMyTH/xRooms/RND/SantaSearch/Content/Assets/Textures/Rudolph.uasset
[2015.11.05-02.20.04:650][894]AssetReimport: Info Importing new asset /Game/Assets/Textures/Rudolph.
[2015.11.05-02.24.15:188][968]AssetReimport: New page: Outstanding source content changes 4:24:15 PM
[2015.11.05-02.24.15:188][968]LogFactory: FactoryCreateBinary: Texture with ReimportTextureFactory (0 0 D:/IMyTH/xRooms/RND/SantaSearch/Content/Assets/Textures/humbleBumbles.jpg)
[2015.11.05-02.24.15:297][968]Cmd: OBJ SAVEPACKAGE PACKAGE="/Game/Assets/Textures/humbleBumbles" FILE="D:/IMyTH/xRooms/RND/SantaSearch/Content/Assets/Textures/humbleBumbles.uasset" SILENT=true
[2015.11.05-02.24.15:326][968]LogSavePackage: Save=28.162518ms
[2015.11.05-02.24.15:326][968]LogSavePackage: Moving 'D:/IMyTH/xRooms/RND/SantaSearch/Saved/humbleBumbles270AA19E401801B6A089229DA4A14E0B.tmp' to 'D:/IMyTH/xRooms/RND/SantaSearch/Content/Assets/Textures/humbleBumbles.uasset'
[2015.11.05-02.24.15:327][968]LogSavePackage: Total save time: 29.220819ms
[2015.11.05-02.24.15:327][968]LogSavePackage:Warning: Finished SavePackage D:/IMyTH/xRooms/RND/SantaSearch/Content/Assets/Textures/humbleBumbles.uasset
[2015.11.05-03.32.23:176][232]LogFactory: FactoryCreateBinary: Texture with ReimportTextureFactory (0 0 D:/IMyTH/xRooms/RND/SantaSearch/Content/Assets/Textures/reindeersBG.psd)
[2015.11.05-03.32.23:353][232]Cmd: OBJ SAVEPACKAGE PACKAGE="/Game/Assets/Textures/reindeersBG" FILE="D:/IMyTH/xRooms/RND/SantaSearch/Content/Assets/Textures/reindeersBG.uasset" SILENT=true
[2015.11.05-03.32.23:377][232]LogSavePackage: Save=22.126045ms
[2015.11.05-03.32.23:377][232]LogSavePackage: Moving 'D:/IMyTH/xRooms/RND/SantaSearch/Saved/reindeersBG00771F0340482150B29FF797EE0E5B63.tmp' to 'D:/IMyTH/xRooms/RND/SantaSearch/Content/Assets/Textures/reindeersBG.uasset'
[2015.11.05-03.32.23:378][232]LogSavePackage: Total save time: 23.235548ms
[2015.11.05-03.32.23:378][232]LogSavePackage:Warning: Finished SavePackage D:/IMyTH/xRooms/RND/SantaSearch/Content/Assets/Textures/reindeersBG.uasset
[2015.11.05-03.41.55:511][949]LogFactory: FactoryCreateBinary: Texture with ReimportTextureFactory (0 0 D:/IMyTH/xRooms/RND/SantaSearch/Content/Assets/Textures/Dasher.psd)
[2015.11.05-03.41.55:685][949]Cmd: OBJ SAVEPACKAGE PACKAGE="/Game/Assets/Textures/Dasher" FILE="D:/IMyTH/xRooms/RND/SantaSearch/Content/Assets/Textures/Dasher.uasset" SILENT=true
[2015.11.05-03.41.55:716][949]LogSavePackage: Save=30.186449ms
[2015.11.05-03.41.55:716][949]LogSavePackage: Moving 'D:/IMyTH/xRooms/RND/SantaSearch/Saved/Dasher2AA3DB4646DADD626BE9398E335E29DA.tmp' to 'D:/IMyTH/xRooms/RND/SantaSearch/Content/Assets/Textures/Dasher.uasset'
[2015.11.05-03.41.55:717][949]LogSavePackage: Total save time: 31.207632ms
[2015.11.05-03.41.55:717][949]LogSavePackage:Warning: Finished SavePackage D:/IMyTH/xRooms/RND/SantaSearch/Content/Assets/Textures/Dasher.uasset
[2015.11.05-03.42.28:516][227]AssetReimport: Info Importing new asset /Game/Assets/Textures/humbleBumbles.
[2015.11.05-03.42.28:516][227]AssetReimport: Info Importing new asset /Game/Assets/Textures/reindeersBG.
[2015.11.05-03.42.28:516][227]AssetReimport: Info Importing new asset /Game/Assets/Textures/Dasher.
[2015.11.05-03.42.28:516][227]AssetReimport:Warning: Warning Can't create a new asset at /Game/Assets/Textures/Dasher - one already exists.
[2015.11.05-03.43.20:974][385]LogMaterial: Missing cached shader map for material T_Animal_08_D_Mat, compiling. 
[2015.11.05-03.43.21:030][385]LogMaterial: Missing cached shader map for material T_Animal_08_D_Mat, compiling. 
[2015.11.05-03.43.21:032][385]LogMaterial: 0.000072 seconds spent updating 1 materials, 1 interfaces, 0 instances, 0 with static permutations.
[2015.11.05-03.43.21:068][385]LogMaterial: Missing cached shader map for material FMatExpressionPreview MaterialExpressionTextureSample_9, compiling. 
[2015.11.05-03.43.21:523][418]MaterialEditorStats: Info Base pass shader without light map: 19 instructions
[2015.11.05-03.43.21:523][418]MaterialEditorStats: Info Vertex shader: 33 instructions
[2015.11.05-03.43.21:523][418]MaterialEditorStats: Info Texture samplers: 1/16
[2015.11.05-03.43.34:202][833]LogMaterial: Missing cached shader map for material T_Animal_08_D_Mat, compiling. 
[2015.11.05-03.43.34:204][833]LogMaterial: 0.000062 seconds spent updating 1 materials, 1 interfaces, 0 instances, 0 with static permutations.
[2015.11.05-03.43.34:231][833]LogMaterial: Missing cached shader map for material FMatExpressionPreview MaterialExpressionTextureSample_9, compiling. 
[2015.11.05-03.43.34:350][842]MaterialEditorStats: Info Base pass shader without light map: 19 instructions
[2015.11.05-03.43.34:350][842]MaterialEditorStats: Info Vertex shader: 33 instructions
[2015.11.05-03.43.34:350][842]MaterialEditorStats: Info Texture samplers: 1/16
[2015.11.05-03.43.39:283][406]LogMaterialEditor: Saving and Compiling material T_Animal_08_D_Mat
[2015.11.05-03.43.39:814][406]LogMaterial: Missing cached shader map for material T_Animal_08_D_Mat, compiling. 
[2015.11.05-03.43.39:818][406]LogMaterial: 0.000041 seconds spent updating 1 materials, 1 interfaces, 0 instances, 0 with static permutations.
[2015.11.05-03.43.39:854][406]LogMaterial: Missing cached shader map for material T_Animal_08_D_Mat, compiling. 
[2015.11.05-03.43.39:864][406]LogMaterial: Missing cached shader map for material T_Animal_08_D_Mat, compiling. 
[2015.11.05-03.43.39:868][406]LogMaterial: 0.000983 seconds spent updating 1 materials, 1 interfaces, 0 instances, 0 with static permutations.
[2015.11.05-03.43.40:315][406]Cmd: OBJ SAVEPACKAGE PACKAGE="/Game/Assets/Materials/T_Animal_08_D_Mat" FILE="D:/IMyTH/xRooms/RND/SantaSearch/Content/Assets/Materials/T_Animal_08_D_Mat.uasset" SILENT=true
[2015.11.05-03.43.40:343][406]LogSavePackage: Save=15.021289ms
[2015.11.05-03.43.40:343][406]LogSavePackage: Moving 'D:/IMyTH/xRooms/RND/SantaSearch/Saved/T_Animal_08_D_MatC39FC4BB4106B087E32F2DB12758FDF1.tmp' to 'D:/IMyTH/xRooms/RND/SantaSearch/Content/Assets/Materials/T_Animal_08_D_Mat.uasset'
[2015.11.05-03.43.40:344][406]LogSavePackage: Total save time: 28.464854ms
[2015.11.05-03.43.40:344][406]LogSavePackage:Warning: Finished SavePackage D:/IMyTH/xRooms/RND/SantaSearch/Content/Assets/Materials/T_Animal_08_D_Mat.uasset
[2015.11.05-03.43.40:349][406]MaterialEditorStats: Info Base pass shader without light map: 44 instructions
[2015.11.05-03.43.40:349][406]MaterialEditorStats: Info Vertex shader: 33 instructions
[2015.11.05-03.43.40:349][406]MaterialEditorStats: Info Texture samplers: 1/16
[2015.11.05-03.43.49:362][440]LogBlueprintUserMessages: Early PlayInEditor Detection: Level '/Game/Maps/MemoryCardEntry.MemoryCardEntry:PersistentLevel' has LevelScriptBlueprint '/Game/Maps/MemoryCardEntry.MemoryCardEntry:PersistentLevel.MemoryCardEntry' with GeneratedClass '/Game/Maps/MemoryCardEntry.MemoryCardEntry_C' with ClassGeneratedBy '/Game/Maps/MemoryCardEntry.MemoryCardEntry:PersistentLevel.MemoryCardEntry'
[2015.11.05-03.43.49:362][440]LogPlayLevel: PlayLevel: No blueprints needed recompiling
[2015.11.05-03.43.49:364][440]PIE: New page: PIE session: MemoryCardEntry (Nov 4, 2015, 5:43:49 PM)
[2015.11.05-03.43.49:365][440]LogPlayLevel: Creating play world package: /Game/Maps/UEDPIE_0_MemoryCardEntry
[2015.11.05-03.43.49:389][440]LogPlayLevel: PIE: StaticDuplicateObject took: (0.023752s)
[2015.11.05-03.43.49:389][440]LogAIModule: Creating AISystem for world MemoryCardEntry
[2015.11.05-03.43.49:390][440]LogPlayLevel: PIE: World Init took: (0.000842s)
[2015.11.05-03.43.49:390][440]LogPlayLevel: PIE: Created PIE world by copying editor world from /Game/Maps/MemoryCardEntry.MemoryCardEntry to /Game/Maps/UEDPIE_0_MemoryCardEntry.MemoryCardEntry (0.025269s)
[2015.11.05-03.43.49:437][440]LogParticles: Destroying 0 GPU particle simulations for FXSystem 0x00000086A2CDBB00
[2015.11.05-03.43.49:438][440]LogParticles: Destroying 0 GPU particle simulations for FXSystem 0x00000086C4B734C0
[2015.11.05-03.43.49:464][440]LogInit: XAudio2 using 'Speakers (Realtek High Definition Audio)' : 2 channels at 48 kHz using 32 bits per sample (channel mask 0x3)
[2015.11.05-03.43.49:473][440]LogInit: FAudioDevice initialized.
[2015.11.05-03.43.49:528][440]LogWorld: Game class is 'BP_LogicMem_C'
[2015.11.05-03.43.49:539][440]LogWorld: Bringing World /Game/Maps/UEDPIE_0_MemoryCardEntry.MemoryCardEntry up for play (max tick rate 0) at 2015.11.04-22.43.49
[2015.11.05-03.43.49:539][440]LogActor:Warning: GameSession /Game/Maps/UEDPIE_0_MemoryCardEntry.MemoryCardEntry:PersistentLevel.GameSession_0 has natively added scene component(s), but none of them were set as the actor's RootComponent - picking one arbitrarily
[2015.11.05-03.43.49:540][440]LogActor:Warning: GameNetworkManager /Game/Maps/UEDPIE_0_MemoryCardEntry.MemoryCardEntry:PersistentLevel.GameNetworkManager_0 has natively added scene component(s), but none of them were set as the actor's RootComponent - picking one arbitrarily
[2015.11.05-03.43.49:544][440]LogWorld: Bringing up level for play took: 0.007332
[2015.11.05-03.43.49:572][440]PIE: Info Play in editor start time for /Game/Maps/UEDPIE_0_MemoryCardEntry -0.343
[2015.11.05-03.43.49:572][440]LogBlueprintUserMessages: Late PlayInEditor Detection: Level '/Game/Maps/MemoryCardEntry.MemoryCardEntry:PersistentLevel' has LevelScriptBlueprint '/Game/Maps/MemoryCardEntry.MemoryCardEntry:PersistentLevel.MemoryCardEntry' with GeneratedClass '/Game/Maps/MemoryCardEntry.MemoryCardEntry_C' with ClassGeneratedBy '/Game/Maps/MemoryCardEntry.MemoryCardEntry:PersistentLevel.MemoryCardEntry'
[2015.11.05-03.44.29:320][202]LogBlueprintUserMessages: Early EndPlayMap Detection: Level '/Game/Maps/MemoryCardEntry.MemoryCardEntry:PersistentLevel' has LevelScriptBlueprint '/Game/Maps/MemoryCardEntry.MemoryCardEntry:PersistentLevel.MemoryCardEntry' with GeneratedClass '/Game/Maps/MemoryCardEntry.MemoryCardEntry_C' with ClassGeneratedBy '/Game/Maps/MemoryCardEntry.MemoryCardEntry:PersistentLevel.MemoryCardEntry'
[2015.11.05-03.44.29:360][202]LogBlueprintUserMessages: Late EndPlayMap Detection: Level '/Game/Maps/MemoryCardEntry.MemoryCardEntry:PersistentLevel' has LevelScriptBlueprint '/Game/Maps/MemoryCardEntry.MemoryCardEntry:PersistentLevel.MemoryCardEntry' with GeneratedClass '/Game/Maps/MemoryCardEntry.MemoryCardEntry_C' with ClassGeneratedBy '/Game/Maps/MemoryCardEntry.MemoryCardEntry:PersistentLevel.MemoryCardEntry'
[2015.11.05-03.44.29:376][202]LogParticles: Destroying 0 GPU particle simulations for FXSystem 0x0000008689E64AE0
[2015.11.05-03.44.32:536][578]LogBlueprintUserMessages: Early PlayInEditor Detection: Level '/Game/Maps/MemoryCardEntry.MemoryCardEntry:PersistentLevel' has LevelScriptBlueprint '/Game/Maps/MemoryCardEntry.MemoryCardEntry:PersistentLevel.MemoryCardEntry' with GeneratedClass '/Game/Maps/MemoryCardEntry.MemoryCardEntry_C' with ClassGeneratedBy '/Game/Maps/MemoryCardEntry.MemoryCardEntry:PersistentLevel.MemoryCardEntry'
[2015.11.05-03.44.32:536][578]LogPlayLevel: PlayLevel: No blueprints needed recompiling
[2015.11.05-03.44.32:536][578]PIE: New page: PIE session: MemoryCardEntry (Nov 4, 2015, 5:44:32 PM)
[2015.11.05-03.44.32:536][578]LogPlayLevel: Creating play world package: /Game/Maps/UEDPIE_0_MemoryCardEntry
[2015.11.05-03.44.32:545][578]LogPlayLevel: PIE: StaticDuplicateObject took: (0.008455s)
[2015.11.05-03.44.32:545][578]LogAIModule: Creating AISystem for world MemoryCardEntry
[2015.11.05-03.44.32:545][578]LogPlayLevel: PIE: World Init took: (0.000455s)
[2015.11.05-03.44.32:545][578]LogPlayLevel: PIE: Created PIE world by copying editor world from /Game/Maps/MemoryCardEntry.MemoryCardEntry to /Game/Maps/UEDPIE_0_MemoryCardEntry.MemoryCardEntry (0.009069s)
[2015.11.05-03.44.32:558][578]LogInit: XAudio2 using 'Speakers (Realtek High Definition Audio)' : 2 channels at 48 kHz using 32 bits per sample (channel mask 0x3)
[2015.11.05-03.44.32:567][578]LogInit: FAudioDevice initialized.
[2015.11.05-03.44.32:597][578]LogWorld: Game class is 'BP_LogicMem_C'
[2015.11.05-03.44.32:600][578]LogWorld: Bringing World /Game/Maps/UEDPIE_0_MemoryCardEntry.MemoryCardEntry up for play (max tick rate 0) at 2015.11.04-22.44.32
[2015.11.05-03.44.32:600][578]LogActor:Warning: GameSession /Game/Maps/UEDPIE_0_MemoryCardEntry.MemoryCardEntry:PersistentLevel.GameSession_1 has natively added scene component(s), but none of them were set as the actor's RootComponent - picking one arbitrarily
[2015.11.05-03.44.32:600][578]LogActor:Warning: GameNetworkManager /Game/Maps/UEDPIE_0_MemoryCardEntry.MemoryCardEntry:PersistentLevel.GameNetworkManager_1 has natively added scene component(s), but none of them were set as the actor's RootComponent - picking one arbitrarily
[2015.11.05-03.44.32:600][578]LogWorld: Bringing up level for play took: 0.002501
[2015.11.05-03.44.32:604][578]PIE: Info Play in editor start time for /Game/Maps/UEDPIE_0_MemoryCardEntry 0.689
[2015.11.05-03.44.32:604][578]LogBlueprintUserMessages: Late PlayInEditor Detection: Level '/Game/Maps/MemoryCardEntry.MemoryCardEntry:PersistentLevel' has LevelScriptBlueprint '/Game/Maps/MemoryCardEntry.MemoryCardEntry:PersistentLevel.MemoryCardEntry' with GeneratedClass '/Game/Maps/MemoryCardEntry.MemoryCardEntry_C' with ClassGeneratedBy '/Game/Maps/MemoryCardEntry.MemoryCardEntry:PersistentLevel.MemoryCardEntry'
[2015.11.05-03.45.31:300][620]LogBlueprintUserMessages: Early EndPlayMap Detection: Level '/Game/Maps/MemoryCardEntry.MemoryCardEntry:PersistentLevel' has LevelScriptBlueprint '/Game/Maps/MemoryCardEntry.MemoryCardEntry:PersistentLevel.MemoryCardEntry' with GeneratedClass '/Game/Maps/MemoryCardEntry.MemoryCardEntry_C' with ClassGeneratedBy '/Game/Maps/MemoryCardEntry.MemoryCardEntry:PersistentLevel.MemoryCardEntry'
[2015.11.05-03.45.31:336][620]LogBlueprintUserMessages: Late EndPlayMap Detection: Level '/Game/Maps/MemoryCardEntry.MemoryCardEntry:PersistentLevel' has LevelScriptBlueprint '/Game/Maps/MemoryCardEntry.MemoryCardEntry:PersistentLevel.MemoryCardEntry' with GeneratedClass '/Game/Maps/MemoryCardEntry.MemoryCardEntry_C' with ClassGeneratedBy '/Game/Maps/MemoryCardEntry.MemoryCardEntry:PersistentLevel.MemoryCardEntry'
[2015.11.05-03.45.31:361][621]LogParticles: Destroying 0 GPU particle simulations for FXSystem 0x00000086B69BEF20
[2015.11.05-03.48.41:133][825]AssetReimport: New page: Outstanding source content changes 5:48:41 PM
[2015.11.05-03.48.41:137][825]LogEditorFactories: Performing atomic reimport of [D:/IMyTH/xRooms/RND/SantaSearch/Content/Assets/Textures/Dasher.psd]
[2015.11.05-03.48.41:137][825]LogFactory: FactoryCreateBinary: Texture2D with ReimportTextureFactory (0 0 D:/IMyTH/xRooms/RND/SantaSearch/Content/Assets/Textures/Dasher.psd)
[2015.11.05-03.48.41:251][825]LogEditorFactories: -- imported successfully
[2015.11.05-03.48.41:325][825]Cmd: OBJ SAVEPACKAGE PACKAGE="/Game/Assets/Textures/Dasher" FILE="D:/IMyTH/xRooms/RND/SantaSearch/Content/Assets/Textures/Dasher.uasset" SILENT=true
[2015.11.05-03.48.41:357][825]LogSavePackage: Save=30.011347ms
[2015.11.05-03.48.41:357][825]LogSavePackage: Moving 'D:/IMyTH/xRooms/RND/SantaSearch/Saved/Dasher9B757A444C0CE41FDCACFFABF44347AA.tmp' to 'D:/IMyTH/xRooms/RND/SantaSearch/Content/Assets/Textures/Dasher.uasset'
[2015.11.05-03.48.41:358][825]LogSavePackage: Total save time: 32.095693ms
[2015.11.05-03.48.41:358][825]LogSavePackage:Warning: Finished SavePackage D:/IMyTH/xRooms/RND/SantaSearch/Content/Assets/Textures/Dasher.uasset
[2015.11.05-03.49.13:800][924]AssetReimport: Info Reimported asset Dasher from D:/IMyTH/xRooms/RND/SantaSearch/Content/Assets/Textures/Dasher.psd.
[2015.11.05-03.49.13:808][924]AssetReimport: New page: Outstanding source content changes 5:49:13 PM
[2015.11.05-03.49.23:377][ 21]Cmd: OBJ SAVEPACKAGE PACKAGE="/Game/Assets/Textures/Dasher" FILE="D:/IMyTH/xRooms/RND/SantaSearch/Content/Assets/Textures/Dasher.uasset" SILENT=true
[2015.11.05-03.49.23:391][ 21]LogSavePackage: Save=12.701933ms
[2015.11.05-03.49.23:391][ 21]LogSavePackage: Moving 'D:/IMyTH/xRooms/RND/SantaSearch/Saved/Dasher9A5CD6434A147FA8E2A3798FB4D83D07.tmp' to 'D:/IMyTH/xRooms/RND/SantaSearch/Content/Assets/Textures/Dasher.uasset'
[2015.11.05-03.49.23:391][ 21]LogSavePackage: Total save time: 13.754092ms
[2015.11.05-03.49.23:391][ 21]LogSavePackage:Warning: Finished SavePackage D:/IMyTH/xRooms/RND/SantaSearch/Content/Assets/Textures/Dasher.uasset
[2015.11.05-04.02.41:293][741]AssetReimport: New page: Outstanding source content changes 6:02:41 PM
[2015.11.05-04.02.41:293][741]LogEditorFactories: Performing atomic reimport of [D:/IMyTH/xRooms/RND/SantaSearch/Content/Assets/Textures/Dasher.psd]
[2015.11.05-04.02.41:293][741]LogFactory: FactoryCreateBinary: Texture2D with ReimportTextureFactory (0 0 D:/IMyTH/xRooms/RND/SantaSearch/Content/Assets/Textures/Dasher.psd)
[2015.11.05-04.02.41:374][741]LogEditorFactories: -- imported successfully
[2015.11.05-04.02.41:453][741]Cmd: OBJ SAVEPACKAGE PACKAGE="/Game/Assets/Textures/Dasher" FILE="D:/IMyTH/xRooms/RND/SantaSearch/Content/Assets/Textures/Dasher.uasset" SILENT=true
[2015.11.05-04.02.41:456][741]LogTexture:Display: Building textures: Dasher (AutoDXT)
[2015.11.05-04.02.41:592][741]LogSavePackage: Save=136.722473ms
[2015.11.05-04.02.41:592][741]LogSavePackage: Moving 'D:/IMyTH/xRooms/RND/SantaSearch/Saved/DasherDFF92F9047B2CFFC4C38E2882ED2ED9C.tmp' to 'D:/IMyTH/xRooms/RND/SantaSearch/Content/Assets/Textures/Dasher.uasset'
[2015.11.05-04.02.41:593][741]LogSavePackage: Total save time: 138.798635ms
[2015.11.05-04.02.41:593][741]LogSavePackage:Warning: Finished SavePackage D:/IMyTH/xRooms/RND/SantaSearch/Content/Assets/Textures/Dasher.uasset
[2015.11.05-04.03.05:627][815]AssetReimport: Info Reimported asset Dasher from D:/IMyTH/xRooms/RND/SantaSearch/Content/Assets/Textures/Dasher.psd.
[2015.11.05-04.03.05:637][815]AssetReimport: New page: Outstanding source content changes 6:03:05 PM
[2015.11.05-04.03.11:755][527]LogBlueprintUserMessages: Early PlayInEditor Detection: Level '/Game/Maps/MemoryCardEntry.MemoryCardEntry:PersistentLevel' has LevelScriptBlueprint '/Game/Maps/MemoryCardEntry.MemoryCardEntry:PersistentLevel.MemoryCardEntry' with GeneratedClass '/Game/Maps/MemoryCardEntry.MemoryCardEntry_C' with ClassGeneratedBy '/Game/Maps/MemoryCardEntry.MemoryCardEntry:PersistentLevel.MemoryCardEntry'
[2015.11.05-04.03.11:755][527]LogPlayLevel: PlayLevel: No blueprints needed recompiling
[2015.11.05-04.03.11:755][527]PIE: New page: PIE session: MemoryCardEntry (Nov 4, 2015, 6:03:11 PM)
[2015.11.05-04.03.11:755][527]LogPlayLevel: Creating play world package: /Game/Maps/UEDPIE_0_MemoryCardEntry
[2015.11.05-04.03.11:764][527]LogPlayLevel: PIE: StaticDuplicateObject took: (0.009142s)
[2015.11.05-04.03.11:765][527]LogAIModule: Creating AISystem for world MemoryCardEntry
[2015.11.05-04.03.11:765][527]LogPlayLevel: PIE: World Init took: (0.000659s)
[2015.11.05-04.03.11:765][527]LogPlayLevel: PIE: Created PIE world by copying editor world from /Game/Maps/MemoryCardEntry.MemoryCardEntry to /Game/Maps/UEDPIE_0_MemoryCardEntry.MemoryCardEntry (0.009992s)
[2015.11.05-04.03.11:779][527]LogInit: XAudio2 using 'Speakers (Realtek High Definition Audio)' : 2 channels at 48 kHz using 32 bits per sample (channel mask 0x3)
[2015.11.05-04.03.11:787][527]LogInit: FAudioDevice initialized.
[2015.11.05-04.03.11:823][527]LogWorld: Game class is 'BP_LogicMem_C'
[2015.11.05-04.03.11:826][527]LogWorld: Bringing World /Game/Maps/UEDPIE_0_MemoryCardEntry.MemoryCardEntry up for play (max tick rate 0) at 2015.11.04-23.03.11
[2015.11.05-04.03.11:826][527]LogActor:Warning: GameSession /Game/Maps/UEDPIE_0_MemoryCardEntry.MemoryCardEntry:PersistentLevel.GameSession_2 has natively added scene component(s), but none of them were set as the actor's RootComponent - picking one arbitrarily
[2015.11.05-04.03.11:826][527]LogActor:Warning: GameNetworkManager /Game/Maps/UEDPIE_0_MemoryCardEntry.MemoryCardEntry:PersistentLevel.GameNetworkManager_2 has natively added scene component(s), but none of them were set as the actor's RootComponent - picking one arbitrarily
[2015.11.05-04.03.11:826][527]LogWorld: Bringing up level for play took: 0.002512
[2015.11.05-04.03.11:828][527]PIE: Info Play in editor start time for /Game/Maps/UEDPIE_0_MemoryCardEntry -0.088
[2015.11.05-04.03.11:828][527]LogBlueprintUserMessages: Late PlayInEditor Detection: Level '/Game/Maps/MemoryCardEntry.MemoryCardEntry:PersistentLevel' has LevelScriptBlueprint '/Game/Maps/MemoryCardEntry.MemoryCardEntry:PersistentLevel.MemoryCardEntry' with GeneratedClass '/Game/Maps/MemoryCardEntry.MemoryCardEntry_C' with ClassGeneratedBy '/Game/Maps/MemoryCardEntry.MemoryCardEntry:PersistentLevel.MemoryCardEntry'
[2015.11.05-04.03.42:516][208]Set new viewmode: Wireframe
[2015.11.05-04.03.43:403][315]Set new viewmode: Wireframe
[2015.11.05-04.03.44:704][471]Set new viewmode: Unlit
[2015.11.05-04.03.46:898][734]Cmd: LevelEditor.ToggleImmersive
[2015.11.05-04.03.47:020][735]LogRenderer: Reallocating scene render targets to support 1440x724 (Frame:58160).
[2015.11.05-04.03.47:058][736]LogRenderer: Reallocating scene render targets to support 1920x1040 (Frame:58162).
[2015.11.05-04.04.12:153][742]LogBlueprintUserMessages: Early EndPlayMap Detection: Level '/Game/Maps/MemoryCardEntry.MemoryCardEntry:PersistentLevel' has LevelScriptBlueprint '/Game/Maps/MemoryCardEntry.MemoryCardEntry:PersistentLevel.MemoryCardEntry' with GeneratedClass '/Game/Maps/MemoryCardEntry.MemoryCardEntry_C' with ClassGeneratedBy '/Game/Maps/MemoryCardEntry.MemoryCardEntry:PersistentLevel.MemoryCardEntry'
[2015.11.05-04.04.12:212][742]LogBlueprintUserMessages: Late EndPlayMap Detection: Level '/Game/Maps/MemoryCardEntry.MemoryCardEntry:PersistentLevel' has LevelScriptBlueprint '/Game/Maps/MemoryCardEntry.MemoryCardEntry:PersistentLevel.MemoryCardEntry' with GeneratedClass '/Game/Maps/MemoryCardEntry.MemoryCardEntry_C' with ClassGeneratedBy '/Game/Maps/MemoryCardEntry.MemoryCardEntry:PersistentLevel.MemoryCardEntry'
[2015.11.05-04.04.12:233][742]LogParticles: Destroying 0 GPU particle simulations for FXSystem 0x00000086DC02D6C0
[2015.11.05-04.04.37:640][598]LogWindowsTextInputMethodSystem:Display: IME system now deactivated.
[2015.11.05-04.04.37:868][599]Cmd: QUIT_EDITOR
[2015.11.05-04.04.38:844][599]LogExit: Preparing to exit.
[2015.11.05-04.04.39:497][599]LogExit: Editor shut down
[2015.11.05-04.04.39:497][599]LogExit: Transaction tracking system shut down
[2015.11.05-04.04.39:513][599]LogParticles: Destroying 0 GPU particle simulations for FXSystem 0x00000086B7BF9580
[2015.11.05-04.04.39:513][599]LogParticles: Destroying 0 GPU particle simulations for FXSystem 0x00000086C34A7880
[2015.11.05-04.04.39:516][599]LogParticles: Destroying 0 GPU particle simulations for FXSystem 0x00000086C394AC00
[2015.11.05-04.04.39:758][599]LogExit: Object subsystem successfully closed.
[2015.11.05-04.04.39:783][599]LogD3D11RHI: Shutdown
[2015.11.05-04.04.39:783][599]LogD3D11RHI: CleanupD3DDevice
[2015.11.05-04.04.39:866][599]LogD3D11RHI: ~FD3D11DynamicRHI
[2015.11.05-04.04.39:906][599]LogModuleManager: Shutting down and abandoning module TextureEditor (201)
[2015.11.05-04.04.39:906][599]LogModuleManager: Shutting down and abandoning module MaterialEditor (200)
[2015.11.05-04.04.39:906][599]LogModuleManager: Shutting down and abandoning module CrashTracker (199)
[2015.11.05-04.04.39:906][599]LogModuleManager: Shutting down and abandoning module SceneOutliner (198)
[2015.11.05-04.04.39:907][599]LogModuleManager: Shutting down and abandoning module SuperSearch (197)
[2015.11.05-04.04.39:907][599]LogModuleManager: Shutting down and abandoning module WidgetCarousel (196)
[2015.11.05-04.04.39:907][599]LogModuleManager: Shutting down and abandoning module AddContentDialog (195)
[2015.11.05-04.04.39:913][599]LogModuleManager: Shutting down and abandoning module EditorWidgets (194)
[2015.11.05-04.04.39:913][599]LogModuleManager: Shutting down and abandoning module CollectionManager (193)
[2015.11.05-04.04.39:913][599]LogModuleManager: Shutting down and abandoning module StatsViewer (192)
[2015.11.05-04.04.39:914][599]LogModuleManager: Shutting down and abandoning module FoliageEdit (191)
[2015.11.05-04.04.39:915][599]LogModuleManager: Shutting down and abandoning module LandscapeEditor (190)
[2015.11.05-04.04.39:916][599]LogModuleManager: Shutting down and abandoning module ActorPickerMode (189)
[2015.11.05-04.04.39:916][599]LogModuleManager: Shutting down and abandoning module GeometryMode (188)
[2015.11.05-04.04.39:916][599]LogModuleManager: Shutting down and abandoning module TextureAlignMode (187)
[2015.11.05-04.04.39:916][599]LogModuleManager: Shutting down and abandoning module BspMode (186)
[2015.11.05-04.04.39:916][599]LogModuleManager: Shutting down and abandoning module PlacementMode (185)
[2015.11.05-04.04.39:916][599]LogModuleManager: Shutting down and abandoning module AutomationWorker (184)
[2015.11.05-04.04.39:916][599]LogModuleManager: Shutting down and abandoning module HoudiniEngineEditor (183)
[2015.11.05-04.04.39:916][599]LogHoudiniEngineEditor: Shutting down the Houdini Engine Editor module.
[2015.11.05-04.04.39:919][599]LogModuleManager: Shutting down and abandoning module CharacterAI (182)
[2015.11.05-04.04.39:919][599]LogModuleManager: Shutting down and abandoning module SmartSnapping (181)
[2015.11.05-04.04.39:919][599]LogModuleManager: Shutting down and abandoning module ViewportSnapping (180)
[2015.11.05-04.04.39:919][599]LogModuleManager: Shutting down and abandoning module LogVisualizer (179)
[2015.11.05-04.04.39:920][599]LogModuleManager: Shutting down and abandoning module GameProjectGeneration (178)
[2015.11.05-04.04.39:920][599]LogModuleManager: Shutting down and abandoning module IntroTutorials (177)
[2015.11.05-04.04.39:921][599]LogModuleManager: Shutting down and abandoning module EditorLiveStreaming (176)
[2015.11.05-04.04.39:921][599]LogModuleManager: Shutting down and abandoning module IOSPlatformEditor (175)
[2015.11.05-04.04.39:921][599]LogModuleManager: Shutting down and abandoning module HTML5PlatformEditor (174)
[2015.11.05-04.04.39:921][599]LogModuleManager: Shutting down and abandoning module AndroidDeviceDetection (173)
[2015.11.05-04.04.40:565][599]LogModuleManager: Shutting down and abandoning module AndroidPlatformEditor (172)
[2015.11.05-04.04.40:565][599]LogModuleManager: Shutting down and abandoning module IOSRuntimeSettings (171)
[2015.11.05-04.04.40:565][599]LogModuleManager: Shutting down and abandoning module AndroidRuntimeSettings (170)
[2015.11.05-04.04.40:565][599]LogModuleManager: Shutting down and abandoning module MergeActors (169)
[2015.11.05-04.04.40:567][599]LogModuleManager: Shutting down and abandoning module SizeMap (168)
[2015.11.05-04.04.40:567][599]LogModuleManager: Shutting down and abandoning module TreeMap (167)
[2015.11.05-04.04.40:568][599]LogModuleManager: Shutting down and abandoning module ReferenceViewer (166)
[2015.11.05-04.04.40:568][599]LogModuleManager: Shutting down and abandoning module LocalizationService (165)
[2015.11.05-04.04.40:568][599]LogModuleManager: Shutting down and abandoning module LocalizationDashboard (164)
[2015.11.05-04.04.40:569][599]LogModuleManager: Shutting down and abandoning module HardwareTargeting (163)
[2015.11.05-04.04.40:569][599]LogModuleManager: Shutting down and abandoning module DeviceProfileEditor (162)
[2015.11.05-04.04.40:569][599]LogModuleManager: Shutting down and abandoning module UndoHistory (161)
[2015.11.05-04.04.40:569][599]LogModuleManager: Shutting down and abandoning module GameplayTagsEditor (160)
[2015.11.05-04.04.40:569][599]LogModuleManager: Shutting down and abandoning module UserFeedback (159)
[2015.11.05-04.04.40:569][599]LogModuleManager: Shutting down and abandoning module XmlParser (158)
[2015.11.05-04.04.40:569][599]LogModuleManager: Shutting down and abandoning module Blutility (157)
[2015.11.05-04.04.40:569][599]LogModuleManager: Shutting down and abandoning module ProjectTargetPlatformEditor (156)
[2015.11.05-04.04.40:570][599]LogModuleManager: Shutting down and abandoning module ProjectSettingsViewer (155)
[2015.11.05-04.04.40:570][599]LogModuleManager: Shutting down and abandoning module InputBindingEditor (154)
[2015.11.05-04.04.40:570][599]LogModuleManager: Shutting down and abandoning module EditorSettingsViewer (153)
[2015.11.05-04.04.40:571][599]LogModuleManager: Shutting down and abandoning module SettingsEditor (152)
[2015.11.05-04.04.40:572][599]LogModuleManager: Shutting down and abandoning module ProjectLauncher (151)
[2015.11.05-04.04.40:572][599]LogModuleManager: Shutting down and abandoning module SessionFrontend (150)
[2015.11.05-04.04.40:573][599]LogModuleManager: Shutting down and abandoning module ProfilerClient (149)
[2015.11.05-04.04.40:573][599]LogModuleManager: Shutting down and abandoning module TargetDeviceServices (148)
[2015.11.05-04.04.40:573][599]LogModuleManager: Shutting down and abandoning module DeviceManager (147)
[2015.11.05-04.04.40:574][599]LogModuleManager: Shutting down and abandoning module AutomationController (146)
[2015.11.05-04.04.40:574][599]LogModuleManager: Shutting down and abandoning module AutomationWindow (145)
[2015.11.05-04.04.40:575][599]LogModuleManager: Shutting down and abandoning module Layers (144)
[2015.11.05-04.04.40:577][599]LogModuleManager: Shutting down and abandoning module ComponentVisualizers (143)
[2015.11.05-04.04.40:577][599]LogModuleManager: Shutting down and abandoning module DetailCustomizations (142)
[2015.11.05-04.04.40:578][599]LogModuleManager: Shutting down and abandoning module PackagesDialog (141)
[2015.11.05-04.04.40:578][599]LogModuleManager: Shutting down and abandoning module Persona (140)
[2015.11.05-04.04.40:579][599]LogModuleManager: Shutting down and abandoning module Kismet (139)
[2015.11.05-04.04.40:579][599]LogModuleManager: Shutting down and abandoning module GraphEditor (138)
[2015.11.05-04.04.40:579][599]LogModuleManager: Shutting down and abandoning module ClassViewer (137)
[2015.11.05-04.04.40:579][599]LogModuleManager: Shutting down and abandoning module Toolbox (136)
[2015.11.05-04.04.40:579][599]LogModuleManager: Shutting down and abandoning module ModuleUI (135)
[2015.11.05-04.04.40:580][599]LogModuleManager: Shutting down and abandoning module MovieSceneTools (134)
[2015.11.05-04.04.40:580][599]LogModuleManager: Shutting down and abandoning module OutputLog (133)
[2015.11.05-04.04.40:580][599]LogModuleManager: Shutting down and abandoning module GammaUI (132)
[2015.11.05-04.04.40:580][599]LogModuleManager: Shutting down and abandoning module Documentation (131)
[2015.11.05-04.04.40:580][599]LogModuleManager: Shutting down and abandoning module GameLiveStreaming (130)
[2015.11.05-04.04.40:580][599]LogModuleManager: Shutting down and abandoning module StreamingPauseRendering (129)
[2015.11.05-04.04.40:580][599]LogModuleManager: Shutting down and abandoning module AnalyticsET (128)
[2015.11.05-04.04.40:580][599]LogModuleManager: Shutting down and abandoning module Analytics (127)
[2015.11.05-04.04.40:580][599]LogModuleManager: Shutting down and abandoning module AITestSuite (126)
[2015.11.05-04.04.40:581][599]LogModuleManager: Shutting down and abandoning module GameplayDebugger (125)
[2015.11.05-04.04.40:581][599]LogModuleManager: Shutting down and abandoning module AIModule (124)
[2015.11.05-04.04.40:581][599]LogModuleManager: Shutting down and abandoning module ProfilerService (123)
[2015.11.05-04.04.40:754][599]LogModuleManager: Shutting down and abandoning module TaskGraph (122)
[2015.11.05-04.04.40:755][599]LogModuleManager: Shutting down and abandoning module SlateRemote (121)
[2015.11.05-04.04.40:755][599]LogModuleManager: Shutting down and abandoning module SteamVRController (120)
[2015.11.05-04.04.40:755][599]LogModuleManager: Shutting down and abandoning module SteamVR (119)
[2015.11.05-04.04.40:755][599]LogModuleManager: Shutting down and abandoning module ProceduralMeshComponent (118)
[2015.11.05-04.04.40:756][599]LogModuleManager: Shutting down and abandoning module OculusRift (117)
[2015.11.05-04.04.40:756][599]LogModuleManager: Shutting down and abandoning module OculusLibrary (116)
[2015.11.05-04.04.40:756][599]LogModuleManager: Shutting down and abandoning module LeapMotionController (115)
[2015.11.05-04.04.40:769][599]LogModuleManager: Shutting down and abandoning module HoudiniEngineRuntime (114)
[2015.11.05-04.04.40:770][599]LogHoudiniEngine: Shutting down the Houdini Engine module.
[2015.11.05-04.04.40:779][599]LogModuleManager: Shutting down and abandoning module CustomMeshComponent (113)
[2015.11.05-04.04.40:780][599]LogModuleManager: Shutting down and abandoning module CableComponent (112)
[2015.11.05-04.04.40:780][599]LogModuleManager: Shutting down and abandoning module ArchVisCharacter (111)
[2015.11.05-04.04.40:780][599]LogModuleManager: Shutting down and abandoning module MessagingDebugger (110)
[2015.11.05-04.04.40:781][599]LogModuleManager: Shutting down and abandoning module MediaPlayerEditor (109)
[2015.11.05-04.04.40:782][599]LogModuleManager: Shutting down and abandoning module HTML5Networking (108)
[2015.11.05-04.04.40:782][599]LogModuleManager: Shutting down and abandoning module SpeedTreeImporter (107)
[2015.11.05-04.04.40:782][599]LogModuleManager: Shutting down and abandoning module PluginBrowser (106)
[2015.11.05-04.04.40:783][599]LogModuleManager: Shutting down and abandoning module EpicSurvey (105)
[2015.11.05-04.04.40:783][599]LogModuleManager: Shutting down and abandoning module DesktopPlatform (104)
[2015.11.05-04.04.40:784][599]LogModuleManager: Shutting down and abandoning module VisualStudioSourceCodeAccess (103)
[2015.11.05-04.04.40:784][599]LogModuleManager: Shutting down and abandoning module UObjectPlugin (102)
[2015.11.05-04.04.40:784][599]LogModuleManager: Shutting down and abandoning module SubversionSourceControl (101)
[2015.11.05-04.04.40:784][599]LogModuleManager: Shutting down and abandoning module PerforceSourceControl (100)
[2015.11.05-04.04.40:786][599]LogModuleManager: Shutting down and abandoning module SourceControl (99)
[2015.11.05-04.04.40:786][599]LogModuleManager: Shutting down and abandoning module GitSourceControl (98)
[2015.11.05-04.04.40:786][599]LogModuleManager: Shutting down and abandoning module LightPropagationVolumeEditor (97)
[2015.11.05-04.04.40:786][599]LogModuleManager: Shutting down and abandoning module PaperTiledImporter (96)
[2015.11.05-04.04.40:787][599]LogModuleManager: Shutting down and abandoning module PaperSpriteSheetImporter (95)
[2015.11.05-04.04.40:787][599]LogModuleManager: Shutting down and abandoning module MeshPaint (94)
[2015.11.05-04.04.40:787][599]LogModuleManager: Shutting down and abandoning module SlateReflector (93)
[2015.11.05-04.04.40:788][599]LogModuleManager: Shutting down and abandoning module HotReload (92)
[2015.11.05-04.04.40:788][599]LogModuleManager: Shutting down and abandoning module MainFrame (91)
[2015.11.05-04.04.40:788][599]LogModuleManager: Shutting down and abandoning module LevelEditor (90)
[2015.11.05-04.04.40:790][599]LogModuleManager: Shutting down and abandoning module DirectoryWatcher (89)
[2015.11.05-04.04.40:794][599]LogModuleManager: Shutting down and abandoning module AssetRegistry (88)
[2015.11.05-04.04.40:837][599]LogModuleManager: Shutting down and abandoning module ContentBrowser (87)
[2015.11.05-04.04.40:838][599]LogModuleManager: Shutting down and abandoning module Paper2DEditor (86)
[2015.11.05-04.04.40:840][599]LogModuleManager: Shutting down and abandoning module UdpMessaging (85)
[2015.11.05-04.04.40:940][599]LogModuleManager: Shutting down and abandoning module LightPropagationVolumeRuntime (84)
[2015.11.05-04.04.40:940][599]LogModuleManager: Shutting down and abandoning module Paper2D (83)
[2015.11.05-04.04.40:940][599]LogModuleManager: Shutting down and abandoning module WindowsMoviePlayer (82)
[2015.11.05-04.04.40:941][599]LogModuleManager: Shutting down and abandoning module Media (81)
[2015.11.05-04.04.40:941][599]LogModuleManager: Shutting down and abandoning module WmfMedia (80)
[2015.11.05-04.04.40:941][599]LogModuleManager: Shutting down and abandoning module OnlineBlueprintSupport (79)
[2015.11.05-04.04.40:941][599]LogModuleManager: Shutting down and abandoning module GameplayTasksEditor (78)
[2015.11.05-04.04.40:941][599]LogModuleManager: Shutting down and abandoning module PropertyEditor (77)
[2015.11.05-04.04.40:941][599]LogModuleManager: Shutting down and abandoning module BehaviorTreeEditor (76)
[2015.11.05-04.04.40:943][599]LogModuleManager: Shutting down and abandoning module FunctionalTesting (75)
[2015.11.05-04.04.40:943][599]LogModuleManager: Shutting down and abandoning module CollisionAnalyzer (74)
[2015.11.05-04.04.40:943][599]LogModuleManager: Shutting down and abandoning module WorkspaceMenuStructure (73)
[2015.11.05-04.04.40:943][599]LogModuleManager: Shutting down and abandoning module MessageLog (72)
[2015.11.05-04.04.40:943][599]LogModuleManager: Shutting down and abandoning module Sequencer (71)
[2015.11.05-04.04.40:946][599]LogModuleManager: Shutting down and abandoning module AssetTools (70)
[2015.11.05-04.04.40:948][599]LogModuleManager: Shutting down and abandoning module UMGEditor (69)
[2015.11.05-04.04.40:949][599]LogModuleManager: Shutting down and abandoning module UMG (68)
[2015.11.05-04.04.40:949][599]LogModuleManager: Shutting down and abandoning module Slate (67)
[2015.11.05-04.04.40:949][599]LogModuleManager: Shutting down and abandoning module EditorStyle (66)
[2015.11.05-04.04.40:952][599]LogModuleManager: Shutting down and abandoning module SessionServices (65)
[2015.11.05-04.04.40:952][599]LogModuleManager: Shutting down and abandoning module SourceCodeAccess (64)
[2015.11.05-04.04.40:952][599]LogModuleManager: Shutting down and abandoning module HeadMountedDisplay (63)
[2015.11.05-04.04.40:952][599]LogModuleManager: Shutting down and abandoning module XAudio2 (62)
[2015.11.05-04.04.40:952][599]LogModuleManager: Shutting down and abandoning module Networking (60)
[2015.11.05-04.04.40:952][599]LogModuleManager: Shutting down and abandoning module Core (59)
[2015.11.05-04.04.40:952][599]LogModuleManager: Shutting down and abandoning module KismetCompiler (58)
[2015.11.05-04.04.40:952][599]LogModuleManager: Shutting down and abandoning module PhysXFormats (57)
[2015.11.05-04.04.40:952][599]LogModuleManager: Shutting down and abandoning module MeshUtilities (56)
[2015.11.05-04.04.40:954][599]LogModuleManager: Shutting down and abandoning module CookingStats (55)
[2015.11.05-04.04.40:956][599]LogModuleManager: Shutting down and abandoning module DerivedDataCache (54)
[2015.11.05-04.04.41:039][599]LogDerivedDataCache: Shutdown
[2015.11.05-04.04.41:039][599]LogModuleManager: Shutting down and abandoning module ShaderFormatOpenGL (53)
[2015.11.05-04.04.41:040][599]LogModuleManager: Shutting down and abandoning module ShaderFormatD3D (52)
[2015.11.05-04.04.41:040][599]LogModuleManager: Shutting down and abandoning module MetalShaderFormat (51)
[2015.11.05-04.04.41:040][599]LogModuleManager: Shutting down and abandoning module TextureFormatUncompressed (50)
[2015.11.05-04.04.41:040][599]LogModuleManager: Shutting down and abandoning module TextureFormatPVR (49)
[2015.11.05-04.04.41:040][599]LogModuleManager: Shutting down and abandoning module TextureFormatIntelISPCTexComp (48)
[2015.11.05-04.04.41:040][599]LogModuleManager: Shutting down and abandoning module TextureFormatDXT (47)
[2015.11.05-04.04.41:040][599]LogModuleManager: Shutting down and abandoning module ImageWrapper (46)
[2015.11.05-04.04.41:040][599]LogModuleManager: Shutting down and abandoning module TextureFormatASTC (45)
[2015.11.05-04.04.41:040][599]LogModuleManager: Shutting down and abandoning module TextureFormatAndroid (44)
[2015.11.05-04.04.41:040][599]LogModuleManager: Shutting down and abandoning module AudioFormatOpus (43)
[2015.11.05-04.04.41:041][599]LogModuleManager: Shutting down and abandoning module AudioFormatOgg (42)
[2015.11.05-04.04.41:041][599]LogModuleManager: Shutting down and abandoning module AudioFormatADPCM (41)
[2015.11.05-04.04.41:041][599]LogModuleManager: Shutting down and abandoning module LinuxTargetPlatform (40)
[2015.11.05-04.04.41:041][599]LogModuleManager: Shutting down and abandoning module LinuxServerTargetPlatform (39)
[2015.11.05-04.04.41:041][599]LogModuleManager: Shutting down and abandoning module LinuxNoEditorTargetPlatform (38)
[2015.11.05-04.04.41:042][599]LogModuleManager: Shutting down and abandoning module Messaging (37)
[2015.11.05-04.04.41:042][599]LogModuleManager: Shutting down and abandoning module IOSTargetPlatform (36)
[2015.11.05-04.04.41:042][599]LogModuleManager: Shutting down and abandoning module HTML5TargetPlatform (35)
[2015.11.05-04.04.41:042][599]LogModuleManager: Shutting down and abandoning module Android_PVRTCTargetPlatform (34)
[2015.11.05-04.04.41:043][599]LogModuleManager: Shutting down and abandoning module Android_ETC2TargetPlatform (33)
[2015.11.05-04.04.41:043][599]LogModuleManager: Shutting down and abandoning module Android_ETC1TargetPlatform (32)
[2015.11.05-04.04.41:043][599]LogModuleManager: Shutting down and abandoning module Android_DXTTargetPlatform (31)
[2015.11.05-04.04.41:044][599]LogModuleManager: Shutting down and abandoning module Android_ATCTargetPlatform (30)
[2015.11.05-04.04.41:044][599]LogModuleManager: Shutting down and abandoning module Android_ASTCTargetPlatform (29)
[2015.11.05-04.04.41:045][599]LogModuleManager: Shutting down and abandoning module AndroidTargetPlatform (28)
[2015.11.05-04.04.41:045][599]LogModuleManager: Shutting down and abandoning module WindowsTargetPlatform (27)
[2015.11.05-04.04.41:045][599]LogModuleManager: Shutting down and abandoning module WindowsServerTargetPlatform (26)
[2015.11.05-04.04.41:046][599]LogModuleManager: Shutting down and abandoning module WindowsNoEditorTargetPlatform (25)
[2015.11.05-04.04.41:046][599]LogModuleManager: Shutting down and abandoning module WindowsClientTargetPlatform (24)
[2015.11.05-04.04.41:046][599]LogModuleManager: Shutting down and abandoning module AllDesktopTargetPlatform (23)
[2015.11.05-04.04.41:046][599]LogModuleManager: Shutting down and abandoning module TargetPlatform (22)
[2015.11.05-04.04.41:047][599]LogModuleManager: Shutting down and abandoning module InputCore (21)
[2015.11.05-04.04.41:047][599]LogModuleManager: Shutting down and abandoning module Settings (20)
[2015.11.05-04.04.41:047][599]LogModuleManager: Shutting down and abandoning module OnlineSubsystem (18)
[2015.11.05-04.04.41:047][599]LogModuleManager: Shutting down and abandoning module HTTP (17)
[2015.11.05-04.04.42:050][599]LogModuleManager: Shutting down and abandoning module XMPP (16)
[2015.11.05-04.04.42:052][599]LogModuleManager: Shutting down and abandoning module ExampleDeviceProfileSelector (15)
[2015.11.05-04.04.42:052][599]LogModuleManager: Shutting down and abandoning module TextureCompressor (14)
[2015.11.05-04.04.42:052][599]LogModuleManager: Shutting down and abandoning module ShaderCore (13)
[2015.11.05-04.04.42:052][599]LogModuleManager: Shutting down and abandoning module Landscape (12)
[2015.11.05-04.04.42:052][599]LogModuleManager: Shutting down and abandoning module SlateRHIRenderer (11)
[2015.11.05-04.04.42:069][599]LogModuleManager: Shutting down and abandoning module OpenGLDrv (10)
[2015.11.05-04.04.42:069][599]LogModuleManager: Shutting down and abandoning module D3D11RHI (9)
[2015.11.05-04.04.42:069][599]LogModuleManager: Shutting down and abandoning module AnimGraphRuntime (8)
[2015.11.05-04.04.42:070][599]LogModuleManager: Shutting down and abandoning module Renderer (7)
[2015.11.05-04.04.42:070][599]LogModuleManager: Shutting down and abandoning module Engine (6)
[2015.11.05-04.04.42:070][599]LogModuleManager: Shutting down and abandoning module CoreUObject (5)
[2015.11.05-04.04.42:070][599]LogModuleManager: Shutting down and abandoning module NetworkFile (4)
[2015.11.05-04.04.42:070][599]LogModuleManager: Shutting down and abandoning module StreamingFile (3)
[2015.11.05-04.04.42:070][599]LogModuleManager: Shutting down and abandoning module SandboxFile (2)
[2015.11.05-04.04.42:070][599]LogModuleManager: Shutting down and abandoning module PakFile (1)
[2015.11.05-04.04.42:073][599]LogExit: Exiting.
[2015.11.05-04.04.42:094][599]Log file closed, 11/04/15 23:04:42
