[2015.11.13-23.30.00:991][  0]Log file open, 11/13/15 18:30:00
[2015.11.13-23.30.00:991][  0]LogInit:Display: Running engine for game: SantaSearch
[2015.11.13-23.30.00:992][  0]LogInit:Display: RandInit(-1085593946) SRandInit(-1085593946).
[2015.11.13-23.30.00:992][  0]LogTaskGraph: Started task graph with 4 named threads and 7 total threads.
[2015.11.13-23.30.00:992][  0]LogStats: Stats thread started at 0.070460
[2015.11.13-23.30.00:992][  0]LogInit: Version: 4.9.2-2707645+++depot+UE4-Releases+4.9
[2015.11.13-23.30.00:992][  0]LogInit: API Version: 2672455
[2015.11.13-23.30.00:992][  0]LogInit: Compiled (64-bit): Sep 28 2015 10:25:44
[2015.11.13-23.30.00:992][  0]LogInit: Compiled with Visual C++: 18.00.21005.01
[2015.11.13-23.30.00:992][  0]LogInit: Build Configuration: Development
[2015.11.13-23.30.00:992][  0]LogInit: Branch Name: ++depot+UE4-Releases+4.9
[2015.11.13-23.30.00:992][  0]LogInit: Command line:  
[2015.11.13-23.30.00:992][  0]LogInit: Base directory: C:/Program Files/Unreal Engine/4.9/Engine/Binaries/Win64/
[2015.11.13-23.30.00:992][  0]LogInit: Rocket: 1
[2015.11.13-23.30.01:000][  0]LogInit: Using libcurl 7.41.0
[2015.11.13-23.30.01:000][  0]LogInit:  - built for x86_64-pc-win32
[2015.11.13-23.30.01:000][  0]LogInit:  - supports SSL with WinSSL
[2015.11.13-23.30.01:000][  0]LogInit:  - other features:
[2015.11.13-23.30.01:000][  0]LogInit:      CURL_VERSION_SSL
[2015.11.13-23.30.01:000][  0]LogInit:      CURL_VERSION_IPV6
[2015.11.13-23.30.01:000][  0]LogInit:      CURL_VERSION_ASYNCHDNS
[2015.11.13-23.30.01:000][  0]LogInit:      CURL_VERSION_LARGEFILE
[2015.11.13-23.30.01:000][  0]LogInit:      CURL_VERSION_IDN
[2015.11.13-23.30.01:000][  0]LogInit:  CurlRequestOptions (configurable via config and command line):
[2015.11.13-23.30.01:000][  0]LogInit:  - bVerifyPeer = true  - Libcurl will verify peer certificate
[2015.11.13-23.30.01:000][  0]LogInit:  - bUseHttpProxy = false  - Libcurl will NOT use HTTP proxy
[2015.11.13-23.30.01:000][  0]LogInit:  - bDontReuseConnections = false  - Libcurl will reuse connections
[2015.11.13-23.30.01:000][  0]LogInit:  - CertBundlePath = nullptr  - Libcurl will use whatever was configured at build time.
[2015.11.13-23.30.01:006][  0]LogInit: Presizing for 0 objects not considered by GC, pre-allocating 0 bytes.
[2015.11.13-23.30.01:012][  0]LogInit: Object subsystem initialized
[2015.11.13-23.30.01:013][  0]LogConsoleManager:Warning: Console variable 'r.MSAA.CompositingSampleCount' wasn't set ('Scalability' has a lower priority than 'ProjectSetting')
[2015.11.13-23.30.01:013][  0]LogInit: Selected Device Profile: [Windows]
[2015.11.13-23.30.01:013][  0]LogInit: Applying CVar settings loaded from the selected device profile: [Windows]
[2015.11.13-23.30.01:020][  0]LogInit: Computer: CWILMOT
[2015.11.13-23.30.01:020][  0]LogInit: User: cwilmot
[2015.11.13-23.30.01:020][  0]LogInit: CPU Page size=4096, Cores=4
[2015.11.13-23.30.01:020][  0]LogInit: High frequency timer resolution =2.630641 MHz
[2015.11.13-23.30.01:020][  0]LogMemory: Memory total: Physical=15.9GB (16GB approx)
[2015.11.13-23.30.01:020][  0]LogMemory: Platform Memory Stats for Windows
[2015.11.13-23.30.01:020][  0]LogMemory: Process Physical Memory: 52.18 MB used, 52.18 MB peak
[2015.11.13-23.30.01:020][  0]LogMemory: Process Virtual Memory: 57.05 MB used, 57.05 MB peak
[2015.11.13-23.30.01:020][  0]LogMemory: Physical Memory: 3042.74 MB used, 16323.21 MB total
[2015.11.13-23.30.01:020][  0]LogMemory: Virtual Memory: 348.40 MB used, 134217728.00 MB total
[2015.11.13-23.30.01:050][  0]LogTextLocalizationManager: No specific translations for ('en-US') exist, so ('en') translations will be used.
[2015.11.13-23.30.01:701][  0]LogD3D11RHI: Found D3D11 adapter 0: NVIDIA Quadro K4100M (Feature Level 11_0)
[2015.11.13-23.30.01:701][  0]LogD3D11RHI: Adapter has 3995MB of dedicated video memory, 0MB of dedicated system memory, and 8161MB of shared system memory, 1 output[s]
[2015.11.13-23.30.01:701][  0]LogD3D11RHI: Found D3D11 adapter 1: Microsoft Basic Render Driver (Feature Level 11_0)
[2015.11.13-23.30.01:702][  0]LogD3D11RHI: Adapter has 0MB of dedicated video memory, 0MB of dedicated system memory, and 256MB of shared system memory, 0 output[s]
[2015.11.13-23.30.01:702][  0]LogD3D11RHI: Chosen D3D11 Adapter Id = 0
[2015.11.13-23.30.01:705][  0]LogD3D11RHI: !Direct3DDevice
[2015.11.13-23.30.01:705][  0]LogRHI: Texture pool is 1361 MB (70% of 1945 MB)
[2015.11.13-23.30.01:714][  0]LogD3D11RHI: Async texture creation enabled
[2015.11.13-23.30.01:733][  0]LogShaderCompilers: Guid format shader working directory is 15 characters bigger than the processId version (../../../../../../Users/cwilmot/Documents/Unreal Projects/SantaSearch/Intermediate/Shaders/WorkingDirectory/3780/).
[2015.11.13-23.30.01:733][  0]LogShaderCompilers: Cleaned the shader compiler working directory '../../../../../../Users/cwilmot/Documents/Unreal Projects/SantaSearch/Intermediate/Shaders/tmp/A7523EEC43F43FCCDC82CCB0B758A960/'.
[2015.11.13-23.30.01:733][  0]LogShaderCompilers:Display: Using Local Shader Compiler.
[2015.11.13-23.30.02:730][  0]LogTemp:Display: Loaded TP AllDesktopTargetPlatform
[2015.11.13-23.30.02:735][  0]LogTemp:Display: Loaded TP WindowsClientTargetPlatform
[2015.11.13-23.30.02:739][  0]LogTemp:Display: Loaded TP WindowsNoEditorTargetPlatform
[2015.11.13-23.30.02:744][  0]LogTemp:Display: Loaded TP WindowsServerTargetPlatform
[2015.11.13-23.30.02:748][  0]LogTemp:Display: Loaded TP WindowsTargetPlatform
[2015.11.13-23.30.02:751][  0]LogTemp:Display: Loaded TP AndroidTargetPlatform
[2015.11.13-23.30.02:754][  0]LogTemp:Display: Loaded TP Android_ASTCTargetPlatform
[2015.11.13-23.30.02:757][  0]LogTemp:Display: Loaded TP Android_ATCTargetPlatform
[2015.11.13-23.30.02:759][  0]LogTemp:Display: Loaded TP Android_DXTTargetPlatform
[2015.11.13-23.30.02:762][  0]LogTemp:Display: Loaded TP Android_ETC1TargetPlatform
[2015.11.13-23.30.02:765][  0]LogTemp:Display: Loaded TP Android_ETC2TargetPlatform
[2015.11.13-23.30.02:768][  0]LogTemp:Display: Loaded TP Android_PVRTCTargetPlatform
[2015.11.13-23.30.02:769][  0]LogTemp:Display: Loaded TP HTML5TargetPlatform
[2015.11.13-23.30.02:784][  0]LogTemp:Display: Loaded TP IOSTargetPlatform
[2015.11.13-23.30.02:787][  0]LogTemp:Display: Loaded TP LinuxNoEditorTargetPlatform
[2015.11.13-23.30.02:789][  0]LogTemp:Display: Loaded TP LinuxServerTargetPlatform
[2015.11.13-23.30.02:793][  0]LogTemp:Display: Loaded TP LinuxTargetPlatform
[2015.11.13-23.30.02:793][  0]LogTargetPlatformManager:Display: Building Assets For Windows
[2015.11.13-23.30.02:862][  0]LogDerivedDataCache:Display: Max Cache Size: 512 MB
[2015.11.13-23.30.02:901][  0]LogDerivedDataCache: Loaded boot cache 0.04s 41MB C:/Users/cwilmot/AppData/Local/UnrealEngine/4.9/DerivedDataCache/Boot.ddc.
[2015.11.13-23.30.02:901][  0]LogDerivedDataCache:Display: Loaded Boot cache: C:/Users/cwilmot/AppData/Local/UnrealEngine/4.9/DerivedDataCache/Boot.ddc
[2015.11.13-23.30.02:901][  0]LogDerivedDataCache: FDerivedDataBackendGraph:  Pak pak cache file ../../../../../../Users/cwilmot/Documents/Unreal Projects/SantaSearch/DerivedDataCache/DDC.ddp not found, will not use a pak cache.
[2015.11.13-23.30.02:901][  0]LogDerivedDataCache: Unable to find inner node Pak for hierarchical cache Hierarchy.
[2015.11.13-23.30.02:926][  0]LogDerivedDataCache:Display: Pak cache opened for reading ../../../../../../Users/cwilmot/Documents/Unreal Projects/SantaSearch/DerivedDataCache/Compressed.ddp.
[2015.11.13-23.30.03:043][  0]LogDerivedDataCache:Display: Pak cache opened for reading ../../../Engine/DerivedDataCache/Compressed.ddp.
[2015.11.13-23.30.03:055][  0]LogDerivedDataCache: Using Local data cache path C:/Users/cwilmot/AppData/Local/UnrealEngine/Common/DerivedDataCache: Writable
[2015.11.13-23.30.03:209][  0]LogInit: Selected Device Profile: [Windows]
[2015.11.13-23.30.03:211][  0]LogContentStreaming: Texture pool size is 0.000000MB
[2015.11.13-23.30.03:316][  0]LogMeshUtilities: No automatic mesh reduction module available
[2015.11.13-23.30.03:316][  0]LogMeshUtilities: No automatic mesh merging module available
[2015.11.13-23.30.03:521][  0]LogInit: WinSock: version 1.1 (2.2), MaxSocks=32767, MaxUdp=65467
[2015.11.13-23.30.04:243][  0]UdpMessaging: Initializing bridge on interface 0.0.0.0:0 to multicast group 230.0.0.1:6666.
[2015.11.13-23.30.04:368][  0]LogAssetRegistry: FAssetRegistry took 0.0112 seconds to start up
[2015.11.13-23.30.04:519][  0]SourceControl: Info Source control is disabled
[2015.11.13-23.30.04:525][  0]SourceControl: Info Source control is disabled
[2015.11.13-23.30.04:533][  0]SourceControl: Info Source control is disabled
[2015.11.13-23.30.04:541][  0]SourceControl: Info Source control is disabled
[2015.11.13-23.30.04:662][  0]LogLinker:Warning: Asset '../../../Engine/Plugins/Runtime/LeapMotionController/Content/LM_PassthroughMaterial.uasset' has been saved with empty engine version. The asset will be loaded but may be incompatible.
[2015.11.13-23.30.04:732][  0]LeapPluginLog: Using LeapPlugin version 0.9.6
[2015.11.13-23.30.04:736][  0]LogObj: 28979 objects as part of root set at end of initial load.
[2015.11.13-23.30.04:736][  0]LogUObjectAllocator: 6140000 out of 0 bytes used by permanent object pool.
[2015.11.13-23.30.04:787][  0]LogEngine: Initializing Engine...
[2015.11.13-23.30.04:789][  0]OCULUS: Info: 11/13/15 23:30:04: [CAPI] LibOVR module is located at C:\Windows\SYSTEM32\LibOVRRT64_0_7.dll

[2015.11.13-23.30.05:389][  0]OCULUS: Error: 11/13/15 23:30:05: [CAPI] ovr_Create failed to complete within the timeout period.
[2015.11.13-23.30.05:493][  0]LogHMD: SteamVR failed to initialize.  Err: 110
[2015.11.13-23.30.05:622][  0]LogAIModule: Creating AISystem for world NewWorld
[2015.11.13-23.30.05:625][  0]LogInit: XAudio2 using 'Speakers / Headphones (Realtek High Definition Audio)' : 2 channels at 48 kHz using 32 bits per sample (channel mask 0x3)
[2015.11.13-23.30.05:732][  0]LogInit: FAudioDevice initialized.
[2015.11.13-23.30.05:841][  0]LogDerivedDataCache: Saved boot cache 0.11s 41MB C:/Users/cwilmot/AppData/Local/UnrealEngine/4.9/DerivedDataCache/Boot.ddc.
[2015.11.13-23.30.05:843][  0]LogInit: Texture streaming: Enabled
[2015.11.13-23.30.05:848][  0]LogAnalytics: Creating configured Analytics provider AnalyticsET
[2015.11.13-23.30.05:848][  0]LogAnalytics: [UEEditor.Rocket.Release] APIServer = http://et2.epicgames.com/ET2/. AppVersion = 4.9.2-2707645+++depot+UE4-Releases+4.9
[2015.11.13-23.30.05:848][  0]LogAnalytics: [UEEditor.Rocket.Release] SetUserId 7389daf94bb5f8dfe6ac9da11227c7bf|ee7d999fcd17472387c1981553515367|26e75362-53cb-42cd-9931-205d365b6ca0
[2015.11.13-23.30.05:848][  0]LogAnalytics: [UEEditor.Rocket.Release] AnalyticsET::StartSession
[2015.11.13-23.30.05:871][  0]LogInit: Transaction tracking system initialized
[2015.11.13-23.30.05:896][  0]BlueprintLog: New page: Editor Load
[2015.11.13-23.30.05:969][  0]LocalizationService: Info Localization service is disabled
[2015.11.13-23.30.06:028][  0]LogUObjectGlobals:Warning: Failed to find object 'Class /Engine/Tutorial/Mobile/InstallingiTunesTutorial.InstallingiTunesTutorial_C'
[2015.11.13-23.30.06:051][  0]LogConsoleResponse:Display: 
[2015.11.13-23.30.06:156][  0]LogCook:Display: Done creating registry. It took  0.00s.
[2015.11.13-23.30.06:208][  0]LogFileCache: Scanning file cache for directory 'C:/Users/cwilmot/Documents/Unreal Projects/SantaSearch/Content/' took 0.01s
[2015.11.13-23.30.06:208][  0]SourceControl: Info Source control is disabled
[2015.11.13-23.30.06:208][  0]Cmd: MAP LOAD FILE="../../../../../../Users/cwilmot/Documents/Unreal Projects/SantaSearch/Content/Maps/MemoryCardEntry.umap" TEMPLATE=0 SHOWPROGRESS=1 FEATURELEVEL=3
[2015.11.13-23.30.06:209][  0]LightingResults: New page: Lighting Build
[2015.11.13-23.30.06:212][  0]MapCheck: New page: Map Check
[2015.11.13-23.30.06:212][  0]LightingResults: New page: Lighting Build
[2015.11.13-23.30.06:224][  0]LogParticles: Destroying 0 GPU particle simulations for FXSystem 0x00000041A2992160
[2015.11.13-23.30.06:361][  0]LogBlueprint:Warning: [compiler Ue4ASP_Character] Warning InputAction Event references unknown Action 'Crouch' for  InputAction Crouch 
[2015.11.13-23.30.06:362][  0]LogBlueprint:Warning: [compiler Ue4ASP_Character] Warning InputAction Event references unknown Action 'Jump' for  InputAction Jump 
[2015.11.13-23.30.06:362][  0]LogBlueprint:Warning: [compiler Ue4ASP_Character] Warning Input Axis Event references unknown Axis 'LookUp' for  InputAxis LookUp 
[2015.11.13-23.30.06:362][  0]LogBlueprint:Warning: [compiler Ue4ASP_Character] Warning Input Axis Event references unknown Axis 'Turn' for  InputAxis Turn 
[2015.11.13-23.30.06:362][  0]LogBlueprint:Warning: [compiler Ue4ASP_Character] Warning Input Axis Event references unknown Axis 'MoveRight' for  InputAxis MoveRight 
[2015.11.13-23.30.06:362][  0]LogBlueprint:Warning: [compiler Ue4ASP_Character] Warning Input Axis Event references unknown Axis 'MoveForward' for  InputAxis MoveForward 
[2015.11.13-23.30.06:364][  0]LogBlueprint:Warning: [compiler Ue4ASP_Character] Warning [0005.82] Compile of Ue4ASP_Character successful, but with 6 Warning(s) [in 6 ms]
[2015.11.13-23.30.06:365][  0]LogBlueprint:Warning: [compiler Ue4ASP_Character] Warning [0005.82] Compile of Ue4ASP_Character successful, but with 7 Warning(s) [in 0 ms]
[2015.11.13-23.30.06:365][  0]LogBlueprint:Warning: [compiler Ue4ASP_Character] Warning [0005.82] Compile of Ue4ASP_Character successful, but with 8 Warning(s) [in 0 ms]
[2015.11.13-23.30.06:393][  0]LogBlueprint:Warning: [compiler Ue4ASP_Character] Warning InputAction Event references unknown Action 'Crouch' for  InputAction Crouch 
[2015.11.13-23.30.06:393][  0]LogBlueprint:Warning: [compiler Ue4ASP_Character] Warning InputAction Event references unknown Action 'Jump' for  InputAction Jump 
[2015.11.13-23.30.06:393][  0]LogBlueprint:Warning: [compiler Ue4ASP_Character] Warning Input Axis Event references unknown Axis 'LookUp' for  InputAxis LookUp 
[2015.11.13-23.30.06:393][  0]LogBlueprint:Warning: [compiler Ue4ASP_Character] Warning Input Axis Event references unknown Axis 'Turn' for  InputAxis Turn 
[2015.11.13-23.30.06:393][  0]LogBlueprint:Warning: [compiler Ue4ASP_Character] Warning Input Axis Event references unknown Axis 'MoveRight' for  InputAxis MoveRight 
[2015.11.13-23.30.06:393][  0]LogBlueprint:Warning: [compiler Ue4ASP_Character] Warning Input Axis Event references unknown Axis 'MoveForward' for  InputAxis MoveForward 
[2015.11.13-23.30.06:396][  0]LogBlueprint:Warning: [compiler Ue4ASP_Character] Warning [0005.86] Compile of Ue4ASP_Character successful, but with 6 Warning(s) [in 7 ms]
[2015.11.13-23.30.06:396][  0]LogBlueprint:Warning: [compiler Ue4ASP_Character] Warning [0005.86] Compile of Ue4ASP_Character successful, but with 7 Warning(s) [in 0 ms]
[2015.11.13-23.30.06:396][  0]LogBlueprint:Warning: [compiler Ue4ASP_Character] Warning [0005.86] Compile of Ue4ASP_Character successful, but with 8 Warning(s) [in 0 ms]
[2015.11.13-23.30.06:796][  0]LogBlueprint:Warning: ExposeOnSpawn ambiguity. Property 'IntProperty /Game/Blueprints/BP_CardMem.BP_CardMem_C:CardIType', MetaData 'True', Flag 'False'
[2015.11.13-23.30.07:744][  0]LogAIModule: Creating AISystem for world MemoryCardEntry
[2015.11.13-23.30.07:758][  0]LogEditorServer: Finished looking for orphan Actors (0.000 secs)
[2015.11.13-23.30.07:758][  0]Cmd: MAP CHECKDEP NOCLEARLOG
[2015.11.13-23.30.07:900][  0]MapCheck: Info Map check complete: 0 Error(s), 0 Warning(s), took 141.791ms to complete.
[2015.11.13-23.30.07:900][  0]LogFileHelpers: Loading map 'MemoryCardEntry' took 1.692
[2015.11.13-23.30.08:002][  0]LogCollectionManager: Loaded 0 collections in 0.001792 seconds
[2015.11.13-23.30.08:045][  0]LogFileCache: Scanning file cache for directory 'C:/Users/cwilmot/Documents/Unreal Projects/SantaSearch/Saved/Collections/' took 0.01s
[2015.11.13-23.30.08:045][  0]LogFileCache: Scanning file cache for directory 'C:/Users/cwilmot/Documents/Unreal Projects/SantaSearch/Content/Developers/cwilmot/Collections/' took 0.01s
[2015.11.13-23.30.08:045][  0]LogFileCache: Scanning file cache for directory 'C:/Users/cwilmot/Documents/Unreal Projects/SantaSearch/Content/Collections/' took 0.01s
[2015.11.13-23.30.08:045][  0]LogContentBrowser: Native class hierarchy populated in 0.0065 seconds. Added 1893 classes and 337 folders.
[2015.11.13-23.30.08:049][  0]LogCollectionManager: Rebuilt the GUID cache for 0 collections in 0.000002 seconds
[2015.11.13-23.30.08:055][  0]LogContentBrowser: Native class hierarchy updated for 'WidgetCarousel' in 0.0003 seconds. Added 0 classes and 0 folders.
[2015.11.13-23.30.08:108][  0]LogContentBrowser: Native class hierarchy updated for 'AddContentDialog' in 0.0003 seconds. Added 0 classes and 0 folders.
[2015.11.13-23.30.08:112][  0]LogContentBrowser: Native class hierarchy updated for 'SceneOutliner' in 0.0003 seconds. Added 1 classes and 2 folders.
[2015.11.13-23.30.08:180][  0]LogCrashTracker: Crashtracker disabled due to settings.
[2015.11.13-23.30.08:183][  0]LogUObjectGlobals:Warning: Failed to find object 'Class None.'
[2015.11.13-23.30.08:205][  0]LogLoad: Full Startup: 7.66 seconds (BP compile: 0.47 seconds)
[2015.11.13-23.30.08:269][  0]LogContentStreaming: Texture pool size now 1000 MB
[2015.11.13-23.30.08:400][  0]LogRenderer: Reallocating scene render targets to support 1292x576 (Frame:2).
[2015.11.13-23.30.08:734][  9]LogAssetRegistry: Asset discovery search completed in 4.3777 seconds
[2015.11.13-23.30.08:734][  9]LogCollectionManager: Rebuilt the object cache for 0 collections in 0.000000 seconds (found 0 objects)
[2015.11.13-23.30.08:734][  9]LogCollectionManager: Fixed up redirectors for 0 collections in 0.000017 seconds (updated 0 objects)
[2015.11.13-23.30.13:459][565]LogFileCache: Retrieving MD5 hashes for directory 'C:/Users/cwilmot/Documents/Unreal Projects/SantaSearch/Content/' took 5.23s
[2015.11.13-23.30.25:235][956]LogSlate:Warning: Prevented a slow task dialog from being summoned while a context menu was open
[2015.11.13-23.30.25:269][956]LogProperty:Error: UStructProperty::Serialize Loading: Property 'StructProperty /LeapMotion/Character/Basic/BasicCharacter_AnimBlueprint.BasicCharacter_AnimBlueprint_C:AnimGraphNode_Fabrik_8C904C7A415FB588652E8A91FDC811AE'. Unknown structure.
[2015.11.13-23.30.25:269][956]LogProperty:Error: UStructProperty::Serialize Loading: Property 'StructProperty /LeapMotion/Character/Basic/BasicCharacter_AnimBlueprint.BasicCharacter_AnimBlueprint_C:AnimGraphNode_Fabrik_416EC86F435836563C4E49AD6D016C3C'. Unknown structure.
[2015.11.13-23.30.25:270][956]LogProperty:Error: UStructProperty::Serialize Loading: Property 'StructProperty /LeapMotion/Character/Basic/BasicCharacter_AnimBlueprint.BasicCharacter_AnimBlueprint_C:AnimGraphNode_Fabrik_9FF4326C4CAD2373B92D6F9E3AC3F57A'. Unknown structure.
[2015.11.13-23.30.25:271][956]LogAnimation:Warning: Invalid animation root node index 54 on '/LeapMotion/Character/Basic/BasicCharacter_AnimBlueprint.BasicCharacter_AnimBlueprint_C' (only 52 nodes)
[2015.11.13-23.31.15:569][956]LogOutputDevice: === Handled error: ===

Ensure condition failed: bValidRootIndex [File:D:\BuildFarm\buildmachine_++depot+UE4-Releases+4.9\Engine\Source\Runtime\Engine\Private\Animation\AnimBlueprintGeneratedClass.cpp] [Line: 234]

Stack: 
UE4Editor-Core.dll!FWindowsPlatformStackWalk::StackWalkAndDump() [d:\buildfarm\buildmachine_++depot+ue4-releases+4.9\engine\source\runtime\core\private\windows\windowsplatformstackwalk.cpp:175]
UE4Editor-Core.dll!FDebug::EnsureFailed() [d:\buildfarm\buildmachine_++depot+ue4-releases+4.9\engine\source\runtime\core\private\misc\outputdevice.cpp:258]
UE4Editor-Core.dll!FDebug::OptionallyLogFormattedEnsureMessageReturningFalse() [d:\buildfarm\buildmachine_++depot+ue4-releases+4.9\engine\source\runtime\core\private\misc\outputdevice.cpp:368]
UE4Editor-Engine.dll!UAnimBlueprintGeneratedClass::Link() [d:\buildfarm\buildmachine_++depot+ue4-releases+4.9\engine\source\runtime\engine\private\animation\animblueprintgeneratedclass.cpp:234]
UE4Editor-CoreUObject.dll!UClass::Serialize() [d:\buildfarm\buildmachine_++depot+ue4-releases+4.9\engine\source\runtime\coreuobject\private\uobject\class.cpp:3393]
UE4Editor-Engine.dll!UBlueprintGeneratedClass::Serialize() [d:\buildfarm\buildmachine_++depot+ue4-releases+4.9\engine\source\runtime\engine\private\blueprintgeneratedclass.cpp:757]
UE4Editor-CoreUObject.dll!FLinkerLoad::Preload() [d:\buildfarm\buildmachine_++depot+ue4-releases+4.9\engine\source\runtime\coreuobject\private\uobject\linkerload.cpp:3143]
UE4Editor-CoreUObject.dll!FLinkerLoad::CreateExport() [d:\buildfarm\buildmachine_++depot+ue4-releases+4.9\engine\source\runtime\coreuobject\private\uobject\linkerload.cpp:3792]
UE4Editor-CoreUObject.dll!FLinkerLoad::IndexToObject() [d:\buildfarm\buildmachine_++depot+ue4-releases+4.9\engine\source\runtime\coreuobject\private\uobject\linkerload.cpp:3982]
UE4Editor-CoreUObject.dll!FLinkerLoad::CreateExport() [d:\buildfarm\buildmachine_++depot+ue4-releases+4.9\engine\source\runtime\coreuobject\private\uobject\linkerload.cpp:3505]
UE4Editor-CoreUObject.dll!FLinkerLoad::CreateExportAndPreload() [d:\buildfarm\buildmachine_++depot+ue4-releases+4.9\engine\source\runtime\coreuobject\private\uobject\linkerload.cpp:2661]
UE4Editor-CoreUObject.dll!FLinkerLoad::LoadAllObjects() [d:\buildfarm\buildmachine_++depot+ue4-releases+4.9\engine\source\runtime\coreuobject\private\uobject\linkerload.cpp:2769]
UE4Editor-CoreUObject.dll!LoadPackageInternal() [d:\buildfarm\buildmachine_++depot+ue4-releases+4.9\engine\source\runtime\coreuobject\private\uobject\uobjectglobals.cpp:1032]
UE4Editor-CoreUObject.dll!FLinkerLoad::VerifyImportInner() [d:\buildfarm\buildmachine_++depot+ue4-releases+4.9\engine\source\runtime\coreuobject\private\uobject\linkerload.cpp:2354]
UE4Editor-CoreUObject.dll!FLinkerLoad::VerifyImport() [d:\buildfarm\buildmachine_++depot+ue4-releases+4.9\engine\source\runtime\coreuobject\private\uobject\linkerload.cpp:2115]
UE4Editor-CoreUObject.dll!FLinkerLoad::VerifyImportInner() [d:\buildfarm\buildmachine_++depot+ue4-releases+4.9\engine\source\runtime\coreuobject\private\uobject\linkerload.cpp:2402]
UE4Editor-CoreUObject.dll!FLinkerLoad::VerifyImport() [d:\buildfarm\buildmachine_++depot+ue4-releases+4.9\engine\source\runtime\coreuobject\private\uobject\linkerload.cpp:2115]
UE4Editor-CoreUObject.dll!FLinkerLoad::Verify() [d:\buildfarm\buildmachine_++depot+ue4-releases+4.9\engine\source\runtime\coreuobject\private\uobject\linkerload.cpp:1905]
UE4Editor-CoreUObject.dll!FLinkerLoad::FinalizeCreation() [d:\buildfarm\buildmachine_++depot+ue4-releases+4.9\engine\source\runtime\coreuobject\private\uobject\linkerload.cpp:1815]
UE4Editor-CoreUObject.dll!FLinkerLoad::Tick() [d:\buildfarm\buildmachine_++depot+ue4-releases+4.9\engine\source\runtime\coreuobject\private\uobject\linkerload.cpp:666]
UE4Editor-CoreUObject.dll!FLinkerLoad::CreateLinker() [d:\buildfarm\buildmachine_++depot+ue4-releases+4.9\engine\source\runtime\coreuobject\private\uobject\linkerload.cpp:404]
UE4Editor-CoreUObject.dll!GetPackageLinker() [d:\buildfarm\buildmachine_++depot+ue4-releases+4.9\engine\source\runtime\coreuobject\private\uobject\linker.cpp:570]
UE4Editor-CoreUObject.dll!LoadPackageInternal() [d:\buildfarm\buildmachine_++depot+ue4-releases+4.9\engine\source\runtime\coreuobject\private\uobject\uobjectglobals.cpp:936]
UE4Editor-CoreUObject.dll!FLinkerLoad::VerifyImportInner() [d:\buildfarm\buildmachine_++depot+ue4-releases+4.9\engine\source\runtime\coreuobject\private\uobject\linkerload.cpp:2354]
UE4Editor-CoreUObject.dll!FLinkerLoad::VerifyImport() [d:\buildfarm\buildmachine_++depot+ue4-releases+4.9\engine\source\runtime\coreuobject\private\uobject\linkerload.cpp:2115]
UE4Editor-CoreUObject.dll!FLinkerLoad::VerifyImportInner() [d:\buildfarm\buildmachine_++depot+ue4-releases+4.9\engine\source\runtime\coreuobject\private\uobject\linkerload.cpp:2402]
UE4Editor-CoreUObject.dll!FLinkerLoad::VerifyImport() [d:\buildfarm\buildmachine_++depot+ue4-releases+4.9\engine\source\runtime\coreuobject\private\uobject\linkerload.cpp:2115]
UE4Editor-CoreUObject.dll!FLinkerLoad::VerifyImportInner() [d:\buildfarm\buildmachine_++depot+ue4-releases+4.9\engine\source\runtime\coreuobject\private\uobject\linkerload.cpp:2402]
UE4Editor-CoreUObject.dll!FLinkerLoad::VerifyImport() [d:\buildfarm\buildmachine_++depot+ue4-releases+4.9\engine\source\runtime\coreuobject\private\uobject\linkerload.cpp:2115]
UE4Editor-CoreUObject.dll!FLinkerLoad::Verify() [d:\buildfarm\buildmachine_++depot+ue4-releases+4.9\engine\source\runtime\coreuobject\private\uobject\linkerload.cpp:1905]
UE4Editor-CoreUObject.dll!FLinkerLoad::FinalizeCreation() [d:\buildfarm\buildmachine_++depot+ue4-releases+4.9\engine\source\runtime\coreuobject\private\uobject\linkerload.cpp:1815]
UE4Editor-CoreUObject.dll!FLinkerLoad::Tick() [d:\buildfarm\buildmachine_++depot+ue4-releases+4.9\engine\source\runtime\coreuobject\private\uobject\linkerload.cpp:666]
UE4Editor-CoreUObject.dll!FLinkerLoad::CreateLinker() [d:\buildfarm\buildmachine_++depot+ue4-releases+4.9\engine\source\runtime\coreuobject\private\uobject\linkerload.cpp:404]
UE4Editor-CoreUObject.dll!GetPackageLinker() [d:\buildfarm\buildmachine_++depot+ue4-releases+4.9\engine\source\runtime\coreuobject\private\uobject\linker.cpp:570]
UE4Editor-CoreUObject.dll!LoadPackageInternal() [d:\buildfarm\buildmachine_++depot+ue4-releases+4.9\engine\source\runtime\coreuobject\private\uobject\uobjectglobals.cpp:936]
UE4Editor-ClassViewer.dll!ClassViewer::Helpers::LoadClass() [d:\buildfarm\buildmachine_++depot+ue4-releases+4.9\engine\source\editor\classviewer\private\sclassviewer.cpp:1025]
UE4Editor-ClassViewer.dll!SClassViewer::OnClassViewerSelectionChanged() [d:\buildfarm\buildmachine_++depot+ue4-releases+4.9\engine\source\editor\classviewer\private\sclassviewer.cpp:2195]
UE4Editor-ClassViewer.dll!TBaseSPMethodDelegateInstance<0,SClassViewer,0,TTypeWrapper<void> __cdecl(TSharedPtr<FClassViewerNode,0>,enum ESelectInfo::Type)>::Execute() [d:\buildfarm\buildmachine_++depot+ue4-releases+4.9\engine\source\runtime\core\public\delegates\delegateinstancesimpl_variadics.inl:282]
UE4Editor-ClassViewer.dll!TBaseSPMethodDelegateInstance<0,SClassViewer,0,void __cdecl(TSharedPtr<FClassViewerNode,0>,enum ESelectInfo::Type)>::ExecuteIfSafe() [d:\buildfarm\buildmachine_++depot+ue4-releases+4.9\engine\source\runtime\core\public\delegates\delegateinstancesimpl_variadics.inl:388]
UE4Editor-ClassViewer.dll!TBaseDelegate<void,TSharedPtr<FClassViewerNode,0>,enum ESelectInfo::Type>::ExecuteIfBound() [d:\buildfarm\buildmachine_++depot+ue4-releases+4.9\engine\source\runtime\core\public\delegates\delegatesignatureimpl_variadics.inl:482]
UE4Editor-ClassViewer.dll!SListView<TSharedPtr<FClassViewerNode,0> >::Private_SignalSelectionChanged() [d:\buildfarm\buildmachine_++depot+ue4-releases+4.9\engine\source\runtime\slate\public\widgets\views\slistview.h:609]
UE4Editor-ClassViewer.dll!STableRow<TSharedPtr<FString,0> >::OnMouseButtonUp() [d:\buildfarm\buildmachine_++depot+ue4-releases+4.9\engine\source\runtime\slate\public\widgets\views\stablerow.h:446]
UE4Editor-Slate.dll!<lambda_df946b2745ea2bbab398d4acc9cc3d04>::operator()() [d:\buildfarm\buildmachine_++depot+ue4-releases+4.9\engine\source\runtime\slate\private\framework\application\slateapplication.cpp:4273]
UE4Editor-Slate.dll!FEventRouter::Route<FReply,FEventRouter::FToLeafmostPolicy,FPointerEvent,<lambda_df946b2745ea2bbab398d4acc9cc3d04> >() [d:\buildfarm\buildmachine_++depot+ue4-releases+4.9\engine\source\runtime\slate\private\framework\application\slateapplication.cpp:214]
UE4Editor-Slate.dll!FSlateApplication::RoutePointerUpEvent() [d:\buildfarm\buildmachine_++depot+ue4-releases+4.9\engine\source\runtime\slate\private\framework\application\slateapplication.cpp:4276]
UE4Editor-Slate.dll!FSlateApplication::ProcessMouseButtonUpEvent() [d:\buildfarm\buildmachine_++depot+ue4-releases+4.9\engine\source\runtime\slate\private\framework\application\slateapplication.cpp:4660]
UE4Editor-Slate.dll!FSlateApplication::OnMouseUp() [d:\buildfarm\buildmachine_++depot+ue4-releases+4.9\engine\source\runtime\slate\private\framework\application\slateapplication.cpp:4638]
UE4Editor-Core.dll!FWindowsApplication::ProcessDeferredMessage() [d:\buildfarm\buildmachine_++depot+ue4-releases+4.9\engine\source\runtime\core\private\windows\windowsapplication.cpp:1403]
UE4Editor-Core.dll!FWindowsApplication::DeferMessage() [d:\buildfarm\buildmachine_++depot+ue4-releases+4.9\engine\source\runtime\core\private\windows\windowsapplication.cpp:1708]
UE4Editor-Core.dll!FWindowsApplication::ProcessMessage() [d:\buildfarm\buildmachine_++depot+ue4-releases+4.9\engine\source\runtime\core\private\windows\windowsapplication.cpp:706]
UE4Editor-Core.dll!FWindowsApplication::AppWndProc() [d:\buildfarm\buildmachine_++depot+ue4-releases+4.9\engine\source\runtime\core\private\windows\windowsapplication.cpp:628]
USER32.dll
USER32.dll
UE4Editor-Core.dll!FWindowsPlatformMisc::PumpMessages() [d:\buildfarm\buildmachine_++depot+ue4-releases+4.9\engine\source\runtime\core\private\windows\windowsplatformmisc.cpp:884]
UE4Editor.exe!FEngineLoop::Tick() [d:\buildfarm\buildmachine_++depot+ue4-releases+4.9\engine\source\runtime\launch\private\launchengineloop.cpp:2392]
UE4Editor.exe!GuardedMain() [d:\buildfarm\buildmachine_++depot+ue4-releases+4.9\engine\source\runtime\launch\private\launch.cpp:142]
UE4Editor.exe!GuardedMainWrapper() [d:\buildfarm\buildmachine_++depot+ue4-releases+4.9\engine\source\runtime\launch\private\windows\launchwindows.cpp:126]
UE4Editor.exe!WinMain() [d:\buildfarm\buildmachine_++depot+ue4-releases+4.9\engine\source\runtime\launch\private\windows\launchwindows.cpp:200]
UE4Editor.exe!__tmainCRTStartup() [f:\dd\vctools\crt\crtw32\dllstuff\crtexe.c:618]
KERNEL32.DLL
ntdll.dll
ntdll.dll

[2015.11.13-23.31.17:588][956]LogAnimation:Warning: Invalid animation root node index 54 on '/LeapMotion/Character/Basic/BasicCharacter_AnimBlueprint.BasicCharacter_AnimBlueprint_C' (only 52 nodes)
[2015.11.13-23.31.17:821][956]LogAnimation:Warning: Invalid animation root node index 54 on '/Engine/Transient.REINST_BasicCharacter_AnimBlueprint_C_2' (only 52 nodes)
[2015.11.13-23.31.17:936][956]LogClass:Warning: Property AnimGraphNode_Fabrik_8C904C7A415FB588652E8A91FDC811AE of BasicCharacter_AnimBlueprint_C has a struct type mismatch (tag FallbackStruct != prop AnimNode_Fabrik) in package:  FObjectReader. If that struct got renamed, add an entry to ActiveStructRedirects.
[2015.11.13-23.31.17:936][956]LogClass:Warning: Property AnimGraphNode_Fabrik_416EC86F435836563C4E49AD6D016C3C of BasicCharacter_AnimBlueprint_C has a struct type mismatch (tag FallbackStruct != prop AnimNode_Fabrik) in package:  FObjectReader. If that struct got renamed, add an entry to ActiveStructRedirects.
[2015.11.13-23.31.17:937][956]LogClass:Warning: Property AnimGraphNode_Fabrik_9FF4326C4CAD2373B92D6F9E3AC3F57A of BasicCharacter_AnimBlueprint_C has a struct type mismatch (tag FallbackStruct != prop AnimNode_Fabrik) in package:  FObjectReader. If that struct got renamed, add an entry to ActiveStructRedirects.
[2015.11.13-23.31.18:370][956]LogBlueprint:Warning: [compiler LeapBasicRiggedCharacter] Warning InputAction Event references unknown Action 'Jump' for  InputAction Jump 
[2015.11.13-23.31.18:370][956]LogBlueprint:Warning: [compiler LeapBasicRiggedCharacter] Warning Input Axis Event references unknown Axis 'LookUpRate' for  InputAxis LookUpRate 
[2015.11.13-23.31.18:370][956]LogBlueprint:Warning: [compiler LeapBasicRiggedCharacter] Warning Input Axis Event references unknown Axis 'TurnRate' for  InputAxis TurnRate 
[2015.11.13-23.31.18:370][956]LogBlueprint:Warning: [compiler LeapBasicRiggedCharacter] Warning Input Axis Event references unknown Axis 'Turn' for  InputAxis Turn 
[2015.11.13-23.31.18:370][956]LogBlueprint:Warning: [compiler LeapBasicRiggedCharacter] Warning Input Axis Event references unknown Axis 'LookUp' for  InputAxis LookUp 
[2015.11.13-23.31.18:371][956]LogBlueprint:Warning: [compiler LeapBasicRiggedCharacter] Warning Input Axis Event references unknown Axis 'MoveRight' for  InputAxis MoveRight 
[2015.11.13-23.31.18:371][956]LogBlueprint:Warning: [compiler LeapBasicRiggedCharacter] Warning Input Axis Event references unknown Axis 'MoveForward' for  InputAxis MoveForward 
[2015.11.13-23.31.18:373][956]LogBlueprint:Warning: [compiler LeapBasicRiggedCharacter] Warning [0077.84] Compile of LeapBasicRiggedCharacter successful, but with 7 Warning(s) [in 8 ms]
[2015.11.13-23.31.18:374][956]LogBlueprint:Warning: [compiler LeapBasicRiggedCharacter] Warning [0077.84] Compile of LeapBasicRiggedCharacter successful, but with 8 Warning(s) [in 0 ms]
[2015.11.13-23.31.18:374][956]LogBlueprint:Warning: [compiler LeapBasicRiggedCharacter] Warning [0077.84] Compile of LeapBasicRiggedCharacter successful, but with 9 Warning(s) [in 0 ms]
[2015.11.13-23.31.18:380][956]LogBlueprint:Warning: [compiler LeapBasicRiggedCharacter] Warning InputAction Event references unknown Action 'Jump' for  InputAction Jump 
[2015.11.13-23.31.18:381][956]LogBlueprint:Warning: [compiler LeapBasicRiggedCharacter] Warning Input Axis Event references unknown Axis 'LookUpRate' for  InputAxis LookUpRate 
[2015.11.13-23.31.18:381][956]LogBlueprint:Warning: [compiler LeapBasicRiggedCharacter] Warning Input Axis Event references unknown Axis 'TurnRate' for  InputAxis TurnRate 
[2015.11.13-23.31.18:381][956]LogBlueprint:Warning: [compiler LeapBasicRiggedCharacter] Warning Input Axis Event references unknown Axis 'Turn' for  InputAxis Turn 
[2015.11.13-23.31.18:381][956]LogBlueprint:Warning: [compiler LeapBasicRiggedCharacter] Warning Input Axis Event references unknown Axis 'LookUp' for  InputAxis LookUp 
[2015.11.13-23.31.18:381][956]LogBlueprint:Warning: [compiler LeapBasicRiggedCharacter] Warning Input Axis Event references unknown Axis 'MoveRight' for  InputAxis MoveRight 
[2015.11.13-23.31.18:381][956]LogBlueprint:Warning: [compiler LeapBasicRiggedCharacter] Warning Input Axis Event references unknown Axis 'MoveForward' for  InputAxis MoveForward 
[2015.11.13-23.31.18:385][956]LogBlueprint:Warning: [compiler LeapBasicRiggedCharacter] Warning [0077.85] Compile of LeapBasicRiggedCharacter successful, but with 7 Warning(s) [in 9 ms]
[2015.11.13-23.31.18:385][956]LogBlueprint:Warning: [compiler LeapBasicRiggedCharacter] Warning [0077.85] Compile of LeapBasicRiggedCharacter successful, but with 8 Warning(s) [in 0 ms]
[2015.11.13-23.31.18:385][956]LogBlueprint:Warning: [compiler LeapBasicRiggedCharacter] Warning [0077.85] Compile of LeapBasicRiggedCharacter successful, but with 9 Warning(s) [in 0 ms]
[2015.11.13-23.31.28:899][ 59]LogSlate:Warning: Prevented a slow task dialog from being summoned while a context menu was open
[2015.11.13-23.31.36:414][939]LogSlate:Warning: Prevented a slow task dialog from being summoned while a context menu was open
[2015.11.13-23.31.40:019][366]LogBlueprintUserMessages: Early PlayInEditor Detection: Level '/Game/Maps/MemoryCardEntry.MemoryCardEntry:PersistentLevel' has LevelScriptBlueprint '/Game/Maps/MemoryCardEntry.MemoryCardEntry:PersistentLevel.MemoryCardEntry' with GeneratedClass '/Game/Maps/MemoryCardEntry.MemoryCardEntry_C' with ClassGeneratedBy '/Game/Maps/MemoryCardEntry.MemoryCardEntry:PersistentLevel.MemoryCardEntry'
[2015.11.13-23.31.40:019][366]LogPlayLevel: PlayLevel: No blueprints needed recompiling
[2015.11.13-23.31.40:020][366]PIE: New page: PIE session: MemoryCardEntry (Nov 13, 2015, 1:31:40 PM)
[2015.11.13-23.31.40:020][366]LogPlayLevel: Creating play world package: /Game/Maps/UEDPIE_0_MemoryCardEntry
[2015.11.13-23.31.40:030][366]LogPlayLevel: PIE: StaticDuplicateObject took: (0.010768s)
[2015.11.13-23.31.40:031][366]LogAIModule: Creating AISystem for world MemoryCardEntry
[2015.11.13-23.31.40:031][366]LogPlayLevel: PIE: World Init took: (0.000620s)
[2015.11.13-23.31.40:031][366]LogPlayLevel: PIE: Created PIE world by copying editor world from /Game/Maps/MemoryCardEntry.MemoryCardEntry to /Game/Maps/UEDPIE_0_MemoryCardEntry.MemoryCardEntry (0.011629s)
[2015.11.13-23.31.40:031][366]LogActorComponent: UnregisterComponent: (/Engine/Transient.CharMoveComp) Not registered. Aborting.
[2015.11.13-23.31.40:125][366]LeapPluginLog: LeapController::CleanupEventData Delete Called
[2015.11.13-23.31.40:135][366]LeapPluginLog: LeapController::CleanupEventData Delete Called
[2015.11.13-23.31.40:159][366]LogInit: XAudio2 using 'Speakers / Headphones (Realtek High Definition Audio)' : 2 channels at 48 kHz using 32 bits per sample (channel mask 0x3)
[2015.11.13-23.31.40:192][366]LogInit: FAudioDevice initialized.
[2015.11.13-23.31.40:239][366]LogWorld: Game class is 'BP_LogicMem_C'
[2015.11.13-23.31.40:243][366]LogWorld: Bringing World /Game/Maps/UEDPIE_0_MemoryCardEntry.MemoryCardEntry up for play (max tick rate 0) at 2015.11.13-18.31.40
[2015.11.13-23.31.40:243][366]LogActor:Warning: GameSession /Game/Maps/UEDPIE_0_MemoryCardEntry.MemoryCardEntry:PersistentLevel.GameSession_0 has natively added scene component(s), but none of them were set as the actor's RootComponent - picking one arbitrarily
[2015.11.13-23.31.40:244][366]LogActor:Warning: GameNetworkManager /Game/Maps/UEDPIE_0_MemoryCardEntry.MemoryCardEntry:PersistentLevel.GameNetworkManager_0 has natively added scene component(s), but none of them were set as the actor's RootComponent - picking one arbitrarily
[2015.11.13-23.31.40:244][366]LogWorld: Bringing up level for play took: 0.004014
[2015.11.13-23.31.40:282][366]LeapPluginLog: InterfaceObject: LeapAnimBodyConnectorWithPassthrough_C_0
[2015.11.13-23.31.40:287][366]PIE: Info Play in editor start time for /Game/Maps/UEDPIE_0_MemoryCardEntry -0.276
[2015.11.13-23.31.40:287][366]LogBlueprintUserMessages: Late PlayInEditor Detection: Level '/Game/Maps/MemoryCardEntry.MemoryCardEntry:PersistentLevel' has LevelScriptBlueprint '/Game/Maps/MemoryCardEntry.MemoryCardEntry:PersistentLevel.MemoryCardEntry' with GeneratedClass '/Game/Maps/MemoryCardEntry.MemoryCardEntry_C' with ClassGeneratedBy '/Game/Maps/MemoryCardEntry.MemoryCardEntry:PersistentLevel.MemoryCardEntry'
[2015.11.13-23.31.40:344][367]LeapPluginLog: Created Leap Image Texture Sized: 640, 240, format 2
[2015.11.13-23.31.40:345][367]LeapPluginLog: Created Leap Image Texture Sized: 64, 64, format 1
[2015.11.13-23.31.40:345][367]LeapPluginLog: Created Leap Image Texture Sized: 640, 240, format 2
[2015.11.13-23.31.40:346][367]LeapPluginLog: Created Leap Image Texture Sized: 64, 64, format 1
[2015.11.13-23.31.53:354][662]LogBlueprintUserMessages: Early EndPlayMap Detection: Level '/Game/Maps/MemoryCardEntry.MemoryCardEntry:PersistentLevel' has LevelScriptBlueprint '/Game/Maps/MemoryCardEntry.MemoryCardEntry:PersistentLevel.MemoryCardEntry' with GeneratedClass '/Game/Maps/MemoryCardEntry.MemoryCardEntry_C' with ClassGeneratedBy '/Game/Maps/MemoryCardEntry.MemoryCardEntry:PersistentLevel.MemoryCardEntry'
[2015.11.13-23.31.53:361][662]LeapPluginLog: LeapController::CleanupEventData Delete Called
[2015.11.13-23.31.53:388][662]LogBlueprintUserMessages: Late EndPlayMap Detection: Level '/Game/Maps/MemoryCardEntry.MemoryCardEntry:PersistentLevel' has LevelScriptBlueprint '/Game/Maps/MemoryCardEntry.MemoryCardEntry:PersistentLevel.MemoryCardEntry' with GeneratedClass '/Game/Maps/MemoryCardEntry.MemoryCardEntry_C' with ClassGeneratedBy '/Game/Maps/MemoryCardEntry.MemoryCardEntry:PersistentLevel.MemoryCardEntry'
[2015.11.13-23.31.53:405][662]LogParticles: Destroying 0 GPU particle simulations for FXSystem 0x00000041847F89A0
[2015.11.13-23.31.54:167][749]LogSlate:Warning: Prevented a slow task dialog from being summoned while a context menu was open
[2015.11.13-23.31.57:316][119]LogBlueprintUserMessages: Early PlayInEditor Detection: Level '/Game/Maps/MemoryCardEntry.MemoryCardEntry:PersistentLevel' has LevelScriptBlueprint '/Game/Maps/MemoryCardEntry.MemoryCardEntry:PersistentLevel.MemoryCardEntry' with GeneratedClass '/Game/Maps/MemoryCardEntry.MemoryCardEntry_C' with ClassGeneratedBy '/Game/Maps/MemoryCardEntry.MemoryCardEntry:PersistentLevel.MemoryCardEntry'
[2015.11.13-23.31.57:316][119]LogPlayLevel: PlayLevel: No blueprints needed recompiling
[2015.11.13-23.31.57:317][119]PIE: New page: PIE session: MemoryCardEntry (Nov 13, 2015, 1:31:57 PM)
[2015.11.13-23.31.57:317][119]LogPlayLevel: Creating play world package: /Game/Maps/UEDPIE_0_MemoryCardEntry
[2015.11.13-23.31.57:326][119]LogPlayLevel: PIE: StaticDuplicateObject took: (0.009880s)
[2015.11.13-23.31.57:327][119]LogAIModule: Creating AISystem for world MemoryCardEntry
[2015.11.13-23.31.57:327][119]LogPlayLevel: PIE: World Init took: (0.000468s)
[2015.11.13-23.31.57:327][119]LogPlayLevel: PIE: Created PIE world by copying editor world from /Game/Maps/MemoryCardEntry.MemoryCardEntry to /Game/Maps/UEDPIE_0_MemoryCardEntry.MemoryCardEntry (0.010505s)
[2015.11.13-23.31.57:345][119]LogInit: XAudio2 using 'Speakers / Headphones (Realtek High Definition Audio)' : 2 channels at 48 kHz using 32 bits per sample (channel mask 0x3)
[2015.11.13-23.31.57:378][119]LogInit: FAudioDevice initialized.
[2015.11.13-23.31.57:409][119]LogWorld: Game class is 'BP_LogicMem_C'
[2015.11.13-23.31.57:413][119]LogWorld: Bringing World /Game/Maps/UEDPIE_0_MemoryCardEntry.MemoryCardEntry up for play (max tick rate 0) at 2015.11.13-18.31.57
[2015.11.13-23.31.57:413][119]LogActor:Warning: GameSession /Game/Maps/UEDPIE_0_MemoryCardEntry.MemoryCardEntry:PersistentLevel.GameSession_1 has natively added scene component(s), but none of them were set as the actor's RootComponent - picking one arbitrarily
[2015.11.13-23.31.57:413][119]LogActor:Warning: GameNetworkManager /Game/Maps/UEDPIE_0_MemoryCardEntry.MemoryCardEntry:PersistentLevel.GameNetworkManager_1 has natively added scene component(s), but none of them were set as the actor's RootComponent - picking one arbitrarily
[2015.11.13-23.31.57:414][119]LogWorld: Bringing up level for play took: 0.003777
[2015.11.13-23.31.57:417][119]LeapPluginLog: InterfaceObject: LeapAnimBodyConnectorWithPassthrough_C_1
[2015.11.13-23.31.57:418][119]PIE: Info Play in editor start time for /Game/Maps/UEDPIE_0_MemoryCardEntry 0.857
[2015.11.13-23.31.57:418][119]LogBlueprintUserMessages: Late PlayInEditor Detection: Level '/Game/Maps/MemoryCardEntry.MemoryCardEntry:PersistentLevel' has LevelScriptBlueprint '/Game/Maps/MemoryCardEntry.MemoryCardEntry:PersistentLevel.MemoryCardEntry' with GeneratedClass '/Game/Maps/MemoryCardEntry.MemoryCardEntry_C' with ClassGeneratedBy '/Game/Maps/MemoryCardEntry.MemoryCardEntry:PersistentLevel.MemoryCardEntry'
[2015.11.13-23.31.57:441][121]LeapPluginLog: Created Leap Image Texture Sized: 640, 240, format 2
[2015.11.13-23.31.57:441][121]LeapPluginLog: Created Leap Image Texture Sized: 64, 64, format 1
[2015.11.13-23.31.57:442][121]LeapPluginLog: Created Leap Image Texture Sized: 640, 240, format 2
[2015.11.13-23.31.57:442][121]LeapPluginLog: Created Leap Image Texture Sized: 64, 64, format 1
[2015.11.13-23.32.24:375][449]LogBlueprintUserMessages: Early EndPlayMap Detection: Level '/Game/Maps/MemoryCardEntry.MemoryCardEntry:PersistentLevel' has LevelScriptBlueprint '/Game/Maps/MemoryCardEntry.MemoryCardEntry:PersistentLevel.MemoryCardEntry' with GeneratedClass '/Game/Maps/MemoryCardEntry.MemoryCardEntry_C' with ClassGeneratedBy '/Game/Maps/MemoryCardEntry.MemoryCardEntry:PersistentLevel.MemoryCardEntry'
[2015.11.13-23.32.24:382][449]LeapPluginLog: LeapController::CleanupEventData Delete Called
[2015.11.13-23.32.24:414][449]LogBlueprintUserMessages: Late EndPlayMap Detection: Level '/Game/Maps/MemoryCardEntry.MemoryCardEntry:PersistentLevel' has LevelScriptBlueprint '/Game/Maps/MemoryCardEntry.MemoryCardEntry:PersistentLevel.MemoryCardEntry' with GeneratedClass '/Game/Maps/MemoryCardEntry.MemoryCardEntry_C' with ClassGeneratedBy '/Game/Maps/MemoryCardEntry.MemoryCardEntry:PersistentLevel.MemoryCardEntry'
[2015.11.13-23.32.24:455][450]LogParticles: Destroying 0 GPU particle simulations for FXSystem 0x000000427EC0EFC0
[2015.11.13-23.32.29:247][ 20]LogBlueprintUserMessages: Early PlayInEditor Detection: Level '/Game/Maps/MemoryCardEntry.MemoryCardEntry:PersistentLevel' has LevelScriptBlueprint '/Game/Maps/MemoryCardEntry.MemoryCardEntry:PersistentLevel.MemoryCardEntry' with GeneratedClass '/Game/Maps/MemoryCardEntry.MemoryCardEntry_C' with ClassGeneratedBy '/Game/Maps/MemoryCardEntry.MemoryCardEntry:PersistentLevel.MemoryCardEntry'
[2015.11.13-23.32.29:247][ 20]LogPlayLevel: PlayLevel: No blueprints needed recompiling
[2015.11.13-23.32.29:248][ 20]PIE: New page: PIE session: MemoryCardEntry (Nov 13, 2015, 1:32:29 PM)
[2015.11.13-23.32.29:248][ 20]LogPlayLevel: Creating play world package: /Game/Maps/UEDPIE_0_MemoryCardEntry
[2015.11.13-23.32.29:257][ 20]LogPlayLevel: PIE: StaticDuplicateObject took: (0.009583s)
[2015.11.13-23.32.29:258][ 20]LogAIModule: Creating AISystem for world MemoryCardEntry
[2015.11.13-23.32.29:258][ 20]LogPlayLevel: PIE: World Init took: (0.000571s)
[2015.11.13-23.32.29:258][ 20]LogPlayLevel: PIE: Created PIE world by copying editor world from /Game/Maps/MemoryCardEntry.MemoryCardEntry to /Game/Maps/UEDPIE_0_MemoryCardEntry.MemoryCardEntry (0.010355s)
[2015.11.13-23.32.29:278][ 20]LogInit: XAudio2 using 'Speakers / Headphones (Realtek High Definition Audio)' : 2 channels at 48 kHz using 32 bits per sample (channel mask 0x3)
[2015.11.13-23.32.29:309][ 20]LogInit: FAudioDevice initialized.
[2015.11.13-23.32.29:342][ 20]LogWorld: Game class is 'BP_LogicMem_C'
[2015.11.13-23.32.29:347][ 20]LogWorld: Bringing World /Game/Maps/UEDPIE_0_MemoryCardEntry.MemoryCardEntry up for play (max tick rate 0) at 2015.11.13-18.32.29
[2015.11.13-23.32.29:347][ 20]LogActor:Warning: GameSession /Game/Maps/UEDPIE_0_MemoryCardEntry.MemoryCardEntry:PersistentLevel.GameSession_2 has natively added scene component(s), but none of them were set as the actor's RootComponent - picking one arbitrarily
[2015.11.13-23.32.29:347][ 20]LogActor:Warning: GameNetworkManager /Game/Maps/UEDPIE_0_MemoryCardEntry.MemoryCardEntry:PersistentLevel.GameNetworkManager_2 has natively added scene component(s), but none of them were set as the actor's RootComponent - picking one arbitrarily
[2015.11.13-23.32.29:347][ 20]LogWorld: Bringing up level for play took: 0.004036
[2015.11.13-23.32.29:349][ 20]PIE: Info Play in editor start time for /Game/Maps/UEDPIE_0_MemoryCardEntry 0.79
[2015.11.13-23.32.29:349][ 20]LogBlueprintUserMessages: Late PlayInEditor Detection: Level '/Game/Maps/MemoryCardEntry.MemoryCardEntry:PersistentLevel' has LevelScriptBlueprint '/Game/Maps/MemoryCardEntry.MemoryCardEntry:PersistentLevel.MemoryCardEntry' with GeneratedClass '/Game/Maps/MemoryCardEntry.MemoryCardEntry_C' with ClassGeneratedBy '/Game/Maps/MemoryCardEntry.MemoryCardEntry:PersistentLevel.MemoryCardEntry'
[2015.11.13-23.32.52:197][759]LogBlueprintUserMessages: Early EndPlayMap Detection: Level '/Game/Maps/MemoryCardEntry.MemoryCardEntry:PersistentLevel' has LevelScriptBlueprint '/Game/Maps/MemoryCardEntry.MemoryCardEntry:PersistentLevel.MemoryCardEntry' with GeneratedClass '/Game/Maps/MemoryCardEntry.MemoryCardEntry_C' with ClassGeneratedBy '/Game/Maps/MemoryCardEntry.MemoryCardEntry:PersistentLevel.MemoryCardEntry'
[2015.11.13-23.32.52:227][759]LogBlueprintUserMessages: Late EndPlayMap Detection: Level '/Game/Maps/MemoryCardEntry.MemoryCardEntry:PersistentLevel' has LevelScriptBlueprint '/Game/Maps/MemoryCardEntry.MemoryCardEntry:PersistentLevel.MemoryCardEntry' with GeneratedClass '/Game/Maps/MemoryCardEntry.MemoryCardEntry_C' with ClassGeneratedBy '/Game/Maps/MemoryCardEntry.MemoryCardEntry:PersistentLevel.MemoryCardEntry'
[2015.11.13-23.32.52:258][760]LogParticles: Destroying 0 GPU particle simulations for FXSystem 0x000000419129A340
[2015.11.13-23.33.15:715][570]LogBlueprintUserMessages: Early PlayInEditor Detection: Level '/Game/Maps/MemoryCardEntry.MemoryCardEntry:PersistentLevel' has LevelScriptBlueprint '/Game/Maps/MemoryCardEntry.MemoryCardEntry:PersistentLevel.MemoryCardEntry' with GeneratedClass '/Game/Maps/MemoryCardEntry.MemoryCardEntry_C' with ClassGeneratedBy '/Game/Maps/MemoryCardEntry.MemoryCardEntry:PersistentLevel.MemoryCardEntry'
[2015.11.13-23.33.15:715][570]LogPlayLevel: PlayLevel: No blueprints needed recompiling
[2015.11.13-23.33.15:715][570]PIE: New page: PIE session: MemoryCardEntry (Nov 13, 2015, 1:33:15 PM)
[2015.11.13-23.33.15:715][570]LogPlayLevel: Creating play world package: /Game/Maps/UEDPIE_0_MemoryCardEntry
[2015.11.13-23.33.15:725][570]LogPlayLevel: PIE: StaticDuplicateObject took: (0.010538s)
[2015.11.13-23.33.15:726][570]LogAIModule: Creating AISystem for world MemoryCardEntry
[2015.11.13-23.33.15:726][570]LogPlayLevel: PIE: World Init took: (0.000552s)
[2015.11.13-23.33.15:726][570]LogPlayLevel: PIE: Created PIE world by copying editor world from /Game/Maps/MemoryCardEntry.MemoryCardEntry to /Game/Maps/UEDPIE_0_MemoryCardEntry.MemoryCardEntry (0.011272s)
[2015.11.13-23.33.15:745][570]LogInit: XAudio2 using 'Speakers / Headphones (Realtek High Definition Audio)' : 2 channels at 48 kHz using 32 bits per sample (channel mask 0x3)
[2015.11.13-23.33.15:778][570]LogInit: FAudioDevice initialized.
[2015.11.13-23.33.15:811][570]LogWorld: Game class is 'BP_LogicMem_C'
[2015.11.13-23.33.15:816][570]LogWorld: Bringing World /Game/Maps/UEDPIE_0_MemoryCardEntry.MemoryCardEntry up for play (max tick rate 0) at 2015.11.13-18.33.15
[2015.11.13-23.33.15:816][570]LogActor:Warning: GameSession /Game/Maps/UEDPIE_0_MemoryCardEntry.MemoryCardEntry:PersistentLevel.GameSession_3 has natively added scene component(s), but none of them were set as the actor's RootComponent - picking one arbitrarily
[2015.11.13-23.33.15:816][570]LogActor:Warning: GameNetworkManager /Game/Maps/UEDPIE_0_MemoryCardEntry.MemoryCardEntry:PersistentLevel.GameNetworkManager_3 has natively added scene component(s), but none of them were set as the actor's RootComponent - picking one arbitrarily
[2015.11.13-23.33.15:816][570]LogWorld: Bringing up level for play took: 0.003782
[2015.11.13-23.33.15:818][570]PIE: Info Play in editor start time for /Game/Maps/UEDPIE_0_MemoryCardEntry -0.737
[2015.11.13-23.33.15:818][570]LogBlueprintUserMessages: Late PlayInEditor Detection: Level '/Game/Maps/MemoryCardEntry.MemoryCardEntry:PersistentLevel' has LevelScriptBlueprint '/Game/Maps/MemoryCardEntry.MemoryCardEntry:PersistentLevel.MemoryCardEntry' with GeneratedClass '/Game/Maps/MemoryCardEntry.MemoryCardEntry_C' with ClassGeneratedBy '/Game/Maps/MemoryCardEntry.MemoryCardEntry:PersistentLevel.MemoryCardEntry'
[2015.11.13-23.33.24:130][567]LogBlueprintUserMessages: Early EndPlayMap Detection: Level '/Game/Maps/MemoryCardEntry.MemoryCardEntry:PersistentLevel' has LevelScriptBlueprint '/Game/Maps/MemoryCardEntry.MemoryCardEntry:PersistentLevel.MemoryCardEntry' with GeneratedClass '/Game/Maps/MemoryCardEntry.MemoryCardEntry_C' with ClassGeneratedBy '/Game/Maps/MemoryCardEntry.MemoryCardEntry:PersistentLevel.MemoryCardEntry'
[2015.11.13-23.33.24:164][567]LogBlueprintUserMessages: Late EndPlayMap Detection: Level '/Game/Maps/MemoryCardEntry.MemoryCardEntry:PersistentLevel' has LevelScriptBlueprint '/Game/Maps/MemoryCardEntry.MemoryCardEntry:PersistentLevel.MemoryCardEntry' with GeneratedClass '/Game/Maps/MemoryCardEntry.MemoryCardEntry_C' with ClassGeneratedBy '/Game/Maps/MemoryCardEntry.MemoryCardEntry:PersistentLevel.MemoryCardEntry'
[2015.11.13-23.33.24:196][568]LogParticles: Destroying 0 GPU particle simulations for FXSystem 0x00000041A3955580
[2015.11.13-23.33.30:494][321]LogBlueprintUserMessages: Early PlayInEditor Detection: Level '/Game/Maps/MemoryCardEntry.MemoryCardEntry:PersistentLevel' has LevelScriptBlueprint '/Game/Maps/MemoryCardEntry.MemoryCardEntry:PersistentLevel.MemoryCardEntry' with GeneratedClass '/Game/Maps/MemoryCardEntry.MemoryCardEntry_C' with ClassGeneratedBy '/Game/Maps/MemoryCardEntry.MemoryCardEntry:PersistentLevel.MemoryCardEntry'
[2015.11.13-23.33.30:494][321]LogPlayLevel: PlayLevel: No blueprints needed recompiling
[2015.11.13-23.33.30:494][321]PIE: New page: PIE session: MemoryCardEntry (Nov 13, 2015, 1:33:30 PM)
[2015.11.13-23.33.30:494][321]LogPlayLevel: Creating play world package: /Game/Maps/UEDPIE_0_MemoryCardEntry
[2015.11.13-23.33.30:504][321]LogPlayLevel: PIE: StaticDuplicateObject took: (0.010133s)
[2015.11.13-23.33.30:504][321]LogAIModule: Creating AISystem for world MemoryCardEntry
[2015.11.13-23.33.30:505][321]LogPlayLevel: PIE: World Init took: (0.000482s)
[2015.11.13-23.33.30:505][321]LogPlayLevel: PIE: Created PIE world by copying editor world from /Game/Maps/MemoryCardEntry.MemoryCardEntry to /Game/Maps/UEDPIE_0_MemoryCardEntry.MemoryCardEntry (0.010787s)
[2015.11.13-23.33.30:522][321]LogInit: XAudio2 using 'Speakers / Headphones (Realtek High Definition Audio)' : 2 channels at 48 kHz using 32 bits per sample (channel mask 0x3)
[2015.11.13-23.33.30:554][321]LogInit: FAudioDevice initialized.
[2015.11.13-23.33.30:587][321]LogWorld: Game class is 'BP_LogicMem_C'
[2015.11.13-23.33.30:591][321]LogWorld: Bringing World /Game/Maps/UEDPIE_0_MemoryCardEntry.MemoryCardEntry up for play (max tick rate 0) at 2015.11.13-18.33.30
[2015.11.13-23.33.30:591][321]LogActor:Warning: GameSession /Game/Maps/UEDPIE_0_MemoryCardEntry.MemoryCardEntry:PersistentLevel.GameSession_4 has natively added scene component(s), but none of them were set as the actor's RootComponent - picking one arbitrarily
[2015.11.13-23.33.30:591][321]LogActor:Warning: GameNetworkManager /Game/Maps/UEDPIE_0_MemoryCardEntry.MemoryCardEntry:PersistentLevel.GameNetworkManager_4 has natively added scene component(s), but none of them were set as the actor's RootComponent - picking one arbitrarily
[2015.11.13-23.33.30:591][321]LogWorld: Bringing up level for play took: 0.003762
[2015.11.13-23.33.30:593][321]PIE: Info Play in editor start time for /Game/Maps/UEDPIE_0_MemoryCardEntry 0.039
[2015.11.13-23.33.30:593][321]LogBlueprintUserMessages: Late PlayInEditor Detection: Level '/Game/Maps/MemoryCardEntry.MemoryCardEntry:PersistentLevel' has LevelScriptBlueprint '/Game/Maps/MemoryCardEntry.MemoryCardEntry:PersistentLevel.MemoryCardEntry' with GeneratedClass '/Game/Maps/MemoryCardEntry.MemoryCardEntry_C' with ClassGeneratedBy '/Game/Maps/MemoryCardEntry.MemoryCardEntry:PersistentLevel.MemoryCardEntry'
[2015.11.13-23.33.36:262][  1]LogBlueprintUserMessages: Early EndPlayMap Detection: Level '/Game/Maps/MemoryCardEntry.MemoryCardEntry:PersistentLevel' has LevelScriptBlueprint '/Game/Maps/MemoryCardEntry.MemoryCardEntry:PersistentLevel.MemoryCardEntry' with GeneratedClass '/Game/Maps/MemoryCardEntry.MemoryCardEntry_C' with ClassGeneratedBy '/Game/Maps/MemoryCardEntry.MemoryCardEntry:PersistentLevel.MemoryCardEntry'
[2015.11.13-23.33.36:291][  1]LogBlueprintUserMessages: Late EndPlayMap Detection: Level '/Game/Maps/MemoryCardEntry.MemoryCardEntry:PersistentLevel' has LevelScriptBlueprint '/Game/Maps/MemoryCardEntry.MemoryCardEntry:PersistentLevel.MemoryCardEntry' with GeneratedClass '/Game/Maps/MemoryCardEntry.MemoryCardEntry_C' with ClassGeneratedBy '/Game/Maps/MemoryCardEntry.MemoryCardEntry:PersistentLevel.MemoryCardEntry'
[2015.11.13-23.33.36:321][  2]LogParticles: Destroying 0 GPU particle simulations for FXSystem 0x0000004190C0E660
[2015.11.13-23.33.47:139][ 76]LogWindowsTextInputMethodSystem:Display: IME system now deactivated.
[2015.11.13-23.33.47:366][ 77]Cmd: QUIT_EDITOR
[2015.11.13-23.33.47:710][ 77]LogExit: Preparing to exit.
[2015.11.13-23.33.48:529][ 77]LogExit: Editor shut down
[2015.11.13-23.33.48:530][ 77]LogExit: Transaction tracking system shut down
[2015.11.13-23.33.48:533][ 77]LogParticles: Destroying 0 GPU particle simulations for FXSystem 0x00000041AC633B00
[2015.11.13-23.33.48:533][ 77]LogParticles: Destroying 0 GPU particle simulations for FXSystem 0x00000041B4A0F880
[2015.11.13-23.33.48:533][ 77]LogParticles: Destroying 0 GPU particle simulations for FXSystem 0x00000041AC8F07C0
[2015.11.13-23.33.48:533][ 77]LogParticles: Destroying 0 GPU particle simulations for FXSystem 0x00000041BE48EF20
[2015.11.13-23.33.48:546][ 77]LeapPluginLog: LeapController::CleanupEventData Delete Called
[2015.11.13-23.33.48:564][ 77]LeapPluginLog: LeapController::CleanupEventData Delete Called
[2015.11.13-23.33.48:687][ 77]LogExit: Object subsystem successfully closed.
[2015.11.13-23.33.48:706][ 77]LogD3D11RHI: Shutdown
[2015.11.13-23.33.48:706][ 77]LogD3D11RHI: CleanupD3DDevice
[2015.11.13-23.33.48:751][ 77]LogD3D11RHI: ~FD3D11DynamicRHI
[2015.11.13-23.33.48:766][ 77]LogModuleManager: Shutting down and abandoning module CrashTracker (198)
[2015.11.13-23.33.48:766][ 77]LogModuleManager: Shutting down and abandoning module SceneOutliner (197)
[2015.11.13-23.33.48:766][ 77]LogModuleManager: Shutting down and abandoning module SuperSearch (196)
[2015.11.13-23.33.48:766][ 77]LogModuleManager: Shutting down and abandoning module WidgetCarousel (195)
[2015.11.13-23.33.48:766][ 77]LogModuleManager: Shutting down and abandoning module AddContentDialog (194)
[2015.11.13-23.33.48:767][ 77]LogModuleManager: Shutting down and abandoning module EditorWidgets (193)
[2015.11.13-23.33.48:767][ 77]LogModuleManager: Shutting down and abandoning module CollectionManager (192)
[2015.11.13-23.33.48:767][ 77]LogModuleManager: Shutting down and abandoning module StatsViewer (191)
[2015.11.13-23.33.48:767][ 77]LogModuleManager: Shutting down and abandoning module FoliageEdit (190)
[2015.11.13-23.33.48:767][ 77]LogModuleManager: Shutting down and abandoning module LandscapeEditor (189)
[2015.11.13-23.33.48:767][ 77]LogModuleManager: Shutting down and abandoning module ActorPickerMode (188)
[2015.11.13-23.33.48:767][ 77]LogModuleManager: Shutting down and abandoning module GeometryMode (187)
[2015.11.13-23.33.48:768][ 77]LogModuleManager: Shutting down and abandoning module TextureAlignMode (186)
[2015.11.13-23.33.48:768][ 77]LogModuleManager: Shutting down and abandoning module BspMode (185)
[2015.11.13-23.33.48:768][ 77]LogModuleManager: Shutting down and abandoning module PlacementMode (184)
[2015.11.13-23.33.48:768][ 77]LogModuleManager: Shutting down and abandoning module AutomationWorker (183)
[2015.11.13-23.33.48:768][ 77]LogModuleManager: Shutting down and abandoning module CharacterAI (182)
[2015.11.13-23.33.48:768][ 77]LogModuleManager: Shutting down and abandoning module SmartSnapping (181)
[2015.11.13-23.33.48:768][ 77]LogModuleManager: Shutting down and abandoning module ViewportSnapping (180)
[2015.11.13-23.33.48:768][ 77]LogModuleManager: Shutting down and abandoning module LogVisualizer (179)
[2015.11.13-23.33.48:768][ 77]LogModuleManager: Shutting down and abandoning module GameProjectGeneration (178)
[2015.11.13-23.33.48:768][ 77]LogModuleManager: Shutting down and abandoning module IntroTutorials (177)
[2015.11.13-23.33.48:768][ 77]LogModuleManager: Shutting down and abandoning module EditorLiveStreaming (176)
[2015.11.13-23.33.48:768][ 77]LogModuleManager: Shutting down and abandoning module IOSPlatformEditor (175)
[2015.11.13-23.33.48:768][ 77]LogModuleManager: Shutting down and abandoning module HTML5PlatformEditor (174)
[2015.11.13-23.33.48:768][ 77]LogModuleManager: Shutting down and abandoning module AndroidDeviceDetection (173)
[2015.11.13-23.33.49:492][ 77]LogModuleManager: Shutting down and abandoning module AndroidPlatformEditor (172)
[2015.11.13-23.33.49:492][ 77]LogModuleManager: Shutting down and abandoning module IOSRuntimeSettings (171)
[2015.11.13-23.33.49:492][ 77]LogModuleManager: Shutting down and abandoning module AndroidRuntimeSettings (170)
[2015.11.13-23.33.49:492][ 77]LogModuleManager: Shutting down and abandoning module MergeActors (169)
[2015.11.13-23.33.49:492][ 77]LogModuleManager: Shutting down and abandoning module SizeMap (168)
[2015.11.13-23.33.49:492][ 77]LogModuleManager: Shutting down and abandoning module TreeMap (167)
[2015.11.13-23.33.49:492][ 77]LogModuleManager: Shutting down and abandoning module ReferenceViewer (166)
[2015.11.13-23.33.49:492][ 77]LogModuleManager: Shutting down and abandoning module LocalizationService (165)
[2015.11.13-23.33.49:492][ 77]LogModuleManager: Shutting down and abandoning module LocalizationDashboard (164)
[2015.11.13-23.33.49:492][ 77]LogModuleManager: Shutting down and abandoning module HardwareTargeting (163)
[2015.11.13-23.33.49:492][ 77]LogModuleManager: Shutting down and abandoning module DeviceProfileEditor (162)
[2015.11.13-23.33.49:492][ 77]LogModuleManager: Shutting down and abandoning module UndoHistory (161)
[2015.11.13-23.33.49:492][ 77]LogModuleManager: Shutting down and abandoning module GameplayTagsEditor (160)
[2015.11.13-23.33.49:492][ 77]LogModuleManager: Shutting down and abandoning module UserFeedback (159)
[2015.11.13-23.33.49:492][ 77]LogModuleManager: Shutting down and abandoning module XmlParser (158)
[2015.11.13-23.33.49:492][ 77]LogModuleManager: Shutting down and abandoning module Blutility (157)
[2015.11.13-23.33.49:492][ 77]LogModuleManager: Shutting down and abandoning module ProjectTargetPlatformEditor (156)
[2015.11.13-23.33.49:492][ 77]LogModuleManager: Shutting down and abandoning module ProjectSettingsViewer (155)
[2015.11.13-23.33.49:492][ 77]LogModuleManager: Shutting down and abandoning module InputBindingEditor (154)
[2015.11.13-23.33.49:492][ 77]LogModuleManager: Shutting down and abandoning module EditorSettingsViewer (153)
[2015.11.13-23.33.49:492][ 77]LogModuleManager: Shutting down and abandoning module SettingsEditor (152)
[2015.11.13-23.33.49:492][ 77]LogModuleManager: Shutting down and abandoning module ProjectLauncher (151)
[2015.11.13-23.33.49:492][ 77]LogModuleManager: Shutting down and abandoning module SessionFrontend (150)
[2015.11.13-23.33.49:492][ 77]LogModuleManager: Shutting down and abandoning module ProfilerClient (149)
[2015.11.13-23.33.49:492][ 77]LogModuleManager: Shutting down and abandoning module TargetDeviceServices (148)
[2015.11.13-23.33.49:492][ 77]LogModuleManager: Shutting down and abandoning module DeviceManager (147)
[2015.11.13-23.33.49:492][ 77]LogModuleManager: Shutting down and abandoning module AutomationController (146)
[2015.11.13-23.33.49:492][ 77]LogModuleManager: Shutting down and abandoning module AutomationWindow (145)
[2015.11.13-23.33.49:492][ 77]LogModuleManager: Shutting down and abandoning module Layers (144)
[2015.11.13-23.33.49:492][ 77]LogModuleManager: Shutting down and abandoning module ComponentVisualizers (143)
[2015.11.13-23.33.49:492][ 77]LogModuleManager: Shutting down and abandoning module DetailCustomizations (142)
[2015.11.13-23.33.49:492][ 77]LogModuleManager: Shutting down and abandoning module PackagesDialog (141)
[2015.11.13-23.33.49:493][ 77]LogModuleManager: Shutting down and abandoning module Persona (140)
[2015.11.13-23.33.49:493][ 77]LogModuleManager: Shutting down and abandoning module Kismet (139)
[2015.11.13-23.33.49:493][ 77]LogModuleManager: Shutting down and abandoning module GraphEditor (138)
[2015.11.13-23.33.49:493][ 77]LogModuleManager: Shutting down and abandoning module ClassViewer (137)
[2015.11.13-23.33.49:494][ 77]LogModuleManager: Shutting down and abandoning module Toolbox (136)
[2015.11.13-23.33.49:494][ 77]LogModuleManager: Shutting down and abandoning module ModuleUI (135)
[2015.11.13-23.33.49:494][ 77]LogModuleManager: Shutting down and abandoning module MovieSceneTools (134)
[2015.11.13-23.33.49:494][ 77]LogModuleManager: Shutting down and abandoning module OutputLog (133)
[2015.11.13-23.33.49:494][ 77]LogModuleManager: Shutting down and abandoning module GammaUI (132)
[2015.11.13-23.33.49:494][ 77]LogModuleManager: Shutting down and abandoning module Documentation (131)
[2015.11.13-23.33.49:494][ 77]LogModuleManager: Shutting down and abandoning module GameLiveStreaming (130)
[2015.11.13-23.33.49:494][ 77]LogModuleManager: Shutting down and abandoning module StreamingPauseRendering (129)
[2015.11.13-23.33.49:494][ 77]LogModuleManager: Shutting down and abandoning module AnalyticsET (128)
[2015.11.13-23.33.49:494][ 77]LogModuleManager: Shutting down and abandoning module Analytics (127)
[2015.11.13-23.33.49:494][ 77]LogModuleManager: Shutting down and abandoning module AITestSuite (126)
[2015.11.13-23.33.49:494][ 77]LogModuleManager: Shutting down and abandoning module GameplayDebugger (125)
[2015.11.13-23.33.49:494][ 77]LogModuleManager: Shutting down and abandoning module AIModule (124)
[2015.11.13-23.33.49:494][ 77]LogModuleManager: Shutting down and abandoning module ProfilerService (123)
[2015.11.13-23.33.49:630][ 77]LogModuleManager: Shutting down and abandoning module TaskGraph (122)
[2015.11.13-23.33.49:630][ 77]LogModuleManager: Shutting down and abandoning module LeapMotion (121)
[2015.11.13-23.33.49:638][ 77]LogModuleManager: Shutting down and abandoning module SlateRemote (120)
[2015.11.13-23.33.49:638][ 77]LogModuleManager: Shutting down and abandoning module SteamVRController (119)
[2015.11.13-23.33.49:638][ 77]LogModuleManager: Shutting down and abandoning module SteamVR (118)
[2015.11.13-23.33.49:638][ 77]LogModuleManager: Shutting down and abandoning module ProceduralMeshComponent (117)
[2015.11.13-23.33.49:638][ 77]LogModuleManager: Shutting down and abandoning module OculusRift (116)
[2015.11.13-23.33.49:638][ 77]LogModuleManager: Shutting down and abandoning module OculusLibrary (115)
[2015.11.13-23.33.49:638][ 77]LogModuleManager: Shutting down and abandoning module LeapMotionController (114)
[2015.11.13-23.33.49:649][ 77]LogModuleManager: Shutting down and abandoning module CustomMeshComponent (113)
[2015.11.13-23.33.49:649][ 77]LogModuleManager: Shutting down and abandoning module CableComponent (112)
[2015.11.13-23.33.49:649][ 77]LogModuleManager: Shutting down and abandoning module ArchVisCharacter (111)
[2015.11.13-23.33.49:649][ 77]LogModuleManager: Shutting down and abandoning module MessagingDebugger (110)
[2015.11.13-23.33.49:649][ 77]LogModuleManager: Shutting down and abandoning module MediaPlayerEditor (109)
[2015.11.13-23.33.49:650][ 77]LogModuleManager: Shutting down and abandoning module HTML5Networking (108)
[2015.11.13-23.33.49:650][ 77]LogModuleManager: Shutting down and abandoning module SpeedTreeImporter (107)
[2015.11.13-23.33.49:650][ 77]LogModuleManager: Shutting down and abandoning module PluginBrowser (106)
[2015.11.13-23.33.49:650][ 77]LogModuleManager: Shutting down and abandoning module EpicSurvey (105)
[2015.11.13-23.33.49:650][ 77]LogModuleManager: Shutting down and abandoning module DesktopPlatform (104)
[2015.11.13-23.33.49:650][ 77]LogModuleManager: Shutting down and abandoning module VisualStudioSourceCodeAccess (103)
[2015.11.13-23.33.49:650][ 77]LogModuleManager: Shutting down and abandoning module UObjectPlugin (102)
[2015.11.13-23.33.49:650][ 77]LogModuleManager: Shutting down and abandoning module SubversionSourceControl (101)
[2015.11.13-23.33.49:650][ 77]LogModuleManager: Shutting down and abandoning module PerforceSourceControl (100)
[2015.11.13-23.33.49:650][ 77]LogModuleManager: Shutting down and abandoning module SourceControl (99)
[2015.11.13-23.33.49:650][ 77]LogModuleManager: Shutting down and abandoning module GitSourceControl (98)
[2015.11.13-23.33.49:650][ 77]LogModuleManager: Shutting down and abandoning module LightPropagationVolumeEditor (97)
[2015.11.13-23.33.49:650][ 77]LogModuleManager: Shutting down and abandoning module PaperTiledImporter (96)
[2015.11.13-23.33.49:650][ 77]LogModuleManager: Shutting down and abandoning module PaperSpriteSheetImporter (95)
[2015.11.13-23.33.49:650][ 77]LogModuleManager: Shutting down and abandoning module MeshPaint (94)
[2015.11.13-23.33.49:650][ 77]LogModuleManager: Shutting down and abandoning module SlateReflector (93)
[2015.11.13-23.33.49:650][ 77]LogModuleManager: Shutting down and abandoning module HotReload (92)
[2015.11.13-23.33.49:650][ 77]LogModuleManager: Shutting down and abandoning module MainFrame (91)
[2015.11.13-23.33.49:650][ 77]LogModuleManager: Shutting down and abandoning module LevelEditor (90)
[2015.11.13-23.33.49:651][ 77]LogModuleManager: Shutting down and abandoning module DirectoryWatcher (89)
[2015.11.13-23.33.49:651][ 77]LogModuleManager: Shutting down and abandoning module AssetRegistry (88)
[2015.11.13-23.33.49:830][ 77]LogModuleManager: Shutting down and abandoning module ContentBrowser (87)
[2015.11.13-23.33.49:830][ 77]LogModuleManager: Shutting down and abandoning module Paper2DEditor (86)
[2015.11.13-23.33.49:830][ 77]LogModuleManager: Shutting down and abandoning module UdpMessaging (85)
[2015.11.13-23.33.49:931][ 77]LogModuleManager: Shutting down and abandoning module LightPropagationVolumeRuntime (84)
[2015.11.13-23.33.49:931][ 77]LogModuleManager: Shutting down and abandoning module Paper2D (83)
[2015.11.13-23.33.49:931][ 77]LogModuleManager: Shutting down and abandoning module WindowsMoviePlayer (82)
[2015.11.13-23.33.49:933][ 77]LogModuleManager: Shutting down and abandoning module Media (81)
[2015.11.13-23.33.49:933][ 77]LogModuleManager: Shutting down and abandoning module WmfMedia (80)
[2015.11.13-23.33.49:933][ 77]LogModuleManager: Shutting down and abandoning module OnlineBlueprintSupport (79)
[2015.11.13-23.33.49:933][ 77]LogModuleManager: Shutting down and abandoning module GameplayTasksEditor (78)
[2015.11.13-23.33.49:934][ 77]LogModuleManager: Shutting down and abandoning module PropertyEditor (77)
[2015.11.13-23.33.49:934][ 77]LogModuleManager: Shutting down and abandoning module BehaviorTreeEditor (76)
[2015.11.13-23.33.49:934][ 77]LogModuleManager: Shutting down and abandoning module FunctionalTesting (75)
[2015.11.13-23.33.49:934][ 77]LogModuleManager: Shutting down and abandoning module CollisionAnalyzer (74)
[2015.11.13-23.33.49:934][ 77]LogModuleManager: Shutting down and abandoning module WorkspaceMenuStructure (73)
[2015.11.13-23.33.49:934][ 77]LogModuleManager: Shutting down and abandoning module MessageLog (72)
[2015.11.13-23.33.49:934][ 77]LogModuleManager: Shutting down and abandoning module Sequencer (71)
[2015.11.13-23.33.49:934][ 77]LogModuleManager: Shutting down and abandoning module AssetTools (70)
[2015.11.13-23.33.49:934][ 77]LogModuleManager: Shutting down and abandoning module UMGEditor (69)
[2015.11.13-23.33.49:934][ 77]LogModuleManager: Shutting down and abandoning module UMG (68)
[2015.11.13-23.33.49:934][ 77]LogModuleManager: Shutting down and abandoning module Slate (67)
[2015.11.13-23.33.49:934][ 77]LogModuleManager: Shutting down and abandoning module EditorStyle (66)
[2015.11.13-23.33.49:935][ 77]LogModuleManager: Shutting down and abandoning module SessionServices (65)
[2015.11.13-23.33.49:935][ 77]LogModuleManager: Shutting down and abandoning module SourceCodeAccess (64)
[2015.11.13-23.33.49:935][ 77]LogModuleManager: Shutting down and abandoning module HeadMountedDisplay (63)
[2015.11.13-23.33.49:935][ 77]LogModuleManager: Shutting down and abandoning module XAudio2 (62)
[2015.11.13-23.33.49:935][ 77]LogModuleManager: Shutting down and abandoning module Networking (60)
[2015.11.13-23.33.49:935][ 77]LogModuleManager: Shutting down and abandoning module Core (59)
[2015.11.13-23.33.49:935][ 77]LogModuleManager: Shutting down and abandoning module KismetCompiler (58)
[2015.11.13-23.33.49:936][ 77]LogModuleManager: Shutting down and abandoning module PhysXFormats (57)
[2015.11.13-23.33.49:936][ 77]LogModuleManager: Shutting down and abandoning module MeshUtilities (56)
[2015.11.13-23.33.49:936][ 77]LogModuleManager: Shutting down and abandoning module CookingStats (55)
[2015.11.13-23.33.49:936][ 77]LogModuleManager: Shutting down and abandoning module DerivedDataCache (54)
[2015.11.13-23.33.49:990][ 77]LogDerivedDataCache: Shutdown
[2015.11.13-23.33.49:990][ 77]LogModuleManager: Shutting down and abandoning module ShaderFormatOpenGL (53)
[2015.11.13-23.33.49:990][ 77]LogModuleManager: Shutting down and abandoning module ShaderFormatD3D (52)
[2015.11.13-23.33.49:990][ 77]LogModuleManager: Shutting down and abandoning module MetalShaderFormat (51)
[2015.11.13-23.33.49:990][ 77]LogModuleManager: Shutting down and abandoning module TextureFormatUncompressed (50)
[2015.11.13-23.33.49:990][ 77]LogModuleManager: Shutting down and abandoning module TextureFormatPVR (49)
[2015.11.13-23.33.49:990][ 77]LogModuleManager: Shutting down and abandoning module TextureFormatIntelISPCTexComp (48)
[2015.11.13-23.33.49:990][ 77]LogModuleManager: Shutting down and abandoning module TextureFormatDXT (47)
[2015.11.13-23.33.49:990][ 77]LogModuleManager: Shutting down and abandoning module ImageWrapper (46)
[2015.11.13-23.33.49:990][ 77]LogModuleManager: Shutting down and abandoning module TextureFormatASTC (45)
[2015.11.13-23.33.49:990][ 77]LogModuleManager: Shutting down and abandoning module TextureFormatAndroid (44)
[2015.11.13-23.33.49:990][ 77]LogModuleManager: Shutting down and abandoning module AudioFormatOpus (43)
[2015.11.13-23.33.49:990][ 77]LogModuleManager: Shutting down and abandoning module AudioFormatOgg (42)
[2015.11.13-23.33.49:990][ 77]LogModuleManager: Shutting down and abandoning module AudioFormatADPCM (41)
[2015.11.13-23.33.49:990][ 77]LogModuleManager: Shutting down and abandoning module LinuxTargetPlatform (40)
[2015.11.13-23.33.49:990][ 77]LogModuleManager: Shutting down and abandoning module LinuxServerTargetPlatform (39)
[2015.11.13-23.33.49:990][ 77]LogModuleManager: Shutting down and abandoning module LinuxNoEditorTargetPlatform (38)
[2015.11.13-23.33.49:990][ 77]LogModuleManager: Shutting down and abandoning module Messaging (37)
[2015.11.13-23.33.49:990][ 77]LogModuleManager: Shutting down and abandoning module IOSTargetPlatform (36)
[2015.11.13-23.33.49:990][ 77]LogModuleManager: Shutting down and abandoning module HTML5TargetPlatform (35)
[2015.11.13-23.33.49:990][ 77]LogModuleManager: Shutting down and abandoning module Android_PVRTCTargetPlatform (34)
[2015.11.13-23.33.49:990][ 77]LogModuleManager: Shutting down and abandoning module Android_ETC2TargetPlatform (33)
[2015.11.13-23.33.49:990][ 77]LogModuleManager: Shutting down and abandoning module Android_ETC1TargetPlatform (32)
[2015.11.13-23.33.49:990][ 77]LogModuleManager: Shutting down and abandoning module Android_DXTTargetPlatform (31)
[2015.11.13-23.33.49:990][ 77]LogModuleManager: Shutting down and abandoning module Android_ATCTargetPlatform (30)
[2015.11.13-23.33.49:990][ 77]LogModuleManager: Shutting down and abandoning module Android_ASTCTargetPlatform (29)
[2015.11.13-23.33.49:990][ 77]LogModuleManager: Shutting down and abandoning module AndroidTargetPlatform (28)
[2015.11.13-23.33.49:990][ 77]LogModuleManager: Shutting down and abandoning module WindowsTargetPlatform (27)
[2015.11.13-23.33.49:990][ 77]LogModuleManager: Shutting down and abandoning module WindowsServerTargetPlatform (26)
[2015.11.13-23.33.49:990][ 77]LogModuleManager: Shutting down and abandoning module WindowsNoEditorTargetPlatform (25)
[2015.11.13-23.33.49:990][ 77]LogModuleManager: Shutting down and abandoning module WindowsClientTargetPlatform (24)
[2015.11.13-23.33.49:990][ 77]LogModuleManager: Shutting down and abandoning module AllDesktopTargetPlatform (23)
[2015.11.13-23.33.49:990][ 77]LogModuleManager: Shutting down and abandoning module TargetPlatform (22)
[2015.11.13-23.33.49:990][ 77]LogModuleManager: Shutting down and abandoning module InputCore (21)
[2015.11.13-23.33.49:990][ 77]LogModuleManager: Shutting down and abandoning module Settings (20)
[2015.11.13-23.33.49:990][ 77]LogModuleManager: Shutting down and abandoning module OnlineSubsystem (18)
[2015.11.13-23.33.49:990][ 77]LogModuleManager: Shutting down and abandoning module HTTP (17)
[2015.11.13-23.33.51:993][ 77]LogModuleManager: Shutting down and abandoning module XMPP (16)
[2015.11.13-23.33.51:993][ 77]LogModuleManager: Shutting down and abandoning module ExampleDeviceProfileSelector (15)
[2015.11.13-23.33.51:993][ 77]LogModuleManager: Shutting down and abandoning module TextureCompressor (14)
[2015.11.13-23.33.51:993][ 77]LogModuleManager: Shutting down and abandoning module ShaderCore (13)
[2015.11.13-23.33.51:993][ 77]LogModuleManager: Shutting down and abandoning module Landscape (12)
[2015.11.13-23.33.51:993][ 77]LogModuleManager: Shutting down and abandoning module SlateRHIRenderer (11)
[2015.11.13-23.33.51:993][ 77]LogModuleManager: Shutting down and abandoning module OpenGLDrv (10)
[2015.11.13-23.33.51:993][ 77]LogModuleManager: Shutting down and abandoning module D3D11RHI (9)
[2015.11.13-23.33.51:993][ 77]LogModuleManager: Shutting down and abandoning module AnimGraphRuntime (8)
[2015.11.13-23.33.51:993][ 77]LogModuleManager: Shutting down and abandoning module Renderer (7)
[2015.11.13-23.33.51:993][ 77]LogModuleManager: Shutting down and abandoning module Engine (6)
[2015.11.13-23.33.51:993][ 77]LogModuleManager: Shutting down and abandoning module CoreUObject (5)
[2015.11.13-23.33.51:993][ 77]LogModuleManager: Shutting down and abandoning module NetworkFile (4)
[2015.11.13-23.33.51:993][ 77]LogModuleManager: Shutting down and abandoning module StreamingFile (3)
[2015.11.13-23.33.51:993][ 77]LogModuleManager: Shutting down and abandoning module SandboxFile (2)
[2015.11.13-23.33.51:993][ 77]LogModuleManager: Shutting down and abandoning module PakFile (1)
[2015.11.13-23.33.51:993][ 77]LogExit: Exiting.
[2015.11.13-23.33.52:006][ 77]Log file closed, 11/13/15 18:33:52
