[2015.11.26-14.41.16:698][  0]Log file open, 11/26/15 09:41:16
[2015.11.26-14.41.16:698][  0]LogInit:Display: Running engine for game: SantaSearch
[2015.11.26-14.41.16:698][  0]LogInit:Display: RandInit(678763640) SRandInit(678763641).
[2015.11.26-14.41.16:698][  0]LogTaskGraph: Started task graph with 4 named threads and 7 total threads.
[2015.11.26-14.41.16:698][  0]LogStats: Stats thread started at 0.077769
[2015.11.26-14.41.16:698][  0]LogInit: Version: 4.9.2-2707645+++depot+UE4-Releases+4.9
[2015.11.26-14.41.16:698][  0]LogInit: API Version: 2672455
[2015.11.26-14.41.16:698][  0]LogInit: Compiled (64-bit): Sep 28 2015 10:25:44
[2015.11.26-14.41.16:698][  0]LogInit: Compiled with Visual C++: 18.00.21005.01
[2015.11.26-14.41.16:698][  0]LogInit: Build Configuration: Development
[2015.11.26-14.41.16:698][  0]LogInit: Branch Name: ++depot+UE4-Releases+4.9
[2015.11.26-14.41.16:698][  0]LogInit: Command line:  
[2015.11.26-14.41.16:698][  0]LogInit: Base directory: C:/Program Files/Epic Games/4.9/Engine/Binaries/Win64/
[2015.11.26-14.41.16:698][  0]LogInit: Rocket: 1
[2015.11.26-14.41.16:710][  0]LogInit: Using libcurl 7.41.0
[2015.11.26-14.41.16:710][  0]LogInit:  - built for x86_64-pc-win32
[2015.11.26-14.41.16:710][  0]LogInit:  - supports SSL with WinSSL
[2015.11.26-14.41.16:710][  0]LogInit:  - other features:
[2015.11.26-14.41.16:710][  0]LogInit:      CURL_VERSION_SSL
[2015.11.26-14.41.16:710][  0]LogInit:      CURL_VERSION_IPV6
[2015.11.26-14.41.16:710][  0]LogInit:      CURL_VERSION_ASYNCHDNS
[2015.11.26-14.41.16:710][  0]LogInit:      CURL_VERSION_LARGEFILE
[2015.11.26-14.41.16:710][  0]LogInit:      CURL_VERSION_IDN
[2015.11.26-14.41.16:710][  0]LogInit:  CurlRequestOptions (configurable via config and command line):
[2015.11.26-14.41.16:711][  0]LogInit:  - bVerifyPeer = true  - Libcurl will verify peer certificate
[2015.11.26-14.41.16:711][  0]LogInit:  - bUseHttpProxy = false  - Libcurl will NOT use HTTP proxy
[2015.11.26-14.41.16:711][  0]LogInit:  - bDontReuseConnections = false  - Libcurl will reuse connections
[2015.11.26-14.41.16:711][  0]LogInit:  - CertBundlePath = nullptr  - Libcurl will use whatever was configured at build time.
[2015.11.26-14.41.16:718][  0]LogInit: Presizing for 0 objects not considered by GC, pre-allocating 0 bytes.
[2015.11.26-14.41.16:724][  0]LogInit: Object subsystem initialized
[2015.11.26-14.41.16:726][  0]LogConsoleManager:Warning: Console variable 'r.MSAA.CompositingSampleCount' wasn't set ('Scalability' has a lower priority than 'ProjectSetting')
[2015.11.26-14.41.16:726][  0]LogInit: Selected Device Profile: [Windows]
[2015.11.26-14.41.16:726][  0]LogInit: Applying CVar settings loaded from the selected device profile: [Windows]
[2015.11.26-14.41.16:734][  0]LogInit: Computer: CRODAWIN10
[2015.11.26-14.41.16:734][  0]LogInit: User: croda
[2015.11.26-14.41.16:734][  0]LogInit: CPU Page size=4096, Cores=4
[2015.11.26-14.41.16:734][  0]LogInit: High frequency timer resolution =2.630640 MHz
[2015.11.26-14.41.16:734][  0]LogMemory: Memory total: Physical=15.9GB (16GB approx)
[2015.11.26-14.41.16:734][  0]LogMemory: Platform Memory Stats for Windows
[2015.11.26-14.41.16:734][  0]LogMemory: Process Physical Memory: 54.18 MB used, 54.18 MB peak
[2015.11.26-14.41.16:734][  0]LogMemory: Process Virtual Memory: 55.35 MB used, 55.35 MB peak
[2015.11.26-14.41.16:734][  0]LogMemory: Physical Memory: 6521.27 MB used, 16323.13 MB total
[2015.11.26-14.41.16:734][  0]LogMemory: Virtual Memory: 364.64 MB used, 134217728.00 MB total
[2015.11.26-14.41.16:765][  0]LogTextLocalizationManager: No specific translations for ('en-US') exist, so ('en') translations will be used.
[2015.11.26-14.41.17:529][  0]LogD3D11RHI: Found D3D11 adapter 0: NVIDIA Quadro K5100M (Feature Level 11_0)
[2015.11.26-14.41.17:529][  0]LogD3D11RHI: Adapter has 8100MB of dedicated video memory, 0MB of dedicated system memory, and 8161MB of shared system memory, 1 output[s]
[2015.11.26-14.41.17:531][  0]LogD3D11RHI: Found D3D11 adapter 1: Microsoft Basic Render Driver (Feature Level 11_0)
[2015.11.26-14.41.17:531][  0]LogD3D11RHI: Adapter has 0MB of dedicated video memory, 0MB of dedicated system memory, and 8161MB of shared system memory, 0 output[s]
[2015.11.26-14.41.17:531][  0]LogD3D11RHI: Chosen D3D11 Adapter Id = 0
[2015.11.26-14.41.17:537][  0]LogD3D11RHI: !Direct3DDevice
[2015.11.26-14.41.17:537][  0]LogRHI: Texture pool is 1361 MB (70% of 1945 MB)
[2015.11.26-14.41.17:552][  0]LogD3D11RHI: Async texture creation enabled
[2015.11.26-14.41.17:564][  0]LogShaderCompilers: Guid format shader working directory is 16 characters bigger than the processId version (../../../../../../Users/croda/Documents/Unreal Projects/SantaSearch/Intermediate/Shaders/WorkingDirectory/716/).
[2015.11.26-14.41.17:565][  0]LogShaderCompilers: Cleaned the shader compiler working directory '../../../../../../Users/croda/Documents/Unreal Projects/SantaSearch/Intermediate/Shaders/tmp/BE6A66564CFCE20E9B8C98962B90C11F/'.
[2015.11.26-14.41.17:565][  0]LogShaderCompilers:Display: Using Local Shader Compiler.
[2015.11.26-14.41.18:607][  0]LogTemp:Display: Loaded TP AllDesktopTargetPlatform
[2015.11.26-14.41.18:613][  0]LogTemp:Display: Loaded TP WindowsClientTargetPlatform
[2015.11.26-14.41.18:618][  0]LogTemp:Display: Loaded TP WindowsNoEditorTargetPlatform
[2015.11.26-14.41.18:624][  0]LogTemp:Display: Loaded TP WindowsServerTargetPlatform
[2015.11.26-14.41.18:629][  0]LogTemp:Display: Loaded TP WindowsTargetPlatform
[2015.11.26-14.41.18:632][  0]LogTemp:Display: Loaded TP AndroidTargetPlatform
[2015.11.26-14.41.18:635][  0]LogTemp:Display: Loaded TP Android_ASTCTargetPlatform
[2015.11.26-14.41.18:640][  0]LogTemp:Display: Loaded TP Android_ATCTargetPlatform
[2015.11.26-14.41.18:644][  0]LogTemp:Display: Loaded TP Android_DXTTargetPlatform
[2015.11.26-14.41.18:649][  0]LogTemp:Display: Loaded TP Android_ETC1TargetPlatform
[2015.11.26-14.41.18:652][  0]LogTemp:Display: Loaded TP Android_ETC2TargetPlatform
[2015.11.26-14.41.18:655][  0]LogTemp:Display: Loaded TP Android_PVRTCTargetPlatform
[2015.11.26-14.41.18:656][  0]LogTemp:Display: Loaded TP HTML5TargetPlatform
[2015.11.26-14.41.18:673][  0]LogTemp:Display: Loaded TP IOSTargetPlatform
[2015.11.26-14.41.18:676][  0]LogTemp:Display: Loaded TP LinuxNoEditorTargetPlatform
[2015.11.26-14.41.18:679][  0]LogTemp:Display: Loaded TP LinuxServerTargetPlatform
[2015.11.26-14.41.18:683][  0]LogTemp:Display: Loaded TP LinuxTargetPlatform
[2015.11.26-14.41.18:683][  0]LogTargetPlatformManager:Display: Building Assets For Windows
[2015.11.26-14.41.18:780][  0]LogDerivedDataCache:Display: Max Cache Size: 512 MB
[2015.11.26-14.41.18:821][  0]LogDerivedDataCache: Loaded boot cache 0.04s 42MB C:/Users/croda/AppData/Local/UnrealEngine/4.9/DerivedDataCache/Boot.ddc.
[2015.11.26-14.41.18:821][  0]LogDerivedDataCache:Display: Loaded Boot cache: C:/Users/croda/AppData/Local/UnrealEngine/4.9/DerivedDataCache/Boot.ddc
[2015.11.26-14.41.18:821][  0]LogDerivedDataCache: FDerivedDataBackendGraph:  Pak pak cache file ../../../../../../Users/croda/Documents/Unreal Projects/SantaSearch/DerivedDataCache/DDC.ddp not found, will not use a pak cache.
[2015.11.26-14.41.18:821][  0]LogDerivedDataCache: Unable to find inner node Pak for hierarchical cache Hierarchy.
[2015.11.26-14.41.18:821][  0]LogDerivedDataCache: FDerivedDataBackendGraph:  CompressedPak pak cache file ../../../../../../Users/croda/Documents/Unreal Projects/SantaSearch/DerivedDataCache/Compressed.ddp not found, will not use a pak cache.
[2015.11.26-14.41.18:821][  0]LogDerivedDataCache: Unable to find inner node CompressedPak for hierarchical cache Hierarchy.
[2015.11.26-14.41.18:957][  0]LogDerivedDataCache:Display: Pak cache opened for reading ../../../Engine/DerivedDataCache/Compressed.ddp.
[2015.11.26-14.41.18:969][  0]LogDerivedDataCache: Using Local data cache path C:/Users/croda/AppData/Local/UnrealEngine/Common/DerivedDataCache: Writable
[2015.11.26-14.41.19:153][  0]LogInit: Selected Device Profile: [Windows]
[2015.11.26-14.41.19:157][  0]LogContentStreaming: Texture pool size is 0.000000MB
[2015.11.26-14.41.19:282][  0]LogMeshUtilities: No automatic mesh reduction module available
[2015.11.26-14.41.19:282][  0]LogMeshUtilities: No automatic mesh merging module available
[2015.11.26-14.41.19:516][  0]LogInit: WinSock: version 1.1 (2.2), MaxSocks=32767, MaxUdp=65467
[2015.11.26-14.41.20:354][  0]UdpMessaging: Initializing bridge on interface 0.0.0.0:0 to multicast group 230.0.0.1:6666.
[2015.11.26-14.41.20:452][  0]LogAssetRegistry: FAssetRegistry took 0.0110 seconds to start up
[2015.11.26-14.41.20:625][  0]SourceControl: Info Source control is disabled
[2015.11.26-14.41.20:626][  0]SourceControl: Info Source control is disabled
[2015.11.26-14.41.20:637][  0]SourceControl: Info Source control is disabled
[2015.11.26-14.41.20:647][  0]SourceControl: Info Source control is disabled
[2015.11.26-14.41.20:724][  0]LogHoudiniEngine: Starting the Houdini Engine module.
[2015.11.26-14.41.20:725][  0]LogHoudiniEngine: Loaded libHAPIL.dll from Registry path C:\Program Files\Side Effects Software\Houdini 15.0.244.16/bin
[2015.11.26-14.41.20:726][  0]LogLinker:Warning: Asset '../../../Engine/Plugins/Runtime/HoudiniEngine/Content/houdini_logo.uasset' has been saved with empty engine version. The asset will be loaded but may be incompatible.
[2015.11.26-14.41.20:728][  0]LogLinker:Warning: Asset '../../../Engine/Plugins/Runtime/HoudiniEngine/Content/houdini_default_material.uasset' has been saved with empty engine version. The asset will be loaded but may be incompatible.
[2015.11.26-14.41.21:324][  0]LogHoudiniEngine: Successfully intialized the Houdini Engine API module.
[2015.11.26-14.41.21:414][  0]LogLinker:Warning: Asset '../../../Engine/Plugins/Runtime/LeapMotionController/Content/LM_PassthroughMaterial.uasset' has been saved with empty engine version. The asset will be loaded but may be incompatible.
[2015.11.26-14.41.21:497][  0]LeapPluginLog: Using LeapPlugin version 0.9.6
[2015.11.26-14.41.21:501][  0]LogObj: 29100 objects as part of root set at end of initial load.
[2015.11.26-14.41.21:501][  0]LogUObjectAllocator: 6175168 out of 0 bytes used by permanent object pool.
[2015.11.26-14.41.21:556][  0]LogEngine: Initializing Engine...
[2015.11.26-14.41.21:557][  0]OCULUS: Info: 11/26/15 14:41:21: [CAPI] LibOVR module is located at C:\Windows\SYSTEM32\LibOVRRT64_0_7.dll

[2015.11.26-14.41.22:158][  0]OCULUS: Error: 11/26/15 14:41:22: [CAPI] ovr_Create failed to complete within the timeout period.
[2015.11.26-14.41.22:260][  0]LogHMD: SteamVR failed to initialize.  Err: 110
[2015.11.26-14.41.22:374][  0]LogAIModule: Creating AISystem for world NewWorld
[2015.11.26-14.41.22:380][  0]LogInit: XAudio2 using 'Speakers / Headphones (Realtek High Definition Audio)' : 2 channels at 48 kHz using 32 bits per sample (channel mask 0x3)
[2015.11.26-14.41.22:399][  0]LogInit: FAudioDevice initialized.
[2015.11.26-14.41.22:517][  0]LogDerivedDataCache: Saved boot cache 0.12s 42MB C:/Users/croda/AppData/Local/UnrealEngine/4.9/DerivedDataCache/Boot.ddc.
[2015.11.26-14.41.22:519][  0]LogInit: Texture streaming: Enabled
[2015.11.26-14.41.22:525][  0]LogAnalytics: Creating configured Analytics provider AnalyticsET
[2015.11.26-14.41.22:525][  0]LogAnalytics: [UEEditor.Rocket.Release] APIServer = http://et2.epicgames.com/ET2/. AppVersion = 4.9.2-2707645+++depot+UE4-Releases+4.9
[2015.11.26-14.41.22:525][  0]LogAnalytics: [UEEditor.Rocket.Release] SetUserId 38384f7f4fe22369eef2c4908fb1257c|6dee01914e174258b8c89718799d58e5|4a372342-4369-4fb5-aabc-8ff6b2bfbeff
[2015.11.26-14.41.22:525][  0]LogAnalytics: [UEEditor.Rocket.Release] AnalyticsET::StartSession
[2015.11.26-14.41.22:563][  0]LogInit: Transaction tracking system initialized
[2015.11.26-14.41.22:606][  0]BlueprintLog: New page: Editor Load
[2015.11.26-14.41.22:705][  0]LocalizationService: Info Localization service is disabled
[2015.11.26-14.41.22:783][  0]LogConsoleResponse:Display: 
[2015.11.26-14.41.22:902][  0]LogCook:Display: Done creating registry. It took  0.00s.
[2015.11.26-14.41.22:936][  0]LogFileCache: Scanning file cache for directory 'C:/Users/croda/Documents/Unreal Projects/SantaSearch/Content/' took 0.02s
[2015.11.26-14.41.22:937][  0]LogHoudiniEngineEditor: Starting the Houdini Engine Editor module.
[2015.11.26-14.41.22:977][  0]SourceControl: Info Source control is disabled
[2015.11.26-14.41.22:978][  0]Cmd: MAP LOAD FILE="../../../../../../Users/croda/Documents/Unreal Projects/SantaSearch/Content/Maps/MemoryCardEntry.umap" TEMPLATE=0 SHOWPROGRESS=1 FEATURELEVEL=3
[2015.11.26-14.41.22:978][  0]LightingResults: New page: Lighting Build
[2015.11.26-14.41.22:981][  0]MapCheck: New page: Map Check
[2015.11.26-14.41.22:981][  0]LightingResults: New page: Lighting Build
[2015.11.26-14.41.22:992][  0]LogParticles: Destroying 0 GPU particle simulations for FXSystem 0x000000BE79F282C0
[2015.11.26-14.41.23:185][  0]LogBlueprint:Warning: [compiler Ue4ASP_Character] Warning InputAction Event references unknown Action 'Crouch' for  InputAction Crouch 
[2015.11.26-14.41.23:185][  0]LogBlueprint:Warning: [compiler Ue4ASP_Character] Warning InputAction Event references unknown Action 'Jump' for  InputAction Jump 
[2015.11.26-14.41.23:186][  0]LogBlueprint:Warning: [compiler Ue4ASP_Character] Warning Input Axis Event references unknown Axis 'LookUp' for  InputAxis LookUp 
[2015.11.26-14.41.23:186][  0]LogBlueprint:Warning: [compiler Ue4ASP_Character] Warning Input Axis Event references unknown Axis 'Turn' for  InputAxis Turn 
[2015.11.26-14.41.23:186][  0]LogBlueprint:Warning: [compiler Ue4ASP_Character] Warning Input Axis Event references unknown Axis 'MoveRight' for  InputAxis MoveRight 
[2015.11.26-14.41.23:186][  0]LogBlueprint:Warning: [compiler Ue4ASP_Character] Warning Input Axis Event references unknown Axis 'MoveForward' for  InputAxis MoveForward 
[2015.11.26-14.41.23:191][  0]LogBlueprint:Warning: [compiler Ue4ASP_Character] Warning [0007.00] Compile of Ue4ASP_Character successful, but with 6 Warning(s) [in 11 ms]
[2015.11.26-14.41.23:192][  0]LogBlueprint:Warning: [compiler Ue4ASP_Character] Warning [0007.00] Compile of Ue4ASP_Character successful, but with 7 Warning(s) [in 0 ms]
[2015.11.26-14.41.23:192][  0]LogBlueprint:Warning: [compiler Ue4ASP_Character] Warning [0007.00] Compile of Ue4ASP_Character successful, but with 8 Warning(s) [in 0 ms]
[2015.11.26-14.41.23:239][  0]LogBlueprint:Warning: [compiler Ue4ASP_Character] Warning InputAction Event references unknown Action 'Crouch' for  InputAction Crouch 
[2015.11.26-14.41.23:239][  0]LogBlueprint:Warning: [compiler Ue4ASP_Character] Warning InputAction Event references unknown Action 'Jump' for  InputAction Jump 
[2015.11.26-14.41.23:239][  0]LogBlueprint:Warning: [compiler Ue4ASP_Character] Warning Input Axis Event references unknown Axis 'LookUp' for  InputAxis LookUp 
[2015.11.26-14.41.23:239][  0]LogBlueprint:Warning: [compiler Ue4ASP_Character] Warning Input Axis Event references unknown Axis 'Turn' for  InputAxis Turn 
[2015.11.26-14.41.23:240][  0]LogBlueprint:Warning: [compiler Ue4ASP_Character] Warning Input Axis Event references unknown Axis 'MoveRight' for  InputAxis MoveRight 
[2015.11.26-14.41.23:240][  0]LogBlueprint:Warning: [compiler Ue4ASP_Character] Warning Input Axis Event references unknown Axis 'MoveForward' for  InputAxis MoveForward 
[2015.11.26-14.41.23:244][  0]LogBlueprint:Warning: [compiler Ue4ASP_Character] Warning [0007.05] Compile of Ue4ASP_Character successful, but with 6 Warning(s) [in 11 ms]
[2015.11.26-14.41.23:244][  0]LogBlueprint:Warning: [compiler Ue4ASP_Character] Warning [0007.05] Compile of Ue4ASP_Character successful, but with 7 Warning(s) [in 0 ms]
[2015.11.26-14.41.23:244][  0]LogBlueprint:Warning: [compiler Ue4ASP_Character] Warning [0007.05] Compile of Ue4ASP_Character successful, but with 8 Warning(s) [in 0 ms]
[2015.11.26-14.41.23:785][  0]LogBlueprint:Warning: ExposeOnSpawn ambiguity. Property 'IntProperty /Game/Blueprints/BP_CardMem.BP_CardMem_C:CardIType', MetaData 'True', Flag 'False'
[2015.11.26-14.41.24:046][  0]LogProperty:Error: UStructProperty::Serialize Loading: Property 'StructProperty /LeapMotion/Character/Basic/BasicCharacter_AnimBlueprint.BasicCharacter_AnimBlueprint_C:AnimGraphNode_Fabrik_8C904C7A415FB588652E8A91FDC811AE'. Unknown structure.
[2015.11.26-14.41.24:047][  0]LogProperty:Error: UStructProperty::Serialize Loading: Property 'StructProperty /LeapMotion/Character/Basic/BasicCharacter_AnimBlueprint.BasicCharacter_AnimBlueprint_C:AnimGraphNode_Fabrik_416EC86F435836563C4E49AD6D016C3C'. Unknown structure.
[2015.11.26-14.41.24:048][  0]LogProperty:Error: UStructProperty::Serialize Loading: Property 'StructProperty /LeapMotion/Character/Basic/BasicCharacter_AnimBlueprint.BasicCharacter_AnimBlueprint_C:AnimGraphNode_Fabrik_9FF4326C4CAD2373B92D6F9E3AC3F57A'. Unknown structure.
[2015.11.26-14.41.24:049][  0]LogAnimation:Warning: Invalid animation root node index 54 on '/LeapMotion/Character/Basic/BasicCharacter_AnimBlueprint.BasicCharacter_AnimBlueprint_C' (only 52 nodes)
[2015.11.26-14.41.27:906][  0]LogOutputDevice: === Handled error: ===

Ensure condition failed: bValidRootIndex [File:D:\BuildFarm\buildmachine_++depot+UE4-Releases+4.9\Engine\Source\Runtime\Engine\Private\Animation\AnimBlueprintGeneratedClass.cpp] [Line: 234]

Stack: 
UE4Editor-Core.dll!FWindowsPlatformStackWalk::StackWalkAndDump() [d:\buildfarm\buildmachine_++depot+ue4-releases+4.9\engine\source\runtime\core\private\windows\windowsplatformstackwalk.cpp:175]
UE4Editor-Core.dll!FDebug::EnsureFailed() [d:\buildfarm\buildmachine_++depot+ue4-releases+4.9\engine\source\runtime\core\private\misc\outputdevice.cpp:258]
UE4Editor-Core.dll!FDebug::OptionallyLogFormattedEnsureMessageReturningFalse() [d:\buildfarm\buildmachine_++depot+ue4-releases+4.9\engine\source\runtime\core\private\misc\outputdevice.cpp:368]
UE4Editor-Engine.dll!UAnimBlueprintGeneratedClass::Link() [d:\buildfarm\buildmachine_++depot+ue4-releases+4.9\engine\source\runtime\engine\private\animation\animblueprintgeneratedclass.cpp:234]
UE4Editor-CoreUObject.dll!UClass::Serialize() [d:\buildfarm\buildmachine_++depot+ue4-releases+4.9\engine\source\runtime\coreuobject\private\uobject\class.cpp:3393]
UE4Editor-Engine.dll!UBlueprintGeneratedClass::Serialize() [d:\buildfarm\buildmachine_++depot+ue4-releases+4.9\engine\source\runtime\engine\private\blueprintgeneratedclass.cpp:757]
UE4Editor-CoreUObject.dll!FLinkerLoad::Preload() [d:\buildfarm\buildmachine_++depot+ue4-releases+4.9\engine\source\runtime\coreuobject\private\uobject\linkerload.cpp:3143]
UE4Editor-CoreUObject.dll!FLinkerLoad::CreateExport() [d:\buildfarm\buildmachine_++depot+ue4-releases+4.9\engine\source\runtime\coreuobject\private\uobject\linkerload.cpp:3792]
UE4Editor-CoreUObject.dll!FLinkerLoad::IndexToObject() [d:\buildfarm\buildmachine_++depot+ue4-releases+4.9\engine\source\runtime\coreuobject\private\uobject\linkerload.cpp:3982]
UE4Editor-CoreUObject.dll!FLinkerLoad::CreateExport() [d:\buildfarm\buildmachine_++depot+ue4-releases+4.9\engine\source\runtime\coreuobject\private\uobject\linkerload.cpp:3505]
UE4Editor-CoreUObject.dll!FLinkerLoad::CreateExportAndPreload() [d:\buildfarm\buildmachine_++depot+ue4-releases+4.9\engine\source\runtime\coreuobject\private\uobject\linkerload.cpp:2661]
UE4Editor-CoreUObject.dll!FLinkerLoad::LoadAllObjects() [d:\buildfarm\buildmachine_++depot+ue4-releases+4.9\engine\source\runtime\coreuobject\private\uobject\linkerload.cpp:2769]
UE4Editor-CoreUObject.dll!LoadPackageInternal() [d:\buildfarm\buildmachine_++depot+ue4-releases+4.9\engine\source\runtime\coreuobject\private\uobject\uobjectglobals.cpp:1032]
UE4Editor-CoreUObject.dll!FLinkerLoad::VerifyImportInner() [d:\buildfarm\buildmachine_++depot+ue4-releases+4.9\engine\source\runtime\coreuobject\private\uobject\linkerload.cpp:2354]
UE4Editor-CoreUObject.dll!FLinkerLoad::VerifyImport() [d:\buildfarm\buildmachine_++depot+ue4-releases+4.9\engine\source\runtime\coreuobject\private\uobject\linkerload.cpp:2115]
UE4Editor-CoreUObject.dll!FLinkerLoad::VerifyImportInner() [d:\buildfarm\buildmachine_++depot+ue4-releases+4.9\engine\source\runtime\coreuobject\private\uobject\linkerload.cpp:2402]
UE4Editor-CoreUObject.dll!FLinkerLoad::VerifyImport() [d:\buildfarm\buildmachine_++depot+ue4-releases+4.9\engine\source\runtime\coreuobject\private\uobject\linkerload.cpp:2115]
UE4Editor-CoreUObject.dll!FLinkerLoad::Verify() [d:\buildfarm\buildmachine_++depot+ue4-releases+4.9\engine\source\runtime\coreuobject\private\uobject\linkerload.cpp:1905]
UE4Editor-CoreUObject.dll!FLinkerLoad::FinalizeCreation() [d:\buildfarm\buildmachine_++depot+ue4-releases+4.9\engine\source\runtime\coreuobject\private\uobject\linkerload.cpp:1815]
UE4Editor-CoreUObject.dll!FLinkerLoad::Tick() [d:\buildfarm\buildmachine_++depot+ue4-releases+4.9\engine\source\runtime\coreuobject\private\uobject\linkerload.cpp:666]
UE4Editor-CoreUObject.dll!FLinkerLoad::CreateLinker() [d:\buildfarm\buildmachine_++depot+ue4-releases+4.9\engine\source\runtime\coreuobject\private\uobject\linkerload.cpp:404]
UE4Editor-CoreUObject.dll!GetPackageLinker() [d:\buildfarm\buildmachine_++depot+ue4-releases+4.9\engine\source\runtime\coreuobject\private\uobject\linker.cpp:570]
UE4Editor-CoreUObject.dll!LoadPackageInternal() [d:\buildfarm\buildmachine_++depot+ue4-releases+4.9\engine\source\runtime\coreuobject\private\uobject\uobjectglobals.cpp:936]
UE4Editor-CoreUObject.dll!FLinkerLoad::VerifyImportInner() [d:\buildfarm\buildmachine_++depot+ue4-releases+4.9\engine\source\runtime\coreuobject\private\uobject\linkerload.cpp:2354]
UE4Editor-CoreUObject.dll!FLinkerLoad::VerifyImport() [d:\buildfarm\buildmachine_++depot+ue4-releases+4.9\engine\source\runtime\coreuobject\private\uobject\linkerload.cpp:2115]
UE4Editor-CoreUObject.dll!FLinkerLoad::VerifyImportInner() [d:\buildfarm\buildmachine_++depot+ue4-releases+4.9\engine\source\runtime\coreuobject\private\uobject\linkerload.cpp:2402]
UE4Editor-CoreUObject.dll!FLinkerLoad::VerifyImport() [d:\buildfarm\buildmachine_++depot+ue4-releases+4.9\engine\source\runtime\coreuobject\private\uobject\linkerload.cpp:2115]
UE4Editor-CoreUObject.dll!FLinkerLoad::CreateImport() [d:\buildfarm\buildmachine_++depot+ue4-releases+4.9\engine\source\runtime\coreuobject\private\uobject\linkerload.cpp:3926]
UE4Editor-CoreUObject.dll!FLinkerLoad::ResolveAllImports() [d:\buildfarm\buildmachine_++depot+ue4-releases+4.9\engine\source\runtime\coreuobject\private\blueprint\blueprintsupport.cpp:1026]
UE4Editor-CoreUObject.dll!FLinkerLoad::FinalizeBlueprint() [d:\buildfarm\buildmachine_++depot+ue4-releases+4.9\engine\source\runtime\coreuobject\private\blueprint\blueprintsupport.cpp:1103]
UE4Editor-CoreUObject.dll!FLinkerLoad::Preload() [d:\buildfarm\buildmachine_++depot+ue4-releases+4.9\engine\source\runtime\coreuobject\private\uobject\linkerload.cpp:3190]
UE4Editor-CoreUObject.dll!FLinkerLoad::CreateExport() [d:\buildfarm\buildmachine_++depot+ue4-releases+4.9\engine\source\runtime\coreuobject\private\uobject\linkerload.cpp:3792]
UE4Editor-CoreUObject.dll!FLinkerLoad::IndexToObject() [d:\buildfarm\buildmachine_++depot+ue4-releases+4.9\engine\source\runtime\coreuobject\private\uobject\linkerload.cpp:3982]
UE4Editor-CoreUObject.dll!FLinkerLoad::CreateExport() [d:\buildfarm\buildmachine_++depot+ue4-releases+4.9\engine\source\runtime\coreuobject\private\uobject\linkerload.cpp:3505]
UE4Editor-CoreUObject.dll!FLinkerLoad::IndexToObject() [d:\buildfarm\buildmachine_++depot+ue4-releases+4.9\engine\source\runtime\coreuobject\private\uobject\linkerload.cpp:3982]
UE4Editor-CoreUObject.dll!FLinkerLoad::CreateExport() [d:\buildfarm\buildmachine_++depot+ue4-releases+4.9\engine\source\runtime\coreuobject\private\uobject\linkerload.cpp:3505]
UE4Editor-CoreUObject.dll!FLinkerLoad::CreateExportAndPreload() [d:\buildfarm\buildmachine_++depot+ue4-releases+4.9\engine\source\runtime\coreuobject\private\uobject\linkerload.cpp:2661]
UE4Editor-CoreUObject.dll!FLinkerLoad::LoadAllObjects() [d:\buildfarm\buildmachine_++depot+ue4-releases+4.9\engine\source\runtime\coreuobject\private\uobject\linkerload.cpp:2769]
UE4Editor-CoreUObject.dll!LoadPackageInternal() [d:\buildfarm\buildmachine_++depot+ue4-releases+4.9\engine\source\runtime\coreuobject\private\uobject\uobjectglobals.cpp:1032]
UE4Editor-CoreUObject.dll!FLinkerLoad::VerifyImportInner() [d:\buildfarm\buildmachine_++depot+ue4-releases+4.9\engine\source\runtime\coreuobject\private\uobject\linkerload.cpp:2354]
UE4Editor-CoreUObject.dll!FLinkerLoad::VerifyImport() [d:\buildfarm\buildmachine_++depot+ue4-releases+4.9\engine\source\runtime\coreuobject\private\uobject\linkerload.cpp:2115]
UE4Editor-CoreUObject.dll!FLinkerLoad::VerifyImportInner() [d:\buildfarm\buildmachine_++depot+ue4-releases+4.9\engine\source\runtime\coreuobject\private\uobject\linkerload.cpp:2402]
UE4Editor-CoreUObject.dll!FLinkerLoad::VerifyImport() [d:\buildfarm\buildmachine_++depot+ue4-releases+4.9\engine\source\runtime\coreuobject\private\uobject\linkerload.cpp:2115]
UE4Editor-CoreUObject.dll!FLinkerLoad::Verify() [d:\buildfarm\buildmachine_++depot+ue4-releases+4.9\engine\source\runtime\coreuobject\private\uobject\linkerload.cpp:1905]
UE4Editor-CoreUObject.dll!FLinkerLoad::FinalizeCreation() [d:\buildfarm\buildmachine_++depot+ue4-releases+4.9\engine\source\runtime\coreuobject\private\uobject\linkerload.cpp:1815]
UE4Editor-CoreUObject.dll!FLinkerLoad::Tick() [d:\buildfarm\buildmachine_++depot+ue4-releases+4.9\engine\source\runtime\coreuobject\private\uobject\linkerload.cpp:666]
UE4Editor-CoreUObject.dll!FLinkerLoad::CreateLinker() [d:\buildfarm\buildmachine_++depot+ue4-releases+4.9\engine\source\runtime\coreuobject\private\uobject\linkerload.cpp:404]
UE4Editor-CoreUObject.dll!GetPackageLinker() [d:\buildfarm\buildmachine_++depot+ue4-releases+4.9\engine\source\runtime\coreuobject\private\uobject\linker.cpp:570]
UE4Editor-CoreUObject.dll!LoadPackageInternal() [d:\buildfarm\buildmachine_++depot+ue4-releases+4.9\engine\source\runtime\coreuobject\private\uobject\uobjectglobals.cpp:936]
UE4Editor-CoreUObject.dll!FLinkerLoad::VerifyImportInner() [d:\buildfarm\buildmachine_++depot+ue4-releases+4.9\engine\source\runtime\coreuobject\private\uobject\linkerload.cpp:2354]
UE4Editor-CoreUObject.dll!FLinkerLoad::VerifyImport() [d:\buildfarm\buildmachine_++depot+ue4-releases+4.9\engine\source\runtime\coreuobject\private\uobject\linkerload.cpp:2115]
UE4Editor-CoreUObject.dll!FLinkerLoad::VerifyImportInner() [d:\buildfarm\buildmachine_++depot+ue4-releases+4.9\engine\source\runtime\coreuobject\private\uobject\linkerload.cpp:2402]
UE4Editor-CoreUObject.dll!FLinkerLoad::VerifyImport() [d:\buildfarm\buildmachine_++depot+ue4-releases+4.9\engine\source\runtime\coreuobject\private\uobject\linkerload.cpp:2115]
UE4Editor-CoreUObject.dll!FLinkerLoad::Verify() [d:\buildfarm\buildmachine_++depot+ue4-releases+4.9\engine\source\runtime\coreuobject\private\uobject\linkerload.cpp:1905]
UE4Editor-CoreUObject.dll!FLinkerLoad::FinalizeCreation() [d:\buildfarm\buildmachine_++depot+ue4-releases+4.9\engine\source\runtime\coreuobject\private\uobject\linkerload.cpp:1815]
UE4Editor-CoreUObject.dll!FLinkerLoad::Tick() [d:\buildfarm\buildmachine_++depot+ue4-releases+4.9\engine\source\runtime\coreuobject\private\uobject\linkerload.cpp:666]
UE4Editor-CoreUObject.dll!FLinkerLoad::CreateLinker() [d:\buildfarm\buildmachine_++depot+ue4-releases+4.9\engine\source\runtime\coreuobject\private\uobject\linkerload.cpp:404]
UE4Editor-CoreUObject.dll!GetPackageLinker() [d:\buildfarm\buildmachine_++depot+ue4-releases+4.9\engine\source\runtime\coreuobject\private\uobject\linker.cpp:570]
UE4Editor-CoreUObject.dll!LoadPackageInternal() [d:\buildfarm\buildmachine_++depot+ue4-releases+4.9\engine\source\runtime\coreuobject\private\uobject\uobjectglobals.cpp:936]
UE4Editor-CoreUObject.dll!FLinkerLoad::VerifyImportInner() [d:\buildfarm\buildmachine_++depot+ue4-releases+4.9\engine\source\runtime\coreuobject\private\uobject\linkerload.cpp:2354]
UE4Editor-CoreUObject.dll!FLinkerLoad::VerifyImport() [d:\buildfarm\buildmachine_++depot+ue4-releases+4.9\engine\source\runtime\coreuobject\private\uobject\linkerload.cpp:2115]
UE4Editor-CoreUObject.dll!FLinkerLoad::VerifyImportInner() [d:\buildfarm\buildmachine_++depot+ue4-releases+4.9\engine\source\runtime\coreuobject\private\uobject\linkerload.cpp:2402]
UE4Editor-CoreUObject.dll!FLinkerLoad::VerifyImport() [d:\buildfarm\buildmachine_++depot+ue4-releases+4.9\engine\source\runtime\coreuobject\private\uobject\linkerload.cpp:2115]
UE4Editor-CoreUObject.dll!FLinkerLoad::Verify() [d:\buildfarm\buildmachine_++depot+ue4-releases+4.9\engine\source\runtime\coreuobject\private\uobject\linkerload.cpp:1905]
UE4Editor-CoreUObject.dll!FLinkerLoad::FinalizeCreation() [d:\buildfarm\buildmachine_++depot+ue4-releases+4.9\engine\source\runtime\coreuobject\private\uobject\linkerload.cpp:1815]
UE4Editor-CoreUObject.dll!FLinkerLoad::Tick() [d:\buildfarm\buildmachine_++depot+ue4-releases+4.9\engine\source\runtime\coreuobject\private\uobject\linkerload.cpp:666]
UE4Editor-CoreUObject.dll!FLinkerLoad::CreateLinker() [d:\buildfarm\buildmachine_++depot+ue4-releases+4.9\engine\source\runtime\coreuobject\private\uobject\linkerload.cpp:404]
UE4Editor-CoreUObject.dll!GetPackageLinker() [d:\buildfarm\buildmachine_++depot+ue4-releases+4.9\engine\source\runtime\coreuobject\private\uobject\linker.cpp:570]
UE4Editor-CoreUObject.dll!LoadPackageInternal() [d:\buildfarm\buildmachine_++depot+ue4-releases+4.9\engine\source\runtime\coreuobject\private\uobject\uobjectglobals.cpp:936]
UE4Editor-CoreUObject.dll!FLinkerLoad::VerifyImportInner() [d:\buildfarm\buildmachine_++depot+ue4-releases+4.9\engine\source\runtime\coreuobject\private\uobject\linkerload.cpp:2354]
UE4Editor-CoreUObject.dll!FLinkerLoad::VerifyImport() [d:\buildfarm\buildmachine_++depot+ue4-releases+4.9\engine\source\runtime\coreuobject\private\uobject\linkerload.cpp:2115]
UE4Editor-CoreUObject.dll!FLinkerLoad::VerifyImportInner() [d:\buildfarm\buildmachine_++depot+ue4-releases+4.9\engine\source\runtime\coreuobject\private\uobject\linkerload.cpp:2402]
UE4Editor-CoreUObject.dll!FLinkerLoad::VerifyImport() [d:\buildfarm\buildmachine_++depot+ue4-releases+4.9\engine\source\runtime\coreuobject\private\uobject\linkerload.cpp:2115]
UE4Editor-CoreUObject.dll!FLinkerLoad::Verify() [d:\buildfarm\buildmachine_++depot+ue4-releases+4.9\engine\source\runtime\coreuobject\private\uobject\linkerload.cpp:1905]
UE4Editor-CoreUObject.dll!FLinkerLoad::FinalizeCreation() [d:\buildfarm\buildmachine_++depot+ue4-releases+4.9\engine\source\runtime\coreuobject\private\uobject\linkerload.cpp:1815]
UE4Editor-CoreUObject.dll!FLinkerLoad::Tick() [d:\buildfarm\buildmachine_++depot+ue4-releases+4.9\engine\source\runtime\coreuobject\private\uobject\linkerload.cpp:666]
UE4Editor-CoreUObject.dll!FLinkerLoad::CreateLinker() [d:\buildfarm\buildmachine_++depot+ue4-releases+4.9\engine\source\runtime\coreuobject\private\uobject\linkerload.cpp:404]
UE4Editor-CoreUObject.dll!GetPackageLinker() [d:\buildfarm\buildmachine_++depot+ue4-releases+4.9\engine\source\runtime\coreuobject\private\uobject\linker.cpp:570]
UE4Editor-CoreUObject.dll!LoadPackageInternal() [d:\buildfarm\buildmachine_++depot+ue4-releases+4.9\engine\source\runtime\coreuobject\private\uobject\uobjectglobals.cpp:936]
UE4Editor-CoreUObject.dll!FLinkerLoad::VerifyImportInner() [d:\buildfarm\buildmachine_++depot+ue4-releases+4.9\engine\source\runtime\coreuobject\private\uobject\linkerload.cpp:2354]
UE4Editor-CoreUObject.dll!FLinkerLoad::VerifyImport() [d:\buildfarm\buildmachine_++depot+ue4-releases+4.9\engine\source\runtime\coreuobject\private\uobject\linkerload.cpp:2115]
UE4Editor-CoreUObject.dll!FLinkerLoad::VerifyImportInner() [d:\buildfarm\buildmachine_++depot+ue4-releases+4.9\engine\source\runtime\coreuobject\private\uobject\linkerload.cpp:2402]
UE4Editor-CoreUObject.dll!FLinkerLoad::VerifyImport() [d:\buildfarm\buildmachine_++depot+ue4-releases+4.9\engine\source\runtime\coreuobject\private\uobject\linkerload.cpp:2115]
UE4Editor-CoreUObject.dll!FLinkerLoad::VerifyImportInner() [d:\buildfarm\buildmachine_++depot+ue4-releases+4.9\engine\source\runtime\coreuobject\private\uobject\linkerload.cpp:2402]
UE4Editor-CoreUObject.dll!FLinkerLoad::VerifyImport() [d:\buildfarm\buildmachine_++depot+ue4-releases+4.9\engine\source\runtime\coreuobject\private\uobject\linkerload.cpp:2115]
UE4Editor-CoreUObject.dll!FLinkerLoad::Verify() [d:\buildfarm\buildmachine_++depot+ue4-releases+4.9\engine\source\runtime\coreuobject\private\uobject\linkerload.cpp:1905]
UE4Editor-CoreUObject.dll!FLinkerLoad::FinalizeCreation() [d:\buildfarm\buildmachine_++depot+ue4-releases+4.9\engine\source\runtime\coreuobject\private\uobject\linkerload.cpp:1815]
UE4Editor-CoreUObject.dll!FLinkerLoad::Tick() [d:\buildfarm\buildmachine_++depot+ue4-releases+4.9\engine\source\runtime\coreuobject\private\uobject\linkerload.cpp:666]
UE4Editor-CoreUObject.dll!FLinkerLoad::CreateLinker() [d:\buildfarm\buildmachine_++depot+ue4-releases+4.9\engine\source\runtime\coreuobject\private\uobject\linkerload.cpp:404]
UE4Editor-CoreUObject.dll!GetPackageLinker() [d:\buildfarm\buildmachine_++depot+ue4-releases+4.9\engine\source\runtime\coreuobject\private\uobject\linker.cpp:570]
UE4Editor-CoreUObject.dll!LoadPackageInternal() [d:\buildfarm\buildmachine_++depot+ue4-releases+4.9\engine\source\runtime\coreuobject\private\uobject\uobjectglobals.cpp:936]
UE4Editor-UnrealEd.dll
[2015.11.26-14.41.28:265][  0]LogAnimation:Warning: Invalid animation root node index 54 on '/LeapMotion/Character/Basic/BasicCharacter_AnimBlueprint.BasicCharacter_AnimBlueprint_C' (only 52 nodes)
[2015.11.26-14.41.28:538][  0]LogAnimation:Warning: Invalid animation root node index 54 on '/Engine/Transient.REINST_BasicCharacter_AnimBlueprint_C_2' (only 52 nodes)
[2015.11.26-14.41.28:669][  0]LogClass:Warning: Property AnimGraphNode_Fabrik_8C904C7A415FB588652E8A91FDC811AE of BasicCharacter_AnimBlueprint_C has a struct type mismatch (tag FallbackStruct != prop AnimNode_Fabrik) in package:  FObjectReader. If that struct got renamed, add an entry to ActiveStructRedirects.
[2015.11.26-14.41.28:669][  0]LogClass:Warning: Property AnimGraphNode_Fabrik_416EC86F435836563C4E49AD6D016C3C of BasicCharacter_AnimBlueprint_C has a struct type mismatch (tag FallbackStruct != prop AnimNode_Fabrik) in package:  FObjectReader. If that struct got renamed, add an entry to ActiveStructRedirects.
[2015.11.26-14.41.28:669][  0]LogClass:Warning: Property AnimGraphNode_Fabrik_9FF4326C4CAD2373B92D6F9E3AC3F57A of BasicCharacter_AnimBlueprint_C has a struct type mismatch (tag FallbackStruct != prop AnimNode_Fabrik) in package:  FObjectReader. If that struct got renamed, add an entry to ActiveStructRedirects.
[2015.11.26-14.41.28:911][  0]LogBlueprint:Warning: [compiler LeapBasicRiggedCharacter] Warning InputAction Event references unknown Action 'Jump' for  InputAction Jump 
[2015.11.26-14.41.28:911][  0]LogBlueprint:Warning: [compiler LeapBasicRiggedCharacter] Warning Input Axis Event references unknown Axis 'LookUpRate' for  InputAxis LookUpRate 
[2015.11.26-14.41.28:911][  0]LogBlueprint:Warning: [compiler LeapBasicRiggedCharacter] Warning Input Axis Event references unknown Axis 'TurnRate' for  InputAxis TurnRate 
[2015.11.26-14.41.28:912][  0]LogBlueprint:Warning: [compiler LeapBasicRiggedCharacter] Warning Input Axis Event references unknown Axis 'Turn' for  InputAxis Turn 
[2015.11.26-14.41.28:912][  0]LogBlueprint:Warning: [compiler LeapBasicRiggedCharacter] Warning Input Axis Event references unknown Axis 'LookUp' for  InputAxis LookUp 
[2015.11.26-14.41.28:912][  0]LogBlueprint:Warning: [compiler LeapBasicRiggedCharacter] Warning Input Axis Event references unknown Axis 'MoveRight' for  InputAxis MoveRight 
[2015.11.26-14.41.28:912][  0]LogBlueprint:Warning: [compiler LeapBasicRiggedCharacter] Warning Input Axis Event references unknown Axis 'MoveForward' for  InputAxis MoveForward 
[2015.11.26-14.41.28:916][  0]LogBlueprint:Warning: [compiler LeapBasicRiggedCharacter] Warning [0012.72] Compile of LeapBasicRiggedCharacter successful, but with 7 Warning(s) [in 13 ms]
[2015.11.26-14.41.28:916][  0]LogBlueprint:Warning: [compiler LeapBasicRiggedCharacter] Warning [0012.72] Compile of LeapBasicRiggedCharacter successful, but with 8 Warning(s) [in 0 ms]
[2015.11.26-14.41.28:917][  0]LogBlueprint:Warning: [compiler LeapBasicRiggedCharacter] Warning [0012.72] Compile of LeapBasicRiggedCharacter successful, but with 9 Warning(s) [in 0 ms]
[2015.11.26-14.41.29:480][  0]LogBlueprint:Warning: [compiler LeapBasicRiggedCharacter] Warning InputAction Event references unknown Action 'Jump' for  InputAction Jump 
[2015.11.26-14.41.29:480][  0]LogBlueprint:Warning: [compiler LeapBasicRiggedCharacter] Warning Input Axis Event references unknown Axis 'LookUpRate' for  InputAxis LookUpRate 
[2015.11.26-14.41.29:480][  0]LogBlueprint:Warning: [compiler LeapBasicRiggedCharacter] Warning Input Axis Event references unknown Axis 'TurnRate' for  InputAxis TurnRate 
[2015.11.26-14.41.29:481][  0]LogBlueprint:Warning: [compiler LeapBasicRiggedCharacter] Warning Input Axis Event references unknown Axis 'Turn' for  InputAxis Turn 
[2015.11.26-14.41.29:481][  0]LogBlueprint:Warning: [compiler LeapBasicRiggedCharacter] Warning Input Axis Event references unknown Axis 'LookUp' for  InputAxis LookUp 
[2015.11.26-14.41.29:481][  0]LogBlueprint:Warning: [compiler LeapBasicRiggedCharacter] Warning Input Axis Event references unknown Axis 'MoveRight' for  InputAxis MoveRight 
[2015.11.26-14.41.29:481][  0]LogBlueprint:Warning: [compiler LeapBasicRiggedCharacter] Warning Input Axis Event references unknown Axis 'MoveForward' for  InputAxis MoveForward 
[2015.11.26-14.41.29:485][  0]LogBlueprint:Warning: [compiler LeapBasicRiggedCharacter] Warning [0013.29] Compile of LeapBasicRiggedCharacter successful, but with 7 Warning(s) [in 12 ms]
[2015.11.26-14.41.29:485][  0]LogBlueprint:Warning: [compiler LeapBasicRiggedCharacter] Warning [0013.29] Compile of LeapBasicRiggedCharacter successful, but with 8 Warning(s) [in 0 ms]
[2015.11.26-14.41.29:485][  0]LogBlueprint:Warning: [compiler LeapBasicRiggedCharacter] Warning [0013.29] Compile of LeapBasicRiggedCharacter successful, but with 9 Warning(s) [in 0 ms]
[2015.11.26-14.41.30:432][  0]LogTexture:Display: Building textures: HQ_Lightmap0_1 (AutoDXT)
[2015.11.26-14.41.30:446][  0]LogTexture:Display: Building textures: HQ_Lightmap0_11 (AutoDXT)
[2015.11.26-14.41.30:462][  0]LogTexture:Display: Building textures: HQ_Lightmap0_12 (AutoDXT)
[2015.11.26-14.41.30:472][  0]LogTexture:Display: Building textures: HQ_Lightmap0_13 (AutoDXT)
[2015.11.26-14.41.30:482][  0]LogTexture:Display: Building textures: HQ_Lightmap0_17 (AutoDXT)
[2015.11.26-14.41.30:490][  0]LogTexture:Display: Building textures: HQ_Lightmap0_3 (AutoDXT)
[2015.11.26-14.41.30:492][  0]LogTexture:Display: Building textures: HQ_Lightmap0_4 (AutoDXT)
[2015.11.26-14.41.30:504][  0]LogTexture:Display: Building textures: HQ_Lightmap0_7 (AutoDXT)
[2015.11.26-14.41.30:514][  0]LogTexture:Display: Building textures: HQ_Lightmap0_9 (AutoDXT)
[2015.11.26-14.41.30:523][  0]LogTexture:Display: Building textures: HQ_Lightmap1_10 (AutoDXT)
[2015.11.26-14.41.30:539][  0]LogTexture:Display: Building textures: HQ_Lightmap1_11 (AutoDXT)
[2015.11.26-14.41.30:549][  0]LogTexture:Display: Building textures: HQ_Lightmap1_12 (AutoDXT)
[2015.11.26-14.41.30:555][  0]LogTexture:Display: Building textures: HQ_Lightmap1_13 (AutoDXT)
[2015.11.26-14.41.30:562][  0]LogTexture:Display: Building textures: HQ_Lightmap1_14 (AutoDXT)
[2015.11.26-14.41.30:576][  0]LogTexture:Display: Building textures: HQ_Lightmap1_15 (AutoDXT)
[2015.11.26-14.41.30:589][  0]LogTexture:Display: Building textures: HQ_Lightmap1_16 (AutoDXT)
[2015.11.26-14.41.30:599][  0]LogTexture:Display: Building textures: HQ_Lightmap1_17 (AutoDXT)
[2015.11.26-14.41.30:608][  0]LogTexture:Display: Building textures: HQ_Lightmap1_2 (AutoDXT)
[2015.11.26-14.41.30:616][  0]LogTexture:Display: Building textures: HQ_Lightmap1_3 (AutoDXT)
[2015.11.26-14.41.30:618][  0]LogTexture:Display: Building textures: HQ_Lightmap1_4 (AutoDXT)
[2015.11.26-14.41.30:627][  0]LogTexture:Display: Building textures: HQ_Lightmap1_5 (AutoDXT)
[2015.11.26-14.41.30:640][  0]LogTexture:Display: Building textures: HQ_Lightmap1_6 (AutoDXT)
[2015.11.26-14.41.30:649][  0]LogTexture:Display: Building textures: HQ_Lightmap1_8 (AutoDXT)
[2015.11.26-14.41.30:658][  0]LogTexture:Display: Building textures: HQ_Lightmap1_9 (AutoDXT)
[2015.11.26-14.41.30:665][  0]LogTexture:Display: Building textures: LQ_Lightmap_0_1 (DXT1)
[2015.11.26-14.41.30:677][  0]LogTexture:Display: Building textures: LQ_Lightmap_1_10 (DXT1)
[2015.11.26-14.41.30:688][  0]LogTexture:Display: Building textures: LQ_Lightmap_1_11 (DXT1)
[2015.11.26-14.41.30:698][  0]LogTexture:Display: Building textures: LQ_Lightmap_1_12 (DXT1)
[2015.11.26-14.41.30:704][  0]LogTexture:Display: Building textures: LQ_Lightmap_1_13 (DXT1)
[2015.11.26-14.41.30:711][  0]LogTexture:Display: Building textures: LQ_Lightmap_1_14 (DXT1)
[2015.11.26-14.41.30:723][  0]LogTexture:Display: Building textures: LQ_Lightmap_1_15 (DXT1)
[2015.11.26-14.41.30:732][  0]LogTexture:Display: Building textures: LQ_Lightmap_1_16 (DXT1)
[2015.11.26-14.41.30:741][  0]LogTexture:Display: Building textures: LQ_Lightmap_1_17 (DXT1)
[2015.11.26-14.41.30:743][  0]LogTexture:Display: Building textures: LQ_Lightmap_1_2 (DXT1)
[2015.11.26-14.41.30:755][  0]LogTexture:Display: Building textures: LQ_Lightmap_1_3 (DXT1)
[2015.11.26-14.41.30:757][  0]LogTexture:Display: Building textures: LQ_Lightmap_1_4 (DXT1)
[2015.11.26-14.41.30:768][  0]LogTexture:Display: Building textures: LQ_Lightmap_1_5 (DXT1)
[2015.11.26-14.41.30:778][  0]LogTexture:Display: Building textures: LQ_Lightmap_1_6 (DXT1)
[2015.11.26-14.41.30:787][  0]LogTexture:Display: Building textures: LQ_Lightmap_1_7 (DXT1)
[2015.11.26-14.41.30:796][  0]LogTexture:Display: Building textures: LQ_Lightmap_1_8 (DXT1)
[2015.11.26-14.41.30:806][  0]LogTexture:Display: Building textures: LQ_Lightmap_1_9 (DXT1)
[2015.11.26-14.41.30:943][  0]LogAIModule: Creating AISystem for world MemoryCardEntry
[2015.11.26-14.41.30:945][  0]LogMaterial:Warning: Material /Game/Assets/Materials/M_GameBoard.M_GameBoard needed to have new flag set bUsedWithStaticLighting !
[2015.11.26-14.41.30:946][  0]LogMaterial: Missing cached shader map for material M_GameBoard, compiling. 
[2015.11.26-14.41.30:954][  0]MapCheck:Warning: Warning M_GameBoard Material /Game/Assets/Materials/M_GameBoard.M_GameBoard was missing the usage flag bUsedWithStaticLighting. If the material asset is not re-saved, it may not render correctly when run outside the editor. Fix
[2015.11.26-14.41.30:954][  0]LogMaterial: 0.000068 seconds spent updating 1 materials, 1 interfaces, 0 instances, 0 with static permutations.
[2015.11.26-14.41.30:954][  0]LogMaterial:Warning: Material /Game/Assets/Materials/M_Background.M_Background needed to have new flag set bUsedWithStaticLighting !
[2015.11.26-14.41.30:957][  0]LogMaterial: Missing cached shader map for material M_Background, compiling. 
[2015.11.26-14.41.30:960][  0]MapCheck:Warning: Warning M_Background Material /Game/Assets/Materials/M_Background.M_Background was missing the usage flag bUsedWithStaticLighting. If the material asset is not re-saved, it may not render correctly when run outside the editor. Fix
[2015.11.26-14.41.30:960][  0]LogMaterial: 0.000053 seconds spent updating 1 materials, 1 interfaces, 0 instances, 0 with static permutations.
[2015.11.26-14.41.30:986][  0]LogEditorServer: Finished looking for orphan Actors (0.000 secs)
[2015.11.26-14.41.30:987][  0]Cmd: MAP CHECKDEP NOCLEARLOG
[2015.11.26-14.41.31:195][  0]MapCheck: Info Map check complete: 0 Error(s), 2 Warning(s), took 208.61ms to complete.
[2015.11.26-14.41.31:204][  0]LogFileHelpers: Loading map 'MemoryCardEntry' took 8.227
[2015.11.26-14.41.31:325][  0]LogCollectionManager: Loaded 0 collections in 0.002776 seconds
[2015.11.26-14.41.31:373][  0]LogFileCache: Scanning file cache for directory 'C:/Users/croda/Documents/Unreal Projects/SantaSearch/Saved/Collections/' took 0.01s
[2015.11.26-14.41.31:373][  0]LogFileCache: Scanning file cache for directory 'C:/Users/croda/Documents/Unreal Projects/SantaSearch/Content/Developers/croda/Collections/' took 0.01s
[2015.11.26-14.41.31:374][  0]LogFileCache: Scanning file cache for directory 'C:/Users/croda/Documents/Unreal Projects/SantaSearch/Content/Collections/' took 0.01s
[2015.11.26-14.41.31:374][  0]LogContentBrowser: Native class hierarchy populated in 0.0119 seconds. Added 1919 classes and 342 folders.
[2015.11.26-14.41.31:380][  0]LogCollectionManager: Rebuilt the GUID cache for 0 collections in 0.000002 seconds
[2015.11.26-14.41.31:390][  0]LogContentBrowser: Native class hierarchy updated for 'WidgetCarousel' in 0.0004 seconds. Added 0 classes and 0 folders.
[2015.11.26-14.41.31:460][  0]LogContentBrowser: Native class hierarchy updated for 'AddContentDialog' in 0.0005 seconds. Added 0 classes and 0 folders.
[2015.11.26-14.41.31:472][  0]LogContentBrowser: Native class hierarchy updated for 'SceneOutliner' in 0.0005 seconds. Added 1 classes and 2 folders.
[2015.11.26-14.41.31:566][  0]LogCrashTracker: Crashtracker disabled due to settings.
[2015.11.26-14.41.31:571][  0]LogUObjectGlobals:Warning: Failed to find object 'Class None.'
[2015.11.26-14.41.31:592][  0]LogLoad: Full Startup: 15.40 seconds (BP compile: 1.22 seconds)
[2015.11.26-14.41.31:707][  0]LogContentStreaming: Texture pool size now 1000 MB
[2015.11.26-14.41.31:855][  0]LogRenderer: Reallocating scene render targets to support 656x444 (Frame:2).
[2015.11.26-14.41.31:935][  1]Cmd: UpdateLandscapeEditorData -warnings
[2015.11.26-14.41.31:966][  1]LogFileCache: Retrieving MD5 hashes for directory 'C:/Users/croda/Documents/Unreal Projects/SantaSearch/Content/' took 0.34s
[2015.11.26-14.41.32:468][ 11]LogAssetRegistry: Asset discovery search completed in 12.0269 seconds
[2015.11.26-14.41.32:468][ 11]LogCollectionManager: Rebuilt the object cache for 0 collections in 0.000001 seconds (found 0 objects)
[2015.11.26-14.41.32:468][ 11]LogCollectionManager: Fixed up redirectors for 0 collections in 0.000051 seconds (updated 0 objects)
[2015.11.26-14.41.38:764][388]MapCheck: New page: Map Check
[2015.11.26-14.41.38:794][388]Cmd: MAP REBUILD ALLVISIBLE
[2015.11.26-14.41.38:794][388]LogEditorServer: Rebuildmap Clear paths rebuilt
[2015.11.26-14.41.38:926][388]LogActorComponent: UnregisterComponent: (/Engine/Transient.CharMoveComp) Not registered. Aborting.
[2015.11.26-14.41.39:017][388]LeapPluginLog: LeapController::CleanupEventData Delete Called
[2015.11.26-14.41.39:040][388]LeapPluginLog: LeapController::CleanupEventData Delete Called
[2015.11.26-14.41.39:059][388]MapCheck:Warning: Warning WorldInfo_0 Hierarchical LOD System is disabled or no HLOD level settings available, unable to build LOD actors. 
[2015.11.26-14.41.39:059][388]LogStats:          STAT_HLOD_BuildClusters - 133.292 ms
[2015.11.26-14.41.39:059][388]LightingResults: New page: Lighting Build - Nov 26, 2015, 4:41:39 AM
[2015.11.26-14.41.41:883][388]LogStaticLightingSystem: Running Lightmass w/ ImmediateImport mode ENABLED
[2015.11.26-14.41.41:883][388]LogStaticLightingSystem: Running Lightmass w/ ImmediateProcess mode ENABLED
[2015.11.26-14.41.41:883][388]LogStaticLightingSystem: Running Lightmass w/ Sorting mode ENABLED
[2015.11.26-14.41.41:883][388]LogStaticLightingSystem: Running Lightmass w/ Mapping paddings ENABLED
[2015.11.26-14.41.41:883][388]LogStaticLightingSystem: Running Lightmass w/ Mapping debug paddings DISABLED
[2015.11.26-14.41.42:026][388]LogEditorBuildUtils: Build time 0:00:03
[2015.11.26-14.41.42:046][389]Cmd: UpdateLandscapeEditorData
[2015.11.26-14.41.45:833][590]Job is a success!
[2015.11.26-14.41.46:067][591]LogTexture:Display: Building textures: HQ_Lightmap1_1 (AutoDXT)
[2015.11.26-14.41.46:078][591]LogTexture:Display: Building textures: LQ_Lightmap_0_17 (DXT1)
[2015.11.26-14.41.46:080][591]LogTexture:Display: Building textures: HQ_Lightmap0_17 (AutoDXT)
[2015.11.26-14.41.46:086][591]LogTexture:Display: Building textures: LQ_Lightmap_0_16 (DXT1)
[2015.11.26-14.41.46:095][591]LogTexture:Display: Building textures: HQ_Lightmap0_16 (AutoDXT)
[2015.11.26-14.41.46:105][591]LogTexture:Display: Building textures: LQ_Lightmap_0_15 (DXT1)
[2015.11.26-14.41.46:115][591]LogTexture:Display: Building textures: HQ_Lightmap0_15 (AutoDXT)
[2015.11.26-14.41.46:129][591]LogTexture:Display: Building textures: LQ_Lightmap_0_14 (DXT1)
[2015.11.26-14.41.46:140][591]LogTexture:Display: Building textures: HQ_Lightmap0_14 (AutoDXT)
[2015.11.26-14.41.46:154][591]LogTexture:Display: Building textures: LQ_Lightmap_0_13 (DXT1)
[2015.11.26-14.41.46:161][591]LogTexture:Display: Building textures: HQ_Lightmap0_13 (AutoDXT)
[2015.11.26-14.41.46:167][591]LogTexture:Display: Building textures: LQ_Lightmap_0_12 (DXT1)
[2015.11.26-14.41.46:172][591]LogTexture:Display: Building textures: HQ_Lightmap0_12 (AutoDXT)
[2015.11.26-14.41.46:178][591]LogTexture:Display: Building textures: LQ_Lightmap_0_11 (DXT1)
[2015.11.26-14.41.46:188][591]LogTexture:Display: Building textures: HQ_Lightmap0_11 (AutoDXT)
[2015.11.26-14.41.46:197][591]LogTexture:Display: Building textures: LQ_Lightmap_0_10 (DXT1)
[2015.11.26-14.41.46:208][591]LogTexture:Display: Building textures: HQ_Lightmap0_10 (AutoDXT)
[2015.11.26-14.41.46:221][591]LogTexture:Display: Building textures: LQ_Lightmap_0_9 (DXT1)
[2015.11.26-14.41.46:228][591]LogTexture:Display: Building textures: HQ_Lightmap0_9 (AutoDXT)
[2015.11.26-14.41.46:234][591]LogTexture:Display: Building textures: LQ_Lightmap_0_8 (DXT1)
[2015.11.26-14.41.46:249][591]LogTexture:Display: Building textures: HQ_Lightmap0_8 (AutoDXT)
[2015.11.26-14.41.46:259][591]LogTexture:Display: Building textures: LQ_Lightmap_0_7 (DXT1)
[2015.11.26-14.41.46:267][591]LogTexture:Display: Building textures: HQ_Lightmap0_7 (AutoDXT)
[2015.11.26-14.41.46:275][591]LogTexture:Display: Building textures: LQ_Lightmap_0_6 (DXT1)
[2015.11.26-14.41.46:283][591]LogTexture:Display: Building textures: HQ_Lightmap0_6 (AutoDXT)
[2015.11.26-14.41.46:291][591]LogTexture:Display: Building textures: LQ_Lightmap_0_5 (DXT1)
[2015.11.26-14.41.46:302][591]LogTexture:Display: Building textures: HQ_Lightmap0_5 (AutoDXT)
[2015.11.26-14.41.46:315][591]LogTexture:Display: Building textures: LQ_Lightmap_0_4 (DXT1)
[2015.11.26-14.41.46:324][591]LogTexture:Display: Building textures: HQ_Lightmap0_4 (AutoDXT)
[2015.11.26-14.41.46:331][591]LogTexture:Display: Building textures: LQ_Lightmap_0_3 (DXT1)
[2015.11.26-14.41.46:332][591]LogTexture:Display: Building textures: HQ_Lightmap0_3 (AutoDXT)
[2015.11.26-14.41.46:334][591]LogTexture:Display: Building textures: LQ_Lightmap_0_2 (DXT1)
[2015.11.26-14.41.46:346][591]LogTexture:Display: Building textures: HQ_Lightmap0_2 (AutoDXT)
[2015.11.26-14.41.46:354][591]LogTexture:Display: Building textures: LQ_Lightmap_1_1 (DXT1)
[2015.11.26-14.41.46:368][591]LogTexture:Display: Building textures: ShadowMapTexture2D_0 (G8)
[2015.11.26-14.41.46:371][591]LogTexture:Display: Building textures: ShadowMapTexture2D_1 (G8)
[2015.11.26-14.41.46:374][591]LogTexture:Display: Building textures: ShadowMapTexture2D_2 (G8)
[2015.11.26-14.41.46:378][591]LogTexture:Display: Building textures: ShadowMapTexture2D_3 (G8)
[2015.11.26-14.41.46:382][591]LogTexture:Display: Building textures: ShadowMapTexture2D_4 (G8)
[2015.11.26-14.41.46:384][591]LogTexture:Display: Building textures: ShadowMapTexture2D_5 (G8)
[2015.11.26-14.41.46:388][591]LogTexture:Display: Building textures: ShadowMapTexture2D_6 (G8)
[2015.11.26-14.41.46:392][591]LogTexture:Display: Building textures: ShadowMapTexture2D_7 (G8)
[2015.11.26-14.41.46:394][591]LogTexture:Display: Building textures: ShadowMapTexture2D_8 (G8)
[2015.11.26-14.41.46:398][591]LogTexture:Display: Building textures: ShadowMapTexture2D_9 (G8)
[2015.11.26-14.41.46:402][591]LogTexture:Display: Building textures: ShadowMapTexture2D_10 (G8)
[2015.11.26-14.41.46:406][591]LogTexture:Display: Building textures: ShadowMapTexture2D_11 (G8)
[2015.11.26-14.41.46:409][591]LogTexture:Display: Building textures: ShadowMapTexture2D_12 (G8)
[2015.11.26-14.41.46:412][591]LogTexture:Display: Building textures: ShadowMapTexture2D_13 (G8)
[2015.11.26-14.41.46:415][591]LogTexture:Display: Building textures: ShadowMapTexture2D_14 (G8)
[2015.11.26-14.41.46:418][591]LogTexture:Display: Building textures: ShadowMapTexture2D_15 (G8)
[2015.11.26-14.41.46:420][591]LogTexture:Display: Building textures: ShadowMapTexture2D_16 (G8)
[2015.11.26-14.41.46:473][591]Lightmass on CRODAWIN10: 3.93 sec total, 153 ms importing, 209 ms setup, 360 ms photons, 3.20 sec processing, 0 ms extra exporting [18/18 mappings]. Threads: 22.2 sec total, 11.2 sec processing.
[2015.11.26-14.41.46:503][591]LogStaticLightingSystem: Illumination: 7.42 sec (382 ms encoding lightmaps)
[2015.11.26-14.41.46:503][591]LogStaticLightingSystem: Lightmap texture memory:  0.3 MB (0.3 MB streaming, 0.0 MB non-streaming), 34 textures
[2015.11.26-14.41.46:503][591]LogStaticLightingSystem: Shadowmap texture memory: 0.2 MB (0.2 MB streaming, 0.0 MB non-streaming), 17 textures
[2015.11.26-14.41.46:891][592]Cmd: UpdateLandscapeEditorData
[2015.11.26-14.41.46:891][592]Cmd: MAP CHECK NOTIFYRESULTS
[2015.11.26-14.41.46:891][592]MapCheck: New page: MemoryCardEntry - Nov 26, 2015, 4:41:46 AM
[2015.11.26-14.41.47:070][592]MapCheck: Info Map check complete: 0 Error(s), 0 Warning(s), took 178.945ms to complete.
[2015.11.26-14.42.17:488][638]Cmd: EDIT PASTE
[2015.11.26-14.42.22:724][938]LogQuadTree:Warning: Adding element (bIsValid=true, Min=(X=15277.322 Y=6904.697), Max=(X=15477.322 Y=7104.697)) that is outside the bounds of the quadtree root (bIsValid=true, Min=(X=-5000.000 Y=-5000.000), Max=(X=15000.000 Y=15000.000)). Consider resizing.
[2015.11.26-14.42.22:725][938]LogQuadTree:Warning: Adding element (bIsValid=true, Min=(X=15547.324 Y=1055.438), Max=(X=15747.324 Y=1255.438)) that is outside the bounds of the quadtree root (bIsValid=true, Min=(X=-5000.000 Y=-5000.000), Max=(X=15000.000 Y=15000.000)). Consider resizing.
[2015.11.26-14.42.22:725][938]LogQuadTree:Warning: Adding element (bIsValid=true, Min=(X=15626.307 Y=1064.661), Max=(X=15826.307 Y=1264.661)) that is outside the bounds of the quadtree root (bIsValid=true, Min=(X=-5000.000 Y=-5000.000), Max=(X=15000.000 Y=15000.000)). Consider resizing.
[2015.11.26-14.42.28:992][258]MapCheck: New page: Map Check
[2015.11.26-14.42.29:015][258]Cmd: MAP REBUILD ALLVISIBLE
[2015.11.26-14.42.29:015][258]LogEditorServer: Rebuildmap Clear paths rebuilt
[2015.11.26-14.42.29:152][258]MapCheck:Warning: Warning WorldInfo_0 Hierarchical LOD System is disabled or no HLOD level settings available, unable to build LOD actors. 
[2015.11.26-14.42.29:152][258]LogStats:          STAT_HLOD_BuildClusters - 19.443 ms
[2015.11.26-14.42.29:152][258]LightingResults: New page: Lighting Build - Nov 26, 2015, 4:42:29 AM
[2015.11.26-14.42.29:159][258]LightingResults:Warning: Warning InstancedFoliageActor_0 The total lightmap size for this InstancedStaticMeshComponent was too big and it was automatically reduced. Consider reducing the component's lightmap resolution or number of mesh instances in this component
[2015.11.26-14.42.29:160][258]LightingResults:Warning: Warning InstancedFoliageActor_0 The total lightmap size for this InstancedStaticMeshComponent is large, consider reducing the component's lightmap resolution or number of mesh instances in this component
[2015.11.26-14.42.29:160][258]LightingResults:Warning: Warning InstancedFoliageActor_0 Instanced meshes don't yet support unique static lighting for each LOD, lighting on LOD 1+ may be incorrect
[2015.11.26-14.42.29:160][258]LightingResults:Warning: Warning InstancedFoliageActor_0 The total lightmap size for this InstancedStaticMeshComponent is large, consider reducing the component's lightmap resolution or number of mesh instances in this component
[2015.11.26-14.42.29:160][258]LightingResults:Warning: Warning InstancedFoliageActor_0 Instanced meshes don't yet support unique static lighting for each LOD, lighting on LOD 1+ may be incorrect
[2015.11.26-14.42.29:160][258]LightingResults:Warning: Warning InstancedFoliageActor_0 Instanced meshes don't yet support unique static lighting for each LOD, lighting on LOD 1+ may be incorrect
[2015.11.26-14.42.29:160][258]LightingResults:Warning: Warning InstancedFoliageActor_0 The total lightmap size for this InstancedStaticMeshComponent is large, consider reducing the component's lightmap resolution or number of mesh instances in this component
[2015.11.26-14.42.29:160][258]LightingResults:Warning: Warning InstancedFoliageActor_0 Instanced meshes don't yet support unique static lighting for each LOD, lighting on LOD 1+ may be incorrect
[2015.11.26-14.42.29:160][258]LightingResults:Warning: Warning InstancedFoliageActor_0 The total lightmap size for this InstancedStaticMeshComponent is large, consider reducing the component's lightmap resolution or number of mesh instances in this component
[2015.11.26-14.42.29:161][258]LightingResults:Warning: Warning InstancedFoliageActor_0 Instanced meshes don't yet support unique static lighting for each LOD, lighting on LOD 1+ may be incorrect
[2015.11.26-14.42.29:161][258]LightingResults:Warning: Warning InstancedFoliageActor_0 Instanced meshes don't yet support unique static lighting for each LOD, lighting on LOD 1+ may be incorrect
[2015.11.26-14.42.29:161][258]LightingResults:Warning: Warning InstancedFoliageActor_0 The total lightmap size for this InstancedStaticMeshComponent is large, consider reducing the component's lightmap resolution or number of mesh instances in this component
[2015.11.26-14.42.29:161][258]LightingResults:Warning: Warning InstancedFoliageActor_0 Instanced meshes don't yet support unique static lighting for each LOD, lighting on LOD 1+ may be incorrect
[2015.11.26-14.42.29:161][258]LightingResults:Warning: Warning InstancedFoliageActor_0 The total lightmap size for this InstancedStaticMeshComponent is large, consider reducing the component's lightmap resolution or number of mesh instances in this component
[2015.11.26-14.42.29:161][258]LightingResults:Warning: Warning InstancedFoliageActor_0 Instanced meshes don't yet support unique static lighting for each LOD, lighting on LOD 1+ may be incorrect
[2015.11.26-14.42.29:161][258]LightingResults:Warning: Warning InstancedFoliageActor_0 The total lightmap size for this InstancedStaticMeshComponent is large, consider reducing the component's lightmap resolution or number of mesh instances in this component
[2015.11.26-14.42.29:161][258]LightingResults:Warning: Warning InstancedFoliageActor_0 Instanced meshes don't yet support unique static lighting for each LOD, lighting on LOD 1+ may be incorrect
[2015.11.26-14.42.29:161][258]LightingResults:Warning: Warning InstancedFoliageActor_0 The total lightmap size for this InstancedStaticMeshComponent is large, consider reducing the component's lightmap resolution or number of mesh instances in this component
[2015.11.26-14.42.29:161][258]LightingResults:Warning: Warning InstancedFoliageActor_0 Instanced meshes don't yet support unique static lighting for each LOD, lighting on LOD 1+ may be incorrect
[2015.11.26-14.42.29:161][258]LightingResults:Warning: Warning InstancedFoliageActor_0 The total lightmap size for this InstancedStaticMeshComponent is large, consider reducing the component's lightmap resolution or number of mesh instances in this component
[2015.11.26-14.42.29:161][258]LightingResults:Warning: Warning InstancedFoliageActor_0 Instanced meshes don't yet support unique static lighting for each LOD, lighting on LOD 1+ may be incorrect
[2015.11.26-14.42.33:678][258]LogStaticLightingSystem: Running Lightmass w/ ImmediateImport mode ENABLED
[2015.11.26-14.42.33:678][258]LogStaticLightingSystem: Running Lightmass w/ ImmediateProcess mode ENABLED
[2015.11.26-14.42.33:678][258]LogStaticLightingSystem: Running Lightmass w/ Sorting mode ENABLED
[2015.11.26-14.42.33:679][258]LogStaticLightingSystem: Running Lightmass w/ Mapping paddings ENABLED
[2015.11.26-14.42.33:679][258]LogStaticLightingSystem: Running Lightmass w/ Mapping debug paddings DISABLED
[2015.11.26-14.42.33:793][258]LogEditorBuildUtils: Build time 0:00:04
[2015.11.26-14.42.33:815][259]Cmd: UpdateLandscapeEditorData
[2015.11.26-14.42.52:242][166]LogEditorActor: Deleted Actor: ProceduralFoliageVolume
[2015.11.26-14.42.52:272][166]LogEditorActor: Deleted 1 Actors (0.033 secs)
[2015.11.26-14.42.52:272][166]LogStaticMesh:Display: Discarded foliage hierarchy of 158 elements build due to concurrent removal (0.0s)
[2015.11.26-14.42.52:273][166]LogStaticMesh:Display: Discarded foliage hierarchy of 4 elements build due to concurrent removal (0.0s)
[2015.11.26-14.42.52:273][166]LogStaticMesh:Display: Discarded foliage hierarchy of 1 elements build due to concurrent removal (0.0s)
[2015.11.26-14.42.52:273][166]LogStaticMesh:Display: Discarded foliage hierarchy of 2 elements build due to concurrent removal (0.0s)
[2015.11.26-14.42.52:273][166]LogStaticMesh:Display: Discarded foliage hierarchy of 5 elements build due to concurrent removal (0.0s)
[2015.11.26-14.42.52:273][166]LogStaticMesh:Display: Discarded foliage hierarchy of 9 elements build due to concurrent removal (0.0s)
[2015.11.26-14.42.52:273][166]LogStaticMesh:Display: Discarded foliage hierarchy of 4 elements build due to concurrent removal (0.0s)
[2015.11.26-14.42.52:273][166]LogStaticMesh:Display: Discarded foliage hierarchy of 12 elements build due to concurrent removal (0.0s)
[2015.11.26-14.42.52:273][166]LogStaticMesh:Display: Discarded foliage hierarchy of 2 elements build due to concurrent removal (0.0s)
[2015.11.26-14.42.52:273][166]LogStaticMesh:Display: Discarded foliage hierarchy of 2 elements build due to concurrent removal (0.0s)
[2015.11.26-14.42.52:273][166]LogStaticMesh:Display: Discarded foliage hierarchy of 4 elements build due to concurrent removal (0.0s)
[2015.11.26-14.42.55:456][357]MapCheck: New page: Map Check
[2015.11.26-14.42.55:482][357]Cmd: MAP CHECK DONTDISPLAYDIALOG
[2015.11.26-14.42.55:482][357]MapCheck: New page: MemoryCardEntry - Nov 26, 2015, 4:42:55 AM
[2015.11.26-14.42.55:722][357]MapCheck: Info Map check complete: 0 Error(s), 0 Warning(s), took 239.09ms to complete.
[2015.11.26-14.42.55:743][357]LogEditorBuildUtils: Build time 0:00:00
[2015.11.26-14.43.12:699][352]Job has failed! Job is closed while Tasks are still PENDING
[2015.11.26-14.43.17:422][513]LogWindowsTextInputMethodSystem:Display: IME system now deactivated.
[2015.11.26-14.43.17:679][514]Cmd: QUIT_EDITOR
[2015.11.26-14.43.17:963][514]LogExit: Preparing to exit.
[2015.11.26-14.43.18:480][514]LogExit: Editor shut down
[2015.11.26-14.43.18:480][514]LogExit: Transaction tracking system shut down
[2015.11.26-14.43.18:485][514]LogParticles: Destroying 0 GPU particle simulations for FXSystem 0x000000BEF1048860
[2015.11.26-14.43.18:485][514]LogParticles: Destroying 0 GPU particle simulations for FXSystem 0x000000BEEB2B91C0
[2015.11.26-14.43.18:486][514]LogParticles: Destroying 0 GPU particle simulations for FXSystem 0x000000BEF6CCF920
[2015.11.26-14.43.18:486][514]LogParticles: Destroying 0 GPU particle simulations for FXSystem 0x000000BEF6D376A0
[2015.11.26-14.43.18:487][514]LogParticles: Destroying 0 GPU particle simulations for FXSystem 0x000000BEF70B13A0
[2015.11.26-14.43.18:501][514]LeapPluginLog: LeapController::CleanupEventData Delete Called
[2015.11.26-14.43.18:530][514]LeapPluginLog: LeapController::CleanupEventData Delete Called
[2015.11.26-14.43.18:680][514]LogExit: Object subsystem successfully closed.
[2015.11.26-14.43.18:696][514]LogD3D11RHI: Shutdown
[2015.11.26-14.43.18:696][514]LogD3D11RHI: CleanupD3DDevice
[2015.11.26-14.43.18:755][514]LogD3D11RHI: ~FD3D11DynamicRHI
[2015.11.26-14.43.18:771][514]LogModuleManager: Shutting down and abandoning module CrashTracker (200)
[2015.11.26-14.43.18:771][514]LogModuleManager: Shutting down and abandoning module SceneOutliner (199)
[2015.11.26-14.43.18:771][514]LogModuleManager: Shutting down and abandoning module SuperSearch (198)
[2015.11.26-14.43.18:771][514]LogModuleManager: Shutting down and abandoning module WidgetCarousel (197)
[2015.11.26-14.43.18:771][514]LogModuleManager: Shutting down and abandoning module AddContentDialog (196)
[2015.11.26-14.43.18:772][514]LogModuleManager: Shutting down and abandoning module EditorWidgets (195)
[2015.11.26-14.43.18:772][514]LogModuleManager: Shutting down and abandoning module CollectionManager (194)
[2015.11.26-14.43.18:773][514]LogModuleManager: Shutting down and abandoning module StatsViewer (193)
[2015.11.26-14.43.18:773][514]LogModuleManager: Shutting down and abandoning module FoliageEdit (192)
[2015.11.26-14.43.18:773][514]LogModuleManager: Shutting down and abandoning module LandscapeEditor (191)
[2015.11.26-14.43.18:773][514]LogModuleManager: Shutting down and abandoning module ActorPickerMode (190)
[2015.11.26-14.43.18:773][514]LogModuleManager: Shutting down and abandoning module GeometryMode (189)
[2015.11.26-14.43.18:773][514]LogModuleManager: Shutting down and abandoning module TextureAlignMode (188)
[2015.11.26-14.43.18:773][514]LogModuleManager: Shutting down and abandoning module BspMode (187)
[2015.11.26-14.43.18:773][514]LogModuleManager: Shutting down and abandoning module PlacementMode (186)
[2015.11.26-14.43.18:773][514]LogModuleManager: Shutting down and abandoning module AutomationWorker (185)
[2015.11.26-14.43.18:773][514]LogModuleManager: Shutting down and abandoning module HoudiniEngineEditor (184)
[2015.11.26-14.43.18:773][514]LogHoudiniEngineEditor: Shutting down the Houdini Engine Editor module.
[2015.11.26-14.43.18:773][514]LogModuleManager: Shutting down and abandoning module CharacterAI (183)
[2015.11.26-14.43.18:773][514]LogModuleManager: Shutting down and abandoning module SmartSnapping (182)
[2015.11.26-14.43.18:773][514]LogModuleManager: Shutting down and abandoning module ViewportSnapping (181)
[2015.11.26-14.43.18:773][514]LogModuleManager: Shutting down and abandoning module LogVisualizer (180)
[2015.11.26-14.43.18:773][514]LogModuleManager: Shutting down and abandoning module GameProjectGeneration (179)
[2015.11.26-14.43.18:773][514]LogModuleManager: Shutting down and abandoning module IntroTutorials (178)
[2015.11.26-14.43.18:773][514]LogModuleManager: Shutting down and abandoning module EditorLiveStreaming (177)
[2015.11.26-14.43.18:773][514]LogModuleManager: Shutting down and abandoning module IOSPlatformEditor (176)
[2015.11.26-14.43.18:773][514]LogModuleManager: Shutting down and abandoning module HTML5PlatformEditor (175)
[2015.11.26-14.43.18:773][514]LogModuleManager: Shutting down and abandoning module AndroidDeviceDetection (174)
[2015.11.26-14.43.18:777][514]LogModuleManager: Shutting down and abandoning module AndroidPlatformEditor (173)
[2015.11.26-14.43.18:777][514]LogModuleManager: Shutting down and abandoning module IOSRuntimeSettings (172)
[2015.11.26-14.43.18:777][514]LogModuleManager: Shutting down and abandoning module AndroidRuntimeSettings (171)
[2015.11.26-14.43.18:777][514]LogModuleManager: Shutting down and abandoning module MergeActors (170)
[2015.11.26-14.43.18:777][514]LogModuleManager: Shutting down and abandoning module SizeMap (169)
[2015.11.26-14.43.18:777][514]LogModuleManager: Shutting down and abandoning module TreeMap (168)
[2015.11.26-14.43.18:777][514]LogModuleManager: Shutting down and abandoning module ReferenceViewer (167)
[2015.11.26-14.43.18:777][514]LogModuleManager: Shutting down and abandoning module LocalizationService (166)
[2015.11.26-14.43.18:777][514]LogModuleManager: Shutting down and abandoning module LocalizationDashboard (165)
[2015.11.26-14.43.18:777][514]LogModuleManager: Shutting down and abandoning module HardwareTargeting (164)
[2015.11.26-14.43.18:777][514]LogModuleManager: Shutting down and abandoning module DeviceProfileEditor (163)
[2015.11.26-14.43.18:777][514]LogModuleManager: Shutting down and abandoning module UndoHistory (162)
[2015.11.26-14.43.18:777][514]LogModuleManager: Shutting down and abandoning module GameplayTagsEditor (161)
[2015.11.26-14.43.18:777][514]LogModuleManager: Shutting down and abandoning module UserFeedback (160)
[2015.11.26-14.43.18:777][514]LogModuleManager: Shutting down and abandoning module XmlParser (159)
[2015.11.26-14.43.18:777][514]LogModuleManager: Shutting down and abandoning module Blutility (158)
[2015.11.26-14.43.18:777][514]LogModuleManager: Shutting down and abandoning module ProjectTargetPlatformEditor (157)
[2015.11.26-14.43.18:777][514]LogModuleManager: Shutting down and abandoning module ProjectSettingsViewer (156)
[2015.11.26-14.43.18:777][514]LogModuleManager: Shutting down and abandoning module InputBindingEditor (155)
[2015.11.26-14.43.18:777][514]LogModuleManager: Shutting down and abandoning module EditorSettingsViewer (154)
[2015.11.26-14.43.18:777][514]LogModuleManager: Shutting down and abandoning module SettingsEditor (153)
[2015.11.26-14.43.18:777][514]LogModuleManager: Shutting down and abandoning module ProjectLauncher (152)
[2015.11.26-14.43.18:777][514]LogModuleManager: Shutting down and abandoning module SessionFrontend (151)
[2015.11.26-14.43.18:777][514]LogModuleManager: Shutting down and abandoning module ProfilerClient (150)
[2015.11.26-14.43.18:777][514]LogModuleManager: Shutting down and abandoning module TargetDeviceServices (149)
[2015.11.26-14.43.18:777][514]LogModuleManager: Shutting down and abandoning module DeviceManager (148)
[2015.11.26-14.43.18:777][514]LogModuleManager: Shutting down and abandoning module AutomationController (147)
[2015.11.26-14.43.18:777][514]LogModuleManager: Shutting down and abandoning module AutomationWindow (146)
[2015.11.26-14.43.18:777][514]LogModuleManager: Shutting down and abandoning module Layers (145)
[2015.11.26-14.43.18:777][514]LogModuleManager: Shutting down and abandoning module ComponentVisualizers (144)
[2015.11.26-14.43.18:777][514]LogModuleManager: Shutting down and abandoning module DetailCustomizations (143)
[2015.11.26-14.43.18:778][514]LogModuleManager: Shutting down and abandoning module PackagesDialog (142)
[2015.11.26-14.43.18:778][514]LogModuleManager: Shutting down and abandoning module Persona (141)
[2015.11.26-14.43.18:778][514]LogModuleManager: Shutting down and abandoning module Kismet (140)
[2015.11.26-14.43.18:778][514]LogModuleManager: Shutting down and abandoning module GraphEditor (139)
[2015.11.26-14.43.18:778][514]LogModuleManager: Shutting down and abandoning module ClassViewer (138)
[2015.11.26-14.43.18:778][514]LogModuleManager: Shutting down and abandoning module Toolbox (137)
[2015.11.26-14.43.18:778][514]LogModuleManager: Shutting down and abandoning module ModuleUI (136)
[2015.11.26-14.43.18:778][514]LogModuleManager: Shutting down and abandoning module MovieSceneTools (135)
[2015.11.26-14.43.18:778][514]LogModuleManager: Shutting down and abandoning module OutputLog (134)
[2015.11.26-14.43.18:778][514]LogModuleManager: Shutting down and abandoning module GammaUI (133)
[2015.11.26-14.43.18:778][514]LogModuleManager: Shutting down and abandoning module Documentation (132)
[2015.11.26-14.43.18:778][514]LogModuleManager: Shutting down and abandoning module GameLiveStreaming (131)
[2015.11.26-14.43.18:778][514]LogModuleManager: Shutting down and abandoning module StreamingPauseRendering (130)
[2015.11.26-14.43.18:778][514]LogModuleManager: Shutting down and abandoning module AnalyticsET (129)
[2015.11.26-14.43.18:778][514]LogModuleManager: Shutting down and abandoning module Analytics (128)
[2015.11.26-14.43.18:778][514]LogModuleManager: Shutting down and abandoning module AITestSuite (127)
[2015.11.26-14.43.18:778][514]LogModuleManager: Shutting down and abandoning module GameplayDebugger (126)
[2015.11.26-14.43.18:778][514]LogModuleManager: Shutting down and abandoning module AIModule (125)
[2015.11.26-14.43.18:778][514]LogModuleManager: Shutting down and abandoning module ProfilerService (124)
[2015.11.26-14.43.18:789][514]LogModuleManager: Shutting down and abandoning module TaskGraph (123)
[2015.11.26-14.43.18:789][514]LogModuleManager: Shutting down and abandoning module LeapMotion (122)
[2015.11.26-14.43.18:805][514]LogModuleManager: Shutting down and abandoning module SlateRemote (121)
[2015.11.26-14.43.18:805][514]LogModuleManager: Shutting down and abandoning module SteamVRController (120)
[2015.11.26-14.43.18:805][514]LogModuleManager: Shutting down and abandoning module SteamVR (119)
[2015.11.26-14.43.18:805][514]LogModuleManager: Shutting down and abandoning module ProceduralMeshComponent (118)
[2015.11.26-14.43.18:805][514]LogModuleManager: Shutting down and abandoning module OculusRift (117)
[2015.11.26-14.43.18:805][514]LogModuleManager: Shutting down and abandoning module OculusLibrary (116)
[2015.11.26-14.43.18:805][514]LogModuleManager: Shutting down and abandoning module LeapMotionController (115)
[2015.11.26-14.43.18:818][514]LogModuleManager: Shutting down and abandoning module CustomMeshComponent (114)
[2015.11.26-14.43.18:818][514]LogModuleManager: Shutting down and abandoning module CableComponent (113)
[2015.11.26-14.43.18:818][514]LogModuleManager: Shutting down and abandoning module ArchVisCharacter (112)
[2015.11.26-14.43.18:818][514]LogModuleManager: Shutting down and abandoning module MessagingDebugger (111)
[2015.11.26-14.43.18:818][514]LogModuleManager: Shutting down and abandoning module MediaPlayerEditor (110)
[2015.11.26-14.43.18:818][514]LogModuleManager: Shutting down and abandoning module HoudiniEngineRuntime (109)
[2015.11.26-14.43.18:818][514]LogHoudiniEngine: Shutting down the Houdini Engine module.
[2015.11.26-14.43.18:819][514]LogModuleManager: Shutting down and abandoning module HTML5Networking (108)
[2015.11.26-14.43.18:819][514]LogModuleManager: Shutting down and abandoning module SpeedTreeImporter (107)
[2015.11.26-14.43.18:819][514]LogModuleManager: Shutting down and abandoning module PluginBrowser (106)
[2015.11.26-14.43.18:819][514]LogModuleManager: Shutting down and abandoning module EpicSurvey (105)
[2015.11.26-14.43.18:819][514]LogModuleManager: Shutting down and abandoning module DesktopPlatform (104)
[2015.11.26-14.43.18:819][514]LogModuleManager: Shutting down and abandoning module VisualStudioSourceCodeAccess (103)
[2015.11.26-14.43.18:819][514]LogModuleManager: Shutting down and abandoning module UObjectPlugin (102)
[2015.11.26-14.43.18:819][514]LogModuleManager: Shutting down and abandoning module SubversionSourceControl (101)
[2015.11.26-14.43.18:819][514]LogModuleManager: Shutting down and abandoning module PerforceSourceControl (100)
[2015.11.26-14.43.18:819][514]LogModuleManager: Shutting down and abandoning module SourceControl (99)
[2015.11.26-14.43.18:819][514]LogModuleManager: Shutting down and abandoning module GitSourceControl (98)
[2015.11.26-14.43.18:819][514]LogModuleManager: Shutting down and abandoning module LightPropagationVolumeEditor (97)
[2015.11.26-14.43.18:819][514]LogModuleManager: Shutting down and abandoning module PaperTiledImporter (96)
[2015.11.26-14.43.18:819][514]LogModuleManager: Shutting down and abandoning module PaperSpriteSheetImporter (95)
[2015.11.26-14.43.18:819][514]LogModuleManager: Shutting down and abandoning module MeshPaint (94)
[2015.11.26-14.43.18:819][514]LogModuleManager: Shutting down and abandoning module SlateReflector (93)
[2015.11.26-14.43.18:819][514]LogModuleManager: Shutting down and abandoning module HotReload (92)
[2015.11.26-14.43.18:819][514]LogModuleManager: Shutting down and abandoning module MainFrame (91)
[2015.11.26-14.43.18:819][514]LogModuleManager: Shutting down and abandoning module LevelEditor (90)
[2015.11.26-14.43.18:820][514]LogModuleManager: Shutting down and abandoning module DirectoryWatcher (89)
[2015.11.26-14.43.18:821][514]LogModuleManager: Shutting down and abandoning module AssetRegistry (88)
[2015.11.26-14.43.18:935][514]LogModuleManager: Shutting down and abandoning module ContentBrowser (87)
[2015.11.26-14.43.18:935][514]LogModuleManager: Shutting down and abandoning module Paper2DEditor (86)
[2015.11.26-14.43.18:935][514]LogModuleManager: Shutting down and abandoning module UdpMessaging (85)
[2015.11.26-14.43.19:036][514]LogModuleManager: Shutting down and abandoning module LightPropagationVolumeRuntime (84)
[2015.11.26-14.43.19:036][514]LogModuleManager: Shutting down and abandoning module Paper2D (83)
[2015.11.26-14.43.19:036][514]LogModuleManager: Shutting down and abandoning module WindowsMoviePlayer (82)
[2015.11.26-14.43.19:039][514]LogModuleManager: Shutting down and abandoning module Media (81)
[2015.11.26-14.43.19:039][514]LogModuleManager: Shutting down and abandoning module WmfMedia (80)
[2015.11.26-14.43.19:039][514]LogModuleManager: Shutting down and abandoning module OnlineBlueprintSupport (79)
[2015.11.26-14.43.19:039][514]LogModuleManager: Shutting down and abandoning module GameplayTasksEditor (78)
[2015.11.26-14.43.19:039][514]LogModuleManager: Shutting down and abandoning module PropertyEditor (77)
[2015.11.26-14.43.19:039][514]LogModuleManager: Shutting down and abandoning module BehaviorTreeEditor (76)
[2015.11.26-14.43.19:039][514]LogModuleManager: Shutting down and abandoning module FunctionalTesting (75)
[2015.11.26-14.43.19:039][514]LogModuleManager: Shutting down and abandoning module CollisionAnalyzer (74)
[2015.11.26-14.43.19:039][514]LogModuleManager: Shutting down and abandoning module WorkspaceMenuStructure (73)
[2015.11.26-14.43.19:039][514]LogModuleManager: Shutting down and abandoning module MessageLog (72)
[2015.11.26-14.43.19:039][514]LogModuleManager: Shutting down and abandoning module Sequencer (71)
[2015.11.26-14.43.19:039][514]LogModuleManager: Shutting down and abandoning module AssetTools (70)
[2015.11.26-14.43.19:039][514]LogModuleManager: Shutting down and abandoning module UMGEditor (69)
[2015.11.26-14.43.19:039][514]LogModuleManager: Shutting down and abandoning module UMG (68)
[2015.11.26-14.43.19:039][514]LogModuleManager: Shutting down and abandoning module Slate (67)
[2015.11.26-14.43.19:039][514]LogModuleManager: Shutting down and abandoning module EditorStyle (66)
[2015.11.26-14.43.19:041][514]LogModuleManager: Shutting down and abandoning module SessionServices (65)
[2015.11.26-14.43.19:041][514]LogModuleManager: Shutting down and abandoning module SourceCodeAccess (64)
[2015.11.26-14.43.19:041][514]LogModuleManager: Shutting down and abandoning module HeadMountedDisplay (63)
[2015.11.26-14.43.19:041][514]LogModuleManager: Shutting down and abandoning module XAudio2 (62)
[2015.11.26-14.43.19:041][514]LogModuleManager: Shutting down and abandoning module Networking (60)
[2015.11.26-14.43.19:041][514]LogModuleManager: Shutting down and abandoning module Core (59)
[2015.11.26-14.43.19:041][514]LogModuleManager: Shutting down and abandoning module KismetCompiler (58)
[2015.11.26-14.43.19:041][514]LogModuleManager: Shutting down and abandoning module PhysXFormats (57)
[2015.11.26-14.43.19:041][514]LogModuleManager: Shutting down and abandoning module MeshUtilities (56)
[2015.11.26-14.43.19:041][514]LogModuleManager: Shutting down and abandoning module CookingStats (55)
[2015.11.26-14.43.19:043][514]LogModuleManager: Shutting down and abandoning module DerivedDataCache (54)
[2015.11.26-14.43.19:260][514]LogDerivedDataCache: Shutdown
[2015.11.26-14.43.19:260][514]LogModuleManager: Shutting down and abandoning module ShaderFormatOpenGL (53)
[2015.11.26-14.43.19:260][514]LogModuleManager: Shutting down and abandoning module ShaderFormatD3D (52)
[2015.11.26-14.43.19:261][514]LogModuleManager: Shutting down and abandoning module MetalShaderFormat (51)
[2015.11.26-14.43.19:261][514]LogModuleManager: Shutting down and abandoning module TextureFormatUncompressed (50)
[2015.11.26-14.43.19:261][514]LogModuleManager: Shutting down and abandoning module TextureFormatPVR (49)
[2015.11.26-14.43.19:261][514]LogModuleManager: Shutting down and abandoning module TextureFormatIntelISPCTexComp (48)
[2015.11.26-14.43.19:261][514]LogModuleManager: Shutting down and abandoning module TextureFormatDXT (47)
[2015.11.26-14.43.19:261][514]LogModuleManager: Shutting down and abandoning module ImageWrapper (46)
[2015.11.26-14.43.19:261][514]LogModuleManager: Shutting down and abandoning module TextureFormatASTC (45)
[2015.11.26-14.43.19:261][514]LogModuleManager: Shutting down and abandoning module TextureFormatAndroid (44)
[2015.11.26-14.43.19:261][514]LogModuleManager: Shutting down and abandoning module AudioFormatOpus (43)
[2015.11.26-14.43.19:261][514]LogModuleManager: Shutting down and abandoning module AudioFormatOgg (42)
[2015.11.26-14.43.19:261][514]LogModuleManager: Shutting down and abandoning module AudioFormatADPCM (41)
[2015.11.26-14.43.19:261][514]LogModuleManager: Shutting down and abandoning module LinuxTargetPlatform (40)
[2015.11.26-14.43.19:261][514]LogModuleManager: Shutting down and abandoning module LinuxServerTargetPlatform (39)
[2015.11.26-14.43.19:261][514]LogModuleManager: Shutting down and abandoning module LinuxNoEditorTargetPlatform (38)
[2015.11.26-14.43.19:261][514]LogModuleManager: Shutting down and abandoning module Messaging (37)
[2015.11.26-14.43.19:261][514]LogModuleManager: Shutting down and abandoning module IOSTargetPlatform (36)
[2015.11.26-14.43.19:261][514]LogModuleManager: Shutting down and abandoning module HTML5TargetPlatform (35)
[2015.11.26-14.43.19:261][514]LogModuleManager: Shutting down and abandoning module Android_PVRTCTargetPlatform (34)
[2015.11.26-14.43.19:261][514]LogModuleManager: Shutting down and abandoning module Android_ETC2TargetPlatform (33)
[2015.11.26-14.43.19:261][514]LogModuleManager: Shutting down and abandoning module Android_ETC1TargetPlatform (32)
[2015.11.26-14.43.19:261][514]LogModuleManager: Shutting down and abandoning module Android_DXTTargetPlatform (31)
[2015.11.26-14.43.19:261][514]LogModuleManager: Shutting down and abandoning module Android_ATCTargetPlatform (30)
[2015.11.26-14.43.19:261][514]LogModuleManager: Shutting down and abandoning module Android_ASTCTargetPlatform (29)
[2015.11.26-14.43.19:261][514]LogModuleManager: Shutting down and abandoning module AndroidTargetPlatform (28)
[2015.11.26-14.43.19:261][514]LogModuleManager: Shutting down and abandoning module WindowsTargetPlatform (27)
[2015.11.26-14.43.19:261][514]LogModuleManager: Shutting down and abandoning module WindowsServerTargetPlatform (26)
[2015.11.26-14.43.19:261][514]LogModuleManager: Shutting down and abandoning module WindowsNoEditorTargetPlatform (25)
[2015.11.26-14.43.19:261][514]LogModuleManager: Shutting down and abandoning module WindowsClientTargetPlatform (24)
[2015.11.26-14.43.19:261][514]LogModuleManager: Shutting down and abandoning module AllDesktopTargetPlatform (23)
[2015.11.26-14.43.19:261][514]LogModuleManager: Shutting down and abandoning module TargetPlatform (22)
[2015.11.26-14.43.19:261][514]LogModuleManager: Shutting down and abandoning module InputCore (21)
[2015.11.26-14.43.19:261][514]LogModuleManager: Shutting down and abandoning module Settings (20)
[2015.11.26-14.43.19:261][514]LogModuleManager: Shutting down and abandoning module OnlineSubsystem (18)
[2015.11.26-14.43.19:261][514]LogModuleManager: Shutting down and abandoning module HTTP (17)
[2015.11.26-14.43.20:262][514]LogModuleManager: Shutting down and abandoning module XMPP (16)
[2015.11.26-14.43.20:262][514]LogModuleManager: Shutting down and abandoning module ExampleDeviceProfileSelector (15)
[2015.11.26-14.43.20:262][514]LogModuleManager: Shutting down and abandoning module TextureCompressor (14)
[2015.11.26-14.43.20:262][514]LogModuleManager: Shutting down and abandoning module ShaderCore (13)
[2015.11.26-14.43.20:262][514]LogModuleManager: Shutting down and abandoning module Landscape (12)
[2015.11.26-14.43.20:262][514]LogModuleManager: Shutting down and abandoning module SlateRHIRenderer (11)
[2015.11.26-14.43.20:262][514]LogModuleManager: Shutting down and abandoning module OpenGLDrv (10)
[2015.11.26-14.43.20:263][514]LogModuleManager: Shutting down and abandoning module D3D11RHI (9)
[2015.11.26-14.43.20:263][514]LogModuleManager: Shutting down and abandoning module AnimGraphRuntime (8)
[2015.11.26-14.43.20:263][514]LogModuleManager: Shutting down and abandoning module Renderer (7)
[2015.11.26-14.43.20:263][514]LogModuleManager: Shutting down and abandoning module Engine (6)
[2015.11.26-14.43.20:263][514]LogModuleManager: Shutting down and abandoning module CoreUObject (5)
[2015.11.26-14.43.20:263][514]LogModuleManager: Shutting down and abandoning module NetworkFile (4)
[2015.11.26-14.43.20:263][514]LogModuleManager: Shutting down and abandoning module StreamingFile (3)
[2015.11.26-14.43.20:263][514]LogModuleManager: Shutting down and abandoning module SandboxFile (2)
[2015.11.26-14.43.20:263][514]LogModuleManager: Shutting down and abandoning module PakFile (1)
[2015.11.26-14.43.20:263][514]LogExit: Exiting.
[2015.11.26-14.43.20:264][514]Log file closed, 11/26/15 09:43:20
